[2026-03-08T10:51:24.877+0000] {taskinstance.py:1956} INFO - Dependencies all met for dep_context=non-requeueable deps ti=<TaskInstance: titanic_mlops_pipeline.evaluate_model manual__2026-03-08T10:50:02.441611+00:00 [queued]>
[2026-03-08T10:51:24.885+0000] {taskinstance.py:1956} INFO - Dependencies all met for dep_context=requeueable deps ti=<TaskInstance: titanic_mlops_pipeline.evaluate_model manual__2026-03-08T10:50:02.441611+00:00 [queued]>
[2026-03-08T10:51:24.886+0000] {taskinstance.py:2170} INFO - Starting attempt 1 of 3
[2026-03-08T10:51:24.897+0000] {taskinstance.py:2191} INFO - Executing <Task(PythonOperator): evaluate_model> on 2026-03-08 10:50:02.441611+00:00
[2026-03-08T10:51:24.910+0000] {standard_task_runner.py:60} INFO - Started process 2094 to run task
[2026-03-08T10:51:24.913+0000] {standard_task_runner.py:87} INFO - Running: ['***', 'tasks', 'run', 'titanic_mlops_pipeline', 'evaluate_model', 'manual__2026-03-08T10:50:02.441611+00:00', '--job-id', '139', '--raw', '--subdir', 'DAGS_FOLDER/mlops_***_mlflow_pipeline.py', '--cfg-path', '/tmp/tmpkwjtoxrk']
[2026-03-08T10:51:24.914+0000] {standard_task_runner.py:88} INFO - Job 139: Subtask evaluate_model
[2026-03-08T10:51:24.959+0000] {task_command.py:423} INFO - Running <TaskInstance: titanic_mlops_pipeline.evaluate_model manual__2026-03-08T10:50:02.441611+00:00 [running]> on host 2a0172c45d39
[2026-03-08T10:51:25.036+0000] {taskinstance.py:2480} INFO - Exporting env vars: AIRFLOW_CTX_DAG_OWNER='your_name' AIRFLOW_CTX_DAG_ID='titanic_mlops_pipeline' AIRFLOW_CTX_TASK_ID='evaluate_model' AIRFLOW_CTX_EXECUTION_DATE='2026-03-08T10:50:02.441611+00:00' AIRFLOW_CTX_TRY_NUMBER='1' AIRFLOW_CTX_DAG_RUN_ID='manual__2026-03-08T10:50:02.441611+00:00'
[2026-03-08T10:51:25.069+0000] {logging_mixin.py:188} INFO - ✓ Loaded test data: (179, 9)
[2026-03-08T10:51:25.275+0000] {logging_mixin.py:188} INFO - ✓ Loaded model from MLflow run: 5711d807b0244e4e8cf3216df675988a
[2026-03-08T10:51:25.297+0000] {logging_mixin.py:188} INFO - 
── Model Evaluation Metrics ──
[2026-03-08T10:51:25.297+0000] {logging_mixin.py:188} INFO -   Accuracy:  0.8268
[2026-03-08T10:51:25.297+0000] {logging_mixin.py:188} INFO -   Precision: 0.8209
[2026-03-08T10:51:25.298+0000] {logging_mixin.py:188} INFO -   Recall:    0.7432
[2026-03-08T10:51:25.298+0000] {logging_mixin.py:188} INFO -   F1-Score:  0.7801
[2026-03-08T10:51:25.603+0000] {logging_mixin.py:188} INFO - 
✓ All metrics logged to MLflow run: 5711d807b0244e4e8cf3216df675988a
[2026-03-08T10:51:25.618+0000] {logging_mixin.py:188} WARNING - 2026/03/08 10:51:25 INFO mlflow.tracking._tracking_service.client: 🏃 View run zealous-bear-104 at: http://172.17.0.1:5000/#/experiments/1/runs/5711d807b0244e4e8cf3216df675988a.
[2026-03-08T10:51:25.618+0000] {logging_mixin.py:188} WARNING - 2026/03/08 10:51:25 INFO mlflow.tracking._tracking_service.client: 🧪 View experiment at: http://172.17.0.1:5000/#/experiments/1.
[2026-03-08T10:51:25.700+0000] {logging_mixin.py:188} INFO - 
✓ XCom pushed: accuracy = 0.8268
[2026-03-08T10:51:25.701+0000] {python.py:201} INFO - Done. Returned value was: None
[2026-03-08T10:51:25.710+0000] {taskinstance.py:1138} INFO - Marking task as SUCCESS. dag_id=titanic_mlops_pipeline, task_id=evaluate_model, execution_date=20260308T105002, start_date=20260308T105124, end_date=20260308T105125
[2026-03-08T10:51:25.767+0000] {local_task_job_runner.py:234} INFO - Task exited with return code 0
[2026-03-08T10:51:25.798+0000] {taskinstance.py:3280} INFO - 1 downstream tasks scheduled from follow-on schedule check
