[2026-03-08T10:53:25.217+0000] {taskinstance.py:1956} INFO - Dependencies all met for dep_context=non-requeueable deps ti=<TaskInstance: titanic_mlops_pipeline.branch_decision manual__2026-03-08T10:51:59.170512+00:00 [queued]>
[2026-03-08T10:53:25.225+0000] {taskinstance.py:1956} INFO - Dependencies all met for dep_context=requeueable deps ti=<TaskInstance: titanic_mlops_pipeline.branch_decision manual__2026-03-08T10:51:59.170512+00:00 [queued]>
[2026-03-08T10:53:25.225+0000] {taskinstance.py:2170} INFO - Starting attempt 1 of 3
[2026-03-08T10:53:25.236+0000] {taskinstance.py:2191} INFO - Executing <Task(BranchPythonOperator): branch_decision> on 2026-03-08 10:51:59.170512+00:00
[2026-03-08T10:53:25.248+0000] {standard_task_runner.py:60} INFO - Started process 2375 to run task
[2026-03-08T10:53:25.251+0000] {standard_task_runner.py:87} INFO - Running: ['***', 'tasks', 'run', 'titanic_mlops_pipeline', 'branch_decision', 'manual__2026-03-08T10:51:59.170512+00:00', '--job-id', '151', '--raw', '--subdir', 'DAGS_FOLDER/mlops_***_mlflow_pipeline.py', '--cfg-path', '/tmp/tmp7xm9h2r3']
[2026-03-08T10:53:25.253+0000] {standard_task_runner.py:88} INFO - Job 151: Subtask branch_decision
[2026-03-08T10:53:25.297+0000] {task_command.py:423} INFO - Running <TaskInstance: titanic_mlops_pipeline.branch_decision manual__2026-03-08T10:51:59.170512+00:00 [running]> on host 2a0172c45d39
[2026-03-08T10:53:25.373+0000] {taskinstance.py:2480} INFO - Exporting env vars: AIRFLOW_CTX_DAG_OWNER='your_name' AIRFLOW_CTX_DAG_ID='titanic_mlops_pipeline' AIRFLOW_CTX_TASK_ID='branch_decision' AIRFLOW_CTX_EXECUTION_DATE='2026-03-08T10:51:59.170512+00:00' AIRFLOW_CTX_TRY_NUMBER='1' AIRFLOW_CTX_DAG_RUN_ID='manual__2026-03-08T10:51:59.170512+00:00'
[2026-03-08T10:53:25.385+0000] {logging_mixin.py:188} INFO - ── Branch Decision ──
[2026-03-08T10:53:25.385+0000] {logging_mixin.py:188} INFO -   Accuracy: 0.7989
[2026-03-08T10:53:25.386+0000] {logging_mixin.py:188} INFO -   Threshold: 0.80
[2026-03-08T10:53:25.386+0000] {logging_mixin.py:188} INFO - 
✗ Accuracy 0.7989 < 0.80 → Rejecting model
[2026-03-08T10:53:25.386+0000] {python.py:201} INFO - Done. Returned value was: reject_model
[2026-03-08T10:53:25.386+0000] {branch.py:35} INFO - Branch into reject_model
[2026-03-08T10:53:25.386+0000] {skipmixin.py:178} INFO - Following branch reject_model
[2026-03-08T10:53:25.402+0000] {skipmixin.py:244} INFO - Skipping tasks [('register_model', -1)]
[2026-03-08T10:53:25.442+0000] {taskinstance.py:1138} INFO - Marking task as SUCCESS. dag_id=titanic_mlops_pipeline, task_id=branch_decision, execution_date=20260308T105159, start_date=20260308T105325, end_date=20260308T105325
[2026-03-08T10:53:25.503+0000] {local_task_job_runner.py:234} INFO - Task exited with return code 0
[2026-03-08T10:53:25.537+0000] {taskinstance.py:3280} INFO - 1 downstream tasks scheduled from follow-on schedule check
