[2026-03-08T10:45:57.051+0000] {taskinstance.py:1956} INFO - Dependencies all met for dep_context=non-requeueable deps ti=<TaskInstance: titanic_mlops_pipeline.branch_decision manual__2026-03-08T10:44:30.843795+00:00 [queued]>
[2026-03-08T10:45:57.060+0000] {taskinstance.py:1956} INFO - Dependencies all met for dep_context=requeueable deps ti=<TaskInstance: titanic_mlops_pipeline.branch_decision manual__2026-03-08T10:44:30.843795+00:00 [queued]>
[2026-03-08T10:45:57.060+0000] {taskinstance.py:2170} INFO - Starting attempt 1 of 3
[2026-03-08T10:45:57.073+0000] {taskinstance.py:2191} INFO - Executing <Task(BranchPythonOperator): branch_decision> on 2026-03-08 10:44:30.843795+00:00
[2026-03-08T10:45:57.086+0000] {standard_task_runner.py:60} INFO - Started process 1736 to run task
[2026-03-08T10:45:57.090+0000] {standard_task_runner.py:87} INFO - Running: ['***', 'tasks', 'run', 'titanic_mlops_pipeline', 'branch_decision', 'manual__2026-03-08T10:44:30.843795+00:00', '--job-id', '129', '--raw', '--subdir', 'DAGS_FOLDER/mlops_***_mlflow_pipeline.py', '--cfg-path', '/tmp/tmpqmubvacr']
[2026-03-08T10:45:57.091+0000] {standard_task_runner.py:88} INFO - Job 129: Subtask branch_decision
[2026-03-08T10:45:57.141+0000] {task_command.py:423} INFO - Running <TaskInstance: titanic_mlops_pipeline.branch_decision manual__2026-03-08T10:44:30.843795+00:00 [running]> on host 2a0172c45d39
[2026-03-08T10:45:57.224+0000] {taskinstance.py:2480} INFO - Exporting env vars: AIRFLOW_CTX_DAG_OWNER='your_name' AIRFLOW_CTX_DAG_ID='titanic_mlops_pipeline' AIRFLOW_CTX_TASK_ID='branch_decision' AIRFLOW_CTX_EXECUTION_DATE='2026-03-08T10:44:30.843795+00:00' AIRFLOW_CTX_TRY_NUMBER='1' AIRFLOW_CTX_DAG_RUN_ID='manual__2026-03-08T10:44:30.843795+00:00'
[2026-03-08T10:45:57.236+0000] {logging_mixin.py:188} INFO - ── Branch Decision ──
[2026-03-08T10:45:57.236+0000] {logging_mixin.py:188} INFO -   Accuracy: 0.8156
[2026-03-08T10:45:57.236+0000] {logging_mixin.py:188} INFO -   Threshold: 0.80
[2026-03-08T10:45:57.236+0000] {logging_mixin.py:188} INFO - 
✓ Accuracy 0.8156 >= 0.80 → Registering model
[2026-03-08T10:45:57.236+0000] {python.py:201} INFO - Done. Returned value was: register_model
[2026-03-08T10:45:57.236+0000] {branch.py:35} INFO - Branch into register_model
[2026-03-08T10:45:57.237+0000] {skipmixin.py:178} INFO - Following branch register_model
[2026-03-08T10:45:57.253+0000] {skipmixin.py:244} INFO - Skipping tasks [('reject_model', -1)]
[2026-03-08T10:45:57.301+0000] {taskinstance.py:1138} INFO - Marking task as SUCCESS. dag_id=titanic_mlops_pipeline, task_id=branch_decision, execution_date=20260308T104430, start_date=20260308T104557, end_date=20260308T104557
[2026-03-08T10:45:57.342+0000] {local_task_job_runner.py:234} INFO - Task exited with return code 0
[2026-03-08T10:45:57.372+0000] {taskinstance.py:3280} INFO - 1 downstream tasks scheduled from follow-on schedule check
