[2026-03-08T10:36:58.117+0000] {taskinstance.py:1956} INFO - Dependencies all met for dep_context=non-requeueable deps ti=<TaskInstance: titanic_mlops_pipeline.evaluate_model manual__2026-03-08T10:35:34.806703+00:00 [queued]>
[2026-03-08T10:36:58.125+0000] {taskinstance.py:1956} INFO - Dependencies all met for dep_context=requeueable deps ti=<TaskInstance: titanic_mlops_pipeline.evaluate_model manual__2026-03-08T10:35:34.806703+00:00 [queued]>
[2026-03-08T10:36:58.125+0000] {taskinstance.py:2170} INFO - Starting attempt 1 of 3
[2026-03-08T10:36:58.136+0000] {taskinstance.py:2191} INFO - Executing <Task(PythonOperator): evaluate_model> on 2026-03-08 10:35:34.806703+00:00
[2026-03-08T10:36:58.148+0000] {standard_task_runner.py:60} INFO - Started process 1036 to run task
[2026-03-08T10:36:58.151+0000] {standard_task_runner.py:87} INFO - Running: ['***', 'tasks', 'run', 'titanic_mlops_pipeline', 'evaluate_model', 'manual__2026-03-08T10:35:34.806703+00:00', '--job-id', '107', '--raw', '--subdir', 'DAGS_FOLDER/mlops_***_mlflow_pipeline.py', '--cfg-path', '/tmp/tmp13h2tl83']
[2026-03-08T10:36:58.152+0000] {standard_task_runner.py:88} INFO - Job 107: Subtask evaluate_model
[2026-03-08T10:36:58.197+0000] {task_command.py:423} INFO - Running <TaskInstance: titanic_mlops_pipeline.evaluate_model manual__2026-03-08T10:35:34.806703+00:00 [running]> on host 2a0172c45d39
[2026-03-08T10:36:58.275+0000] {taskinstance.py:2480} INFO - Exporting env vars: AIRFLOW_CTX_DAG_OWNER='your_name' AIRFLOW_CTX_DAG_ID='titanic_mlops_pipeline' AIRFLOW_CTX_TASK_ID='evaluate_model' AIRFLOW_CTX_EXECUTION_DATE='2026-03-08T10:35:34.806703+00:00' AIRFLOW_CTX_TRY_NUMBER='1' AIRFLOW_CTX_DAG_RUN_ID='manual__2026-03-08T10:35:34.806703+00:00'
[2026-03-08T10:36:58.307+0000] {logging_mixin.py:188} INFO - ✓ Loaded test data: (179, 9)
[2026-03-08T10:36:58.515+0000] {logging_mixin.py:188} INFO - ✓ Loaded model from MLflow run: 66e48ad5c04249ccab2bee0a6dd44340
[2026-03-08T10:36:58.531+0000] {logging_mixin.py:188} INFO - 
── Model Evaluation Metrics ──
[2026-03-08T10:36:58.532+0000] {logging_mixin.py:188} INFO -   Accuracy:  0.8156
[2026-03-08T10:36:58.532+0000] {logging_mixin.py:188} INFO -   Precision: 0.8254
[2026-03-08T10:36:58.532+0000] {logging_mixin.py:188} INFO -   Recall:    0.7027
[2026-03-08T10:36:58.532+0000] {logging_mixin.py:188} INFO -   F1-Score:  0.7591
[2026-03-08T10:36:58.836+0000] {logging_mixin.py:188} INFO - 
✓ All metrics logged to MLflow run: 66e48ad5c04249ccab2bee0a6dd44340
[2026-03-08T10:36:58.848+0000] {logging_mixin.py:188} WARNING - 2026/03/08 10:36:58 INFO mlflow.tracking._tracking_service.client: 🏃 View run fearless-wren-206 at: http://172.17.0.1:5000/#/experiments/1/runs/66e48ad5c04249ccab2bee0a6dd44340.
[2026-03-08T10:36:58.848+0000] {logging_mixin.py:188} WARNING - 2026/03/08 10:36:58 INFO mlflow.tracking._tracking_service.client: 🧪 View experiment at: http://172.17.0.1:5000/#/experiments/1.
[2026-03-08T10:36:58.926+0000] {logging_mixin.py:188} INFO - 
✓ XCom pushed: accuracy = 0.8156
[2026-03-08T10:36:58.926+0000] {python.py:201} INFO - Done. Returned value was: None
[2026-03-08T10:36:58.935+0000] {taskinstance.py:1138} INFO - Marking task as SUCCESS. dag_id=titanic_mlops_pipeline, task_id=evaluate_model, execution_date=20260308T103534, start_date=20260308T103658, end_date=20260308T103658
[2026-03-08T10:36:58.965+0000] {local_task_job_runner.py:234} INFO - Task exited with return code 0
[2026-03-08T10:36:58.988+0000] {taskinstance.py:3280} INFO - 1 downstream tasks scheduled from follow-on schedule check
