[2026-03-08T10:53:17.308+0000] {taskinstance.py:1956} INFO - Dependencies all met for dep_context=non-requeueable deps ti=<TaskInstance: titanic_mlops_pipeline.train_model manual__2026-03-08T10:51:59.170512+00:00 [queued]>
[2026-03-08T10:53:17.316+0000] {taskinstance.py:1956} INFO - Dependencies all met for dep_context=requeueable deps ti=<TaskInstance: titanic_mlops_pipeline.train_model manual__2026-03-08T10:51:59.170512+00:00 [queued]>
[2026-03-08T10:53:17.316+0000] {taskinstance.py:2170} INFO - Starting attempt 1 of 3
[2026-03-08T10:53:17.328+0000] {taskinstance.py:2191} INFO - Executing <Task(PythonOperator): train_model> on 2026-03-08 10:51:59.170512+00:00
[2026-03-08T10:53:17.340+0000] {standard_task_runner.py:60} INFO - Started process 2315 to run task
[2026-03-08T10:53:17.344+0000] {standard_task_runner.py:87} INFO - Running: ['***', 'tasks', 'run', 'titanic_mlops_pipeline', 'train_model', 'manual__2026-03-08T10:51:59.170512+00:00', '--job-id', '149', '--raw', '--subdir', 'DAGS_FOLDER/mlops_***_mlflow_pipeline.py', '--cfg-path', '/tmp/tmp51m4cqah']
[2026-03-08T10:53:17.345+0000] {standard_task_runner.py:88} INFO - Job 149: Subtask train_model
[2026-03-08T10:53:17.391+0000] {task_command.py:423} INFO - Running <TaskInstance: titanic_mlops_pipeline.train_model manual__2026-03-08T10:51:59.170512+00:00 [running]> on host 2a0172c45d39
[2026-03-08T10:53:17.467+0000] {taskinstance.py:2480} INFO - Exporting env vars: AIRFLOW_CTX_DAG_OWNER='your_name' AIRFLOW_CTX_DAG_ID='titanic_mlops_pipeline' AIRFLOW_CTX_TASK_ID='train_model' AIRFLOW_CTX_EXECUTION_DATE='2026-03-08T10:51:59.170512+00:00' AIRFLOW_CTX_TRY_NUMBER='1' AIRFLOW_CTX_DAG_RUN_ID='manual__2026-03-08T10:51:59.170512+00:00'
[2026-03-08T10:53:17.485+0000] {logging_mixin.py:188} INFO - ✓ Loaded encoded dataset: (891, 10)
[2026-03-08T10:53:17.488+0000] {logging_mixin.py:188} INFO - ✓ Train size: (712, 9), Test size: (179, 9)
[2026-03-08T10:53:17.575+0000] {logging_mixin.py:188} WARNING - 2026/03/08 10:53:17 WARNING mlflow.utils.git_utils: Failed to import Git (the Git executable is probably not on your PATH), so Git SHA is not available. Error: Failed to initialize: Bad git executable.
The git executable must be specified in one of the following ways:
    - be included in your $PATH
    - be set via $GIT_PYTHON_GIT_EXECUTABLE
    - explicitly set via git.refresh(<full-path-to-git-executable>)

All git commands will error until this is rectified.

This initial message can be silenced or aggravated in the future by setting the
$GIT_PYTHON_REFRESH environment variable. Use one of the following values:
    - quiet|q|silence|s|silent|none|n|0: for no message or exception
    - warn|w|warning|log|l|1: for a warning message (logging level CRITICAL, displayed by default)
    - error|e|exception|raise|r|2: for a raised exception

Example:
    export GIT_PYTHON_REFRESH=quiet
[2026-03-08T10:53:17.596+0000] {logging_mixin.py:188} INFO - 
✓ MLflow run started: 6df770ffa731424fa9364481888b7b4a
[2026-03-08T10:53:17.651+0000] {logging_mixin.py:188} INFO - ✓ Logged model_type: LogisticRegression
[2026-03-08T10:53:17.710+0000] {logging_mixin.py:188} INFO - ✓ Logged hyperparameters: {'max_iter': 200, 'C': 1.0, 'random_state': 42}
[2026-03-08T10:53:17.877+0000] {logging_mixin.py:188} INFO - ✓ Logged dataset sizes
[2026-03-08T10:53:17.914+0000] {warnings.py:109} WARNING - /home/***/.local/lib/python3.8/site-packages/sklearn/linear_model/_logistic.py:460: ConvergenceWarning: lbfgs failed to converge (status=1):
STOP: TOTAL NO. of ITERATIONS REACHED LIMIT.

Increase the number of iterations (max_iter) or scale the data as shown in:
    https://scikit-learn.org/stable/modules/preprocessing.html
Please also refer to the documentation for alternative solver options:
    https://scikit-learn.org/stable/modules/linear_model.html#logistic-regression
  n_iter_i = _check_optimize_result(

[2026-03-08T10:53:17.914+0000] {logging_mixin.py:188} INFO - 
✓ Model trained: LogisticRegression
[2026-03-08T10:53:20.021+0000] {logging_mixin.py:188} WARNING - 2026/03/08 10:53:20 WARNING mlflow.models.model: Model logged without a signature and input example. Please set `input_example` parameter when logging the model to auto infer the model signature.
[2026-03-08T10:53:20.331+0000] {logging_mixin.py:188} INFO - ✓ Model artifact logged to MLflow
[2026-03-08T10:53:20.376+0000] {logging_mixin.py:188} INFO - 
✓ XCom pushed: run_id, test_data_path, model_type
[2026-03-08T10:53:20.391+0000] {logging_mixin.py:188} WARNING - 2026/03/08 10:53:20 INFO mlflow.tracking._tracking_service.client: 🏃 View run adorable-bug-535 at: http://172.17.0.1:5000/#/experiments/1/runs/6df770ffa731424fa9364481888b7b4a.
[2026-03-08T10:53:20.391+0000] {logging_mixin.py:188} WARNING - 2026/03/08 10:53:20 INFO mlflow.tracking._tracking_service.client: 🧪 View experiment at: http://172.17.0.1:5000/#/experiments/1.
[2026-03-08T10:53:20.446+0000] {python.py:201} INFO - Done. Returned value was: None
[2026-03-08T10:53:20.458+0000] {taskinstance.py:1138} INFO - Marking task as SUCCESS. dag_id=titanic_mlops_pipeline, task_id=train_model, execution_date=20260308T105159, start_date=20260308T105317, end_date=20260308T105320
[2026-03-08T10:53:20.526+0000] {local_task_job_runner.py:234} INFO - Task exited with return code 0
[2026-03-08T10:53:20.557+0000] {taskinstance.py:3280} INFO - 1 downstream tasks scheduled from follow-on schedule check
