[2026-03-08T09:55:40.223+0000] {taskinstance.py:1956} INFO - Dependencies all met for dep_context=non-requeueable deps ti=<TaskInstance: titanic_mlops_pipeline.handle_missing_values manual__2026-03-08T09:54:29.915602+00:00 [queued]>
[2026-03-08T09:55:40.231+0000] {taskinstance.py:1956} INFO - Dependencies all met for dep_context=requeueable deps ti=<TaskInstance: titanic_mlops_pipeline.handle_missing_values manual__2026-03-08T09:54:29.915602+00:00 [queued]>
[2026-03-08T09:55:40.231+0000] {taskinstance.py:2170} INFO - Starting attempt 1 of 3
[2026-03-08T09:55:40.243+0000] {taskinstance.py:2191} INFO - Executing <Task(PythonOperator): handle_missing_values> on 2026-03-08 09:54:29.915602+00:00
[2026-03-08T09:55:40.252+0000] {standard_task_runner.py:60} INFO - Started process 782 to run task
[2026-03-08T09:55:40.255+0000] {standard_task_runner.py:87} INFO - Running: ['***', 'tasks', 'run', 'titanic_mlops_pipeline', 'handle_missing_values', 'manual__2026-03-08T09:54:29.915602+00:00', '--job-id', '65', '--raw', '--subdir', 'DAGS_FOLDER/mlops_***_mlflow_pipeline.py', '--cfg-path', '/tmp/tmprmuqrlq6']
[2026-03-08T09:55:40.256+0000] {standard_task_runner.py:88} INFO - Job 65: Subtask handle_missing_values
[2026-03-08T09:55:40.314+0000] {task_command.py:423} INFO - Running <TaskInstance: titanic_mlops_pipeline.handle_missing_values manual__2026-03-08T09:54:29.915602+00:00 [running]> on host 672a6469409e
[2026-03-08T09:55:40.403+0000] {taskinstance.py:2480} INFO - Exporting env vars: AIRFLOW_CTX_DAG_OWNER='your_name' AIRFLOW_CTX_DAG_ID='titanic_mlops_pipeline' AIRFLOW_CTX_TASK_ID='handle_missing_values' AIRFLOW_CTX_EXECUTION_DATE='2026-03-08T09:54:29.915602+00:00' AIRFLOW_CTX_TRY_NUMBER='1' AIRFLOW_CTX_DAG_RUN_ID='manual__2026-03-08T09:54:29.915602+00:00'
[2026-03-08T09:55:40.436+0000] {logging_mixin.py:188} INFO - ── Before Handling Missing Values ──
[2026-03-08T09:55:40.437+0000] {logging_mixin.py:188} INFO -   Age missing:      177
[2026-03-08T09:55:40.438+0000] {logging_mixin.py:188} INFO -   Embarked missing: 2
[2026-03-08T09:55:40.441+0000] {logging_mixin.py:188} INFO - 
✓ Age filled with median: 28.0
[2026-03-08T09:55:40.442+0000] {logging_mixin.py:188} INFO - ✓ Embarked filled with mode: S
[2026-03-08T09:55:40.443+0000] {logging_mixin.py:188} INFO - ✓ Cabin filled with: Unknown
[2026-03-08T09:55:40.443+0000] {logging_mixin.py:188} INFO - 
── After Handling Missing Values ──
[2026-03-08T09:55:40.444+0000] {logging_mixin.py:188} INFO -   Age missing:      0
[2026-03-08T09:55:40.444+0000] {logging_mixin.py:188} INFO -   Embarked missing: 0
[2026-03-08T09:55:40.445+0000] {logging_mixin.py:188} INFO -   Cabin missing:    0
[2026-03-08T09:55:40.452+0000] {logging_mixin.py:188} INFO - 
✓ Cleaned dataset saved to: /opt/***/data/titanic_cleaned.csv
[2026-03-08T09:55:40.468+0000] {python.py:201} INFO - Done. Returned value was: None
[2026-03-08T09:55:40.489+0000] {taskinstance.py:1138} INFO - Marking task as SUCCESS. dag_id=titanic_mlops_pipeline, task_id=handle_missing_values, execution_date=20260308T095429, start_date=20260308T095540, end_date=20260308T095540
[2026-03-08T09:55:40.548+0000] {local_task_job_runner.py:234} INFO - Task exited with return code 0
[2026-03-08T09:55:40.575+0000] {taskinstance.py:3280} INFO - 1 downstream tasks scheduled from follow-on schedule check
