[2026-03-08T10:53:22.242+0000] {taskinstance.py:1956} INFO - Dependencies all met for dep_context=non-requeueable deps ti=<TaskInstance: titanic_mlops_pipeline.evaluate_model manual__2026-03-08T10:51:59.170512+00:00 [queued]>
[2026-03-08T10:53:22.250+0000] {taskinstance.py:1956} INFO - Dependencies all met for dep_context=requeueable deps ti=<TaskInstance: titanic_mlops_pipeline.evaluate_model manual__2026-03-08T10:51:59.170512+00:00 [queued]>
[2026-03-08T10:53:22.250+0000] {taskinstance.py:2170} INFO - Starting attempt 1 of 3
[2026-03-08T10:53:22.262+0000] {taskinstance.py:2191} INFO - Executing <Task(PythonOperator): evaluate_model> on 2026-03-08 10:51:59.170512+00:00
[2026-03-08T10:53:22.274+0000] {standard_task_runner.py:60} INFO - Started process 2356 to run task
[2026-03-08T10:53:22.277+0000] {standard_task_runner.py:87} INFO - Running: ['***', 'tasks', 'run', 'titanic_mlops_pipeline', 'evaluate_model', 'manual__2026-03-08T10:51:59.170512+00:00', '--job-id', '150', '--raw', '--subdir', 'DAGS_FOLDER/mlops_***_mlflow_pipeline.py', '--cfg-path', '/tmp/tmpykmt1t_r']
[2026-03-08T10:53:22.278+0000] {standard_task_runner.py:88} INFO - Job 150: Subtask evaluate_model
[2026-03-08T10:53:22.326+0000] {task_command.py:423} INFO - Running <TaskInstance: titanic_mlops_pipeline.evaluate_model manual__2026-03-08T10:51:59.170512+00:00 [running]> on host 2a0172c45d39
[2026-03-08T10:53:22.401+0000] {taskinstance.py:2480} INFO - Exporting env vars: AIRFLOW_CTX_DAG_OWNER='your_name' AIRFLOW_CTX_DAG_ID='titanic_mlops_pipeline' AIRFLOW_CTX_TASK_ID='evaluate_model' AIRFLOW_CTX_EXECUTION_DATE='2026-03-08T10:51:59.170512+00:00' AIRFLOW_CTX_TRY_NUMBER='1' AIRFLOW_CTX_DAG_RUN_ID='manual__2026-03-08T10:51:59.170512+00:00'
[2026-03-08T10:53:22.434+0000] {logging_mixin.py:188} INFO - ✓ Loaded test data: (179, 9)
[2026-03-08T10:53:22.634+0000] {logging_mixin.py:188} INFO - ✓ Loaded model from MLflow run: 6df770ffa731424fa9364481888b7b4a
[2026-03-08T10:53:22.645+0000] {logging_mixin.py:188} INFO - 
── Model Evaluation Metrics ──
[2026-03-08T10:53:22.646+0000] {logging_mixin.py:188} INFO -   Accuracy:  0.7989
[2026-03-08T10:53:22.646+0000] {logging_mixin.py:188} INFO -   Precision: 0.7794
[2026-03-08T10:53:22.646+0000] {logging_mixin.py:188} INFO -   Recall:    0.7162
[2026-03-08T10:53:22.646+0000] {logging_mixin.py:188} INFO -   F1-Score:  0.7465
[2026-03-08T10:53:22.953+0000] {logging_mixin.py:188} INFO - 
✓ All metrics logged to MLflow run: 6df770ffa731424fa9364481888b7b4a
[2026-03-08T10:53:22.967+0000] {logging_mixin.py:188} WARNING - 2026/03/08 10:53:22 INFO mlflow.tracking._tracking_service.client: 🏃 View run adorable-bug-535 at: http://172.17.0.1:5000/#/experiments/1/runs/6df770ffa731424fa9364481888b7b4a.
[2026-03-08T10:53:22.968+0000] {logging_mixin.py:188} WARNING - 2026/03/08 10:53:22 INFO mlflow.tracking._tracking_service.client: 🧪 View experiment at: http://172.17.0.1:5000/#/experiments/1.
[2026-03-08T10:53:23.047+0000] {logging_mixin.py:188} INFO - 
✓ XCom pushed: accuracy = 0.7989
[2026-03-08T10:53:23.048+0000] {python.py:201} INFO - Done. Returned value was: None
[2026-03-08T10:53:23.059+0000] {taskinstance.py:1138} INFO - Marking task as SUCCESS. dag_id=titanic_mlops_pipeline, task_id=evaluate_model, execution_date=20260308T105159, start_date=20260308T105322, end_date=20260308T105323
[2026-03-08T10:53:23.093+0000] {local_task_job_runner.py:234} INFO - Task exited with return code 0
[2026-03-08T10:53:23.120+0000] {taskinstance.py:3280} INFO - 1 downstream tasks scheduled from follow-on schedule check
