[2026-03-08T10:30:58.751+0000] {taskinstance.py:1956} INFO - Dependencies all met for dep_context=non-requeueable deps ti=<TaskInstance: titanic_mlops_pipeline.encode_data manual__2026-03-08T10:29:45.208721+00:00 [queued]>
[2026-03-08T10:30:58.759+0000] {taskinstance.py:1956} INFO - Dependencies all met for dep_context=requeueable deps ti=<TaskInstance: titanic_mlops_pipeline.encode_data manual__2026-03-08T10:29:45.208721+00:00 [queued]>
[2026-03-08T10:30:58.759+0000] {taskinstance.py:2170} INFO - Starting attempt 1 of 3
[2026-03-08T10:30:58.772+0000] {taskinstance.py:2191} INFO - Executing <Task(PythonOperator): encode_data> on 2026-03-08 10:29:45.208721+00:00
[2026-03-08T10:30:58.784+0000] {standard_task_runner.py:60} INFO - Started process 605 to run task
[2026-03-08T10:30:58.787+0000] {standard_task_runner.py:87} INFO - Running: ['***', 'tasks', 'run', 'titanic_mlops_pipeline', 'encode_data', 'manual__2026-03-08T10:29:45.208721+00:00', '--job-id', '95', '--raw', '--subdir', 'DAGS_FOLDER/mlops_***_mlflow_pipeline.py', '--cfg-path', '/tmp/tmpedxu42e4']
[2026-03-08T10:30:58.788+0000] {standard_task_runner.py:88} INFO - Job 95: Subtask encode_data
[2026-03-08T10:30:58.834+0000] {task_command.py:423} INFO - Running <TaskInstance: titanic_mlops_pipeline.encode_data manual__2026-03-08T10:29:45.208721+00:00 [running]> on host 2a0172c45d39
[2026-03-08T10:30:58.911+0000] {taskinstance.py:2480} INFO - Exporting env vars: AIRFLOW_CTX_DAG_OWNER='your_name' AIRFLOW_CTX_DAG_ID='titanic_mlops_pipeline' AIRFLOW_CTX_TASK_ID='encode_data' AIRFLOW_CTX_EXECUTION_DATE='2026-03-08T10:29:45.208721+00:00' AIRFLOW_CTX_TRY_NUMBER='1' AIRFLOW_CTX_DAG_RUN_ID='manual__2026-03-08T10:29:45.208721+00:00'
[2026-03-08T10:30:58.941+0000] {logging_mixin.py:188} INFO - ── Dataset before encoding ──
[2026-03-08T10:30:58.941+0000] {logging_mixin.py:188} INFO -   Shape: (891, 14)
[2026-03-08T10:30:58.942+0000] {logging_mixin.py:188} INFO -   Columns: ['PassengerId', 'Survived', 'Pclass', 'Name', 'Sex', 'Age', 'SibSp', 'Parch', 'Ticket', 'Fare', 'Cabin', 'Embarked', 'FamilySize', 'IsAlone']
[2026-03-08T10:30:58.943+0000] {logging_mixin.py:188} INFO - 
✓ Sex encoded: male=0, female=1
[2026-03-08T10:30:58.943+0000] {logging_mixin.py:188} INFO - ✓ Embarked encoded: S=0, C=1, Q=2
[2026-03-08T10:30:58.944+0000] {logging_mixin.py:188} INFO - 
✓ Dropped columns: ['PassengerId', 'Name', 'Ticket', 'Cabin']
[2026-03-08T10:30:58.945+0000] {logging_mixin.py:188} INFO - 
── Dataset after encoding ──
[2026-03-08T10:30:58.945+0000] {logging_mixin.py:188} INFO -   Shape: (891, 10)
[2026-03-08T10:30:58.945+0000] {logging_mixin.py:188} INFO -   Remaining columns: ['Survived', 'Pclass', 'Sex', 'Age', 'SibSp', 'Parch', 'Fare', 'Embarked', 'FamilySize', 'IsAlone']
[2026-03-08T10:30:58.949+0000] {logging_mixin.py:188} INFO - 
  Sample row:
   Survived  Pclass  Sex   Age  SibSp  Parch  Fare  Embarked  FamilySize  IsAlone
0         0       3    0  22.0      1      0  7.25         0           2        0
[2026-03-08T10:30:58.953+0000] {logging_mixin.py:188} INFO - 
✓ Encoded dataset saved to: /opt/***/data/titanic_encoded.csv
[2026-03-08T10:30:58.967+0000] {python.py:201} INFO - Done. Returned value was: None
[2026-03-08T10:30:58.976+0000] {taskinstance.py:1138} INFO - Marking task as SUCCESS. dag_id=titanic_mlops_pipeline, task_id=encode_data, execution_date=20260308T102945, start_date=20260308T103058, end_date=20260308T103058
[2026-03-08T10:30:59.039+0000] {local_task_job_runner.py:234} INFO - Task exited with return code 0
[2026-03-08T10:30:59.070+0000] {taskinstance.py:3280} INFO - 1 downstream tasks scheduled from follow-on schedule check
