[2026-03-08T09:44:16.135+0000] {taskinstance.py:1956} INFO - Dependencies all met for dep_context=non-requeueable deps ti=<TaskInstance: titanic_mlops_pipeline.handle_missing_values manual__2026-03-08T09:43:08.899838+00:00 [queued]>
[2026-03-08T09:44:16.146+0000] {taskinstance.py:1956} INFO - Dependencies all met for dep_context=requeueable deps ti=<TaskInstance: titanic_mlops_pipeline.handle_missing_values manual__2026-03-08T09:43:08.899838+00:00 [queued]>
[2026-03-08T09:44:16.146+0000] {taskinstance.py:2170} INFO - Starting attempt 1 of 3
[2026-03-08T09:44:16.158+0000] {taskinstance.py:2191} INFO - Executing <Task(PythonOperator): handle_missing_values> on 2026-03-08 09:43:08.899838+00:00
[2026-03-08T09:44:16.167+0000] {standard_task_runner.py:60} INFO - Started process 535 to run task
[2026-03-08T09:44:16.170+0000] {standard_task_runner.py:87} INFO - Running: ['***', 'tasks', 'run', 'titanic_mlops_pipeline', 'handle_missing_values', 'manual__2026-03-08T09:43:08.899838+00:00', '--job-id', '39', '--raw', '--subdir', 'DAGS_FOLDER/mlops_***_mlflow_pipeline.py', '--cfg-path', '/tmp/tmpja6kd78s']
[2026-03-08T09:44:16.171+0000] {standard_task_runner.py:88} INFO - Job 39: Subtask handle_missing_values
[2026-03-08T09:44:16.219+0000] {task_command.py:423} INFO - Running <TaskInstance: titanic_mlops_pipeline.handle_missing_values manual__2026-03-08T09:43:08.899838+00:00 [running]> on host 672a6469409e
[2026-03-08T09:44:16.298+0000] {taskinstance.py:2480} INFO - Exporting env vars: AIRFLOW_CTX_DAG_OWNER='your_name' AIRFLOW_CTX_DAG_ID='titanic_mlops_pipeline' AIRFLOW_CTX_TASK_ID='handle_missing_values' AIRFLOW_CTX_EXECUTION_DATE='2026-03-08T09:43:08.899838+00:00' AIRFLOW_CTX_TRY_NUMBER='1' AIRFLOW_CTX_DAG_RUN_ID='manual__2026-03-08T09:43:08.899838+00:00'
[2026-03-08T09:44:16.316+0000] {logging_mixin.py:188} INFO - ── Before Handling Missing Values ──
[2026-03-08T09:44:16.317+0000] {logging_mixin.py:188} INFO -   Age missing:      177
[2026-03-08T09:44:16.317+0000] {logging_mixin.py:188} INFO -   Embarked missing: 2
[2026-03-08T09:44:16.319+0000] {logging_mixin.py:188} INFO - 
✓ Age filled with median: 28.0
[2026-03-08T09:44:16.321+0000] {logging_mixin.py:188} INFO - ✓ Embarked filled with mode: S
[2026-03-08T09:44:16.321+0000] {logging_mixin.py:188} INFO - ✓ Cabin filled with: Unknown
[2026-03-08T09:44:16.321+0000] {logging_mixin.py:188} INFO - 
── After Handling Missing Values ──
[2026-03-08T09:44:16.322+0000] {logging_mixin.py:188} INFO -   Age missing:      0
[2026-03-08T09:44:16.322+0000] {logging_mixin.py:188} INFO -   Embarked missing: 0
[2026-03-08T09:44:16.322+0000] {logging_mixin.py:188} INFO -   Cabin missing:    0
[2026-03-08T09:44:16.328+0000] {logging_mixin.py:188} INFO - 
✓ Cleaned dataset saved to: /opt/***/data/titanic_cleaned.csv
[2026-03-08T09:44:16.340+0000] {python.py:201} INFO - Done. Returned value was: None
[2026-03-08T09:44:16.351+0000] {taskinstance.py:1138} INFO - Marking task as SUCCESS. dag_id=titanic_mlops_pipeline, task_id=handle_missing_values, execution_date=20260308T094308, start_date=20260308T094416, end_date=20260308T094416
[2026-03-08T09:44:16.382+0000] {local_task_job_runner.py:234} INFO - Task exited with return code 0
[2026-03-08T09:44:16.410+0000] {taskinstance.py:3280} INFO - 1 downstream tasks scheduled from follow-on schedule check
