[2026-03-12T22:22:22.549+0000] {processor.py:161} INFO - Started process (PID=131) to work on /home/airflow/.local/lib/python3.8/site-packages/airflow/example_dags/example_task_group_decorator.py
[2026-03-12T22:22:22.550+0000] {processor.py:830} INFO - Processing file /home/airflow/.local/lib/python3.8/site-packages/airflow/example_dags/example_task_group_decorator.py for tasks to queue
[2026-03-12T22:22:22.552+0000] {logging_mixin.py:188} INFO - [2026-03-12T22:22:22.552+0000] {dagbag.py:538} INFO - Filling up the DagBag from /home/airflow/.local/lib/python3.8/site-packages/airflow/example_dags/example_task_group_decorator.py
[2026-03-12T22:22:22.567+0000] {processor.py:840} INFO - DAG(s) 'example_task_group_decorator' retrieved from /home/airflow/.local/lib/python3.8/site-packages/airflow/example_dags/example_task_group_decorator.py
[2026-03-12T22:22:22.597+0000] {logging_mixin.py:188} INFO - [2026-03-12T22:22:22.596+0000] {dag.py:3036} INFO - Sync 1 DAGs
[2026-03-12T22:22:22.620+0000] {logging_mixin.py:188} INFO - [2026-03-12T22:22:22.620+0000] {dag.py:3823} INFO - Setting next_dagrun for example_task_group_decorator to 2026-03-11 00:00:00+00:00, run_after=2026-03-12 00:00:00+00:00
[2026-03-12T22:22:22.639+0000] {processor.py:183} INFO - Processing /home/airflow/.local/lib/python3.8/site-packages/airflow/example_dags/example_task_group_decorator.py took 0.093 seconds
[2026-03-12T22:22:53.255+0000] {processor.py:161} INFO - Started process (PID=199) to work on /home/airflow/.local/lib/python3.8/site-packages/airflow/example_dags/example_task_group_decorator.py
[2026-03-12T22:22:53.255+0000] {processor.py:830} INFO - Processing file /home/airflow/.local/lib/python3.8/site-packages/airflow/example_dags/example_task_group_decorator.py for tasks to queue
[2026-03-12T22:22:53.257+0000] {logging_mixin.py:188} INFO - [2026-03-12T22:22:53.257+0000] {dagbag.py:538} INFO - Filling up the DagBag from /home/airflow/.local/lib/python3.8/site-packages/airflow/example_dags/example_task_group_decorator.py
[2026-03-12T22:22:53.269+0000] {processor.py:840} INFO - DAG(s) 'example_task_group_decorator' retrieved from /home/airflow/.local/lib/python3.8/site-packages/airflow/example_dags/example_task_group_decorator.py
[2026-03-12T22:22:53.291+0000] {logging_mixin.py:188} INFO - [2026-03-12T22:22:53.291+0000] {dag.py:3036} INFO - Sync 1 DAGs
[2026-03-12T22:22:53.310+0000] {logging_mixin.py:188} INFO - [2026-03-12T22:22:53.310+0000] {dag.py:3823} INFO - Setting next_dagrun for example_task_group_decorator to 2026-03-11 00:00:00+00:00, run_after=2026-03-12 00:00:00+00:00
[2026-03-12T22:22:53.329+0000] {processor.py:183} INFO - Processing /home/airflow/.local/lib/python3.8/site-packages/airflow/example_dags/example_task_group_decorator.py took 0.077 seconds
[2026-03-12T22:23:24.589+0000] {processor.py:161} INFO - Started process (PID=267) to work on /home/airflow/.local/lib/python3.8/site-packages/airflow/example_dags/example_task_group_decorator.py
[2026-03-12T22:23:24.590+0000] {processor.py:830} INFO - Processing file /home/airflow/.local/lib/python3.8/site-packages/airflow/example_dags/example_task_group_decorator.py for tasks to queue
[2026-03-12T22:23:24.592+0000] {logging_mixin.py:188} INFO - [2026-03-12T22:23:24.592+0000] {dagbag.py:538} INFO - Filling up the DagBag from /home/airflow/.local/lib/python3.8/site-packages/airflow/example_dags/example_task_group_decorator.py
[2026-03-12T22:23:24.605+0000] {processor.py:840} INFO - DAG(s) 'example_task_group_decorator' retrieved from /home/airflow/.local/lib/python3.8/site-packages/airflow/example_dags/example_task_group_decorator.py
[2026-03-12T22:23:24.629+0000] {logging_mixin.py:188} INFO - [2026-03-12T22:23:24.629+0000] {dag.py:3036} INFO - Sync 1 DAGs
[2026-03-12T22:23:24.649+0000] {logging_mixin.py:188} INFO - [2026-03-12T22:23:24.649+0000] {dag.py:3823} INFO - Setting next_dagrun for example_task_group_decorator to 2026-03-11 00:00:00+00:00, run_after=2026-03-12 00:00:00+00:00
[2026-03-12T22:23:24.667+0000] {processor.py:183} INFO - Processing /home/airflow/.local/lib/python3.8/site-packages/airflow/example_dags/example_task_group_decorator.py took 0.081 seconds
[2026-03-12T22:23:55.628+0000] {processor.py:161} INFO - Started process (PID=335) to work on /home/airflow/.local/lib/python3.8/site-packages/airflow/example_dags/example_task_group_decorator.py
[2026-03-12T22:23:55.629+0000] {processor.py:830} INFO - Processing file /home/airflow/.local/lib/python3.8/site-packages/airflow/example_dags/example_task_group_decorator.py for tasks to queue
[2026-03-12T22:23:55.630+0000] {logging_mixin.py:188} INFO - [2026-03-12T22:23:55.630+0000] {dagbag.py:538} INFO - Filling up the DagBag from /home/airflow/.local/lib/python3.8/site-packages/airflow/example_dags/example_task_group_decorator.py
[2026-03-12T22:23:55.642+0000] {processor.py:840} INFO - DAG(s) 'example_task_group_decorator' retrieved from /home/airflow/.local/lib/python3.8/site-packages/airflow/example_dags/example_task_group_decorator.py
[2026-03-12T22:23:55.662+0000] {logging_mixin.py:188} INFO - [2026-03-12T22:23:55.662+0000] {dag.py:3036} INFO - Sync 1 DAGs
[2026-03-12T22:23:55.680+0000] {logging_mixin.py:188} INFO - [2026-03-12T22:23:55.680+0000] {dag.py:3823} INFO - Setting next_dagrun for example_task_group_decorator to 2026-03-11 00:00:00+00:00, run_after=2026-03-12 00:00:00+00:00
[2026-03-12T22:23:55.698+0000] {processor.py:183} INFO - Processing /home/airflow/.local/lib/python3.8/site-packages/airflow/example_dags/example_task_group_decorator.py took 0.073 seconds
[2026-03-12T22:24:25.755+0000] {processor.py:161} INFO - Started process (PID=390) to work on /home/airflow/.local/lib/python3.8/site-packages/airflow/example_dags/example_task_group_decorator.py
[2026-03-12T22:24:25.756+0000] {processor.py:830} INFO - Processing file /home/airflow/.local/lib/python3.8/site-packages/airflow/example_dags/example_task_group_decorator.py for tasks to queue
[2026-03-12T22:24:25.758+0000] {logging_mixin.py:188} INFO - [2026-03-12T22:24:25.757+0000] {dagbag.py:538} INFO - Filling up the DagBag from /home/airflow/.local/lib/python3.8/site-packages/airflow/example_dags/example_task_group_decorator.py
[2026-03-12T22:24:25.769+0000] {processor.py:840} INFO - DAG(s) 'example_task_group_decorator' retrieved from /home/airflow/.local/lib/python3.8/site-packages/airflow/example_dags/example_task_group_decorator.py
[2026-03-12T22:24:25.792+0000] {logging_mixin.py:188} INFO - [2026-03-12T22:24:25.792+0000] {dag.py:3036} INFO - Sync 1 DAGs
[2026-03-12T22:24:25.811+0000] {logging_mixin.py:188} INFO - [2026-03-12T22:24:25.811+0000] {dag.py:3823} INFO - Setting next_dagrun for example_task_group_decorator to 2026-03-11 00:00:00+00:00, run_after=2026-03-12 00:00:00+00:00
[2026-03-12T22:24:25.828+0000] {processor.py:183} INFO - Processing /home/airflow/.local/lib/python3.8/site-packages/airflow/example_dags/example_task_group_decorator.py took 0.075 seconds
[2026-03-12T22:24:55.988+0000] {processor.py:161} INFO - Started process (PID=458) to work on /home/airflow/.local/lib/python3.8/site-packages/airflow/example_dags/example_task_group_decorator.py
[2026-03-12T22:24:55.989+0000] {processor.py:830} INFO - Processing file /home/airflow/.local/lib/python3.8/site-packages/airflow/example_dags/example_task_group_decorator.py for tasks to queue
[2026-03-12T22:24:55.990+0000] {logging_mixin.py:188} INFO - [2026-03-12T22:24:55.990+0000] {dagbag.py:538} INFO - Filling up the DagBag from /home/airflow/.local/lib/python3.8/site-packages/airflow/example_dags/example_task_group_decorator.py
[2026-03-12T22:24:56.002+0000] {processor.py:840} INFO - DAG(s) 'example_task_group_decorator' retrieved from /home/airflow/.local/lib/python3.8/site-packages/airflow/example_dags/example_task_group_decorator.py
[2026-03-12T22:24:56.024+0000] {logging_mixin.py:188} INFO - [2026-03-12T22:24:56.024+0000] {dag.py:3036} INFO - Sync 1 DAGs
[2026-03-12T22:24:56.045+0000] {logging_mixin.py:188} INFO - [2026-03-12T22:24:56.045+0000] {dag.py:3823} INFO - Setting next_dagrun for example_task_group_decorator to 2026-03-11 00:00:00+00:00, run_after=2026-03-12 00:00:00+00:00
[2026-03-12T22:24:56.062+0000] {processor.py:183} INFO - Processing /home/airflow/.local/lib/python3.8/site-packages/airflow/example_dags/example_task_group_decorator.py took 0.077 seconds
[2026-03-12T22:25:26.122+0000] {processor.py:161} INFO - Started process (PID=526) to work on /home/airflow/.local/lib/python3.8/site-packages/airflow/example_dags/example_task_group_decorator.py
[2026-03-12T22:25:26.123+0000] {processor.py:830} INFO - Processing file /home/airflow/.local/lib/python3.8/site-packages/airflow/example_dags/example_task_group_decorator.py for tasks to queue
[2026-03-12T22:25:26.125+0000] {logging_mixin.py:188} INFO - [2026-03-12T22:25:26.125+0000] {dagbag.py:538} INFO - Filling up the DagBag from /home/airflow/.local/lib/python3.8/site-packages/airflow/example_dags/example_task_group_decorator.py
[2026-03-12T22:25:26.138+0000] {processor.py:840} INFO - DAG(s) 'example_task_group_decorator' retrieved from /home/airflow/.local/lib/python3.8/site-packages/airflow/example_dags/example_task_group_decorator.py
[2026-03-12T22:25:26.161+0000] {logging_mixin.py:188} INFO - [2026-03-12T22:25:26.161+0000] {dag.py:3036} INFO - Sync 1 DAGs
[2026-03-12T22:25:26.181+0000] {logging_mixin.py:188} INFO - [2026-03-12T22:25:26.181+0000] {dag.py:3823} INFO - Setting next_dagrun for example_task_group_decorator to 2026-03-11 00:00:00+00:00, run_after=2026-03-12 00:00:00+00:00
[2026-03-12T22:25:26.199+0000] {processor.py:183} INFO - Processing /home/airflow/.local/lib/python3.8/site-packages/airflow/example_dags/example_task_group_decorator.py took 0.080 seconds
[2026-03-12T22:25:56.529+0000] {processor.py:161} INFO - Started process (PID=594) to work on /home/airflow/.local/lib/python3.8/site-packages/airflow/example_dags/example_task_group_decorator.py
[2026-03-12T22:25:56.530+0000] {processor.py:830} INFO - Processing file /home/airflow/.local/lib/python3.8/site-packages/airflow/example_dags/example_task_group_decorator.py for tasks to queue
[2026-03-12T22:25:56.532+0000] {logging_mixin.py:188} INFO - [2026-03-12T22:25:56.532+0000] {dagbag.py:538} INFO - Filling up the DagBag from /home/airflow/.local/lib/python3.8/site-packages/airflow/example_dags/example_task_group_decorator.py
[2026-03-12T22:25:56.545+0000] {processor.py:840} INFO - DAG(s) 'example_task_group_decorator' retrieved from /home/airflow/.local/lib/python3.8/site-packages/airflow/example_dags/example_task_group_decorator.py
[2026-03-12T22:25:56.567+0000] {logging_mixin.py:188} INFO - [2026-03-12T22:25:56.567+0000] {dag.py:3036} INFO - Sync 1 DAGs
[2026-03-12T22:25:56.588+0000] {logging_mixin.py:188} INFO - [2026-03-12T22:25:56.588+0000] {dag.py:3823} INFO - Setting next_dagrun for example_task_group_decorator to 2026-03-11 00:00:00+00:00, run_after=2026-03-12 00:00:00+00:00
[2026-03-12T22:25:56.607+0000] {processor.py:183} INFO - Processing /home/airflow/.local/lib/python3.8/site-packages/airflow/example_dags/example_task_group_decorator.py took 0.081 seconds
[2026-03-12T22:26:27.593+0000] {processor.py:161} INFO - Started process (PID=662) to work on /home/airflow/.local/lib/python3.8/site-packages/airflow/example_dags/example_task_group_decorator.py
[2026-03-12T22:26:27.594+0000] {processor.py:830} INFO - Processing file /home/airflow/.local/lib/python3.8/site-packages/airflow/example_dags/example_task_group_decorator.py for tasks to queue
[2026-03-12T22:26:27.596+0000] {logging_mixin.py:188} INFO - [2026-03-12T22:26:27.596+0000] {dagbag.py:538} INFO - Filling up the DagBag from /home/airflow/.local/lib/python3.8/site-packages/airflow/example_dags/example_task_group_decorator.py
[2026-03-12T22:26:27.607+0000] {processor.py:840} INFO - DAG(s) 'example_task_group_decorator' retrieved from /home/airflow/.local/lib/python3.8/site-packages/airflow/example_dags/example_task_group_decorator.py
[2026-03-12T22:26:27.629+0000] {logging_mixin.py:188} INFO - [2026-03-12T22:26:27.629+0000] {dag.py:3036} INFO - Sync 1 DAGs
[2026-03-12T22:26:27.649+0000] {logging_mixin.py:188} INFO - [2026-03-12T22:26:27.648+0000] {dag.py:3823} INFO - Setting next_dagrun for example_task_group_decorator to 2026-03-11 00:00:00+00:00, run_after=2026-03-12 00:00:00+00:00
[2026-03-12T22:26:27.666+0000] {processor.py:183} INFO - Processing /home/airflow/.local/lib/python3.8/site-packages/airflow/example_dags/example_task_group_decorator.py took 0.075 seconds
[2026-03-12T22:26:57.972+0000] {processor.py:161} INFO - Started process (PID=730) to work on /home/airflow/.local/lib/python3.8/site-packages/airflow/example_dags/example_task_group_decorator.py
[2026-03-12T22:26:57.972+0000] {processor.py:830} INFO - Processing file /home/airflow/.local/lib/python3.8/site-packages/airflow/example_dags/example_task_group_decorator.py for tasks to queue
[2026-03-12T22:26:57.974+0000] {logging_mixin.py:188} INFO - [2026-03-12T22:26:57.974+0000] {dagbag.py:538} INFO - Filling up the DagBag from /home/airflow/.local/lib/python3.8/site-packages/airflow/example_dags/example_task_group_decorator.py
[2026-03-12T22:26:57.985+0000] {processor.py:840} INFO - DAG(s) 'example_task_group_decorator' retrieved from /home/airflow/.local/lib/python3.8/site-packages/airflow/example_dags/example_task_group_decorator.py
[2026-03-12T22:26:58.008+0000] {logging_mixin.py:188} INFO - [2026-03-12T22:26:58.008+0000] {dag.py:3036} INFO - Sync 1 DAGs
[2026-03-12T22:26:58.027+0000] {logging_mixin.py:188} INFO - [2026-03-12T22:26:58.027+0000] {dag.py:3823} INFO - Setting next_dagrun for example_task_group_decorator to 2026-03-11 00:00:00+00:00, run_after=2026-03-12 00:00:00+00:00
[2026-03-12T22:26:58.044+0000] {processor.py:183} INFO - Processing /home/airflow/.local/lib/python3.8/site-packages/airflow/example_dags/example_task_group_decorator.py took 0.075 seconds
[2026-03-12T22:27:28.643+0000] {processor.py:161} INFO - Started process (PID=798) to work on /home/airflow/.local/lib/python3.8/site-packages/airflow/example_dags/example_task_group_decorator.py
[2026-03-12T22:27:28.644+0000] {processor.py:830} INFO - Processing file /home/airflow/.local/lib/python3.8/site-packages/airflow/example_dags/example_task_group_decorator.py for tasks to queue
[2026-03-12T22:27:28.646+0000] {logging_mixin.py:188} INFO - [2026-03-12T22:27:28.645+0000] {dagbag.py:538} INFO - Filling up the DagBag from /home/airflow/.local/lib/python3.8/site-packages/airflow/example_dags/example_task_group_decorator.py
[2026-03-12T22:27:28.657+0000] {processor.py:840} INFO - DAG(s) 'example_task_group_decorator' retrieved from /home/airflow/.local/lib/python3.8/site-packages/airflow/example_dags/example_task_group_decorator.py
[2026-03-12T22:27:28.679+0000] {logging_mixin.py:188} INFO - [2026-03-12T22:27:28.679+0000] {dag.py:3036} INFO - Sync 1 DAGs
[2026-03-12T22:27:28.699+0000] {logging_mixin.py:188} INFO - [2026-03-12T22:27:28.699+0000] {dag.py:3823} INFO - Setting next_dagrun for example_task_group_decorator to 2026-03-11 00:00:00+00:00, run_after=2026-03-12 00:00:00+00:00
[2026-03-12T22:27:28.717+0000] {processor.py:183} INFO - Processing /home/airflow/.local/lib/python3.8/site-packages/airflow/example_dags/example_task_group_decorator.py took 0.076 seconds
[2026-03-12T22:27:59.045+0000] {processor.py:161} INFO - Started process (PID=866) to work on /home/airflow/.local/lib/python3.8/site-packages/airflow/example_dags/example_task_group_decorator.py
[2026-03-12T22:27:59.046+0000] {processor.py:830} INFO - Processing file /home/airflow/.local/lib/python3.8/site-packages/airflow/example_dags/example_task_group_decorator.py for tasks to queue
[2026-03-12T22:27:59.048+0000] {logging_mixin.py:188} INFO - [2026-03-12T22:27:59.047+0000] {dagbag.py:538} INFO - Filling up the DagBag from /home/airflow/.local/lib/python3.8/site-packages/airflow/example_dags/example_task_group_decorator.py
[2026-03-12T22:27:59.059+0000] {processor.py:840} INFO - DAG(s) 'example_task_group_decorator' retrieved from /home/airflow/.local/lib/python3.8/site-packages/airflow/example_dags/example_task_group_decorator.py
[2026-03-12T22:27:59.082+0000] {logging_mixin.py:188} INFO - [2026-03-12T22:27:59.082+0000] {dag.py:3036} INFO - Sync 1 DAGs
[2026-03-12T22:27:59.103+0000] {logging_mixin.py:188} INFO - [2026-03-12T22:27:59.103+0000] {dag.py:3823} INFO - Setting next_dagrun for example_task_group_decorator to 2026-03-11 00:00:00+00:00, run_after=2026-03-12 00:00:00+00:00
[2026-03-12T22:27:59.121+0000] {processor.py:183} INFO - Processing /home/airflow/.local/lib/python3.8/site-packages/airflow/example_dags/example_task_group_decorator.py took 0.078 seconds
[2026-03-12T22:28:29.373+0000] {processor.py:161} INFO - Started process (PID=934) to work on /home/airflow/.local/lib/python3.8/site-packages/airflow/example_dags/example_task_group_decorator.py
[2026-03-12T22:28:29.374+0000] {processor.py:830} INFO - Processing file /home/airflow/.local/lib/python3.8/site-packages/airflow/example_dags/example_task_group_decorator.py for tasks to queue
[2026-03-12T22:28:29.375+0000] {logging_mixin.py:188} INFO - [2026-03-12T22:28:29.375+0000] {dagbag.py:538} INFO - Filling up the DagBag from /home/airflow/.local/lib/python3.8/site-packages/airflow/example_dags/example_task_group_decorator.py
[2026-03-12T22:28:29.388+0000] {processor.py:840} INFO - DAG(s) 'example_task_group_decorator' retrieved from /home/airflow/.local/lib/python3.8/site-packages/airflow/example_dags/example_task_group_decorator.py
[2026-03-12T22:28:29.408+0000] {logging_mixin.py:188} INFO - [2026-03-12T22:28:29.408+0000] {dag.py:3036} INFO - Sync 1 DAGs
[2026-03-12T22:28:29.427+0000] {logging_mixin.py:188} INFO - [2026-03-12T22:28:29.427+0000] {dag.py:3823} INFO - Setting next_dagrun for example_task_group_decorator to 2026-03-11 00:00:00+00:00, run_after=2026-03-12 00:00:00+00:00
[2026-03-12T22:28:29.444+0000] {processor.py:183} INFO - Processing /home/airflow/.local/lib/python3.8/site-packages/airflow/example_dags/example_task_group_decorator.py took 0.074 seconds
