[2026-03-12T22:22:21.189+0000] {processor.py:161} INFO - Started process (PID=107) to work on /home/airflow/.local/lib/python3.8/site-packages/airflow/example_dags/example_datasets.py
[2026-03-12T22:22:21.189+0000] {processor.py:830} INFO - Processing file /home/airflow/.local/lib/python3.8/site-packages/airflow/example_dags/example_datasets.py for tasks to queue
[2026-03-12T22:22:21.191+0000] {logging_mixin.py:188} INFO - [2026-03-12T22:22:21.191+0000] {dagbag.py:538} INFO - Filling up the DagBag from /home/airflow/.local/lib/python3.8/site-packages/airflow/example_dags/example_datasets.py
[2026-03-12T22:22:21.203+0000] {processor.py:840} INFO - DAG(s) 'dataset_produces_1', 'dataset_produces_2', 'dataset_consumes_unknown_never_scheduled', 'dataset_consumes_1_and_2', 'dataset_consumes_1', 'dataset_consumes_1_never_scheduled' retrieved from /home/airflow/.local/lib/python3.8/site-packages/airflow/example_dags/example_datasets.py
[2026-03-12T22:22:21.249+0000] {logging_mixin.py:188} INFO - [2026-03-12T22:22:21.249+0000] {dag.py:3036} INFO - Sync 6 DAGs
[2026-03-12T22:22:21.276+0000] {logging_mixin.py:188} INFO - [2026-03-12T22:22:21.276+0000] {dag.py:3823} INFO - Setting next_dagrun for dataset_consumes_1 to None, run_after=None
[2026-03-12T22:22:21.280+0000] {logging_mixin.py:188} INFO - [2026-03-12T22:22:21.280+0000] {dag.py:3823} INFO - Setting next_dagrun for dataset_consumes_1_and_2 to None, run_after=None
[2026-03-12T22:22:21.282+0000] {logging_mixin.py:188} INFO - [2026-03-12T22:22:21.282+0000] {dag.py:3823} INFO - Setting next_dagrun for dataset_consumes_1_never_scheduled to None, run_after=None
[2026-03-12T22:22:21.284+0000] {logging_mixin.py:188} INFO - [2026-03-12T22:22:21.284+0000] {dag.py:3823} INFO - Setting next_dagrun for dataset_consumes_unknown_never_scheduled to None, run_after=None
[2026-03-12T22:22:21.287+0000] {logging_mixin.py:188} INFO - [2026-03-12T22:22:21.287+0000] {dag.py:3823} INFO - Setting next_dagrun for dataset_produces_1 to 2026-03-11 00:00:00+00:00, run_after=2026-03-12 00:00:00+00:00
[2026-03-12T22:22:21.289+0000] {logging_mixin.py:188} INFO - [2026-03-12T22:22:21.289+0000] {dag.py:3823} INFO - Setting next_dagrun for dataset_produces_2 to None, run_after=None
[2026-03-12T22:22:21.332+0000] {processor.py:183} INFO - Processing /home/airflow/.local/lib/python3.8/site-packages/airflow/example_dags/example_datasets.py took 0.147 seconds
[2026-03-12T22:22:51.707+0000] {processor.py:161} INFO - Started process (PID=162) to work on /home/airflow/.local/lib/python3.8/site-packages/airflow/example_dags/example_datasets.py
[2026-03-12T22:22:51.708+0000] {processor.py:830} INFO - Processing file /home/airflow/.local/lib/python3.8/site-packages/airflow/example_dags/example_datasets.py for tasks to queue
[2026-03-12T22:22:51.709+0000] {logging_mixin.py:188} INFO - [2026-03-12T22:22:51.709+0000] {dagbag.py:538} INFO - Filling up the DagBag from /home/airflow/.local/lib/python3.8/site-packages/airflow/example_dags/example_datasets.py
[2026-03-12T22:22:51.719+0000] {processor.py:840} INFO - DAG(s) 'dataset_consumes_unknown_never_scheduled', 'dataset_produces_1', 'dataset_consumes_1', 'dataset_produces_2', 'dataset_consumes_1_and_2', 'dataset_consumes_1_never_scheduled' retrieved from /home/airflow/.local/lib/python3.8/site-packages/airflow/example_dags/example_datasets.py
[2026-03-12T22:22:51.755+0000] {logging_mixin.py:188} INFO - [2026-03-12T22:22:51.754+0000] {dag.py:3036} INFO - Sync 6 DAGs
[2026-03-12T22:22:51.775+0000] {logging_mixin.py:188} INFO - [2026-03-12T22:22:51.775+0000] {dag.py:3823} INFO - Setting next_dagrun for dataset_consumes_1 to None, run_after=None
[2026-03-12T22:22:51.779+0000] {logging_mixin.py:188} INFO - [2026-03-12T22:22:51.779+0000] {dag.py:3823} INFO - Setting next_dagrun for dataset_consumes_1_and_2 to None, run_after=None
[2026-03-12T22:22:51.781+0000] {logging_mixin.py:188} INFO - [2026-03-12T22:22:51.780+0000] {dag.py:3823} INFO - Setting next_dagrun for dataset_consumes_1_never_scheduled to None, run_after=None
[2026-03-12T22:22:51.782+0000] {logging_mixin.py:188} INFO - [2026-03-12T22:22:51.782+0000] {dag.py:3823} INFO - Setting next_dagrun for dataset_consumes_unknown_never_scheduled to None, run_after=None
[2026-03-12T22:22:51.785+0000] {logging_mixin.py:188} INFO - [2026-03-12T22:22:51.785+0000] {dag.py:3823} INFO - Setting next_dagrun for dataset_produces_1 to 2026-03-11 00:00:00+00:00, run_after=2026-03-12 00:00:00+00:00
[2026-03-12T22:22:51.787+0000] {logging_mixin.py:188} INFO - [2026-03-12T22:22:51.787+0000] {dag.py:3823} INFO - Setting next_dagrun for dataset_produces_2 to None, run_after=None
[2026-03-12T22:22:51.816+0000] {processor.py:183} INFO - Processing /home/airflow/.local/lib/python3.8/site-packages/airflow/example_dags/example_datasets.py took 0.112 seconds
[2026-03-12T22:23:21.989+0000] {processor.py:161} INFO - Started process (PID=230) to work on /home/airflow/.local/lib/python3.8/site-packages/airflow/example_dags/example_datasets.py
[2026-03-12T22:23:21.990+0000] {processor.py:830} INFO - Processing file /home/airflow/.local/lib/python3.8/site-packages/airflow/example_dags/example_datasets.py for tasks to queue
[2026-03-12T22:23:21.991+0000] {logging_mixin.py:188} INFO - [2026-03-12T22:23:21.991+0000] {dagbag.py:538} INFO - Filling up the DagBag from /home/airflow/.local/lib/python3.8/site-packages/airflow/example_dags/example_datasets.py
[2026-03-12T22:23:21.999+0000] {processor.py:840} INFO - DAG(s) 'dataset_consumes_1_never_scheduled', 'dataset_produces_1', 'dataset_produces_2', 'dataset_consumes_1_and_2', 'dataset_consumes_1', 'dataset_consumes_unknown_never_scheduled' retrieved from /home/airflow/.local/lib/python3.8/site-packages/airflow/example_dags/example_datasets.py
[2026-03-12T22:23:22.037+0000] {logging_mixin.py:188} INFO - [2026-03-12T22:23:22.037+0000] {dag.py:3036} INFO - Sync 6 DAGs
[2026-03-12T22:23:22.061+0000] {logging_mixin.py:188} INFO - [2026-03-12T22:23:22.060+0000] {dag.py:3823} INFO - Setting next_dagrun for dataset_consumes_1 to None, run_after=None
[2026-03-12T22:23:22.065+0000] {logging_mixin.py:188} INFO - [2026-03-12T22:23:22.065+0000] {dag.py:3823} INFO - Setting next_dagrun for dataset_consumes_1_and_2 to None, run_after=None
[2026-03-12T22:23:22.066+0000] {logging_mixin.py:188} INFO - [2026-03-12T22:23:22.066+0000] {dag.py:3823} INFO - Setting next_dagrun for dataset_consumes_1_never_scheduled to None, run_after=None
[2026-03-12T22:23:22.068+0000] {logging_mixin.py:188} INFO - [2026-03-12T22:23:22.068+0000] {dag.py:3823} INFO - Setting next_dagrun for dataset_consumes_unknown_never_scheduled to None, run_after=None
[2026-03-12T22:23:22.071+0000] {logging_mixin.py:188} INFO - [2026-03-12T22:23:22.071+0000] {dag.py:3823} INFO - Setting next_dagrun for dataset_produces_1 to 2026-03-11 00:00:00+00:00, run_after=2026-03-12 00:00:00+00:00
[2026-03-12T22:23:22.073+0000] {logging_mixin.py:188} INFO - [2026-03-12T22:23:22.073+0000] {dag.py:3823} INFO - Setting next_dagrun for dataset_produces_2 to None, run_after=None
[2026-03-12T22:23:22.113+0000] {processor.py:183} INFO - Processing /home/airflow/.local/lib/python3.8/site-packages/airflow/example_dags/example_datasets.py took 0.127 seconds
[2026-03-12T22:23:52.208+0000] {processor.py:161} INFO - Started process (PID=299) to work on /home/airflow/.local/lib/python3.8/site-packages/airflow/example_dags/example_datasets.py
[2026-03-12T22:23:52.209+0000] {processor.py:830} INFO - Processing file /home/airflow/.local/lib/python3.8/site-packages/airflow/example_dags/example_datasets.py for tasks to queue
[2026-03-12T22:23:52.211+0000] {logging_mixin.py:188} INFO - [2026-03-12T22:23:52.210+0000] {dagbag.py:538} INFO - Filling up the DagBag from /home/airflow/.local/lib/python3.8/site-packages/airflow/example_dags/example_datasets.py
[2026-03-12T22:23:52.219+0000] {processor.py:840} INFO - DAG(s) 'dataset_produces_1', 'dataset_consumes_1_and_2', 'dataset_consumes_1_never_scheduled', 'dataset_consumes_unknown_never_scheduled', 'dataset_consumes_1', 'dataset_produces_2' retrieved from /home/airflow/.local/lib/python3.8/site-packages/airflow/example_dags/example_datasets.py
[2026-03-12T22:23:52.256+0000] {logging_mixin.py:188} INFO - [2026-03-12T22:23:52.256+0000] {dag.py:3036} INFO - Sync 6 DAGs
[2026-03-12T22:23:52.279+0000] {logging_mixin.py:188} INFO - [2026-03-12T22:23:52.278+0000] {dag.py:3823} INFO - Setting next_dagrun for dataset_consumes_1 to None, run_after=None
[2026-03-12T22:23:52.282+0000] {logging_mixin.py:188} INFO - [2026-03-12T22:23:52.282+0000] {dag.py:3823} INFO - Setting next_dagrun for dataset_consumes_1_and_2 to None, run_after=None
[2026-03-12T22:23:52.284+0000] {logging_mixin.py:188} INFO - [2026-03-12T22:23:52.284+0000] {dag.py:3823} INFO - Setting next_dagrun for dataset_consumes_1_never_scheduled to None, run_after=None
[2026-03-12T22:23:52.286+0000] {logging_mixin.py:188} INFO - [2026-03-12T22:23:52.285+0000] {dag.py:3823} INFO - Setting next_dagrun for dataset_consumes_unknown_never_scheduled to None, run_after=None
[2026-03-12T22:23:52.288+0000] {logging_mixin.py:188} INFO - [2026-03-12T22:23:52.288+0000] {dag.py:3823} INFO - Setting next_dagrun for dataset_produces_1 to 2026-03-11 00:00:00+00:00, run_after=2026-03-12 00:00:00+00:00
[2026-03-12T22:23:52.290+0000] {logging_mixin.py:188} INFO - [2026-03-12T22:23:52.290+0000] {dag.py:3823} INFO - Setting next_dagrun for dataset_produces_2 to None, run_after=None
[2026-03-12T22:23:52.325+0000] {processor.py:183} INFO - Processing /home/airflow/.local/lib/python3.8/site-packages/airflow/example_dags/example_datasets.py took 0.120 seconds
[2026-03-12T22:24:23.252+0000] {processor.py:161} INFO - Started process (PID=373) to work on /home/airflow/.local/lib/python3.8/site-packages/airflow/example_dags/example_datasets.py
[2026-03-12T22:24:23.253+0000] {processor.py:830} INFO - Processing file /home/airflow/.local/lib/python3.8/site-packages/airflow/example_dags/example_datasets.py for tasks to queue
[2026-03-12T22:24:23.255+0000] {logging_mixin.py:188} INFO - [2026-03-12T22:24:23.254+0000] {dagbag.py:538} INFO - Filling up the DagBag from /home/airflow/.local/lib/python3.8/site-packages/airflow/example_dags/example_datasets.py
[2026-03-12T22:24:23.263+0000] {processor.py:840} INFO - DAG(s) 'dataset_produces_1', 'dataset_consumes_unknown_never_scheduled', 'dataset_consumes_1', 'dataset_consumes_1_never_scheduled', 'dataset_consumes_1_and_2', 'dataset_produces_2' retrieved from /home/airflow/.local/lib/python3.8/site-packages/airflow/example_dags/example_datasets.py
[2026-03-12T22:24:23.298+0000] {logging_mixin.py:188} INFO - [2026-03-12T22:24:23.298+0000] {dag.py:3036} INFO - Sync 6 DAGs
[2026-03-12T22:24:23.317+0000] {logging_mixin.py:188} INFO - [2026-03-12T22:24:23.317+0000] {dag.py:3823} INFO - Setting next_dagrun for dataset_consumes_1 to None, run_after=None
[2026-03-12T22:24:23.320+0000] {logging_mixin.py:188} INFO - [2026-03-12T22:24:23.320+0000] {dag.py:3823} INFO - Setting next_dagrun for dataset_consumes_1_and_2 to None, run_after=None
[2026-03-12T22:24:23.322+0000] {logging_mixin.py:188} INFO - [2026-03-12T22:24:23.321+0000] {dag.py:3823} INFO - Setting next_dagrun for dataset_consumes_1_never_scheduled to None, run_after=None
[2026-03-12T22:24:23.323+0000] {logging_mixin.py:188} INFO - [2026-03-12T22:24:23.323+0000] {dag.py:3823} INFO - Setting next_dagrun for dataset_consumes_unknown_never_scheduled to None, run_after=None
[2026-03-12T22:24:23.326+0000] {logging_mixin.py:188} INFO - [2026-03-12T22:24:23.325+0000] {dag.py:3823} INFO - Setting next_dagrun for dataset_produces_1 to 2026-03-11 00:00:00+00:00, run_after=2026-03-12 00:00:00+00:00
[2026-03-12T22:24:23.327+0000] {logging_mixin.py:188} INFO - [2026-03-12T22:24:23.327+0000] {dag.py:3823} INFO - Setting next_dagrun for dataset_produces_2 to None, run_after=None
[2026-03-12T22:24:23.362+0000] {processor.py:183} INFO - Processing /home/airflow/.local/lib/python3.8/site-packages/airflow/example_dags/example_datasets.py took 0.113 seconds
[2026-03-12T22:24:53.897+0000] {processor.py:161} INFO - Started process (PID=441) to work on /home/airflow/.local/lib/python3.8/site-packages/airflow/example_dags/example_datasets.py
[2026-03-12T22:24:53.897+0000] {processor.py:830} INFO - Processing file /home/airflow/.local/lib/python3.8/site-packages/airflow/example_dags/example_datasets.py for tasks to queue
[2026-03-12T22:24:53.899+0000] {logging_mixin.py:188} INFO - [2026-03-12T22:24:53.899+0000] {dagbag.py:538} INFO - Filling up the DagBag from /home/airflow/.local/lib/python3.8/site-packages/airflow/example_dags/example_datasets.py
[2026-03-12T22:24:53.907+0000] {processor.py:840} INFO - DAG(s) 'dataset_produces_2', 'dataset_consumes_unknown_never_scheduled', 'dataset_produces_1', 'dataset_consumes_1_and_2', 'dataset_consumes_1', 'dataset_consumes_1_never_scheduled' retrieved from /home/airflow/.local/lib/python3.8/site-packages/airflow/example_dags/example_datasets.py
[2026-03-12T22:24:53.940+0000] {logging_mixin.py:188} INFO - [2026-03-12T22:24:53.940+0000] {dag.py:3036} INFO - Sync 6 DAGs
[2026-03-12T22:24:53.961+0000] {logging_mixin.py:188} INFO - [2026-03-12T22:24:53.961+0000] {dag.py:3823} INFO - Setting next_dagrun for dataset_consumes_1 to None, run_after=None
[2026-03-12T22:24:53.964+0000] {logging_mixin.py:188} INFO - [2026-03-12T22:24:53.964+0000] {dag.py:3823} INFO - Setting next_dagrun for dataset_consumes_1_and_2 to None, run_after=None
[2026-03-12T22:24:53.965+0000] {logging_mixin.py:188} INFO - [2026-03-12T22:24:53.965+0000] {dag.py:3823} INFO - Setting next_dagrun for dataset_consumes_1_never_scheduled to None, run_after=None
[2026-03-12T22:24:53.967+0000] {logging_mixin.py:188} INFO - [2026-03-12T22:24:53.966+0000] {dag.py:3823} INFO - Setting next_dagrun for dataset_consumes_unknown_never_scheduled to None, run_after=None
[2026-03-12T22:24:53.969+0000] {logging_mixin.py:188} INFO - [2026-03-12T22:24:53.969+0000] {dag.py:3823} INFO - Setting next_dagrun for dataset_produces_1 to 2026-03-11 00:00:00+00:00, run_after=2026-03-12 00:00:00+00:00
[2026-03-12T22:24:53.970+0000] {logging_mixin.py:188} INFO - [2026-03-12T22:24:53.970+0000] {dag.py:3823} INFO - Setting next_dagrun for dataset_produces_2 to None, run_after=None
[2026-03-12T22:24:54.000+0000] {processor.py:183} INFO - Processing /home/airflow/.local/lib/python3.8/site-packages/airflow/example_dags/example_datasets.py took 0.106 seconds
[2026-03-12T22:25:24.042+0000] {processor.py:161} INFO - Started process (PID=508) to work on /home/airflow/.local/lib/python3.8/site-packages/airflow/example_dags/example_datasets.py
[2026-03-12T22:25:24.044+0000] {processor.py:830} INFO - Processing file /home/airflow/.local/lib/python3.8/site-packages/airflow/example_dags/example_datasets.py for tasks to queue
[2026-03-12T22:25:24.046+0000] {logging_mixin.py:188} INFO - [2026-03-12T22:25:24.046+0000] {dagbag.py:538} INFO - Filling up the DagBag from /home/airflow/.local/lib/python3.8/site-packages/airflow/example_dags/example_datasets.py
[2026-03-12T22:25:24.054+0000] {processor.py:840} INFO - DAG(s) 'dataset_produces_2', 'dataset_consumes_unknown_never_scheduled', 'dataset_consumes_1', 'dataset_consumes_1_and_2', 'dataset_produces_1', 'dataset_consumes_1_never_scheduled' retrieved from /home/airflow/.local/lib/python3.8/site-packages/airflow/example_dags/example_datasets.py
[2026-03-12T22:25:24.090+0000] {logging_mixin.py:188} INFO - [2026-03-12T22:25:24.089+0000] {dag.py:3036} INFO - Sync 6 DAGs
[2026-03-12T22:25:24.110+0000] {logging_mixin.py:188} INFO - [2026-03-12T22:25:24.110+0000] {dag.py:3823} INFO - Setting next_dagrun for dataset_consumes_1 to None, run_after=None
[2026-03-12T22:25:24.113+0000] {logging_mixin.py:188} INFO - [2026-03-12T22:25:24.113+0000] {dag.py:3823} INFO - Setting next_dagrun for dataset_consumes_1_and_2 to None, run_after=None
[2026-03-12T22:25:24.115+0000] {logging_mixin.py:188} INFO - [2026-03-12T22:25:24.115+0000] {dag.py:3823} INFO - Setting next_dagrun for dataset_consumes_1_never_scheduled to None, run_after=None
[2026-03-12T22:25:24.116+0000] {logging_mixin.py:188} INFO - [2026-03-12T22:25:24.116+0000] {dag.py:3823} INFO - Setting next_dagrun for dataset_consumes_unknown_never_scheduled to None, run_after=None
[2026-03-12T22:25:24.118+0000] {logging_mixin.py:188} INFO - [2026-03-12T22:25:24.118+0000] {dag.py:3823} INFO - Setting next_dagrun for dataset_produces_1 to 2026-03-11 00:00:00+00:00, run_after=2026-03-12 00:00:00+00:00
[2026-03-12T22:25:24.120+0000] {logging_mixin.py:188} INFO - [2026-03-12T22:25:24.120+0000] {dag.py:3823} INFO - Setting next_dagrun for dataset_produces_2 to None, run_after=None
[2026-03-12T22:25:24.148+0000] {processor.py:183} INFO - Processing /home/airflow/.local/lib/python3.8/site-packages/airflow/example_dags/example_datasets.py took 0.110 seconds
[2026-03-12T22:25:54.552+0000] {processor.py:161} INFO - Started process (PID=576) to work on /home/airflow/.local/lib/python3.8/site-packages/airflow/example_dags/example_datasets.py
[2026-03-12T22:25:54.553+0000] {processor.py:830} INFO - Processing file /home/airflow/.local/lib/python3.8/site-packages/airflow/example_dags/example_datasets.py for tasks to queue
[2026-03-12T22:25:54.555+0000] {logging_mixin.py:188} INFO - [2026-03-12T22:25:54.555+0000] {dagbag.py:538} INFO - Filling up the DagBag from /home/airflow/.local/lib/python3.8/site-packages/airflow/example_dags/example_datasets.py
[2026-03-12T22:25:54.562+0000] {processor.py:840} INFO - DAG(s) 'dataset_produces_1', 'dataset_produces_2', 'dataset_consumes_1_never_scheduled', 'dataset_consumes_1', 'dataset_consumes_unknown_never_scheduled', 'dataset_consumes_1_and_2' retrieved from /home/airflow/.local/lib/python3.8/site-packages/airflow/example_dags/example_datasets.py
[2026-03-12T22:25:54.595+0000] {logging_mixin.py:188} INFO - [2026-03-12T22:25:54.594+0000] {dag.py:3036} INFO - Sync 6 DAGs
[2026-03-12T22:25:54.615+0000] {logging_mixin.py:188} INFO - [2026-03-12T22:25:54.615+0000] {dag.py:3823} INFO - Setting next_dagrun for dataset_consumes_1 to None, run_after=None
[2026-03-12T22:25:54.618+0000] {logging_mixin.py:188} INFO - [2026-03-12T22:25:54.618+0000] {dag.py:3823} INFO - Setting next_dagrun for dataset_consumes_1_and_2 to None, run_after=None
[2026-03-12T22:25:54.619+0000] {logging_mixin.py:188} INFO - [2026-03-12T22:25:54.619+0000] {dag.py:3823} INFO - Setting next_dagrun for dataset_consumes_1_never_scheduled to None, run_after=None
[2026-03-12T22:25:54.621+0000] {logging_mixin.py:188} INFO - [2026-03-12T22:25:54.620+0000] {dag.py:3823} INFO - Setting next_dagrun for dataset_consumes_unknown_never_scheduled to None, run_after=None
[2026-03-12T22:25:54.623+0000] {logging_mixin.py:188} INFO - [2026-03-12T22:25:54.623+0000] {dag.py:3823} INFO - Setting next_dagrun for dataset_produces_1 to 2026-03-11 00:00:00+00:00, run_after=2026-03-12 00:00:00+00:00
[2026-03-12T22:25:54.624+0000] {logging_mixin.py:188} INFO - [2026-03-12T22:25:54.624+0000] {dag.py:3823} INFO - Setting next_dagrun for dataset_produces_2 to None, run_after=None
[2026-03-12T22:25:54.652+0000] {processor.py:183} INFO - Processing /home/airflow/.local/lib/python3.8/site-packages/airflow/example_dags/example_datasets.py took 0.103 seconds
[2026-03-12T22:26:24.942+0000] {processor.py:161} INFO - Started process (PID=644) to work on /home/airflow/.local/lib/python3.8/site-packages/airflow/example_dags/example_datasets.py
[2026-03-12T22:26:24.943+0000] {processor.py:830} INFO - Processing file /home/airflow/.local/lib/python3.8/site-packages/airflow/example_dags/example_datasets.py for tasks to queue
[2026-03-12T22:26:24.944+0000] {logging_mixin.py:188} INFO - [2026-03-12T22:26:24.944+0000] {dagbag.py:538} INFO - Filling up the DagBag from /home/airflow/.local/lib/python3.8/site-packages/airflow/example_dags/example_datasets.py
[2026-03-12T22:26:24.952+0000] {processor.py:840} INFO - DAG(s) 'dataset_consumes_1_never_scheduled', 'dataset_consumes_unknown_never_scheduled', 'dataset_produces_1', 'dataset_consumes_1_and_2', 'dataset_produces_2', 'dataset_consumes_1' retrieved from /home/airflow/.local/lib/python3.8/site-packages/airflow/example_dags/example_datasets.py
[2026-03-12T22:26:24.986+0000] {logging_mixin.py:188} INFO - [2026-03-12T22:26:24.985+0000] {dag.py:3036} INFO - Sync 6 DAGs
[2026-03-12T22:26:25.007+0000] {logging_mixin.py:188} INFO - [2026-03-12T22:26:25.007+0000] {dag.py:3823} INFO - Setting next_dagrun for dataset_consumes_1 to None, run_after=None
[2026-03-12T22:26:25.010+0000] {logging_mixin.py:188} INFO - [2026-03-12T22:26:25.010+0000] {dag.py:3823} INFO - Setting next_dagrun for dataset_consumes_1_and_2 to None, run_after=None
[2026-03-12T22:26:25.011+0000] {logging_mixin.py:188} INFO - [2026-03-12T22:26:25.011+0000] {dag.py:3823} INFO - Setting next_dagrun for dataset_consumes_1_never_scheduled to None, run_after=None
[2026-03-12T22:26:25.133+0000] {logging_mixin.py:188} INFO - [2026-03-12T22:26:25.133+0000] {dag.py:3823} INFO - Setting next_dagrun for dataset_consumes_unknown_never_scheduled to None, run_after=None
[2026-03-12T22:26:25.136+0000] {logging_mixin.py:188} INFO - [2026-03-12T22:26:25.136+0000] {dag.py:3823} INFO - Setting next_dagrun for dataset_produces_1 to 2026-03-11 00:00:00+00:00, run_after=2026-03-12 00:00:00+00:00
[2026-03-12T22:26:25.137+0000] {logging_mixin.py:188} INFO - [2026-03-12T22:26:25.137+0000] {dag.py:3823} INFO - Setting next_dagrun for dataset_produces_2 to None, run_after=None
[2026-03-12T22:26:25.165+0000] {processor.py:183} INFO - Processing /home/airflow/.local/lib/python3.8/site-packages/airflow/example_dags/example_datasets.py took 0.227 seconds
[2026-03-12T22:26:55.938+0000] {processor.py:161} INFO - Started process (PID=713) to work on /home/airflow/.local/lib/python3.8/site-packages/airflow/example_dags/example_datasets.py
[2026-03-12T22:26:55.939+0000] {processor.py:830} INFO - Processing file /home/airflow/.local/lib/python3.8/site-packages/airflow/example_dags/example_datasets.py for tasks to queue
[2026-03-12T22:26:55.940+0000] {logging_mixin.py:188} INFO - [2026-03-12T22:26:55.940+0000] {dagbag.py:538} INFO - Filling up the DagBag from /home/airflow/.local/lib/python3.8/site-packages/airflow/example_dags/example_datasets.py
[2026-03-12T22:26:55.948+0000] {processor.py:840} INFO - DAG(s) 'dataset_consumes_unknown_never_scheduled', 'dataset_consumes_1_never_scheduled', 'dataset_consumes_1_and_2', 'dataset_produces_1', 'dataset_consumes_1', 'dataset_produces_2' retrieved from /home/airflow/.local/lib/python3.8/site-packages/airflow/example_dags/example_datasets.py
[2026-03-12T22:26:55.981+0000] {logging_mixin.py:188} INFO - [2026-03-12T22:26:55.981+0000] {dag.py:3036} INFO - Sync 6 DAGs
[2026-03-12T22:26:56.001+0000] {logging_mixin.py:188} INFO - [2026-03-12T22:26:56.001+0000] {dag.py:3823} INFO - Setting next_dagrun for dataset_consumes_1 to None, run_after=None
[2026-03-12T22:26:56.004+0000] {logging_mixin.py:188} INFO - [2026-03-12T22:26:56.004+0000] {dag.py:3823} INFO - Setting next_dagrun for dataset_consumes_1_and_2 to None, run_after=None
[2026-03-12T22:26:56.005+0000] {logging_mixin.py:188} INFO - [2026-03-12T22:26:56.005+0000] {dag.py:3823} INFO - Setting next_dagrun for dataset_consumes_1_never_scheduled to None, run_after=None
[2026-03-12T22:26:56.007+0000] {logging_mixin.py:188} INFO - [2026-03-12T22:26:56.007+0000] {dag.py:3823} INFO - Setting next_dagrun for dataset_consumes_unknown_never_scheduled to None, run_after=None
[2026-03-12T22:26:56.009+0000] {logging_mixin.py:188} INFO - [2026-03-12T22:26:56.009+0000] {dag.py:3823} INFO - Setting next_dagrun for dataset_produces_1 to 2026-03-11 00:00:00+00:00, run_after=2026-03-12 00:00:00+00:00
[2026-03-12T22:26:56.011+0000] {logging_mixin.py:188} INFO - [2026-03-12T22:26:56.011+0000] {dag.py:3823} INFO - Setting next_dagrun for dataset_produces_2 to None, run_after=None
[2026-03-12T22:26:56.040+0000] {processor.py:183} INFO - Processing /home/airflow/.local/lib/python3.8/site-packages/airflow/example_dags/example_datasets.py took 0.105 seconds
[2026-03-12T22:27:26.683+0000] {processor.py:161} INFO - Started process (PID=781) to work on /home/airflow/.local/lib/python3.8/site-packages/airflow/example_dags/example_datasets.py
[2026-03-12T22:27:26.684+0000] {processor.py:830} INFO - Processing file /home/airflow/.local/lib/python3.8/site-packages/airflow/example_dags/example_datasets.py for tasks to queue
[2026-03-12T22:27:26.685+0000] {logging_mixin.py:188} INFO - [2026-03-12T22:27:26.685+0000] {dagbag.py:538} INFO - Filling up the DagBag from /home/airflow/.local/lib/python3.8/site-packages/airflow/example_dags/example_datasets.py
[2026-03-12T22:27:26.693+0000] {processor.py:840} INFO - DAG(s) 'dataset_consumes_unknown_never_scheduled', 'dataset_produces_1', 'dataset_consumes_1', 'dataset_produces_2', 'dataset_consumes_1_never_scheduled', 'dataset_consumes_1_and_2' retrieved from /home/airflow/.local/lib/python3.8/site-packages/airflow/example_dags/example_datasets.py
[2026-03-12T22:27:26.728+0000] {logging_mixin.py:188} INFO - [2026-03-12T22:27:26.728+0000] {dag.py:3036} INFO - Sync 6 DAGs
[2026-03-12T22:27:26.748+0000] {logging_mixin.py:188} INFO - [2026-03-12T22:27:26.748+0000] {dag.py:3823} INFO - Setting next_dagrun for dataset_consumes_1 to None, run_after=None
[2026-03-12T22:27:26.752+0000] {logging_mixin.py:188} INFO - [2026-03-12T22:27:26.752+0000] {dag.py:3823} INFO - Setting next_dagrun for dataset_consumes_1_and_2 to None, run_after=None
[2026-03-12T22:27:26.754+0000] {logging_mixin.py:188} INFO - [2026-03-12T22:27:26.754+0000] {dag.py:3823} INFO - Setting next_dagrun for dataset_consumes_1_never_scheduled to None, run_after=None
[2026-03-12T22:27:26.755+0000] {logging_mixin.py:188} INFO - [2026-03-12T22:27:26.755+0000] {dag.py:3823} INFO - Setting next_dagrun for dataset_consumes_unknown_never_scheduled to None, run_after=None
[2026-03-12T22:27:26.757+0000] {logging_mixin.py:188} INFO - [2026-03-12T22:27:26.757+0000] {dag.py:3823} INFO - Setting next_dagrun for dataset_produces_1 to 2026-03-11 00:00:00+00:00, run_after=2026-03-12 00:00:00+00:00
[2026-03-12T22:27:26.759+0000] {logging_mixin.py:188} INFO - [2026-03-12T22:27:26.758+0000] {dag.py:3823} INFO - Setting next_dagrun for dataset_produces_2 to None, run_after=None
[2026-03-12T22:27:26.788+0000] {processor.py:183} INFO - Processing /home/airflow/.local/lib/python3.8/site-packages/airflow/example_dags/example_datasets.py took 0.109 seconds
[2026-03-12T22:27:57.085+0000] {processor.py:161} INFO - Started process (PID=849) to work on /home/airflow/.local/lib/python3.8/site-packages/airflow/example_dags/example_datasets.py
[2026-03-12T22:27:57.086+0000] {processor.py:830} INFO - Processing file /home/airflow/.local/lib/python3.8/site-packages/airflow/example_dags/example_datasets.py for tasks to queue
[2026-03-12T22:27:57.087+0000] {logging_mixin.py:188} INFO - [2026-03-12T22:27:57.087+0000] {dagbag.py:538} INFO - Filling up the DagBag from /home/airflow/.local/lib/python3.8/site-packages/airflow/example_dags/example_datasets.py
[2026-03-12T22:27:57.095+0000] {processor.py:840} INFO - DAG(s) 'dataset_consumes_unknown_never_scheduled', 'dataset_consumes_1_never_scheduled', 'dataset_consumes_1', 'dataset_produces_2', 'dataset_produces_1', 'dataset_consumes_1_and_2' retrieved from /home/airflow/.local/lib/python3.8/site-packages/airflow/example_dags/example_datasets.py
[2026-03-12T22:27:57.128+0000] {logging_mixin.py:188} INFO - [2026-03-12T22:27:57.128+0000] {dag.py:3036} INFO - Sync 6 DAGs
[2026-03-12T22:27:57.146+0000] {logging_mixin.py:188} INFO - [2026-03-12T22:27:57.146+0000] {dag.py:3823} INFO - Setting next_dagrun for dataset_consumes_1 to None, run_after=None
[2026-03-12T22:27:57.149+0000] {logging_mixin.py:188} INFO - [2026-03-12T22:27:57.149+0000] {dag.py:3823} INFO - Setting next_dagrun for dataset_consumes_1_and_2 to None, run_after=None
[2026-03-12T22:27:57.150+0000] {logging_mixin.py:188} INFO - [2026-03-12T22:27:57.150+0000] {dag.py:3823} INFO - Setting next_dagrun for dataset_consumes_1_never_scheduled to None, run_after=None
[2026-03-12T22:27:57.151+0000] {logging_mixin.py:188} INFO - [2026-03-12T22:27:57.151+0000] {dag.py:3823} INFO - Setting next_dagrun for dataset_consumes_unknown_never_scheduled to None, run_after=None
[2026-03-12T22:27:57.154+0000] {logging_mixin.py:188} INFO - [2026-03-12T22:27:57.153+0000] {dag.py:3823} INFO - Setting next_dagrun for dataset_produces_1 to 2026-03-11 00:00:00+00:00, run_after=2026-03-12 00:00:00+00:00
[2026-03-12T22:27:57.155+0000] {logging_mixin.py:188} INFO - [2026-03-12T22:27:57.155+0000] {dag.py:3823} INFO - Setting next_dagrun for dataset_produces_2 to None, run_after=None
[2026-03-12T22:27:57.181+0000] {processor.py:183} INFO - Processing /home/airflow/.local/lib/python3.8/site-packages/airflow/example_dags/example_datasets.py took 0.099 seconds
[2026-03-12T22:28:27.488+0000] {processor.py:161} INFO - Started process (PID=917) to work on /home/airflow/.local/lib/python3.8/site-packages/airflow/example_dags/example_datasets.py
[2026-03-12T22:28:27.489+0000] {processor.py:830} INFO - Processing file /home/airflow/.local/lib/python3.8/site-packages/airflow/example_dags/example_datasets.py for tasks to queue
[2026-03-12T22:28:27.490+0000] {logging_mixin.py:188} INFO - [2026-03-12T22:28:27.490+0000] {dagbag.py:538} INFO - Filling up the DagBag from /home/airflow/.local/lib/python3.8/site-packages/airflow/example_dags/example_datasets.py
[2026-03-12T22:28:27.499+0000] {processor.py:840} INFO - DAG(s) 'dataset_produces_2', 'dataset_consumes_unknown_never_scheduled', 'dataset_consumes_1_never_scheduled', 'dataset_produces_1', 'dataset_consumes_1_and_2', 'dataset_consumes_1' retrieved from /home/airflow/.local/lib/python3.8/site-packages/airflow/example_dags/example_datasets.py
[2026-03-12T22:28:27.532+0000] {logging_mixin.py:188} INFO - [2026-03-12T22:28:27.531+0000] {dag.py:3036} INFO - Sync 6 DAGs
[2026-03-12T22:28:27.550+0000] {logging_mixin.py:188} INFO - [2026-03-12T22:28:27.550+0000] {dag.py:3823} INFO - Setting next_dagrun for dataset_consumes_1 to None, run_after=None
[2026-03-12T22:28:27.553+0000] {logging_mixin.py:188} INFO - [2026-03-12T22:28:27.553+0000] {dag.py:3823} INFO - Setting next_dagrun for dataset_consumes_1_and_2 to None, run_after=None
[2026-03-12T22:28:27.554+0000] {logging_mixin.py:188} INFO - [2026-03-12T22:28:27.554+0000] {dag.py:3823} INFO - Setting next_dagrun for dataset_consumes_1_never_scheduled to None, run_after=None
[2026-03-12T22:28:27.555+0000] {logging_mixin.py:188} INFO - [2026-03-12T22:28:27.555+0000] {dag.py:3823} INFO - Setting next_dagrun for dataset_consumes_unknown_never_scheduled to None, run_after=None
[2026-03-12T22:28:27.557+0000] {logging_mixin.py:188} INFO - [2026-03-12T22:28:27.557+0000] {dag.py:3823} INFO - Setting next_dagrun for dataset_produces_1 to 2026-03-11 00:00:00+00:00, run_after=2026-03-12 00:00:00+00:00
[2026-03-12T22:28:27.559+0000] {logging_mixin.py:188} INFO - [2026-03-12T22:28:27.558+0000] {dag.py:3823} INFO - Setting next_dagrun for dataset_produces_2 to None, run_after=None
[2026-03-12T22:28:27.586+0000] {processor.py:183} INFO - Processing /home/airflow/.local/lib/python3.8/site-packages/airflow/example_dags/example_datasets.py took 0.101 seconds
