[2026-03-12T22:22:23.169+0000] {processor.py:161} INFO - Started process (PID=141) to work on /home/airflow/.local/lib/python3.8/site-packages/airflow/example_dags/example_branch_datetime_operator.py
[2026-03-12T22:22:23.169+0000] {processor.py:830} INFO - Processing file /home/airflow/.local/lib/python3.8/site-packages/airflow/example_dags/example_branch_datetime_operator.py for tasks to queue
[2026-03-12T22:22:23.171+0000] {logging_mixin.py:188} INFO - [2026-03-12T22:22:23.171+0000] {dagbag.py:538} INFO - Filling up the DagBag from /home/airflow/.local/lib/python3.8/site-packages/airflow/example_dags/example_branch_datetime_operator.py
[2026-03-12T22:22:23.180+0000] {processor.py:840} INFO - DAG(s) 'example_branch_datetime_operator_2', 'example_branch_datetime_operator_3', 'example_branch_datetime_operator' retrieved from /home/airflow/.local/lib/python3.8/site-packages/airflow/example_dags/example_branch_datetime_operator.py
[2026-03-12T22:22:23.207+0000] {logging_mixin.py:188} INFO - [2026-03-12T22:22:23.207+0000] {dag.py:3036} INFO - Sync 3 DAGs
[2026-03-12T22:22:23.229+0000] {logging_mixin.py:188} INFO - [2026-03-12T22:22:23.229+0000] {dag.py:3823} INFO - Setting next_dagrun for example_branch_datetime_operator to 2026-03-11 00:00:00+00:00, run_after=2026-03-12 00:00:00+00:00
[2026-03-12T22:22:23.235+0000] {logging_mixin.py:188} INFO - [2026-03-12T22:22:23.234+0000] {dag.py:3823} INFO - Setting next_dagrun for example_branch_datetime_operator_2 to 2026-03-11 00:00:00+00:00, run_after=2026-03-12 00:00:00+00:00
[2026-03-12T22:22:23.237+0000] {logging_mixin.py:188} INFO - [2026-03-12T22:22:23.237+0000] {dag.py:3823} INFO - Setting next_dagrun for example_branch_datetime_operator_3 to 2026-03-11 00:00:00+00:00, run_after=2026-03-12 00:00:00+00:00
[2026-03-12T22:22:23.255+0000] {processor.py:183} INFO - Processing /home/airflow/.local/lib/python3.8/site-packages/airflow/example_dags/example_branch_datetime_operator.py took 0.090 seconds
[2026-03-12T22:22:53.739+0000] {processor.py:161} INFO - Started process (PID=209) to work on /home/airflow/.local/lib/python3.8/site-packages/airflow/example_dags/example_branch_datetime_operator.py
[2026-03-12T22:22:53.740+0000] {processor.py:830} INFO - Processing file /home/airflow/.local/lib/python3.8/site-packages/airflow/example_dags/example_branch_datetime_operator.py for tasks to queue
[2026-03-12T22:22:53.741+0000] {logging_mixin.py:188} INFO - [2026-03-12T22:22:53.741+0000] {dagbag.py:538} INFO - Filling up the DagBag from /home/airflow/.local/lib/python3.8/site-packages/airflow/example_dags/example_branch_datetime_operator.py
[2026-03-12T22:22:53.750+0000] {processor.py:840} INFO - DAG(s) 'example_branch_datetime_operator_2', 'example_branch_datetime_operator_3', 'example_branch_datetime_operator' retrieved from /home/airflow/.local/lib/python3.8/site-packages/airflow/example_dags/example_branch_datetime_operator.py
[2026-03-12T22:22:53.776+0000] {logging_mixin.py:188} INFO - [2026-03-12T22:22:53.776+0000] {dag.py:3036} INFO - Sync 3 DAGs
[2026-03-12T22:22:53.801+0000] {logging_mixin.py:188} INFO - [2026-03-12T22:22:53.800+0000] {dag.py:3823} INFO - Setting next_dagrun for example_branch_datetime_operator to 2026-03-11 00:00:00+00:00, run_after=2026-03-12 00:00:00+00:00
[2026-03-12T22:22:53.807+0000] {logging_mixin.py:188} INFO - [2026-03-12T22:22:53.807+0000] {dag.py:3823} INFO - Setting next_dagrun for example_branch_datetime_operator_2 to 2026-03-11 00:00:00+00:00, run_after=2026-03-12 00:00:00+00:00
[2026-03-12T22:22:53.811+0000] {logging_mixin.py:188} INFO - [2026-03-12T22:22:53.811+0000] {dag.py:3823} INFO - Setting next_dagrun for example_branch_datetime_operator_3 to 2026-03-11 00:00:00+00:00, run_after=2026-03-12 00:00:00+00:00
[2026-03-12T22:22:53.829+0000] {processor.py:183} INFO - Processing /home/airflow/.local/lib/python3.8/site-packages/airflow/example_dags/example_branch_datetime_operator.py took 0.093 seconds
[2026-03-12T22:23:25.089+0000] {processor.py:161} INFO - Started process (PID=277) to work on /home/airflow/.local/lib/python3.8/site-packages/airflow/example_dags/example_branch_datetime_operator.py
[2026-03-12T22:23:25.090+0000] {processor.py:830} INFO - Processing file /home/airflow/.local/lib/python3.8/site-packages/airflow/example_dags/example_branch_datetime_operator.py for tasks to queue
[2026-03-12T22:23:25.092+0000] {logging_mixin.py:188} INFO - [2026-03-12T22:23:25.092+0000] {dagbag.py:538} INFO - Filling up the DagBag from /home/airflow/.local/lib/python3.8/site-packages/airflow/example_dags/example_branch_datetime_operator.py
[2026-03-12T22:23:25.101+0000] {processor.py:840} INFO - DAG(s) 'example_branch_datetime_operator_2', 'example_branch_datetime_operator_3', 'example_branch_datetime_operator' retrieved from /home/airflow/.local/lib/python3.8/site-packages/airflow/example_dags/example_branch_datetime_operator.py
[2026-03-12T22:23:25.129+0000] {logging_mixin.py:188} INFO - [2026-03-12T22:23:25.129+0000] {dag.py:3036} INFO - Sync 3 DAGs
[2026-03-12T22:23:25.150+0000] {logging_mixin.py:188} INFO - [2026-03-12T22:23:25.150+0000] {dag.py:3823} INFO - Setting next_dagrun for example_branch_datetime_operator to 2026-03-11 00:00:00+00:00, run_after=2026-03-12 00:00:00+00:00
[2026-03-12T22:23:25.154+0000] {logging_mixin.py:188} INFO - [2026-03-12T22:23:25.154+0000] {dag.py:3823} INFO - Setting next_dagrun for example_branch_datetime_operator_2 to 2026-03-11 00:00:00+00:00, run_after=2026-03-12 00:00:00+00:00
[2026-03-12T22:23:25.157+0000] {logging_mixin.py:188} INFO - [2026-03-12T22:23:25.157+0000] {dag.py:3823} INFO - Setting next_dagrun for example_branch_datetime_operator_3 to 2026-03-11 00:00:00+00:00, run_after=2026-03-12 00:00:00+00:00
[2026-03-12T22:23:25.174+0000] {processor.py:183} INFO - Processing /home/airflow/.local/lib/python3.8/site-packages/airflow/example_dags/example_branch_datetime_operator.py took 0.088 seconds
[2026-03-12T22:23:56.282+0000] {processor.py:161} INFO - Started process (PID=345) to work on /home/airflow/.local/lib/python3.8/site-packages/airflow/example_dags/example_branch_datetime_operator.py
[2026-03-12T22:23:56.283+0000] {processor.py:830} INFO - Processing file /home/airflow/.local/lib/python3.8/site-packages/airflow/example_dags/example_branch_datetime_operator.py for tasks to queue
[2026-03-12T22:23:56.285+0000] {logging_mixin.py:188} INFO - [2026-03-12T22:23:56.285+0000] {dagbag.py:538} INFO - Filling up the DagBag from /home/airflow/.local/lib/python3.8/site-packages/airflow/example_dags/example_branch_datetime_operator.py
[2026-03-12T22:23:56.298+0000] {processor.py:840} INFO - DAG(s) 'example_branch_datetime_operator_3', 'example_branch_datetime_operator_2', 'example_branch_datetime_operator' retrieved from /home/airflow/.local/lib/python3.8/site-packages/airflow/example_dags/example_branch_datetime_operator.py
[2026-03-12T22:23:56.325+0000] {logging_mixin.py:188} INFO - [2026-03-12T22:23:56.325+0000] {dag.py:3036} INFO - Sync 3 DAGs
[2026-03-12T22:23:56.345+0000] {logging_mixin.py:188} INFO - [2026-03-12T22:23:56.345+0000] {dag.py:3823} INFO - Setting next_dagrun for example_branch_datetime_operator to 2026-03-11 00:00:00+00:00, run_after=2026-03-12 00:00:00+00:00
[2026-03-12T22:23:56.350+0000] {logging_mixin.py:188} INFO - [2026-03-12T22:23:56.350+0000] {dag.py:3823} INFO - Setting next_dagrun for example_branch_datetime_operator_2 to 2026-03-11 00:00:00+00:00, run_after=2026-03-12 00:00:00+00:00
[2026-03-12T22:23:56.353+0000] {logging_mixin.py:188} INFO - [2026-03-12T22:23:56.353+0000] {dag.py:3823} INFO - Setting next_dagrun for example_branch_datetime_operator_3 to 2026-03-11 00:00:00+00:00, run_after=2026-03-12 00:00:00+00:00
[2026-03-12T22:23:56.369+0000] {processor.py:183} INFO - Processing /home/airflow/.local/lib/python3.8/site-packages/airflow/example_dags/example_branch_datetime_operator.py took 0.091 seconds
[2026-03-12T22:24:26.680+0000] {processor.py:161} INFO - Started process (PID=413) to work on /home/airflow/.local/lib/python3.8/site-packages/airflow/example_dags/example_branch_datetime_operator.py
[2026-03-12T22:24:26.681+0000] {processor.py:830} INFO - Processing file /home/airflow/.local/lib/python3.8/site-packages/airflow/example_dags/example_branch_datetime_operator.py for tasks to queue
[2026-03-12T22:24:26.683+0000] {logging_mixin.py:188} INFO - [2026-03-12T22:24:26.683+0000] {dagbag.py:538} INFO - Filling up the DagBag from /home/airflow/.local/lib/python3.8/site-packages/airflow/example_dags/example_branch_datetime_operator.py
[2026-03-12T22:24:26.695+0000] {processor.py:840} INFO - DAG(s) 'example_branch_datetime_operator', 'example_branch_datetime_operator_2', 'example_branch_datetime_operator_3' retrieved from /home/airflow/.local/lib/python3.8/site-packages/airflow/example_dags/example_branch_datetime_operator.py
[2026-03-12T22:24:26.725+0000] {logging_mixin.py:188} INFO - [2026-03-12T22:24:26.725+0000] {dag.py:3036} INFO - Sync 3 DAGs
[2026-03-12T22:24:26.752+0000] {logging_mixin.py:188} INFO - [2026-03-12T22:24:26.751+0000] {dag.py:3823} INFO - Setting next_dagrun for example_branch_datetime_operator to 2026-03-11 00:00:00+00:00, run_after=2026-03-12 00:00:00+00:00
[2026-03-12T22:24:26.757+0000] {logging_mixin.py:188} INFO - [2026-03-12T22:24:26.757+0000] {dag.py:3823} INFO - Setting next_dagrun for example_branch_datetime_operator_2 to 2026-03-11 00:00:00+00:00, run_after=2026-03-12 00:00:00+00:00
[2026-03-12T22:24:26.760+0000] {logging_mixin.py:188} INFO - [2026-03-12T22:24:26.760+0000] {dag.py:3823} INFO - Setting next_dagrun for example_branch_datetime_operator_3 to 2026-03-11 00:00:00+00:00, run_after=2026-03-12 00:00:00+00:00
[2026-03-12T22:24:26.776+0000] {processor.py:183} INFO - Processing /home/airflow/.local/lib/python3.8/site-packages/airflow/example_dags/example_branch_datetime_operator.py took 0.100 seconds
[2026-03-12T22:24:56.803+0000] {processor.py:161} INFO - Started process (PID=468) to work on /home/airflow/.local/lib/python3.8/site-packages/airflow/example_dags/example_branch_datetime_operator.py
[2026-03-12T22:24:56.804+0000] {processor.py:830} INFO - Processing file /home/airflow/.local/lib/python3.8/site-packages/airflow/example_dags/example_branch_datetime_operator.py for tasks to queue
[2026-03-12T22:24:56.806+0000] {logging_mixin.py:188} INFO - [2026-03-12T22:24:56.806+0000] {dagbag.py:538} INFO - Filling up the DagBag from /home/airflow/.local/lib/python3.8/site-packages/airflow/example_dags/example_branch_datetime_operator.py
[2026-03-12T22:24:56.814+0000] {processor.py:840} INFO - DAG(s) 'example_branch_datetime_operator_3', 'example_branch_datetime_operator', 'example_branch_datetime_operator_2' retrieved from /home/airflow/.local/lib/python3.8/site-packages/airflow/example_dags/example_branch_datetime_operator.py
[2026-03-12T22:24:56.840+0000] {logging_mixin.py:188} INFO - [2026-03-12T22:24:56.840+0000] {dag.py:3036} INFO - Sync 3 DAGs
[2026-03-12T22:24:56.862+0000] {logging_mixin.py:188} INFO - [2026-03-12T22:24:56.862+0000] {dag.py:3823} INFO - Setting next_dagrun for example_branch_datetime_operator to 2026-03-11 00:00:00+00:00, run_after=2026-03-12 00:00:00+00:00
[2026-03-12T22:24:56.866+0000] {logging_mixin.py:188} INFO - [2026-03-12T22:24:56.866+0000] {dag.py:3823} INFO - Setting next_dagrun for example_branch_datetime_operator_2 to 2026-03-11 00:00:00+00:00, run_after=2026-03-12 00:00:00+00:00
[2026-03-12T22:24:56.869+0000] {logging_mixin.py:188} INFO - [2026-03-12T22:24:56.868+0000] {dag.py:3823} INFO - Setting next_dagrun for example_branch_datetime_operator_3 to 2026-03-11 00:00:00+00:00, run_after=2026-03-12 00:00:00+00:00
[2026-03-12T22:24:56.885+0000] {processor.py:183} INFO - Processing /home/airflow/.local/lib/python3.8/site-packages/airflow/example_dags/example_branch_datetime_operator.py took 0.084 seconds
[2026-03-12T22:25:27.645+0000] {processor.py:161} INFO - Started process (PID=536) to work on /home/airflow/.local/lib/python3.8/site-packages/airflow/example_dags/example_branch_datetime_operator.py
[2026-03-12T22:25:27.646+0000] {processor.py:830} INFO - Processing file /home/airflow/.local/lib/python3.8/site-packages/airflow/example_dags/example_branch_datetime_operator.py for tasks to queue
[2026-03-12T22:25:27.648+0000] {logging_mixin.py:188} INFO - [2026-03-12T22:25:27.647+0000] {dagbag.py:538} INFO - Filling up the DagBag from /home/airflow/.local/lib/python3.8/site-packages/airflow/example_dags/example_branch_datetime_operator.py
[2026-03-12T22:25:27.657+0000] {processor.py:840} INFO - DAG(s) 'example_branch_datetime_operator_3', 'example_branch_datetime_operator_2', 'example_branch_datetime_operator' retrieved from /home/airflow/.local/lib/python3.8/site-packages/airflow/example_dags/example_branch_datetime_operator.py
[2026-03-12T22:25:27.683+0000] {logging_mixin.py:188} INFO - [2026-03-12T22:25:27.683+0000] {dag.py:3036} INFO - Sync 3 DAGs
[2026-03-12T22:25:27.707+0000] {logging_mixin.py:188} INFO - [2026-03-12T22:25:27.707+0000] {dag.py:3823} INFO - Setting next_dagrun for example_branch_datetime_operator to 2026-03-11 00:00:00+00:00, run_after=2026-03-12 00:00:00+00:00
[2026-03-12T22:25:27.712+0000] {logging_mixin.py:188} INFO - [2026-03-12T22:25:27.712+0000] {dag.py:3823} INFO - Setting next_dagrun for example_branch_datetime_operator_2 to 2026-03-11 00:00:00+00:00, run_after=2026-03-12 00:00:00+00:00
[2026-03-12T22:25:27.714+0000] {logging_mixin.py:188} INFO - [2026-03-12T22:25:27.714+0000] {dag.py:3823} INFO - Setting next_dagrun for example_branch_datetime_operator_3 to 2026-03-11 00:00:00+00:00, run_after=2026-03-12 00:00:00+00:00
[2026-03-12T22:25:27.732+0000] {processor.py:183} INFO - Processing /home/airflow/.local/lib/python3.8/site-packages/airflow/example_dags/example_branch_datetime_operator.py took 0.090 seconds
[2026-03-12T22:25:57.997+0000] {processor.py:161} INFO - Started process (PID=604) to work on /home/airflow/.local/lib/python3.8/site-packages/airflow/example_dags/example_branch_datetime_operator.py
[2026-03-12T22:25:57.997+0000] {processor.py:830} INFO - Processing file /home/airflow/.local/lib/python3.8/site-packages/airflow/example_dags/example_branch_datetime_operator.py for tasks to queue
[2026-03-12T22:25:57.999+0000] {logging_mixin.py:188} INFO - [2026-03-12T22:25:57.999+0000] {dagbag.py:538} INFO - Filling up the DagBag from /home/airflow/.local/lib/python3.8/site-packages/airflow/example_dags/example_branch_datetime_operator.py
[2026-03-12T22:25:58.008+0000] {processor.py:840} INFO - DAG(s) 'example_branch_datetime_operator_2', 'example_branch_datetime_operator_3', 'example_branch_datetime_operator' retrieved from /home/airflow/.local/lib/python3.8/site-packages/airflow/example_dags/example_branch_datetime_operator.py
[2026-03-12T22:25:58.033+0000] {logging_mixin.py:188} INFO - [2026-03-12T22:25:58.033+0000] {dag.py:3036} INFO - Sync 3 DAGs
[2026-03-12T22:25:58.056+0000] {logging_mixin.py:188} INFO - [2026-03-12T22:25:58.055+0000] {dag.py:3823} INFO - Setting next_dagrun for example_branch_datetime_operator to 2026-03-11 00:00:00+00:00, run_after=2026-03-12 00:00:00+00:00
[2026-03-12T22:25:58.060+0000] {logging_mixin.py:188} INFO - [2026-03-12T22:25:58.060+0000] {dag.py:3823} INFO - Setting next_dagrun for example_branch_datetime_operator_2 to 2026-03-11 00:00:00+00:00, run_after=2026-03-12 00:00:00+00:00
[2026-03-12T22:25:58.062+0000] {logging_mixin.py:188} INFO - [2026-03-12T22:25:58.062+0000] {dag.py:3823} INFO - Setting next_dagrun for example_branch_datetime_operator_3 to 2026-03-11 00:00:00+00:00, run_after=2026-03-12 00:00:00+00:00
[2026-03-12T22:25:58.078+0000] {processor.py:183} INFO - Processing /home/airflow/.local/lib/python3.8/site-packages/airflow/example_dags/example_branch_datetime_operator.py took 0.084 seconds
[2026-03-12T22:26:29.051+0000] {processor.py:161} INFO - Started process (PID=672) to work on /home/airflow/.local/lib/python3.8/site-packages/airflow/example_dags/example_branch_datetime_operator.py
[2026-03-12T22:26:29.052+0000] {processor.py:830} INFO - Processing file /home/airflow/.local/lib/python3.8/site-packages/airflow/example_dags/example_branch_datetime_operator.py for tasks to queue
[2026-03-12T22:26:29.053+0000] {logging_mixin.py:188} INFO - [2026-03-12T22:26:29.053+0000] {dagbag.py:538} INFO - Filling up the DagBag from /home/airflow/.local/lib/python3.8/site-packages/airflow/example_dags/example_branch_datetime_operator.py
[2026-03-12T22:26:29.061+0000] {processor.py:840} INFO - DAG(s) 'example_branch_datetime_operator_2', 'example_branch_datetime_operator', 'example_branch_datetime_operator_3' retrieved from /home/airflow/.local/lib/python3.8/site-packages/airflow/example_dags/example_branch_datetime_operator.py
[2026-03-12T22:26:29.086+0000] {logging_mixin.py:188} INFO - [2026-03-12T22:26:29.086+0000] {dag.py:3036} INFO - Sync 3 DAGs
[2026-03-12T22:26:29.108+0000] {logging_mixin.py:188} INFO - [2026-03-12T22:26:29.108+0000] {dag.py:3823} INFO - Setting next_dagrun for example_branch_datetime_operator to 2026-03-11 00:00:00+00:00, run_after=2026-03-12 00:00:00+00:00
[2026-03-12T22:26:29.112+0000] {logging_mixin.py:188} INFO - [2026-03-12T22:26:29.112+0000] {dag.py:3823} INFO - Setting next_dagrun for example_branch_datetime_operator_2 to 2026-03-11 00:00:00+00:00, run_after=2026-03-12 00:00:00+00:00
[2026-03-12T22:26:29.115+0000] {logging_mixin.py:188} INFO - [2026-03-12T22:26:29.114+0000] {dag.py:3823} INFO - Setting next_dagrun for example_branch_datetime_operator_3 to 2026-03-11 00:00:00+00:00, run_after=2026-03-12 00:00:00+00:00
[2026-03-12T22:26:29.131+0000] {processor.py:183} INFO - Processing /home/airflow/.local/lib/python3.8/site-packages/airflow/example_dags/example_branch_datetime_operator.py took 0.083 seconds
[2026-03-12T22:26:59.524+0000] {processor.py:161} INFO - Started process (PID=740) to work on /home/airflow/.local/lib/python3.8/site-packages/airflow/example_dags/example_branch_datetime_operator.py
[2026-03-12T22:26:59.524+0000] {processor.py:830} INFO - Processing file /home/airflow/.local/lib/python3.8/site-packages/airflow/example_dags/example_branch_datetime_operator.py for tasks to queue
[2026-03-12T22:26:59.526+0000] {logging_mixin.py:188} INFO - [2026-03-12T22:26:59.526+0000] {dagbag.py:538} INFO - Filling up the DagBag from /home/airflow/.local/lib/python3.8/site-packages/airflow/example_dags/example_branch_datetime_operator.py
[2026-03-12T22:26:59.534+0000] {processor.py:840} INFO - DAG(s) 'example_branch_datetime_operator_3', 'example_branch_datetime_operator_2', 'example_branch_datetime_operator' retrieved from /home/airflow/.local/lib/python3.8/site-packages/airflow/example_dags/example_branch_datetime_operator.py
[2026-03-12T22:26:59.559+0000] {logging_mixin.py:188} INFO - [2026-03-12T22:26:59.559+0000] {dag.py:3036} INFO - Sync 3 DAGs
[2026-03-12T22:26:59.580+0000] {logging_mixin.py:188} INFO - [2026-03-12T22:26:59.580+0000] {dag.py:3823} INFO - Setting next_dagrun for example_branch_datetime_operator to 2026-03-11 00:00:00+00:00, run_after=2026-03-12 00:00:00+00:00
[2026-03-12T22:26:59.585+0000] {logging_mixin.py:188} INFO - [2026-03-12T22:26:59.585+0000] {dag.py:3823} INFO - Setting next_dagrun for example_branch_datetime_operator_2 to 2026-03-11 00:00:00+00:00, run_after=2026-03-12 00:00:00+00:00
[2026-03-12T22:26:59.587+0000] {logging_mixin.py:188} INFO - [2026-03-12T22:26:59.587+0000] {dag.py:3823} INFO - Setting next_dagrun for example_branch_datetime_operator_3 to 2026-03-11 00:00:00+00:00, run_after=2026-03-12 00:00:00+00:00
[2026-03-12T22:26:59.603+0000] {processor.py:183} INFO - Processing /home/airflow/.local/lib/python3.8/site-packages/airflow/example_dags/example_branch_datetime_operator.py took 0.082 seconds
[2026-03-12T22:27:30.110+0000] {processor.py:161} INFO - Started process (PID=808) to work on /home/airflow/.local/lib/python3.8/site-packages/airflow/example_dags/example_branch_datetime_operator.py
[2026-03-12T22:27:30.111+0000] {processor.py:830} INFO - Processing file /home/airflow/.local/lib/python3.8/site-packages/airflow/example_dags/example_branch_datetime_operator.py for tasks to queue
[2026-03-12T22:27:30.112+0000] {logging_mixin.py:188} INFO - [2026-03-12T22:27:30.112+0000] {dagbag.py:538} INFO - Filling up the DagBag from /home/airflow/.local/lib/python3.8/site-packages/airflow/example_dags/example_branch_datetime_operator.py
[2026-03-12T22:27:30.121+0000] {processor.py:840} INFO - DAG(s) 'example_branch_datetime_operator_3', 'example_branch_datetime_operator', 'example_branch_datetime_operator_2' retrieved from /home/airflow/.local/lib/python3.8/site-packages/airflow/example_dags/example_branch_datetime_operator.py
[2026-03-12T22:27:30.149+0000] {logging_mixin.py:188} INFO - [2026-03-12T22:27:30.149+0000] {dag.py:3036} INFO - Sync 3 DAGs
[2026-03-12T22:27:30.169+0000] {logging_mixin.py:188} INFO - [2026-03-12T22:27:30.169+0000] {dag.py:3823} INFO - Setting next_dagrun for example_branch_datetime_operator to 2026-03-11 00:00:00+00:00, run_after=2026-03-12 00:00:00+00:00
[2026-03-12T22:27:30.173+0000] {logging_mixin.py:188} INFO - [2026-03-12T22:27:30.173+0000] {dag.py:3823} INFO - Setting next_dagrun for example_branch_datetime_operator_2 to 2026-03-11 00:00:00+00:00, run_after=2026-03-12 00:00:00+00:00
[2026-03-12T22:27:30.176+0000] {logging_mixin.py:188} INFO - [2026-03-12T22:27:30.176+0000] {dag.py:3823} INFO - Setting next_dagrun for example_branch_datetime_operator_3 to 2026-03-11 00:00:00+00:00, run_after=2026-03-12 00:00:00+00:00
[2026-03-12T22:27:30.191+0000] {processor.py:183} INFO - Processing /home/airflow/.local/lib/python3.8/site-packages/airflow/example_dags/example_branch_datetime_operator.py took 0.084 seconds
[2026-03-12T22:28:00.521+0000] {processor.py:161} INFO - Started process (PID=876) to work on /home/airflow/.local/lib/python3.8/site-packages/airflow/example_dags/example_branch_datetime_operator.py
[2026-03-12T22:28:00.522+0000] {processor.py:830} INFO - Processing file /home/airflow/.local/lib/python3.8/site-packages/airflow/example_dags/example_branch_datetime_operator.py for tasks to queue
[2026-03-12T22:28:00.523+0000] {logging_mixin.py:188} INFO - [2026-03-12T22:28:00.523+0000] {dagbag.py:538} INFO - Filling up the DagBag from /home/airflow/.local/lib/python3.8/site-packages/airflow/example_dags/example_branch_datetime_operator.py
[2026-03-12T22:28:00.532+0000] {processor.py:840} INFO - DAG(s) 'example_branch_datetime_operator_3', 'example_branch_datetime_operator', 'example_branch_datetime_operator_2' retrieved from /home/airflow/.local/lib/python3.8/site-packages/airflow/example_dags/example_branch_datetime_operator.py
[2026-03-12T22:28:00.559+0000] {logging_mixin.py:188} INFO - [2026-03-12T22:28:00.559+0000] {dag.py:3036} INFO - Sync 3 DAGs
[2026-03-12T22:28:00.580+0000] {logging_mixin.py:188} INFO - [2026-03-12T22:28:00.580+0000] {dag.py:3823} INFO - Setting next_dagrun for example_branch_datetime_operator to 2026-03-11 00:00:00+00:00, run_after=2026-03-12 00:00:00+00:00
[2026-03-12T22:28:00.585+0000] {logging_mixin.py:188} INFO - [2026-03-12T22:28:00.584+0000] {dag.py:3823} INFO - Setting next_dagrun for example_branch_datetime_operator_2 to 2026-03-11 00:00:00+00:00, run_after=2026-03-12 00:00:00+00:00
[2026-03-12T22:28:00.587+0000] {logging_mixin.py:188} INFO - [2026-03-12T22:28:00.587+0000] {dag.py:3823} INFO - Setting next_dagrun for example_branch_datetime_operator_3 to 2026-03-11 00:00:00+00:00, run_after=2026-03-12 00:00:00+00:00
[2026-03-12T22:28:00.604+0000] {processor.py:183} INFO - Processing /home/airflow/.local/lib/python3.8/site-packages/airflow/example_dags/example_branch_datetime_operator.py took 0.085 seconds
[2026-03-12T22:28:30.840+0000] {processor.py:161} INFO - Started process (PID=944) to work on /home/airflow/.local/lib/python3.8/site-packages/airflow/example_dags/example_branch_datetime_operator.py
[2026-03-12T22:28:30.840+0000] {processor.py:830} INFO - Processing file /home/airflow/.local/lib/python3.8/site-packages/airflow/example_dags/example_branch_datetime_operator.py for tasks to queue
[2026-03-12T22:28:30.842+0000] {logging_mixin.py:188} INFO - [2026-03-12T22:28:30.841+0000] {dagbag.py:538} INFO - Filling up the DagBag from /home/airflow/.local/lib/python3.8/site-packages/airflow/example_dags/example_branch_datetime_operator.py
[2026-03-12T22:28:30.850+0000] {processor.py:840} INFO - DAG(s) 'example_branch_datetime_operator_3', 'example_branch_datetime_operator', 'example_branch_datetime_operator_2' retrieved from /home/airflow/.local/lib/python3.8/site-packages/airflow/example_dags/example_branch_datetime_operator.py
[2026-03-12T22:28:30.876+0000] {logging_mixin.py:188} INFO - [2026-03-12T22:28:30.876+0000] {dag.py:3036} INFO - Sync 3 DAGs
[2026-03-12T22:28:30.895+0000] {logging_mixin.py:188} INFO - [2026-03-12T22:28:30.895+0000] {dag.py:3823} INFO - Setting next_dagrun for example_branch_datetime_operator to 2026-03-11 00:00:00+00:00, run_after=2026-03-12 00:00:00+00:00
[2026-03-12T22:28:30.899+0000] {logging_mixin.py:188} INFO - [2026-03-12T22:28:30.899+0000] {dag.py:3823} INFO - Setting next_dagrun for example_branch_datetime_operator_2 to 2026-03-11 00:00:00+00:00, run_after=2026-03-12 00:00:00+00:00
[2026-03-12T22:28:30.901+0000] {logging_mixin.py:188} INFO - [2026-03-12T22:28:30.901+0000] {dag.py:3823} INFO - Setting next_dagrun for example_branch_datetime_operator_3 to 2026-03-11 00:00:00+00:00, run_after=2026-03-12 00:00:00+00:00
[2026-03-12T22:28:30.915+0000] {processor.py:183} INFO - Processing /home/airflow/.local/lib/python3.8/site-packages/airflow/example_dags/example_branch_datetime_operator.py took 0.079 seconds
