[2026-03-12T22:22:21.465+0000] {processor.py:161} INFO - Started process (PID=109) to work on /home/airflow/.local/lib/python3.8/site-packages/airflow/example_dags/example_short_circuit_operator.py
[2026-03-12T22:22:21.466+0000] {processor.py:830} INFO - Processing file /home/airflow/.local/lib/python3.8/site-packages/airflow/example_dags/example_short_circuit_operator.py for tasks to queue
[2026-03-12T22:22:21.468+0000] {logging_mixin.py:188} INFO - [2026-03-12T22:22:21.467+0000] {dagbag.py:538} INFO - Filling up the DagBag from /home/airflow/.local/lib/python3.8/site-packages/airflow/example_dags/example_short_circuit_operator.py
[2026-03-12T22:22:21.477+0000] {processor.py:840} INFO - DAG(s) 'example_short_circuit_operator' retrieved from /home/airflow/.local/lib/python3.8/site-packages/airflow/example_dags/example_short_circuit_operator.py
[2026-03-12T22:22:21.510+0000] {logging_mixin.py:188} INFO - [2026-03-12T22:22:21.510+0000] {dag.py:3036} INFO - Sync 1 DAGs
[2026-03-12T22:22:21.534+0000] {logging_mixin.py:188} INFO - [2026-03-12T22:22:21.533+0000] {dag.py:3823} INFO - Setting next_dagrun for example_short_circuit_operator to 2026-03-11 00:00:00+00:00, run_after=2026-03-12 00:00:00+00:00
[2026-03-12T22:22:21.557+0000] {processor.py:183} INFO - Processing /home/airflow/.local/lib/python3.8/site-packages/airflow/example_dags/example_short_circuit_operator.py took 0.094 seconds
[2026-03-12T22:22:51.928+0000] {processor.py:161} INFO - Started process (PID=166) to work on /home/airflow/.local/lib/python3.8/site-packages/airflow/example_dags/example_short_circuit_operator.py
[2026-03-12T22:22:51.929+0000] {processor.py:830} INFO - Processing file /home/airflow/.local/lib/python3.8/site-packages/airflow/example_dags/example_short_circuit_operator.py for tasks to queue
[2026-03-12T22:22:51.931+0000] {logging_mixin.py:188} INFO - [2026-03-12T22:22:51.931+0000] {dagbag.py:538} INFO - Filling up the DagBag from /home/airflow/.local/lib/python3.8/site-packages/airflow/example_dags/example_short_circuit_operator.py
[2026-03-12T22:22:51.938+0000] {processor.py:840} INFO - DAG(s) 'example_short_circuit_operator' retrieved from /home/airflow/.local/lib/python3.8/site-packages/airflow/example_dags/example_short_circuit_operator.py
[2026-03-12T22:22:51.962+0000] {logging_mixin.py:188} INFO - [2026-03-12T22:22:51.962+0000] {dag.py:3036} INFO - Sync 1 DAGs
[2026-03-12T22:22:51.981+0000] {logging_mixin.py:188} INFO - [2026-03-12T22:22:51.980+0000] {dag.py:3823} INFO - Setting next_dagrun for example_short_circuit_operator to 2026-03-11 00:00:00+00:00, run_after=2026-03-12 00:00:00+00:00
[2026-03-12T22:22:51.998+0000] {processor.py:183} INFO - Processing /home/airflow/.local/lib/python3.8/site-packages/airflow/example_dags/example_short_circuit_operator.py took 0.073 seconds
[2026-03-12T22:23:22.078+0000] {processor.py:161} INFO - Started process (PID=232) to work on /home/airflow/.local/lib/python3.8/site-packages/airflow/example_dags/example_short_circuit_operator.py
[2026-03-12T22:23:22.079+0000] {processor.py:830} INFO - Processing file /home/airflow/.local/lib/python3.8/site-packages/airflow/example_dags/example_short_circuit_operator.py for tasks to queue
[2026-03-12T22:23:22.080+0000] {logging_mixin.py:188} INFO - [2026-03-12T22:23:22.080+0000] {dagbag.py:538} INFO - Filling up the DagBag from /home/airflow/.local/lib/python3.8/site-packages/airflow/example_dags/example_short_circuit_operator.py
[2026-03-12T22:23:22.087+0000] {processor.py:840} INFO - DAG(s) 'example_short_circuit_operator' retrieved from /home/airflow/.local/lib/python3.8/site-packages/airflow/example_dags/example_short_circuit_operator.py
[2026-03-12T22:23:22.108+0000] {logging_mixin.py:188} INFO - [2026-03-12T22:23:22.108+0000] {dag.py:3036} INFO - Sync 1 DAGs
[2026-03-12T22:23:22.128+0000] {logging_mixin.py:188} INFO - [2026-03-12T22:23:22.128+0000] {dag.py:3823} INFO - Setting next_dagrun for example_short_circuit_operator to 2026-03-11 00:00:00+00:00, run_after=2026-03-12 00:00:00+00:00
[2026-03-12T22:23:22.149+0000] {processor.py:183} INFO - Processing /home/airflow/.local/lib/python3.8/site-packages/airflow/example_dags/example_short_circuit_operator.py took 0.073 seconds
[2026-03-12T22:23:52.352+0000] {processor.py:161} INFO - Started process (PID=300) to work on /home/airflow/.local/lib/python3.8/site-packages/airflow/example_dags/example_short_circuit_operator.py
[2026-03-12T22:23:52.353+0000] {processor.py:830} INFO - Processing file /home/airflow/.local/lib/python3.8/site-packages/airflow/example_dags/example_short_circuit_operator.py for tasks to queue
[2026-03-12T22:23:52.355+0000] {logging_mixin.py:188} INFO - [2026-03-12T22:23:52.355+0000] {dagbag.py:538} INFO - Filling up the DagBag from /home/airflow/.local/lib/python3.8/site-packages/airflow/example_dags/example_short_circuit_operator.py
[2026-03-12T22:23:52.362+0000] {processor.py:840} INFO - DAG(s) 'example_short_circuit_operator' retrieved from /home/airflow/.local/lib/python3.8/site-packages/airflow/example_dags/example_short_circuit_operator.py
[2026-03-12T22:23:52.386+0000] {logging_mixin.py:188} INFO - [2026-03-12T22:23:52.386+0000] {dag.py:3036} INFO - Sync 1 DAGs
[2026-03-12T22:23:52.406+0000] {logging_mixin.py:188} INFO - [2026-03-12T22:23:52.406+0000] {dag.py:3823} INFO - Setting next_dagrun for example_short_circuit_operator to 2026-03-11 00:00:00+00:00, run_after=2026-03-12 00:00:00+00:00
[2026-03-12T22:23:52.423+0000] {processor.py:183} INFO - Processing /home/airflow/.local/lib/python3.8/site-packages/airflow/example_dags/example_short_circuit_operator.py took 0.075 seconds
[2026-03-12T22:24:23.384+0000] {processor.py:161} INFO - Started process (PID=374) to work on /home/airflow/.local/lib/python3.8/site-packages/airflow/example_dags/example_short_circuit_operator.py
[2026-03-12T22:24:23.385+0000] {processor.py:830} INFO - Processing file /home/airflow/.local/lib/python3.8/site-packages/airflow/example_dags/example_short_circuit_operator.py for tasks to queue
[2026-03-12T22:24:23.386+0000] {logging_mixin.py:188} INFO - [2026-03-12T22:24:23.386+0000] {dagbag.py:538} INFO - Filling up the DagBag from /home/airflow/.local/lib/python3.8/site-packages/airflow/example_dags/example_short_circuit_operator.py
[2026-03-12T22:24:23.393+0000] {processor.py:840} INFO - DAG(s) 'example_short_circuit_operator' retrieved from /home/airflow/.local/lib/python3.8/site-packages/airflow/example_dags/example_short_circuit_operator.py
[2026-03-12T22:24:23.416+0000] {logging_mixin.py:188} INFO - [2026-03-12T22:24:23.416+0000] {dag.py:3036} INFO - Sync 1 DAGs
[2026-03-12T22:24:23.439+0000] {logging_mixin.py:188} INFO - [2026-03-12T22:24:23.438+0000] {dag.py:3823} INFO - Setting next_dagrun for example_short_circuit_operator to 2026-03-11 00:00:00+00:00, run_after=2026-03-12 00:00:00+00:00
[2026-03-12T22:24:23.459+0000] {processor.py:183} INFO - Processing /home/airflow/.local/lib/python3.8/site-packages/airflow/example_dags/example_short_circuit_operator.py took 0.078 seconds
[2026-03-12T22:24:54.022+0000] {processor.py:161} INFO - Started process (PID=442) to work on /home/airflow/.local/lib/python3.8/site-packages/airflow/example_dags/example_short_circuit_operator.py
[2026-03-12T22:24:54.023+0000] {processor.py:830} INFO - Processing file /home/airflow/.local/lib/python3.8/site-packages/airflow/example_dags/example_short_circuit_operator.py for tasks to queue
[2026-03-12T22:24:54.024+0000] {logging_mixin.py:188} INFO - [2026-03-12T22:24:54.024+0000] {dagbag.py:538} INFO - Filling up the DagBag from /home/airflow/.local/lib/python3.8/site-packages/airflow/example_dags/example_short_circuit_operator.py
[2026-03-12T22:24:54.031+0000] {processor.py:840} INFO - DAG(s) 'example_short_circuit_operator' retrieved from /home/airflow/.local/lib/python3.8/site-packages/airflow/example_dags/example_short_circuit_operator.py
[2026-03-12T22:24:54.052+0000] {logging_mixin.py:188} INFO - [2026-03-12T22:24:54.052+0000] {dag.py:3036} INFO - Sync 1 DAGs
[2026-03-12T22:24:54.073+0000] {logging_mixin.py:188} INFO - [2026-03-12T22:24:54.073+0000] {dag.py:3823} INFO - Setting next_dagrun for example_short_circuit_operator to 2026-03-11 00:00:00+00:00, run_after=2026-03-12 00:00:00+00:00
[2026-03-12T22:24:54.091+0000] {processor.py:183} INFO - Processing /home/airflow/.local/lib/python3.8/site-packages/airflow/example_dags/example_short_circuit_operator.py took 0.072 seconds
[2026-03-12T22:25:24.172+0000] {processor.py:161} INFO - Started process (PID=509) to work on /home/airflow/.local/lib/python3.8/site-packages/airflow/example_dags/example_short_circuit_operator.py
[2026-03-12T22:25:24.173+0000] {processor.py:830} INFO - Processing file /home/airflow/.local/lib/python3.8/site-packages/airflow/example_dags/example_short_circuit_operator.py for tasks to queue
[2026-03-12T22:25:24.174+0000] {logging_mixin.py:188} INFO - [2026-03-12T22:25:24.174+0000] {dagbag.py:538} INFO - Filling up the DagBag from /home/airflow/.local/lib/python3.8/site-packages/airflow/example_dags/example_short_circuit_operator.py
[2026-03-12T22:25:24.180+0000] {processor.py:840} INFO - DAG(s) 'example_short_circuit_operator' retrieved from /home/airflow/.local/lib/python3.8/site-packages/airflow/example_dags/example_short_circuit_operator.py
[2026-03-12T22:25:24.201+0000] {logging_mixin.py:188} INFO - [2026-03-12T22:25:24.201+0000] {dag.py:3036} INFO - Sync 1 DAGs
[2026-03-12T22:25:24.222+0000] {logging_mixin.py:188} INFO - [2026-03-12T22:25:24.222+0000] {dag.py:3823} INFO - Setting next_dagrun for example_short_circuit_operator to 2026-03-11 00:00:00+00:00, run_after=2026-03-12 00:00:00+00:00
[2026-03-12T22:25:24.239+0000] {processor.py:183} INFO - Processing /home/airflow/.local/lib/python3.8/site-packages/airflow/example_dags/example_short_circuit_operator.py took 0.071 seconds
[2026-03-12T22:25:54.559+0000] {processor.py:161} INFO - Started process (PID=577) to work on /home/airflow/.local/lib/python3.8/site-packages/airflow/example_dags/example_short_circuit_operator.py
[2026-03-12T22:25:54.560+0000] {processor.py:830} INFO - Processing file /home/airflow/.local/lib/python3.8/site-packages/airflow/example_dags/example_short_circuit_operator.py for tasks to queue
[2026-03-12T22:25:54.562+0000] {logging_mixin.py:188} INFO - [2026-03-12T22:25:54.561+0000] {dagbag.py:538} INFO - Filling up the DagBag from /home/airflow/.local/lib/python3.8/site-packages/airflow/example_dags/example_short_circuit_operator.py
[2026-03-12T22:25:54.568+0000] {processor.py:840} INFO - DAG(s) 'example_short_circuit_operator' retrieved from /home/airflow/.local/lib/python3.8/site-packages/airflow/example_dags/example_short_circuit_operator.py
[2026-03-12T22:25:54.589+0000] {logging_mixin.py:188} INFO - [2026-03-12T22:25:54.588+0000] {dag.py:3036} INFO - Sync 1 DAGs
[2026-03-12T22:25:54.609+0000] {logging_mixin.py:188} INFO - [2026-03-12T22:25:54.609+0000] {dag.py:3823} INFO - Setting next_dagrun for example_short_circuit_operator to 2026-03-11 00:00:00+00:00, run_after=2026-03-12 00:00:00+00:00
[2026-03-12T22:25:54.626+0000] {processor.py:183} INFO - Processing /home/airflow/.local/lib/python3.8/site-packages/airflow/example_dags/example_short_circuit_operator.py took 0.069 seconds
[2026-03-12T22:26:24.949+0000] {processor.py:161} INFO - Started process (PID=645) to work on /home/airflow/.local/lib/python3.8/site-packages/airflow/example_dags/example_short_circuit_operator.py
[2026-03-12T22:26:24.950+0000] {processor.py:830} INFO - Processing file /home/airflow/.local/lib/python3.8/site-packages/airflow/example_dags/example_short_circuit_operator.py for tasks to queue
[2026-03-12T22:26:24.951+0000] {logging_mixin.py:188} INFO - [2026-03-12T22:26:24.951+0000] {dagbag.py:538} INFO - Filling up the DagBag from /home/airflow/.local/lib/python3.8/site-packages/airflow/example_dags/example_short_circuit_operator.py
[2026-03-12T22:26:24.957+0000] {processor.py:840} INFO - DAG(s) 'example_short_circuit_operator' retrieved from /home/airflow/.local/lib/python3.8/site-packages/airflow/example_dags/example_short_circuit_operator.py
[2026-03-12T22:26:24.978+0000] {logging_mixin.py:188} INFO - [2026-03-12T22:26:24.978+0000] {dag.py:3036} INFO - Sync 1 DAGs
[2026-03-12T22:26:24.997+0000] {logging_mixin.py:188} INFO - [2026-03-12T22:26:24.997+0000] {dag.py:3823} INFO - Setting next_dagrun for example_short_circuit_operator to 2026-03-11 00:00:00+00:00, run_after=2026-03-12 00:00:00+00:00
[2026-03-12T22:26:25.136+0000] {processor.py:183} INFO - Processing /home/airflow/.local/lib/python3.8/site-packages/airflow/example_dags/example_short_circuit_operator.py took 0.190 seconds
[2026-03-12T22:26:56.064+0000] {processor.py:161} INFO - Started process (PID=714) to work on /home/airflow/.local/lib/python3.8/site-packages/airflow/example_dags/example_short_circuit_operator.py
[2026-03-12T22:26:56.065+0000] {processor.py:830} INFO - Processing file /home/airflow/.local/lib/python3.8/site-packages/airflow/example_dags/example_short_circuit_operator.py for tasks to queue
[2026-03-12T22:26:56.067+0000] {logging_mixin.py:188} INFO - [2026-03-12T22:26:56.066+0000] {dagbag.py:538} INFO - Filling up the DagBag from /home/airflow/.local/lib/python3.8/site-packages/airflow/example_dags/example_short_circuit_operator.py
[2026-03-12T22:26:56.073+0000] {processor.py:840} INFO - DAG(s) 'example_short_circuit_operator' retrieved from /home/airflow/.local/lib/python3.8/site-packages/airflow/example_dags/example_short_circuit_operator.py
[2026-03-12T22:26:56.095+0000] {logging_mixin.py:188} INFO - [2026-03-12T22:26:56.094+0000] {dag.py:3036} INFO - Sync 1 DAGs
[2026-03-12T22:26:56.114+0000] {logging_mixin.py:188} INFO - [2026-03-12T22:26:56.114+0000] {dag.py:3823} INFO - Setting next_dagrun for example_short_circuit_operator to 2026-03-11 00:00:00+00:00, run_after=2026-03-12 00:00:00+00:00
[2026-03-12T22:26:56.132+0000] {processor.py:183} INFO - Processing /home/airflow/.local/lib/python3.8/site-packages/airflow/example_dags/example_short_circuit_operator.py took 0.070 seconds
[2026-03-12T22:27:26.811+0000] {processor.py:161} INFO - Started process (PID=782) to work on /home/airflow/.local/lib/python3.8/site-packages/airflow/example_dags/example_short_circuit_operator.py
[2026-03-12T22:27:26.812+0000] {processor.py:830} INFO - Processing file /home/airflow/.local/lib/python3.8/site-packages/airflow/example_dags/example_short_circuit_operator.py for tasks to queue
[2026-03-12T22:27:26.813+0000] {logging_mixin.py:188} INFO - [2026-03-12T22:27:26.813+0000] {dagbag.py:538} INFO - Filling up the DagBag from /home/airflow/.local/lib/python3.8/site-packages/airflow/example_dags/example_short_circuit_operator.py
[2026-03-12T22:27:26.819+0000] {processor.py:840} INFO - DAG(s) 'example_short_circuit_operator' retrieved from /home/airflow/.local/lib/python3.8/site-packages/airflow/example_dags/example_short_circuit_operator.py
[2026-03-12T22:27:26.841+0000] {logging_mixin.py:188} INFO - [2026-03-12T22:27:26.841+0000] {dag.py:3036} INFO - Sync 1 DAGs
[2026-03-12T22:27:26.860+0000] {logging_mixin.py:188} INFO - [2026-03-12T22:27:26.860+0000] {dag.py:3823} INFO - Setting next_dagrun for example_short_circuit_operator to 2026-03-11 00:00:00+00:00, run_after=2026-03-12 00:00:00+00:00
[2026-03-12T22:27:26.879+0000] {processor.py:183} INFO - Processing /home/airflow/.local/lib/python3.8/site-packages/airflow/example_dags/example_short_circuit_operator.py took 0.071 seconds
[2026-03-12T22:27:57.207+0000] {processor.py:161} INFO - Started process (PID=850) to work on /home/airflow/.local/lib/python3.8/site-packages/airflow/example_dags/example_short_circuit_operator.py
[2026-03-12T22:27:57.208+0000] {processor.py:830} INFO - Processing file /home/airflow/.local/lib/python3.8/site-packages/airflow/example_dags/example_short_circuit_operator.py for tasks to queue
[2026-03-12T22:27:57.210+0000] {logging_mixin.py:188} INFO - [2026-03-12T22:27:57.209+0000] {dagbag.py:538} INFO - Filling up the DagBag from /home/airflow/.local/lib/python3.8/site-packages/airflow/example_dags/example_short_circuit_operator.py
[2026-03-12T22:27:57.216+0000] {processor.py:840} INFO - DAG(s) 'example_short_circuit_operator' retrieved from /home/airflow/.local/lib/python3.8/site-packages/airflow/example_dags/example_short_circuit_operator.py
[2026-03-12T22:27:57.238+0000] {logging_mixin.py:188} INFO - [2026-03-12T22:27:57.238+0000] {dag.py:3036} INFO - Sync 1 DAGs
[2026-03-12T22:27:57.258+0000] {logging_mixin.py:188} INFO - [2026-03-12T22:27:57.257+0000] {dag.py:3823} INFO - Setting next_dagrun for example_short_circuit_operator to 2026-03-11 00:00:00+00:00, run_after=2026-03-12 00:00:00+00:00
[2026-03-12T22:27:57.274+0000] {processor.py:183} INFO - Processing /home/airflow/.local/lib/python3.8/site-packages/airflow/example_dags/example_short_circuit_operator.py took 0.070 seconds
[2026-03-12T22:28:27.610+0000] {processor.py:161} INFO - Started process (PID=918) to work on /home/airflow/.local/lib/python3.8/site-packages/airflow/example_dags/example_short_circuit_operator.py
[2026-03-12T22:28:27.611+0000] {processor.py:830} INFO - Processing file /home/airflow/.local/lib/python3.8/site-packages/airflow/example_dags/example_short_circuit_operator.py for tasks to queue
[2026-03-12T22:28:27.612+0000] {logging_mixin.py:188} INFO - [2026-03-12T22:28:27.612+0000] {dagbag.py:538} INFO - Filling up the DagBag from /home/airflow/.local/lib/python3.8/site-packages/airflow/example_dags/example_short_circuit_operator.py
[2026-03-12T22:28:27.619+0000] {processor.py:840} INFO - DAG(s) 'example_short_circuit_operator' retrieved from /home/airflow/.local/lib/python3.8/site-packages/airflow/example_dags/example_short_circuit_operator.py
[2026-03-12T22:28:27.639+0000] {logging_mixin.py:188} INFO - [2026-03-12T22:28:27.639+0000] {dag.py:3036} INFO - Sync 1 DAGs
[2026-03-12T22:28:27.659+0000] {logging_mixin.py:188} INFO - [2026-03-12T22:28:27.659+0000] {dag.py:3823} INFO - Setting next_dagrun for example_short_circuit_operator to 2026-03-11 00:00:00+00:00, run_after=2026-03-12 00:00:00+00:00
[2026-03-12T22:28:27.676+0000] {processor.py:183} INFO - Processing /home/airflow/.local/lib/python3.8/site-packages/airflow/example_dags/example_short_circuit_operator.py took 0.069 seconds
