[2026-03-12T22:22:22.234+0000] {processor.py:161} INFO - Started process (PID=126) to work on /home/airflow/.local/lib/python3.8/site-packages/airflow/example_dags/example_branch_operator.py
[2026-03-12T22:22:22.235+0000] {processor.py:830} INFO - Processing file /home/airflow/.local/lib/python3.8/site-packages/airflow/example_dags/example_branch_operator.py for tasks to queue
[2026-03-12T22:22:22.237+0000] {logging_mixin.py:188} INFO - [2026-03-12T22:22:22.237+0000] {dagbag.py:538} INFO - Filling up the DagBag from /home/airflow/.local/lib/python3.8/site-packages/airflow/example_dags/example_branch_operator.py
[2026-03-12T22:22:22.255+0000] {processor.py:840} INFO - DAG(s) 'example_branch_operator' retrieved from /home/airflow/.local/lib/python3.8/site-packages/airflow/example_dags/example_branch_operator.py
[2026-03-12T22:22:22.357+0000] {logging_mixin.py:188} INFO - [2026-03-12T22:22:22.357+0000] {dag.py:3036} INFO - Sync 1 DAGs
[2026-03-12T22:22:22.376+0000] {logging_mixin.py:188} INFO - [2026-03-12T22:22:22.376+0000] {dag.py:3823} INFO - Setting next_dagrun for example_branch_operator to 2026-03-11 00:00:00+00:00, run_after=2026-03-12 00:00:00+00:00
[2026-03-12T22:22:22.395+0000] {processor.py:183} INFO - Processing /home/airflow/.local/lib/python3.8/site-packages/airflow/example_dags/example_branch_operator.py took 0.164 seconds
[2026-03-12T22:22:52.965+0000] {processor.py:161} INFO - Started process (PID=194) to work on /home/airflow/.local/lib/python3.8/site-packages/airflow/example_dags/example_branch_operator.py
[2026-03-12T22:22:52.966+0000] {processor.py:830} INFO - Processing file /home/airflow/.local/lib/python3.8/site-packages/airflow/example_dags/example_branch_operator.py for tasks to queue
[2026-03-12T22:22:52.967+0000] {logging_mixin.py:188} INFO - [2026-03-12T22:22:52.967+0000] {dagbag.py:538} INFO - Filling up the DagBag from /home/airflow/.local/lib/python3.8/site-packages/airflow/example_dags/example_branch_operator.py
[2026-03-12T22:22:52.981+0000] {processor.py:840} INFO - DAG(s) 'example_branch_operator' retrieved from /home/airflow/.local/lib/python3.8/site-packages/airflow/example_dags/example_branch_operator.py
[2026-03-12T22:22:53.005+0000] {logging_mixin.py:188} INFO - [2026-03-12T22:22:53.005+0000] {dag.py:3036} INFO - Sync 1 DAGs
[2026-03-12T22:22:53.024+0000] {logging_mixin.py:188} INFO - [2026-03-12T22:22:53.024+0000] {dag.py:3823} INFO - Setting next_dagrun for example_branch_operator to 2026-03-11 00:00:00+00:00, run_after=2026-03-12 00:00:00+00:00
[2026-03-12T22:22:53.041+0000] {processor.py:183} INFO - Processing /home/airflow/.local/lib/python3.8/site-packages/airflow/example_dags/example_branch_operator.py took 0.079 seconds
[2026-03-12T22:23:24.092+0000] {processor.py:161} INFO - Started process (PID=262) to work on /home/airflow/.local/lib/python3.8/site-packages/airflow/example_dags/example_branch_operator.py
[2026-03-12T22:23:24.093+0000] {processor.py:830} INFO - Processing file /home/airflow/.local/lib/python3.8/site-packages/airflow/example_dags/example_branch_operator.py for tasks to queue
[2026-03-12T22:23:24.095+0000] {logging_mixin.py:188} INFO - [2026-03-12T22:23:24.095+0000] {dagbag.py:538} INFO - Filling up the DagBag from /home/airflow/.local/lib/python3.8/site-packages/airflow/example_dags/example_branch_operator.py
[2026-03-12T22:23:24.114+0000] {processor.py:840} INFO - DAG(s) 'example_branch_operator' retrieved from /home/airflow/.local/lib/python3.8/site-packages/airflow/example_dags/example_branch_operator.py
[2026-03-12T22:23:24.138+0000] {logging_mixin.py:188} INFO - [2026-03-12T22:23:24.138+0000] {dag.py:3036} INFO - Sync 1 DAGs
[2026-03-12T22:23:24.160+0000] {logging_mixin.py:188} INFO - [2026-03-12T22:23:24.159+0000] {dag.py:3823} INFO - Setting next_dagrun for example_branch_operator to 2026-03-11 00:00:00+00:00, run_after=2026-03-12 00:00:00+00:00
[2026-03-12T22:23:24.177+0000] {processor.py:183} INFO - Processing /home/airflow/.local/lib/python3.8/site-packages/airflow/example_dags/example_branch_operator.py took 0.088 seconds
[2026-03-12T22:23:55.112+0000] {processor.py:161} INFO - Started process (PID=319) to work on /home/airflow/.local/lib/python3.8/site-packages/airflow/example_dags/example_branch_operator.py
[2026-03-12T22:23:55.113+0000] {processor.py:830} INFO - Processing file /home/airflow/.local/lib/python3.8/site-packages/airflow/example_dags/example_branch_operator.py for tasks to queue
[2026-03-12T22:23:55.114+0000] {logging_mixin.py:188} INFO - [2026-03-12T22:23:55.114+0000] {dagbag.py:538} INFO - Filling up the DagBag from /home/airflow/.local/lib/python3.8/site-packages/airflow/example_dags/example_branch_operator.py
[2026-03-12T22:23:55.128+0000] {processor.py:840} INFO - DAG(s) 'example_branch_operator' retrieved from /home/airflow/.local/lib/python3.8/site-packages/airflow/example_dags/example_branch_operator.py
[2026-03-12T22:23:55.153+0000] {logging_mixin.py:188} INFO - [2026-03-12T22:23:55.153+0000] {dag.py:3036} INFO - Sync 1 DAGs
[2026-03-12T22:23:55.173+0000] {logging_mixin.py:188} INFO - [2026-03-12T22:23:55.173+0000] {dag.py:3823} INFO - Setting next_dagrun for example_branch_operator to 2026-03-11 00:00:00+00:00, run_after=2026-03-12 00:00:00+00:00
[2026-03-12T22:23:55.191+0000] {processor.py:183} INFO - Processing /home/airflow/.local/lib/python3.8/site-packages/airflow/example_dags/example_branch_operator.py took 0.082 seconds
[2026-03-12T22:24:25.281+0000] {processor.py:161} INFO - Started process (PID=385) to work on /home/airflow/.local/lib/python3.8/site-packages/airflow/example_dags/example_branch_operator.py
[2026-03-12T22:24:25.282+0000] {processor.py:830} INFO - Processing file /home/airflow/.local/lib/python3.8/site-packages/airflow/example_dags/example_branch_operator.py for tasks to queue
[2026-03-12T22:24:25.284+0000] {logging_mixin.py:188} INFO - [2026-03-12T22:24:25.284+0000] {dagbag.py:538} INFO - Filling up the DagBag from /home/airflow/.local/lib/python3.8/site-packages/airflow/example_dags/example_branch_operator.py
[2026-03-12T22:24:25.298+0000] {processor.py:840} INFO - DAG(s) 'example_branch_operator' retrieved from /home/airflow/.local/lib/python3.8/site-packages/airflow/example_dags/example_branch_operator.py
[2026-03-12T22:24:25.322+0000] {logging_mixin.py:188} INFO - [2026-03-12T22:24:25.322+0000] {dag.py:3036} INFO - Sync 1 DAGs
[2026-03-12T22:24:25.341+0000] {logging_mixin.py:188} INFO - [2026-03-12T22:24:25.341+0000] {dag.py:3823} INFO - Setting next_dagrun for example_branch_operator to 2026-03-11 00:00:00+00:00, run_after=2026-03-12 00:00:00+00:00
[2026-03-12T22:24:25.358+0000] {processor.py:183} INFO - Processing /home/airflow/.local/lib/python3.8/site-packages/airflow/example_dags/example_branch_operator.py took 0.079 seconds
[2026-03-12T22:24:55.683+0000] {processor.py:161} INFO - Started process (PID=453) to work on /home/airflow/.local/lib/python3.8/site-packages/airflow/example_dags/example_branch_operator.py
[2026-03-12T22:24:55.684+0000] {processor.py:830} INFO - Processing file /home/airflow/.local/lib/python3.8/site-packages/airflow/example_dags/example_branch_operator.py for tasks to queue
[2026-03-12T22:24:55.686+0000] {logging_mixin.py:188} INFO - [2026-03-12T22:24:55.686+0000] {dagbag.py:538} INFO - Filling up the DagBag from /home/airflow/.local/lib/python3.8/site-packages/airflow/example_dags/example_branch_operator.py
[2026-03-12T22:24:55.703+0000] {processor.py:840} INFO - DAG(s) 'example_branch_operator' retrieved from /home/airflow/.local/lib/python3.8/site-packages/airflow/example_dags/example_branch_operator.py
[2026-03-12T22:24:55.728+0000] {logging_mixin.py:188} INFO - [2026-03-12T22:24:55.728+0000] {dag.py:3036} INFO - Sync 1 DAGs
[2026-03-12T22:24:55.751+0000] {logging_mixin.py:188} INFO - [2026-03-12T22:24:55.750+0000] {dag.py:3823} INFO - Setting next_dagrun for example_branch_operator to 2026-03-11 00:00:00+00:00, run_after=2026-03-12 00:00:00+00:00
[2026-03-12T22:24:55.770+0000] {processor.py:183} INFO - Processing /home/airflow/.local/lib/python3.8/site-packages/airflow/example_dags/example_branch_operator.py took 0.090 seconds
[2026-03-12T22:25:25.906+0000] {processor.py:161} INFO - Started process (PID=521) to work on /home/airflow/.local/lib/python3.8/site-packages/airflow/example_dags/example_branch_operator.py
[2026-03-12T22:25:25.907+0000] {processor.py:830} INFO - Processing file /home/airflow/.local/lib/python3.8/site-packages/airflow/example_dags/example_branch_operator.py for tasks to queue
[2026-03-12T22:25:25.909+0000] {logging_mixin.py:188} INFO - [2026-03-12T22:25:25.908+0000] {dagbag.py:538} INFO - Filling up the DagBag from /home/airflow/.local/lib/python3.8/site-packages/airflow/example_dags/example_branch_operator.py
[2026-03-12T22:25:25.924+0000] {processor.py:840} INFO - DAG(s) 'example_branch_operator' retrieved from /home/airflow/.local/lib/python3.8/site-packages/airflow/example_dags/example_branch_operator.py
[2026-03-12T22:25:25.947+0000] {logging_mixin.py:188} INFO - [2026-03-12T22:25:25.947+0000] {dag.py:3036} INFO - Sync 1 DAGs
[2026-03-12T22:25:25.968+0000] {logging_mixin.py:188} INFO - [2026-03-12T22:25:25.968+0000] {dag.py:3823} INFO - Setting next_dagrun for example_branch_operator to 2026-03-11 00:00:00+00:00, run_after=2026-03-12 00:00:00+00:00
[2026-03-12T22:25:25.986+0000] {processor.py:183} INFO - Processing /home/airflow/.local/lib/python3.8/site-packages/airflow/example_dags/example_branch_operator.py took 0.083 seconds
[2026-03-12T22:25:56.311+0000] {processor.py:161} INFO - Started process (PID=589) to work on /home/airflow/.local/lib/python3.8/site-packages/airflow/example_dags/example_branch_operator.py
[2026-03-12T22:25:56.312+0000] {processor.py:830} INFO - Processing file /home/airflow/.local/lib/python3.8/site-packages/airflow/example_dags/example_branch_operator.py for tasks to queue
[2026-03-12T22:25:56.314+0000] {logging_mixin.py:188} INFO - [2026-03-12T22:25:56.313+0000] {dagbag.py:538} INFO - Filling up the DagBag from /home/airflow/.local/lib/python3.8/site-packages/airflow/example_dags/example_branch_operator.py
[2026-03-12T22:25:56.329+0000] {processor.py:840} INFO - DAG(s) 'example_branch_operator' retrieved from /home/airflow/.local/lib/python3.8/site-packages/airflow/example_dags/example_branch_operator.py
[2026-03-12T22:25:56.353+0000] {logging_mixin.py:188} INFO - [2026-03-12T22:25:56.353+0000] {dag.py:3036} INFO - Sync 1 DAGs
[2026-03-12T22:25:56.374+0000] {logging_mixin.py:188} INFO - [2026-03-12T22:25:56.373+0000] {dag.py:3823} INFO - Setting next_dagrun for example_branch_operator to 2026-03-11 00:00:00+00:00, run_after=2026-03-12 00:00:00+00:00
[2026-03-12T22:25:56.391+0000] {processor.py:183} INFO - Processing /home/airflow/.local/lib/python3.8/site-packages/airflow/example_dags/example_branch_operator.py took 0.084 seconds
[2026-03-12T22:26:27.289+0000] {processor.py:161} INFO - Started process (PID=657) to work on /home/airflow/.local/lib/python3.8/site-packages/airflow/example_dags/example_branch_operator.py
[2026-03-12T22:26:27.289+0000] {processor.py:830} INFO - Processing file /home/airflow/.local/lib/python3.8/site-packages/airflow/example_dags/example_branch_operator.py for tasks to queue
[2026-03-12T22:26:27.291+0000] {logging_mixin.py:188} INFO - [2026-03-12T22:26:27.291+0000] {dagbag.py:538} INFO - Filling up the DagBag from /home/airflow/.local/lib/python3.8/site-packages/airflow/example_dags/example_branch_operator.py
[2026-03-12T22:26:27.305+0000] {processor.py:840} INFO - DAG(s) 'example_branch_operator' retrieved from /home/airflow/.local/lib/python3.8/site-packages/airflow/example_dags/example_branch_operator.py
[2026-03-12T22:26:27.329+0000] {logging_mixin.py:188} INFO - [2026-03-12T22:26:27.328+0000] {dag.py:3036} INFO - Sync 1 DAGs
[2026-03-12T22:26:27.467+0000] {logging_mixin.py:188} INFO - [2026-03-12T22:26:27.467+0000] {dag.py:3823} INFO - Setting next_dagrun for example_branch_operator to 2026-03-11 00:00:00+00:00, run_after=2026-03-12 00:00:00+00:00
[2026-03-12T22:26:27.484+0000] {processor.py:183} INFO - Processing /home/airflow/.local/lib/python3.8/site-packages/airflow/example_dags/example_branch_operator.py took 0.198 seconds
[2026-03-12T22:26:57.677+0000] {processor.py:161} INFO - Started process (PID=725) to work on /home/airflow/.local/lib/python3.8/site-packages/airflow/example_dags/example_branch_operator.py
[2026-03-12T22:26:57.678+0000] {processor.py:830} INFO - Processing file /home/airflow/.local/lib/python3.8/site-packages/airflow/example_dags/example_branch_operator.py for tasks to queue
[2026-03-12T22:26:57.680+0000] {logging_mixin.py:188} INFO - [2026-03-12T22:26:57.680+0000] {dagbag.py:538} INFO - Filling up the DagBag from /home/airflow/.local/lib/python3.8/site-packages/airflow/example_dags/example_branch_operator.py
[2026-03-12T22:26:57.694+0000] {processor.py:840} INFO - DAG(s) 'example_branch_operator' retrieved from /home/airflow/.local/lib/python3.8/site-packages/airflow/example_dags/example_branch_operator.py
[2026-03-12T22:26:57.719+0000] {logging_mixin.py:188} INFO - [2026-03-12T22:26:57.718+0000] {dag.py:3036} INFO - Sync 1 DAGs
[2026-03-12T22:26:57.740+0000] {logging_mixin.py:188} INFO - [2026-03-12T22:26:57.739+0000] {dag.py:3823} INFO - Setting next_dagrun for example_branch_operator to 2026-03-11 00:00:00+00:00, run_after=2026-03-12 00:00:00+00:00
[2026-03-12T22:26:57.757+0000] {processor.py:183} INFO - Processing /home/airflow/.local/lib/python3.8/site-packages/airflow/example_dags/example_branch_operator.py took 0.082 seconds
[2026-03-12T22:27:28.414+0000] {processor.py:161} INFO - Started process (PID=793) to work on /home/airflow/.local/lib/python3.8/site-packages/airflow/example_dags/example_branch_operator.py
[2026-03-12T22:27:28.415+0000] {processor.py:830} INFO - Processing file /home/airflow/.local/lib/python3.8/site-packages/airflow/example_dags/example_branch_operator.py for tasks to queue
[2026-03-12T22:27:28.417+0000] {logging_mixin.py:188} INFO - [2026-03-12T22:27:28.417+0000] {dagbag.py:538} INFO - Filling up the DagBag from /home/airflow/.local/lib/python3.8/site-packages/airflow/example_dags/example_branch_operator.py
[2026-03-12T22:27:28.432+0000] {processor.py:840} INFO - DAG(s) 'example_branch_operator' retrieved from /home/airflow/.local/lib/python3.8/site-packages/airflow/example_dags/example_branch_operator.py
[2026-03-12T22:27:28.456+0000] {logging_mixin.py:188} INFO - [2026-03-12T22:27:28.456+0000] {dag.py:3036} INFO - Sync 1 DAGs
[2026-03-12T22:27:28.478+0000] {logging_mixin.py:188} INFO - [2026-03-12T22:27:28.477+0000] {dag.py:3823} INFO - Setting next_dagrun for example_branch_operator to 2026-03-11 00:00:00+00:00, run_after=2026-03-12 00:00:00+00:00
[2026-03-12T22:27:28.494+0000] {processor.py:183} INFO - Processing /home/airflow/.local/lib/python3.8/site-packages/airflow/example_dags/example_branch_operator.py took 0.083 seconds
[2026-03-12T22:27:58.818+0000] {processor.py:161} INFO - Started process (PID=861) to work on /home/airflow/.local/lib/python3.8/site-packages/airflow/example_dags/example_branch_operator.py
[2026-03-12T22:27:58.819+0000] {processor.py:830} INFO - Processing file /home/airflow/.local/lib/python3.8/site-packages/airflow/example_dags/example_branch_operator.py for tasks to queue
[2026-03-12T22:27:58.821+0000] {logging_mixin.py:188} INFO - [2026-03-12T22:27:58.821+0000] {dagbag.py:538} INFO - Filling up the DagBag from /home/airflow/.local/lib/python3.8/site-packages/airflow/example_dags/example_branch_operator.py
[2026-03-12T22:27:58.836+0000] {processor.py:840} INFO - DAG(s) 'example_branch_operator' retrieved from /home/airflow/.local/lib/python3.8/site-packages/airflow/example_dags/example_branch_operator.py
[2026-03-12T22:27:58.860+0000] {logging_mixin.py:188} INFO - [2026-03-12T22:27:58.860+0000] {dag.py:3036} INFO - Sync 1 DAGs
[2026-03-12T22:27:58.883+0000] {logging_mixin.py:188} INFO - [2026-03-12T22:27:58.883+0000] {dag.py:3823} INFO - Setting next_dagrun for example_branch_operator to 2026-03-11 00:00:00+00:00, run_after=2026-03-12 00:00:00+00:00
[2026-03-12T22:27:58.901+0000] {processor.py:183} INFO - Processing /home/airflow/.local/lib/python3.8/site-packages/airflow/example_dags/example_branch_operator.py took 0.086 seconds
[2026-03-12T22:28:29.142+0000] {processor.py:161} INFO - Started process (PID=929) to work on /home/airflow/.local/lib/python3.8/site-packages/airflow/example_dags/example_branch_operator.py
[2026-03-12T22:28:29.142+0000] {processor.py:830} INFO - Processing file /home/airflow/.local/lib/python3.8/site-packages/airflow/example_dags/example_branch_operator.py for tasks to queue
[2026-03-12T22:28:29.144+0000] {logging_mixin.py:188} INFO - [2026-03-12T22:28:29.144+0000] {dagbag.py:538} INFO - Filling up the DagBag from /home/airflow/.local/lib/python3.8/site-packages/airflow/example_dags/example_branch_operator.py
[2026-03-12T22:28:29.160+0000] {processor.py:840} INFO - DAG(s) 'example_branch_operator' retrieved from /home/airflow/.local/lib/python3.8/site-packages/airflow/example_dags/example_branch_operator.py
[2026-03-12T22:28:29.185+0000] {logging_mixin.py:188} INFO - [2026-03-12T22:28:29.184+0000] {dag.py:3036} INFO - Sync 1 DAGs
[2026-03-12T22:28:29.206+0000] {logging_mixin.py:188} INFO - [2026-03-12T22:28:29.205+0000] {dag.py:3823} INFO - Setting next_dagrun for example_branch_operator to 2026-03-11 00:00:00+00:00, run_after=2026-03-12 00:00:00+00:00
[2026-03-12T22:28:29.222+0000] {processor.py:183} INFO - Processing /home/airflow/.local/lib/python3.8/site-packages/airflow/example_dags/example_branch_operator.py took 0.084 seconds
