[2026-03-12T22:22:22.629+0000] {processor.py:161} INFO - Started process (PID=132) to work on /home/airflow/.local/lib/python3.8/site-packages/airflow/example_dags/example_branch_python_dop_operator_3.py
[2026-03-12T22:22:22.630+0000] {processor.py:830} INFO - Processing file /home/airflow/.local/lib/python3.8/site-packages/airflow/example_dags/example_branch_python_dop_operator_3.py for tasks to queue
[2026-03-12T22:22:22.632+0000] {logging_mixin.py:188} INFO - [2026-03-12T22:22:22.632+0000] {dagbag.py:538} INFO - Filling up the DagBag from /home/airflow/.local/lib/python3.8/site-packages/airflow/example_dags/example_branch_python_dop_operator_3.py
[2026-03-12T22:22:22.640+0000] {processor.py:840} INFO - DAG(s) 'example_branch_dop_operator_v3' retrieved from /home/airflow/.local/lib/python3.8/site-packages/airflow/example_dags/example_branch_python_dop_operator_3.py
[2026-03-12T22:22:22.661+0000] {logging_mixin.py:188} INFO - [2026-03-12T22:22:22.660+0000] {dag.py:3036} INFO - Sync 1 DAGs
[2026-03-12T22:22:22.686+0000] {logging_mixin.py:188} INFO - [2026-03-12T22:22:22.686+0000] {dag.py:3823} INFO - Setting next_dagrun for example_branch_dop_operator_v3 to 2026-03-12 22:21:00+00:00, run_after=2026-03-12 22:22:00+00:00
[2026-03-12T22:22:22.705+0000] {processor.py:183} INFO - Processing /home/airflow/.local/lib/python3.8/site-packages/airflow/example_dags/example_branch_python_dop_operator_3.py took 0.079 seconds
[2026-03-12T22:22:53.334+0000] {processor.py:161} INFO - Started process (PID=200) to work on /home/airflow/.local/lib/python3.8/site-packages/airflow/example_dags/example_branch_python_dop_operator_3.py
[2026-03-12T22:22:53.335+0000] {processor.py:830} INFO - Processing file /home/airflow/.local/lib/python3.8/site-packages/airflow/example_dags/example_branch_python_dop_operator_3.py for tasks to queue
[2026-03-12T22:22:53.337+0000] {logging_mixin.py:188} INFO - [2026-03-12T22:22:53.337+0000] {dagbag.py:538} INFO - Filling up the DagBag from /home/airflow/.local/lib/python3.8/site-packages/airflow/example_dags/example_branch_python_dop_operator_3.py
[2026-03-12T22:22:53.344+0000] {processor.py:840} INFO - DAG(s) 'example_branch_dop_operator_v3' retrieved from /home/airflow/.local/lib/python3.8/site-packages/airflow/example_dags/example_branch_python_dop_operator_3.py
[2026-03-12T22:22:53.362+0000] {logging_mixin.py:188} INFO - [2026-03-12T22:22:53.362+0000] {dag.py:3036} INFO - Sync 1 DAGs
[2026-03-12T22:22:53.385+0000] {logging_mixin.py:188} INFO - [2026-03-12T22:22:53.385+0000] {dag.py:3823} INFO - Setting next_dagrun for example_branch_dop_operator_v3 to 2026-03-12 22:21:00+00:00, run_after=2026-03-12 22:22:00+00:00
[2026-03-12T22:22:53.404+0000] {processor.py:183} INFO - Processing /home/airflow/.local/lib/python3.8/site-packages/airflow/example_dags/example_branch_python_dop_operator_3.py took 0.072 seconds
[2026-03-12T22:23:24.644+0000] {processor.py:161} INFO - Started process (PID=268) to work on /home/airflow/.local/lib/python3.8/site-packages/airflow/example_dags/example_branch_python_dop_operator_3.py
[2026-03-12T22:23:24.645+0000] {processor.py:830} INFO - Processing file /home/airflow/.local/lib/python3.8/site-packages/airflow/example_dags/example_branch_python_dop_operator_3.py for tasks to queue
[2026-03-12T22:23:24.647+0000] {logging_mixin.py:188} INFO - [2026-03-12T22:23:24.646+0000] {dagbag.py:538} INFO - Filling up the DagBag from /home/airflow/.local/lib/python3.8/site-packages/airflow/example_dags/example_branch_python_dop_operator_3.py
[2026-03-12T22:23:24.654+0000] {processor.py:840} INFO - DAG(s) 'example_branch_dop_operator_v3' retrieved from /home/airflow/.local/lib/python3.8/site-packages/airflow/example_dags/example_branch_python_dop_operator_3.py
[2026-03-12T22:23:24.674+0000] {logging_mixin.py:188} INFO - [2026-03-12T22:23:24.674+0000] {dag.py:3036} INFO - Sync 1 DAGs
[2026-03-12T22:23:24.698+0000] {logging_mixin.py:188} INFO - [2026-03-12T22:23:24.698+0000] {dag.py:3823} INFO - Setting next_dagrun for example_branch_dop_operator_v3 to 2026-03-12 22:22:00+00:00, run_after=2026-03-12 22:23:00+00:00
[2026-03-12T22:23:24.716+0000] {processor.py:183} INFO - Processing /home/airflow/.local/lib/python3.8/site-packages/airflow/example_dags/example_branch_python_dop_operator_3.py took 0.076 seconds
[2026-03-12T22:23:55.721+0000] {processor.py:161} INFO - Started process (PID=336) to work on /home/airflow/.local/lib/python3.8/site-packages/airflow/example_dags/example_branch_python_dop_operator_3.py
[2026-03-12T22:23:55.721+0000] {processor.py:830} INFO - Processing file /home/airflow/.local/lib/python3.8/site-packages/airflow/example_dags/example_branch_python_dop_operator_3.py for tasks to queue
[2026-03-12T22:23:55.723+0000] {logging_mixin.py:188} INFO - [2026-03-12T22:23:55.723+0000] {dagbag.py:538} INFO - Filling up the DagBag from /home/airflow/.local/lib/python3.8/site-packages/airflow/example_dags/example_branch_python_dop_operator_3.py
[2026-03-12T22:23:55.730+0000] {processor.py:840} INFO - DAG(s) 'example_branch_dop_operator_v3' retrieved from /home/airflow/.local/lib/python3.8/site-packages/airflow/example_dags/example_branch_python_dop_operator_3.py
[2026-03-12T22:23:55.748+0000] {logging_mixin.py:188} INFO - [2026-03-12T22:23:55.748+0000] {dag.py:3036} INFO - Sync 1 DAGs
[2026-03-12T22:23:55.772+0000] {logging_mixin.py:188} INFO - [2026-03-12T22:23:55.772+0000] {dag.py:3823} INFO - Setting next_dagrun for example_branch_dop_operator_v3 to 2026-03-12 22:22:00+00:00, run_after=2026-03-12 22:23:00+00:00
[2026-03-12T22:23:55.790+0000] {processor.py:183} INFO - Processing /home/airflow/.local/lib/python3.8/site-packages/airflow/example_dags/example_branch_python_dop_operator_3.py took 0.072 seconds
[2026-03-12T22:24:25.851+0000] {processor.py:161} INFO - Started process (PID=391) to work on /home/airflow/.local/lib/python3.8/site-packages/airflow/example_dags/example_branch_python_dop_operator_3.py
[2026-03-12T22:24:25.852+0000] {processor.py:830} INFO - Processing file /home/airflow/.local/lib/python3.8/site-packages/airflow/example_dags/example_branch_python_dop_operator_3.py for tasks to queue
[2026-03-12T22:24:25.853+0000] {logging_mixin.py:188} INFO - [2026-03-12T22:24:25.853+0000] {dagbag.py:538} INFO - Filling up the DagBag from /home/airflow/.local/lib/python3.8/site-packages/airflow/example_dags/example_branch_python_dop_operator_3.py
[2026-03-12T22:24:25.861+0000] {processor.py:840} INFO - DAG(s) 'example_branch_dop_operator_v3' retrieved from /home/airflow/.local/lib/python3.8/site-packages/airflow/example_dags/example_branch_python_dop_operator_3.py
[2026-03-12T22:24:25.879+0000] {logging_mixin.py:188} INFO - [2026-03-12T22:24:25.879+0000] {dag.py:3036} INFO - Sync 1 DAGs
[2026-03-12T22:24:25.903+0000] {logging_mixin.py:188} INFO - [2026-03-12T22:24:25.903+0000] {dag.py:3823} INFO - Setting next_dagrun for example_branch_dop_operator_v3 to 2026-03-12 22:23:00+00:00, run_after=2026-03-12 22:24:00+00:00
[2026-03-12T22:24:25.921+0000] {processor.py:183} INFO - Processing /home/airflow/.local/lib/python3.8/site-packages/airflow/example_dags/example_branch_python_dop_operator_3.py took 0.073 seconds
[2026-03-12T22:24:56.086+0000] {processor.py:161} INFO - Started process (PID=459) to work on /home/airflow/.local/lib/python3.8/site-packages/airflow/example_dags/example_branch_python_dop_operator_3.py
[2026-03-12T22:24:56.087+0000] {processor.py:830} INFO - Processing file /home/airflow/.local/lib/python3.8/site-packages/airflow/example_dags/example_branch_python_dop_operator_3.py for tasks to queue
[2026-03-12T22:24:56.089+0000] {logging_mixin.py:188} INFO - [2026-03-12T22:24:56.089+0000] {dagbag.py:538} INFO - Filling up the DagBag from /home/airflow/.local/lib/python3.8/site-packages/airflow/example_dags/example_branch_python_dop_operator_3.py
[2026-03-12T22:24:56.097+0000] {processor.py:840} INFO - DAG(s) 'example_branch_dop_operator_v3' retrieved from /home/airflow/.local/lib/python3.8/site-packages/airflow/example_dags/example_branch_python_dop_operator_3.py
[2026-03-12T22:24:56.118+0000] {logging_mixin.py:188} INFO - [2026-03-12T22:24:56.118+0000] {dag.py:3036} INFO - Sync 1 DAGs
[2026-03-12T22:24:56.143+0000] {logging_mixin.py:188} INFO - [2026-03-12T22:24:56.143+0000] {dag.py:3823} INFO - Setting next_dagrun for example_branch_dop_operator_v3 to 2026-03-12 22:23:00+00:00, run_after=2026-03-12 22:24:00+00:00
[2026-03-12T22:24:56.162+0000] {processor.py:183} INFO - Processing /home/airflow/.local/lib/python3.8/site-packages/airflow/example_dags/example_branch_python_dop_operator_3.py took 0.078 seconds
[2026-03-12T22:25:26.193+0000] {processor.py:161} INFO - Started process (PID=527) to work on /home/airflow/.local/lib/python3.8/site-packages/airflow/example_dags/example_branch_python_dop_operator_3.py
[2026-03-12T22:25:26.194+0000] {processor.py:830} INFO - Processing file /home/airflow/.local/lib/python3.8/site-packages/airflow/example_dags/example_branch_python_dop_operator_3.py for tasks to queue
[2026-03-12T22:25:26.195+0000] {logging_mixin.py:188} INFO - [2026-03-12T22:25:26.195+0000] {dagbag.py:538} INFO - Filling up the DagBag from /home/airflow/.local/lib/python3.8/site-packages/airflow/example_dags/example_branch_python_dop_operator_3.py
[2026-03-12T22:25:26.203+0000] {processor.py:840} INFO - DAG(s) 'example_branch_dop_operator_v3' retrieved from /home/airflow/.local/lib/python3.8/site-packages/airflow/example_dags/example_branch_python_dop_operator_3.py
[2026-03-12T22:25:26.222+0000] {logging_mixin.py:188} INFO - [2026-03-12T22:25:26.221+0000] {dag.py:3036} INFO - Sync 1 DAGs
[2026-03-12T22:25:26.244+0000] {logging_mixin.py:188} INFO - [2026-03-12T22:25:26.244+0000] {dag.py:3823} INFO - Setting next_dagrun for example_branch_dop_operator_v3 to 2026-03-12 22:24:00+00:00, run_after=2026-03-12 22:25:00+00:00
[2026-03-12T22:25:26.262+0000] {processor.py:183} INFO - Processing /home/airflow/.local/lib/python3.8/site-packages/airflow/example_dags/example_branch_python_dop_operator_3.py took 0.071 seconds
[2026-03-12T22:25:56.596+0000] {processor.py:161} INFO - Started process (PID=595) to work on /home/airflow/.local/lib/python3.8/site-packages/airflow/example_dags/example_branch_python_dop_operator_3.py
[2026-03-12T22:25:56.596+0000] {processor.py:830} INFO - Processing file /home/airflow/.local/lib/python3.8/site-packages/airflow/example_dags/example_branch_python_dop_operator_3.py for tasks to queue
[2026-03-12T22:25:56.598+0000] {logging_mixin.py:188} INFO - [2026-03-12T22:25:56.598+0000] {dagbag.py:538} INFO - Filling up the DagBag from /home/airflow/.local/lib/python3.8/site-packages/airflow/example_dags/example_branch_python_dop_operator_3.py
[2026-03-12T22:25:56.605+0000] {processor.py:840} INFO - DAG(s) 'example_branch_dop_operator_v3' retrieved from /home/airflow/.local/lib/python3.8/site-packages/airflow/example_dags/example_branch_python_dop_operator_3.py
[2026-03-12T22:25:56.624+0000] {logging_mixin.py:188} INFO - [2026-03-12T22:25:56.624+0000] {dag.py:3036} INFO - Sync 1 DAGs
[2026-03-12T22:25:56.647+0000] {logging_mixin.py:188} INFO - [2026-03-12T22:25:56.647+0000] {dag.py:3823} INFO - Setting next_dagrun for example_branch_dop_operator_v3 to 2026-03-12 22:24:00+00:00, run_after=2026-03-12 22:25:00+00:00
[2026-03-12T22:25:56.665+0000] {processor.py:183} INFO - Processing /home/airflow/.local/lib/python3.8/site-packages/airflow/example_dags/example_branch_python_dop_operator_3.py took 0.072 seconds
[2026-03-12T22:26:27.610+0000] {processor.py:161} INFO - Started process (PID=663) to work on /home/airflow/.local/lib/python3.8/site-packages/airflow/example_dags/example_branch_python_dop_operator_3.py
[2026-03-12T22:26:27.611+0000] {processor.py:830} INFO - Processing file /home/airflow/.local/lib/python3.8/site-packages/airflow/example_dags/example_branch_python_dop_operator_3.py for tasks to queue
[2026-03-12T22:26:27.613+0000] {logging_mixin.py:188} INFO - [2026-03-12T22:26:27.612+0000] {dagbag.py:538} INFO - Filling up the DagBag from /home/airflow/.local/lib/python3.8/site-packages/airflow/example_dags/example_branch_python_dop_operator_3.py
[2026-03-12T22:26:27.620+0000] {processor.py:840} INFO - DAG(s) 'example_branch_dop_operator_v3' retrieved from /home/airflow/.local/lib/python3.8/site-packages/airflow/example_dags/example_branch_python_dop_operator_3.py
[2026-03-12T22:26:27.639+0000] {logging_mixin.py:188} INFO - [2026-03-12T22:26:27.639+0000] {dag.py:3036} INFO - Sync 1 DAGs
[2026-03-12T22:26:27.662+0000] {logging_mixin.py:188} INFO - [2026-03-12T22:26:27.661+0000] {dag.py:3823} INFO - Setting next_dagrun for example_branch_dop_operator_v3 to 2026-03-12 22:25:00+00:00, run_after=2026-03-12 22:26:00+00:00
[2026-03-12T22:26:27.679+0000] {processor.py:183} INFO - Processing /home/airflow/.local/lib/python3.8/site-packages/airflow/example_dags/example_branch_python_dop_operator_3.py took 0.071 seconds
[2026-03-12T22:26:58.067+0000] {processor.py:161} INFO - Started process (PID=731) to work on /home/airflow/.local/lib/python3.8/site-packages/airflow/example_dags/example_branch_python_dop_operator_3.py
[2026-03-12T22:26:58.067+0000] {processor.py:830} INFO - Processing file /home/airflow/.local/lib/python3.8/site-packages/airflow/example_dags/example_branch_python_dop_operator_3.py for tasks to queue
[2026-03-12T22:26:58.069+0000] {logging_mixin.py:188} INFO - [2026-03-12T22:26:58.069+0000] {dagbag.py:538} INFO - Filling up the DagBag from /home/airflow/.local/lib/python3.8/site-packages/airflow/example_dags/example_branch_python_dop_operator_3.py
[2026-03-12T22:26:58.076+0000] {processor.py:840} INFO - DAG(s) 'example_branch_dop_operator_v3' retrieved from /home/airflow/.local/lib/python3.8/site-packages/airflow/example_dags/example_branch_python_dop_operator_3.py
[2026-03-12T22:26:58.095+0000] {logging_mixin.py:188} INFO - [2026-03-12T22:26:58.094+0000] {dag.py:3036} INFO - Sync 1 DAGs
[2026-03-12T22:26:58.118+0000] {logging_mixin.py:188} INFO - [2026-03-12T22:26:58.118+0000] {dag.py:3823} INFO - Setting next_dagrun for example_branch_dop_operator_v3 to 2026-03-12 22:25:00+00:00, run_after=2026-03-12 22:26:00+00:00
[2026-03-12T22:26:58.136+0000] {processor.py:183} INFO - Processing /home/airflow/.local/lib/python3.8/site-packages/airflow/example_dags/example_branch_python_dop_operator_3.py took 0.072 seconds
[2026-03-12T22:27:28.708+0000] {processor.py:161} INFO - Started process (PID=799) to work on /home/airflow/.local/lib/python3.8/site-packages/airflow/example_dags/example_branch_python_dop_operator_3.py
[2026-03-12T22:27:28.709+0000] {processor.py:830} INFO - Processing file /home/airflow/.local/lib/python3.8/site-packages/airflow/example_dags/example_branch_python_dop_operator_3.py for tasks to queue
[2026-03-12T22:27:28.710+0000] {logging_mixin.py:188} INFO - [2026-03-12T22:27:28.710+0000] {dagbag.py:538} INFO - Filling up the DagBag from /home/airflow/.local/lib/python3.8/site-packages/airflow/example_dags/example_branch_python_dop_operator_3.py
[2026-03-12T22:27:28.718+0000] {processor.py:840} INFO - DAG(s) 'example_branch_dop_operator_v3' retrieved from /home/airflow/.local/lib/python3.8/site-packages/airflow/example_dags/example_branch_python_dop_operator_3.py
[2026-03-12T22:27:28.738+0000] {logging_mixin.py:188} INFO - [2026-03-12T22:27:28.737+0000] {dag.py:3036} INFO - Sync 1 DAGs
[2026-03-12T22:27:28.761+0000] {logging_mixin.py:188} INFO - [2026-03-12T22:27:28.761+0000] {dag.py:3823} INFO - Setting next_dagrun for example_branch_dop_operator_v3 to 2026-03-12 22:26:00+00:00, run_after=2026-03-12 22:27:00+00:00
[2026-03-12T22:27:28.779+0000] {processor.py:183} INFO - Processing /home/airflow/.local/lib/python3.8/site-packages/airflow/example_dags/example_branch_python_dop_operator_3.py took 0.074 seconds
[2026-03-12T22:27:59.112+0000] {processor.py:161} INFO - Started process (PID=867) to work on /home/airflow/.local/lib/python3.8/site-packages/airflow/example_dags/example_branch_python_dop_operator_3.py
[2026-03-12T22:27:59.113+0000] {processor.py:830} INFO - Processing file /home/airflow/.local/lib/python3.8/site-packages/airflow/example_dags/example_branch_python_dop_operator_3.py for tasks to queue
[2026-03-12T22:27:59.115+0000] {logging_mixin.py:188} INFO - [2026-03-12T22:27:59.114+0000] {dagbag.py:538} INFO - Filling up the DagBag from /home/airflow/.local/lib/python3.8/site-packages/airflow/example_dags/example_branch_python_dop_operator_3.py
[2026-03-12T22:27:59.122+0000] {processor.py:840} INFO - DAG(s) 'example_branch_dop_operator_v3' retrieved from /home/airflow/.local/lib/python3.8/site-packages/airflow/example_dags/example_branch_python_dop_operator_3.py
[2026-03-12T22:27:59.141+0000] {logging_mixin.py:188} INFO - [2026-03-12T22:27:59.141+0000] {dag.py:3036} INFO - Sync 1 DAGs
[2026-03-12T22:27:59.165+0000] {logging_mixin.py:188} INFO - [2026-03-12T22:27:59.165+0000] {dag.py:3823} INFO - Setting next_dagrun for example_branch_dop_operator_v3 to 2026-03-12 22:26:00+00:00, run_after=2026-03-12 22:27:00+00:00
[2026-03-12T22:27:59.182+0000] {processor.py:183} INFO - Processing /home/airflow/.local/lib/python3.8/site-packages/airflow/example_dags/example_branch_python_dop_operator_3.py took 0.073 seconds
[2026-03-12T22:28:29.439+0000] {processor.py:161} INFO - Started process (PID=935) to work on /home/airflow/.local/lib/python3.8/site-packages/airflow/example_dags/example_branch_python_dop_operator_3.py
[2026-03-12T22:28:29.440+0000] {processor.py:830} INFO - Processing file /home/airflow/.local/lib/python3.8/site-packages/airflow/example_dags/example_branch_python_dop_operator_3.py for tasks to queue
[2026-03-12T22:28:29.441+0000] {logging_mixin.py:188} INFO - [2026-03-12T22:28:29.441+0000] {dagbag.py:538} INFO - Filling up the DagBag from /home/airflow/.local/lib/python3.8/site-packages/airflow/example_dags/example_branch_python_dop_operator_3.py
[2026-03-12T22:28:29.449+0000] {processor.py:840} INFO - DAG(s) 'example_branch_dop_operator_v3' retrieved from /home/airflow/.local/lib/python3.8/site-packages/airflow/example_dags/example_branch_python_dop_operator_3.py
[2026-03-12T22:28:29.468+0000] {logging_mixin.py:188} INFO - [2026-03-12T22:28:29.468+0000] {dag.py:3036} INFO - Sync 1 DAGs
[2026-03-12T22:28:29.493+0000] {logging_mixin.py:188} INFO - [2026-03-12T22:28:29.493+0000] {dag.py:3823} INFO - Setting next_dagrun for example_branch_dop_operator_v3 to 2026-03-12 22:27:00+00:00, run_after=2026-03-12 22:28:00+00:00
[2026-03-12T22:28:29.510+0000] {processor.py:183} INFO - Processing /home/airflow/.local/lib/python3.8/site-packages/airflow/example_dags/example_branch_python_dop_operator_3.py took 0.074 seconds
