[2026-03-12T22:22:22.033+0000] {processor.py:161} INFO - Started process (PID=117) to work on /home/airflow/.local/lib/python3.8/site-packages/airflow/example_dags/example_sensors.py
[2026-03-12T22:22:22.034+0000] {processor.py:830} INFO - Processing file /home/airflow/.local/lib/python3.8/site-packages/airflow/example_dags/example_sensors.py for tasks to queue
[2026-03-12T22:22:22.035+0000] {logging_mixin.py:188} INFO - [2026-03-12T22:22:22.035+0000] {dagbag.py:538} INFO - Filling up the DagBag from /home/airflow/.local/lib/python3.8/site-packages/airflow/example_dags/example_sensors.py
[2026-03-12T22:22:22.044+0000] {processor.py:840} INFO - DAG(s) 'example_sensors' retrieved from /home/airflow/.local/lib/python3.8/site-packages/airflow/example_dags/example_sensors.py
[2026-03-12T22:22:22.071+0000] {logging_mixin.py:188} INFO - [2026-03-12T22:22:22.071+0000] {dag.py:3036} INFO - Sync 1 DAGs
[2026-03-12T22:22:22.083+0000] {logging_mixin.py:188} INFO - [2026-03-12T22:22:22.083+0000] {dag.py:3823} INFO - Setting next_dagrun for example_sensors to None, run_after=None
[2026-03-12T22:22:22.102+0000] {processor.py:183} INFO - Processing /home/airflow/.local/lib/python3.8/site-packages/airflow/example_dags/example_sensors.py took 0.072 seconds
[2026-03-12T22:22:52.739+0000] {processor.py:161} INFO - Started process (PID=191) to work on /home/airflow/.local/lib/python3.8/site-packages/airflow/example_dags/example_sensors.py
[2026-03-12T22:22:52.740+0000] {processor.py:830} INFO - Processing file /home/airflow/.local/lib/python3.8/site-packages/airflow/example_dags/example_sensors.py for tasks to queue
[2026-03-12T22:22:52.742+0000] {logging_mixin.py:188} INFO - [2026-03-12T22:22:52.741+0000] {dagbag.py:538} INFO - Filling up the DagBag from /home/airflow/.local/lib/python3.8/site-packages/airflow/example_dags/example_sensors.py
[2026-03-12T22:22:52.751+0000] {processor.py:840} INFO - DAG(s) 'example_sensors' retrieved from /home/airflow/.local/lib/python3.8/site-packages/airflow/example_dags/example_sensors.py
[2026-03-12T22:22:52.775+0000] {logging_mixin.py:188} INFO - [2026-03-12T22:22:52.775+0000] {dag.py:3036} INFO - Sync 1 DAGs
[2026-03-12T22:22:52.786+0000] {logging_mixin.py:188} INFO - [2026-03-12T22:22:52.785+0000] {dag.py:3823} INFO - Setting next_dagrun for example_sensors to None, run_after=None
[2026-03-12T22:22:52.805+0000] {processor.py:183} INFO - Processing /home/airflow/.local/lib/python3.8/site-packages/airflow/example_dags/example_sensors.py took 0.070 seconds
[2026-03-12T22:23:23.758+0000] {processor.py:161} INFO - Started process (PID=248) to work on /home/airflow/.local/lib/python3.8/site-packages/airflow/example_dags/example_sensors.py
[2026-03-12T22:23:23.759+0000] {processor.py:830} INFO - Processing file /home/airflow/.local/lib/python3.8/site-packages/airflow/example_dags/example_sensors.py for tasks to queue
[2026-03-12T22:23:23.760+0000] {logging_mixin.py:188} INFO - [2026-03-12T22:23:23.760+0000] {dagbag.py:538} INFO - Filling up the DagBag from /home/airflow/.local/lib/python3.8/site-packages/airflow/example_dags/example_sensors.py
[2026-03-12T22:23:23.768+0000] {processor.py:840} INFO - DAG(s) 'example_sensors' retrieved from /home/airflow/.local/lib/python3.8/site-packages/airflow/example_dags/example_sensors.py
[2026-03-12T22:23:23.789+0000] {logging_mixin.py:188} INFO - [2026-03-12T22:23:23.789+0000] {dag.py:3036} INFO - Sync 1 DAGs
[2026-03-12T22:23:23.800+0000] {logging_mixin.py:188} INFO - [2026-03-12T22:23:23.800+0000] {dag.py:3823} INFO - Setting next_dagrun for example_sensors to None, run_after=None
[2026-03-12T22:23:23.818+0000] {processor.py:183} INFO - Processing /home/airflow/.local/lib/python3.8/site-packages/airflow/example_dags/example_sensors.py took 0.063 seconds
[2026-03-12T22:23:53.855+0000] {processor.py:161} INFO - Started process (PID=314) to work on /home/airflow/.local/lib/python3.8/site-packages/airflow/example_dags/example_sensors.py
[2026-03-12T22:23:53.857+0000] {processor.py:830} INFO - Processing file /home/airflow/.local/lib/python3.8/site-packages/airflow/example_dags/example_sensors.py for tasks to queue
[2026-03-12T22:23:53.858+0000] {logging_mixin.py:188} INFO - [2026-03-12T22:23:53.858+0000] {dagbag.py:538} INFO - Filling up the DagBag from /home/airflow/.local/lib/python3.8/site-packages/airflow/example_dags/example_sensors.py
[2026-03-12T22:23:53.866+0000] {processor.py:840} INFO - DAG(s) 'example_sensors' retrieved from /home/airflow/.local/lib/python3.8/site-packages/airflow/example_dags/example_sensors.py
[2026-03-12T22:23:53.888+0000] {logging_mixin.py:188} INFO - [2026-03-12T22:23:53.888+0000] {dag.py:3036} INFO - Sync 1 DAGs
[2026-03-12T22:23:53.900+0000] {logging_mixin.py:188} INFO - [2026-03-12T22:23:53.900+0000] {dag.py:3823} INFO - Setting next_dagrun for example_sensors to None, run_after=None
[2026-03-12T22:23:53.917+0000] {processor.py:183} INFO - Processing /home/airflow/.local/lib/python3.8/site-packages/airflow/example_dags/example_sensors.py took 0.065 seconds
[2026-03-12T22:24:23.965+0000] {processor.py:161} INFO - Started process (PID=382) to work on /home/airflow/.local/lib/python3.8/site-packages/airflow/example_dags/example_sensors.py
[2026-03-12T22:24:23.966+0000] {processor.py:830} INFO - Processing file /home/airflow/.local/lib/python3.8/site-packages/airflow/example_dags/example_sensors.py for tasks to queue
[2026-03-12T22:24:23.968+0000] {logging_mixin.py:188} INFO - [2026-03-12T22:24:23.967+0000] {dagbag.py:538} INFO - Filling up the DagBag from /home/airflow/.local/lib/python3.8/site-packages/airflow/example_dags/example_sensors.py
[2026-03-12T22:24:23.975+0000] {processor.py:840} INFO - DAG(s) 'example_sensors' retrieved from /home/airflow/.local/lib/python3.8/site-packages/airflow/example_dags/example_sensors.py
[2026-03-12T22:24:23.997+0000] {logging_mixin.py:188} INFO - [2026-03-12T22:24:23.997+0000] {dag.py:3036} INFO - Sync 1 DAGs
[2026-03-12T22:24:24.008+0000] {logging_mixin.py:188} INFO - [2026-03-12T22:24:24.007+0000] {dag.py:3823} INFO - Setting next_dagrun for example_sensors to None, run_after=None
[2026-03-12T22:24:24.024+0000] {processor.py:183} INFO - Processing /home/airflow/.local/lib/python3.8/site-packages/airflow/example_dags/example_sensors.py took 0.062 seconds
[2026-03-12T22:24:54.563+0000] {processor.py:161} INFO - Started process (PID=450) to work on /home/airflow/.local/lib/python3.8/site-packages/airflow/example_dags/example_sensors.py
[2026-03-12T22:24:54.564+0000] {processor.py:830} INFO - Processing file /home/airflow/.local/lib/python3.8/site-packages/airflow/example_dags/example_sensors.py for tasks to queue
[2026-03-12T22:24:54.565+0000] {logging_mixin.py:188} INFO - [2026-03-12T22:24:54.565+0000] {dagbag.py:538} INFO - Filling up the DagBag from /home/airflow/.local/lib/python3.8/site-packages/airflow/example_dags/example_sensors.py
[2026-03-12T22:24:54.572+0000] {processor.py:840} INFO - DAG(s) 'example_sensors' retrieved from /home/airflow/.local/lib/python3.8/site-packages/airflow/example_dags/example_sensors.py
[2026-03-12T22:24:54.596+0000] {logging_mixin.py:188} INFO - [2026-03-12T22:24:54.595+0000] {dag.py:3036} INFO - Sync 1 DAGs
[2026-03-12T22:24:54.607+0000] {logging_mixin.py:188} INFO - [2026-03-12T22:24:54.606+0000] {dag.py:3823} INFO - Setting next_dagrun for example_sensors to None, run_after=None
[2026-03-12T22:24:54.624+0000] {processor.py:183} INFO - Processing /home/airflow/.local/lib/python3.8/site-packages/airflow/example_dags/example_sensors.py took 0.064 seconds
[2026-03-12T22:25:24.724+0000] {processor.py:161} INFO - Started process (PID=518) to work on /home/airflow/.local/lib/python3.8/site-packages/airflow/example_dags/example_sensors.py
[2026-03-12T22:25:24.725+0000] {processor.py:830} INFO - Processing file /home/airflow/.local/lib/python3.8/site-packages/airflow/example_dags/example_sensors.py for tasks to queue
[2026-03-12T22:25:24.727+0000] {logging_mixin.py:188} INFO - [2026-03-12T22:25:24.726+0000] {dagbag.py:538} INFO - Filling up the DagBag from /home/airflow/.local/lib/python3.8/site-packages/airflow/example_dags/example_sensors.py
[2026-03-12T22:25:24.734+0000] {processor.py:840} INFO - DAG(s) 'example_sensors' retrieved from /home/airflow/.local/lib/python3.8/site-packages/airflow/example_dags/example_sensors.py
[2026-03-12T22:25:24.756+0000] {logging_mixin.py:188} INFO - [2026-03-12T22:25:24.756+0000] {dag.py:3036} INFO - Sync 1 DAGs
[2026-03-12T22:25:24.767+0000] {logging_mixin.py:188} INFO - [2026-03-12T22:25:24.767+0000] {dag.py:3823} INFO - Setting next_dagrun for example_sensors to None, run_after=None
[2026-03-12T22:25:24.785+0000] {processor.py:183} INFO - Processing /home/airflow/.local/lib/python3.8/site-packages/airflow/example_dags/example_sensors.py took 0.064 seconds
[2026-03-12T22:25:55.121+0000] {processor.py:161} INFO - Started process (PID=586) to work on /home/airflow/.local/lib/python3.8/site-packages/airflow/example_dags/example_sensors.py
[2026-03-12T22:25:55.122+0000] {processor.py:830} INFO - Processing file /home/airflow/.local/lib/python3.8/site-packages/airflow/example_dags/example_sensors.py for tasks to queue
[2026-03-12T22:25:55.123+0000] {logging_mixin.py:188} INFO - [2026-03-12T22:25:55.123+0000] {dagbag.py:538} INFO - Filling up the DagBag from /home/airflow/.local/lib/python3.8/site-packages/airflow/example_dags/example_sensors.py
[2026-03-12T22:25:55.131+0000] {processor.py:840} INFO - DAG(s) 'example_sensors' retrieved from /home/airflow/.local/lib/python3.8/site-packages/airflow/example_dags/example_sensors.py
[2026-03-12T22:25:55.154+0000] {logging_mixin.py:188} INFO - [2026-03-12T22:25:55.154+0000] {dag.py:3036} INFO - Sync 1 DAGs
[2026-03-12T22:25:55.166+0000] {logging_mixin.py:188} INFO - [2026-03-12T22:25:55.165+0000] {dag.py:3823} INFO - Setting next_dagrun for example_sensors to None, run_after=None
[2026-03-12T22:25:55.183+0000] {processor.py:183} INFO - Processing /home/airflow/.local/lib/python3.8/site-packages/airflow/example_dags/example_sensors.py took 0.065 seconds
[2026-03-12T22:26:25.941+0000] {processor.py:161} INFO - Started process (PID=654) to work on /home/airflow/.local/lib/python3.8/site-packages/airflow/example_dags/example_sensors.py
[2026-03-12T22:26:25.942+0000] {processor.py:830} INFO - Processing file /home/airflow/.local/lib/python3.8/site-packages/airflow/example_dags/example_sensors.py for tasks to queue
[2026-03-12T22:26:25.943+0000] {logging_mixin.py:188} INFO - [2026-03-12T22:26:25.943+0000] {dagbag.py:538} INFO - Filling up the DagBag from /home/airflow/.local/lib/python3.8/site-packages/airflow/example_dags/example_sensors.py
[2026-03-12T22:26:25.951+0000] {processor.py:840} INFO - DAG(s) 'example_sensors' retrieved from /home/airflow/.local/lib/python3.8/site-packages/airflow/example_dags/example_sensors.py
[2026-03-12T22:26:25.973+0000] {logging_mixin.py:188} INFO - [2026-03-12T22:26:25.973+0000] {dag.py:3036} INFO - Sync 1 DAGs
[2026-03-12T22:26:25.984+0000] {logging_mixin.py:188} INFO - [2026-03-12T22:26:25.984+0000] {dag.py:3823} INFO - Setting next_dagrun for example_sensors to None, run_after=None
[2026-03-12T22:26:26.115+0000] {processor.py:183} INFO - Processing /home/airflow/.local/lib/python3.8/site-packages/airflow/example_dags/example_sensors.py took 0.177 seconds
[2026-03-12T22:26:56.515+0000] {processor.py:161} INFO - Started process (PID=722) to work on /home/airflow/.local/lib/python3.8/site-packages/airflow/example_dags/example_sensors.py
[2026-03-12T22:26:56.516+0000] {processor.py:830} INFO - Processing file /home/airflow/.local/lib/python3.8/site-packages/airflow/example_dags/example_sensors.py for tasks to queue
[2026-03-12T22:26:56.518+0000] {logging_mixin.py:188} INFO - [2026-03-12T22:26:56.518+0000] {dagbag.py:538} INFO - Filling up the DagBag from /home/airflow/.local/lib/python3.8/site-packages/airflow/example_dags/example_sensors.py
[2026-03-12T22:26:56.525+0000] {processor.py:840} INFO - DAG(s) 'example_sensors' retrieved from /home/airflow/.local/lib/python3.8/site-packages/airflow/example_dags/example_sensors.py
[2026-03-12T22:26:56.550+0000] {logging_mixin.py:188} INFO - [2026-03-12T22:26:56.550+0000] {dag.py:3036} INFO - Sync 1 DAGs
[2026-03-12T22:26:56.560+0000] {logging_mixin.py:188} INFO - [2026-03-12T22:26:56.560+0000] {dag.py:3823} INFO - Setting next_dagrun for example_sensors to None, run_after=None
[2026-03-12T22:26:56.577+0000] {processor.py:183} INFO - Processing /home/airflow/.local/lib/python3.8/site-packages/airflow/example_dags/example_sensors.py took 0.065 seconds
[2026-03-12T22:27:27.262+0000] {processor.py:161} INFO - Started process (PID=790) to work on /home/airflow/.local/lib/python3.8/site-packages/airflow/example_dags/example_sensors.py
[2026-03-12T22:27:27.263+0000] {processor.py:830} INFO - Processing file /home/airflow/.local/lib/python3.8/site-packages/airflow/example_dags/example_sensors.py for tasks to queue
[2026-03-12T22:27:27.264+0000] {logging_mixin.py:188} INFO - [2026-03-12T22:27:27.264+0000] {dagbag.py:538} INFO - Filling up the DagBag from /home/airflow/.local/lib/python3.8/site-packages/airflow/example_dags/example_sensors.py
[2026-03-12T22:27:27.271+0000] {processor.py:840} INFO - DAG(s) 'example_sensors' retrieved from /home/airflow/.local/lib/python3.8/site-packages/airflow/example_dags/example_sensors.py
[2026-03-12T22:27:27.295+0000] {logging_mixin.py:188} INFO - [2026-03-12T22:27:27.295+0000] {dag.py:3036} INFO - Sync 1 DAGs
[2026-03-12T22:27:27.306+0000] {logging_mixin.py:188} INFO - [2026-03-12T22:27:27.306+0000] {dag.py:3823} INFO - Setting next_dagrun for example_sensors to None, run_after=None
[2026-03-12T22:27:27.323+0000] {processor.py:183} INFO - Processing /home/airflow/.local/lib/python3.8/site-packages/airflow/example_dags/example_sensors.py took 0.064 seconds
[2026-03-12T22:27:57.655+0000] {processor.py:161} INFO - Started process (PID=858) to work on /home/airflow/.local/lib/python3.8/site-packages/airflow/example_dags/example_sensors.py
[2026-03-12T22:27:57.656+0000] {processor.py:830} INFO - Processing file /home/airflow/.local/lib/python3.8/site-packages/airflow/example_dags/example_sensors.py for tasks to queue
[2026-03-12T22:27:57.658+0000] {logging_mixin.py:188} INFO - [2026-03-12T22:27:57.657+0000] {dagbag.py:538} INFO - Filling up the DagBag from /home/airflow/.local/lib/python3.8/site-packages/airflow/example_dags/example_sensors.py
[2026-03-12T22:27:57.665+0000] {processor.py:840} INFO - DAG(s) 'example_sensors' retrieved from /home/airflow/.local/lib/python3.8/site-packages/airflow/example_dags/example_sensors.py
[2026-03-12T22:27:57.688+0000] {logging_mixin.py:188} INFO - [2026-03-12T22:27:57.688+0000] {dag.py:3036} INFO - Sync 1 DAGs
[2026-03-12T22:27:57.700+0000] {logging_mixin.py:188} INFO - [2026-03-12T22:27:57.699+0000] {dag.py:3823} INFO - Setting next_dagrun for example_sensors to None, run_after=None
[2026-03-12T22:27:57.716+0000] {processor.py:183} INFO - Processing /home/airflow/.local/lib/python3.8/site-packages/airflow/example_dags/example_sensors.py took 0.064 seconds
[2026-03-12T22:28:27.966+0000] {processor.py:161} INFO - Started process (PID=926) to work on /home/airflow/.local/lib/python3.8/site-packages/airflow/example_dags/example_sensors.py
[2026-03-12T22:28:27.967+0000] {processor.py:830} INFO - Processing file /home/airflow/.local/lib/python3.8/site-packages/airflow/example_dags/example_sensors.py for tasks to queue
[2026-03-12T22:28:27.968+0000] {logging_mixin.py:188} INFO - [2026-03-12T22:28:27.968+0000] {dagbag.py:538} INFO - Filling up the DagBag from /home/airflow/.local/lib/python3.8/site-packages/airflow/example_dags/example_sensors.py
[2026-03-12T22:28:27.976+0000] {processor.py:840} INFO - DAG(s) 'example_sensors' retrieved from /home/airflow/.local/lib/python3.8/site-packages/airflow/example_dags/example_sensors.py
[2026-03-12T22:28:27.998+0000] {logging_mixin.py:188} INFO - [2026-03-12T22:28:27.997+0000] {dag.py:3036} INFO - Sync 1 DAGs
[2026-03-12T22:28:28.009+0000] {logging_mixin.py:188} INFO - [2026-03-12T22:28:28.008+0000] {dag.py:3823} INFO - Setting next_dagrun for example_sensors to None, run_after=None
[2026-03-12T22:28:28.027+0000] {processor.py:183} INFO - Processing /home/airflow/.local/lib/python3.8/site-packages/airflow/example_dags/example_sensors.py took 0.064 seconds
