[2026-03-12T22:22:21.612+0000] {processor.py:161} INFO - Started process (PID=111) to work on /home/airflow/.local/lib/python3.8/site-packages/airflow/example_dags/example_external_task_marker_dag.py
[2026-03-12T22:22:21.613+0000] {processor.py:830} INFO - Processing file /home/airflow/.local/lib/python3.8/site-packages/airflow/example_dags/example_external_task_marker_dag.py for tasks to queue
[2026-03-12T22:22:21.615+0000] {logging_mixin.py:188} INFO - [2026-03-12T22:22:21.615+0000] {dagbag.py:538} INFO - Filling up the DagBag from /home/airflow/.local/lib/python3.8/site-packages/airflow/example_dags/example_external_task_marker_dag.py
[2026-03-12T22:22:21.626+0000] {processor.py:840} INFO - DAG(s) 'example_external_task_marker_child', 'example_external_task_marker_parent' retrieved from /home/airflow/.local/lib/python3.8/site-packages/airflow/example_dags/example_external_task_marker_dag.py
[2026-03-12T22:22:21.657+0000] {logging_mixin.py:188} INFO - [2026-03-12T22:22:21.657+0000] {dag.py:3036} INFO - Sync 2 DAGs
[2026-03-12T22:22:21.673+0000] {logging_mixin.py:188} INFO - [2026-03-12T22:22:21.673+0000] {dag.py:3823} INFO - Setting next_dagrun for example_external_task_marker_child to None, run_after=None
[2026-03-12T22:22:21.679+0000] {logging_mixin.py:188} INFO - [2026-03-12T22:22:21.678+0000] {dag.py:3823} INFO - Setting next_dagrun for example_external_task_marker_parent to None, run_after=None
[2026-03-12T22:22:21.704+0000] {processor.py:183} INFO - Processing /home/airflow/.local/lib/python3.8/site-packages/airflow/example_dags/example_external_task_marker_dag.py took 0.096 seconds
[2026-03-12T22:22:52.125+0000] {processor.py:161} INFO - Started process (PID=168) to work on /home/airflow/.local/lib/python3.8/site-packages/airflow/example_dags/example_external_task_marker_dag.py
[2026-03-12T22:22:52.126+0000] {processor.py:830} INFO - Processing file /home/airflow/.local/lib/python3.8/site-packages/airflow/example_dags/example_external_task_marker_dag.py for tasks to queue
[2026-03-12T22:22:52.128+0000] {logging_mixin.py:188} INFO - [2026-03-12T22:22:52.128+0000] {dagbag.py:538} INFO - Filling up the DagBag from /home/airflow/.local/lib/python3.8/site-packages/airflow/example_dags/example_external_task_marker_dag.py
[2026-03-12T22:22:52.134+0000] {processor.py:840} INFO - DAG(s) 'example_external_task_marker_child', 'example_external_task_marker_parent' retrieved from /home/airflow/.local/lib/python3.8/site-packages/airflow/example_dags/example_external_task_marker_dag.py
[2026-03-12T22:22:52.157+0000] {logging_mixin.py:188} INFO - [2026-03-12T22:22:52.157+0000] {dag.py:3036} INFO - Sync 2 DAGs
[2026-03-12T22:22:52.169+0000] {logging_mixin.py:188} INFO - [2026-03-12T22:22:52.168+0000] {dag.py:3823} INFO - Setting next_dagrun for example_external_task_marker_child to None, run_after=None
[2026-03-12T22:22:52.173+0000] {logging_mixin.py:188} INFO - [2026-03-12T22:22:52.172+0000] {dag.py:3823} INFO - Setting next_dagrun for example_external_task_marker_parent to None, run_after=None
[2026-03-12T22:22:52.191+0000] {processor.py:183} INFO - Processing /home/airflow/.local/lib/python3.8/site-packages/airflow/example_dags/example_external_task_marker_dag.py took 0.068 seconds
[2026-03-12T22:23:22.249+0000] {processor.py:161} INFO - Started process (PID=234) to work on /home/airflow/.local/lib/python3.8/site-packages/airflow/example_dags/example_external_task_marker_dag.py
[2026-03-12T22:23:22.250+0000] {processor.py:830} INFO - Processing file /home/airflow/.local/lib/python3.8/site-packages/airflow/example_dags/example_external_task_marker_dag.py for tasks to queue
[2026-03-12T22:23:22.252+0000] {logging_mixin.py:188} INFO - [2026-03-12T22:23:22.252+0000] {dagbag.py:538} INFO - Filling up the DagBag from /home/airflow/.local/lib/python3.8/site-packages/airflow/example_dags/example_external_task_marker_dag.py
[2026-03-12T22:23:22.257+0000] {processor.py:840} INFO - DAG(s) 'example_external_task_marker_child', 'example_external_task_marker_parent' retrieved from /home/airflow/.local/lib/python3.8/site-packages/airflow/example_dags/example_external_task_marker_dag.py
[2026-03-12T22:23:22.280+0000] {logging_mixin.py:188} INFO - [2026-03-12T22:23:22.280+0000] {dag.py:3036} INFO - Sync 2 DAGs
[2026-03-12T22:23:22.293+0000] {logging_mixin.py:188} INFO - [2026-03-12T22:23:22.293+0000] {dag.py:3823} INFO - Setting next_dagrun for example_external_task_marker_child to None, run_after=None
[2026-03-12T22:23:22.297+0000] {logging_mixin.py:188} INFO - [2026-03-12T22:23:22.297+0000] {dag.py:3823} INFO - Setting next_dagrun for example_external_task_marker_parent to None, run_after=None
[2026-03-12T22:23:22.316+0000] {processor.py:183} INFO - Processing /home/airflow/.local/lib/python3.8/site-packages/airflow/example_dags/example_external_task_marker_dag.py took 0.070 seconds
[2026-03-12T22:23:52.549+0000] {processor.py:161} INFO - Started process (PID=308) to work on /home/airflow/.local/lib/python3.8/site-packages/airflow/example_dags/example_external_task_marker_dag.py
[2026-03-12T22:23:52.550+0000] {processor.py:830} INFO - Processing file /home/airflow/.local/lib/python3.8/site-packages/airflow/example_dags/example_external_task_marker_dag.py for tasks to queue
[2026-03-12T22:23:52.552+0000] {logging_mixin.py:188} INFO - [2026-03-12T22:23:52.552+0000] {dagbag.py:538} INFO - Filling up the DagBag from /home/airflow/.local/lib/python3.8/site-packages/airflow/example_dags/example_external_task_marker_dag.py
[2026-03-12T22:23:52.558+0000] {processor.py:840} INFO - DAG(s) 'example_external_task_marker_child', 'example_external_task_marker_parent' retrieved from /home/airflow/.local/lib/python3.8/site-packages/airflow/example_dags/example_external_task_marker_dag.py
[2026-03-12T22:23:52.579+0000] {logging_mixin.py:188} INFO - [2026-03-12T22:23:52.579+0000] {dag.py:3036} INFO - Sync 2 DAGs
[2026-03-12T22:23:52.590+0000] {logging_mixin.py:188} INFO - [2026-03-12T22:23:52.590+0000] {dag.py:3823} INFO - Setting next_dagrun for example_external_task_marker_child to None, run_after=None
[2026-03-12T22:23:52.594+0000] {logging_mixin.py:188} INFO - [2026-03-12T22:23:52.594+0000] {dag.py:3823} INFO - Setting next_dagrun for example_external_task_marker_parent to None, run_after=None
[2026-03-12T22:23:52.610+0000] {processor.py:183} INFO - Processing /home/airflow/.local/lib/python3.8/site-packages/airflow/example_dags/example_external_task_marker_dag.py took 0.064 seconds
[2026-03-12T22:24:23.587+0000] {processor.py:161} INFO - Started process (PID=376) to work on /home/airflow/.local/lib/python3.8/site-packages/airflow/example_dags/example_external_task_marker_dag.py
[2026-03-12T22:24:23.588+0000] {processor.py:830} INFO - Processing file /home/airflow/.local/lib/python3.8/site-packages/airflow/example_dags/example_external_task_marker_dag.py for tasks to queue
[2026-03-12T22:24:23.589+0000] {logging_mixin.py:188} INFO - [2026-03-12T22:24:23.589+0000] {dagbag.py:538} INFO - Filling up the DagBag from /home/airflow/.local/lib/python3.8/site-packages/airflow/example_dags/example_external_task_marker_dag.py
[2026-03-12T22:24:23.594+0000] {processor.py:840} INFO - DAG(s) 'example_external_task_marker_parent', 'example_external_task_marker_child' retrieved from /home/airflow/.local/lib/python3.8/site-packages/airflow/example_dags/example_external_task_marker_dag.py
[2026-03-12T22:24:23.616+0000] {logging_mixin.py:188} INFO - [2026-03-12T22:24:23.616+0000] {dag.py:3036} INFO - Sync 2 DAGs
[2026-03-12T22:24:23.627+0000] {logging_mixin.py:188} INFO - [2026-03-12T22:24:23.627+0000] {dag.py:3823} INFO - Setting next_dagrun for example_external_task_marker_child to None, run_after=None
[2026-03-12T22:24:23.630+0000] {logging_mixin.py:188} INFO - [2026-03-12T22:24:23.630+0000] {dag.py:3823} INFO - Setting next_dagrun for example_external_task_marker_parent to None, run_after=None
[2026-03-12T22:24:23.647+0000] {processor.py:183} INFO - Processing /home/airflow/.local/lib/python3.8/site-packages/airflow/example_dags/example_external_task_marker_dag.py took 0.063 seconds
[2026-03-12T22:24:54.212+0000] {processor.py:161} INFO - Started process (PID=444) to work on /home/airflow/.local/lib/python3.8/site-packages/airflow/example_dags/example_external_task_marker_dag.py
[2026-03-12T22:24:54.213+0000] {processor.py:830} INFO - Processing file /home/airflow/.local/lib/python3.8/site-packages/airflow/example_dags/example_external_task_marker_dag.py for tasks to queue
[2026-03-12T22:24:54.214+0000] {logging_mixin.py:188} INFO - [2026-03-12T22:24:54.214+0000] {dagbag.py:538} INFO - Filling up the DagBag from /home/airflow/.local/lib/python3.8/site-packages/airflow/example_dags/example_external_task_marker_dag.py
[2026-03-12T22:24:54.219+0000] {processor.py:840} INFO - DAG(s) 'example_external_task_marker_parent', 'example_external_task_marker_child' retrieved from /home/airflow/.local/lib/python3.8/site-packages/airflow/example_dags/example_external_task_marker_dag.py
[2026-03-12T22:24:54.240+0000] {logging_mixin.py:188} INFO - [2026-03-12T22:24:54.240+0000] {dag.py:3036} INFO - Sync 2 DAGs
[2026-03-12T22:24:54.250+0000] {logging_mixin.py:188} INFO - [2026-03-12T22:24:54.250+0000] {dag.py:3823} INFO - Setting next_dagrun for example_external_task_marker_child to None, run_after=None
[2026-03-12T22:24:54.253+0000] {logging_mixin.py:188} INFO - [2026-03-12T22:24:54.253+0000] {dag.py:3823} INFO - Setting next_dagrun for example_external_task_marker_parent to None, run_after=None
[2026-03-12T22:24:54.268+0000] {processor.py:183} INFO - Processing /home/airflow/.local/lib/python3.8/site-packages/airflow/example_dags/example_external_task_marker_dag.py took 0.059 seconds
[2026-03-12T22:25:24.371+0000] {processor.py:161} INFO - Started process (PID=512) to work on /home/airflow/.local/lib/python3.8/site-packages/airflow/example_dags/example_external_task_marker_dag.py
[2026-03-12T22:25:24.372+0000] {processor.py:830} INFO - Processing file /home/airflow/.local/lib/python3.8/site-packages/airflow/example_dags/example_external_task_marker_dag.py for tasks to queue
[2026-03-12T22:25:24.374+0000] {logging_mixin.py:188} INFO - [2026-03-12T22:25:24.374+0000] {dagbag.py:538} INFO - Filling up the DagBag from /home/airflow/.local/lib/python3.8/site-packages/airflow/example_dags/example_external_task_marker_dag.py
[2026-03-12T22:25:24.379+0000] {processor.py:840} INFO - DAG(s) 'example_external_task_marker_child', 'example_external_task_marker_parent' retrieved from /home/airflow/.local/lib/python3.8/site-packages/airflow/example_dags/example_external_task_marker_dag.py
[2026-03-12T22:25:24.402+0000] {logging_mixin.py:188} INFO - [2026-03-12T22:25:24.402+0000] {dag.py:3036} INFO - Sync 2 DAGs
[2026-03-12T22:25:24.414+0000] {logging_mixin.py:188} INFO - [2026-03-12T22:25:24.414+0000] {dag.py:3823} INFO - Setting next_dagrun for example_external_task_marker_child to None, run_after=None
[2026-03-12T22:25:24.418+0000] {logging_mixin.py:188} INFO - [2026-03-12T22:25:24.418+0000] {dag.py:3823} INFO - Setting next_dagrun for example_external_task_marker_parent to None, run_after=None
[2026-03-12T22:25:24.434+0000] {processor.py:183} INFO - Processing /home/airflow/.local/lib/python3.8/site-packages/airflow/example_dags/example_external_task_marker_dag.py took 0.065 seconds
[2026-03-12T22:25:54.676+0000] {processor.py:161} INFO - Started process (PID=579) to work on /home/airflow/.local/lib/python3.8/site-packages/airflow/example_dags/example_external_task_marker_dag.py
[2026-03-12T22:25:54.677+0000] {processor.py:830} INFO - Processing file /home/airflow/.local/lib/python3.8/site-packages/airflow/example_dags/example_external_task_marker_dag.py for tasks to queue
[2026-03-12T22:25:54.679+0000] {logging_mixin.py:188} INFO - [2026-03-12T22:25:54.679+0000] {dagbag.py:538} INFO - Filling up the DagBag from /home/airflow/.local/lib/python3.8/site-packages/airflow/example_dags/example_external_task_marker_dag.py
[2026-03-12T22:25:54.684+0000] {processor.py:840} INFO - DAG(s) 'example_external_task_marker_parent', 'example_external_task_marker_child' retrieved from /home/airflow/.local/lib/python3.8/site-packages/airflow/example_dags/example_external_task_marker_dag.py
[2026-03-12T22:25:54.705+0000] {logging_mixin.py:188} INFO - [2026-03-12T22:25:54.705+0000] {dag.py:3036} INFO - Sync 2 DAGs
[2026-03-12T22:25:54.717+0000] {logging_mixin.py:188} INFO - [2026-03-12T22:25:54.717+0000] {dag.py:3823} INFO - Setting next_dagrun for example_external_task_marker_child to None, run_after=None
[2026-03-12T22:25:54.720+0000] {logging_mixin.py:188} INFO - [2026-03-12T22:25:54.720+0000] {dag.py:3823} INFO - Setting next_dagrun for example_external_task_marker_parent to None, run_after=None
[2026-03-12T22:25:54.736+0000] {processor.py:183} INFO - Processing /home/airflow/.local/lib/python3.8/site-packages/airflow/example_dags/example_external_task_marker_dag.py took 0.063 seconds
[2026-03-12T22:26:25.193+0000] {processor.py:161} INFO - Started process (PID=647) to work on /home/airflow/.local/lib/python3.8/site-packages/airflow/example_dags/example_external_task_marker_dag.py
[2026-03-12T22:26:25.194+0000] {processor.py:830} INFO - Processing file /home/airflow/.local/lib/python3.8/site-packages/airflow/example_dags/example_external_task_marker_dag.py for tasks to queue
[2026-03-12T22:26:25.196+0000] {logging_mixin.py:188} INFO - [2026-03-12T22:26:25.195+0000] {dagbag.py:538} INFO - Filling up the DagBag from /home/airflow/.local/lib/python3.8/site-packages/airflow/example_dags/example_external_task_marker_dag.py
[2026-03-12T22:26:25.201+0000] {processor.py:840} INFO - DAG(s) 'example_external_task_marker_parent', 'example_external_task_marker_child' retrieved from /home/airflow/.local/lib/python3.8/site-packages/airflow/example_dags/example_external_task_marker_dag.py
[2026-03-12T22:26:25.223+0000] {logging_mixin.py:188} INFO - [2026-03-12T22:26:25.222+0000] {dag.py:3036} INFO - Sync 2 DAGs
[2026-03-12T22:26:25.233+0000] {logging_mixin.py:188} INFO - [2026-03-12T22:26:25.233+0000] {dag.py:3823} INFO - Setting next_dagrun for example_external_task_marker_child to None, run_after=None
[2026-03-12T22:26:25.237+0000] {logging_mixin.py:188} INFO - [2026-03-12T22:26:25.237+0000] {dag.py:3823} INFO - Setting next_dagrun for example_external_task_marker_parent to None, run_after=None
[2026-03-12T22:26:25.256+0000] {processor.py:183} INFO - Processing /home/airflow/.local/lib/python3.8/site-packages/airflow/example_dags/example_external_task_marker_dag.py took 0.065 seconds
[2026-03-12T22:26:56.251+0000] {processor.py:161} INFO - Started process (PID=716) to work on /home/airflow/.local/lib/python3.8/site-packages/airflow/example_dags/example_external_task_marker_dag.py
[2026-03-12T22:26:56.252+0000] {processor.py:830} INFO - Processing file /home/airflow/.local/lib/python3.8/site-packages/airflow/example_dags/example_external_task_marker_dag.py for tasks to queue
[2026-03-12T22:26:56.254+0000] {logging_mixin.py:188} INFO - [2026-03-12T22:26:56.253+0000] {dagbag.py:538} INFO - Filling up the DagBag from /home/airflow/.local/lib/python3.8/site-packages/airflow/example_dags/example_external_task_marker_dag.py
[2026-03-12T22:26:56.259+0000] {processor.py:840} INFO - DAG(s) 'example_external_task_marker_child', 'example_external_task_marker_parent' retrieved from /home/airflow/.local/lib/python3.8/site-packages/airflow/example_dags/example_external_task_marker_dag.py
[2026-03-12T22:26:56.280+0000] {logging_mixin.py:188} INFO - [2026-03-12T22:26:56.279+0000] {dag.py:3036} INFO - Sync 2 DAGs
[2026-03-12T22:26:56.291+0000] {logging_mixin.py:188} INFO - [2026-03-12T22:26:56.290+0000] {dag.py:3823} INFO - Setting next_dagrun for example_external_task_marker_child to None, run_after=None
[2026-03-12T22:26:56.294+0000] {logging_mixin.py:188} INFO - [2026-03-12T22:26:56.294+0000] {dag.py:3823} INFO - Setting next_dagrun for example_external_task_marker_parent to None, run_after=None
[2026-03-12T22:26:56.309+0000] {processor.py:183} INFO - Processing /home/airflow/.local/lib/python3.8/site-packages/airflow/example_dags/example_external_task_marker_dag.py took 0.061 seconds
[2026-03-12T22:27:26.996+0000] {processor.py:161} INFO - Started process (PID=784) to work on /home/airflow/.local/lib/python3.8/site-packages/airflow/example_dags/example_external_task_marker_dag.py
[2026-03-12T22:27:26.996+0000] {processor.py:830} INFO - Processing file /home/airflow/.local/lib/python3.8/site-packages/airflow/example_dags/example_external_task_marker_dag.py for tasks to queue
[2026-03-12T22:27:26.998+0000] {logging_mixin.py:188} INFO - [2026-03-12T22:27:26.998+0000] {dagbag.py:538} INFO - Filling up the DagBag from /home/airflow/.local/lib/python3.8/site-packages/airflow/example_dags/example_external_task_marker_dag.py
[2026-03-12T22:27:27.003+0000] {processor.py:840} INFO - DAG(s) 'example_external_task_marker_child', 'example_external_task_marker_parent' retrieved from /home/airflow/.local/lib/python3.8/site-packages/airflow/example_dags/example_external_task_marker_dag.py
[2026-03-12T22:27:27.025+0000] {logging_mixin.py:188} INFO - [2026-03-12T22:27:27.025+0000] {dag.py:3036} INFO - Sync 2 DAGs
[2026-03-12T22:27:27.037+0000] {logging_mixin.py:188} INFO - [2026-03-12T22:27:27.037+0000] {dag.py:3823} INFO - Setting next_dagrun for example_external_task_marker_child to None, run_after=None
[2026-03-12T22:27:27.040+0000] {logging_mixin.py:188} INFO - [2026-03-12T22:27:27.040+0000] {dag.py:3823} INFO - Setting next_dagrun for example_external_task_marker_parent to None, run_after=None
[2026-03-12T22:27:27.057+0000] {processor.py:183} INFO - Processing /home/airflow/.local/lib/python3.8/site-packages/airflow/example_dags/example_external_task_marker_dag.py took 0.065 seconds
[2026-03-12T22:27:57.396+0000] {processor.py:161} INFO - Started process (PID=852) to work on /home/airflow/.local/lib/python3.8/site-packages/airflow/example_dags/example_external_task_marker_dag.py
[2026-03-12T22:27:57.397+0000] {processor.py:830} INFO - Processing file /home/airflow/.local/lib/python3.8/site-packages/airflow/example_dags/example_external_task_marker_dag.py for tasks to queue
[2026-03-12T22:27:57.398+0000] {logging_mixin.py:188} INFO - [2026-03-12T22:27:57.398+0000] {dagbag.py:538} INFO - Filling up the DagBag from /home/airflow/.local/lib/python3.8/site-packages/airflow/example_dags/example_external_task_marker_dag.py
[2026-03-12T22:27:57.403+0000] {processor.py:840} INFO - DAG(s) 'example_external_task_marker_parent', 'example_external_task_marker_child' retrieved from /home/airflow/.local/lib/python3.8/site-packages/airflow/example_dags/example_external_task_marker_dag.py
[2026-03-12T22:27:57.426+0000] {logging_mixin.py:188} INFO - [2026-03-12T22:27:57.425+0000] {dag.py:3036} INFO - Sync 2 DAGs
[2026-03-12T22:27:57.437+0000] {logging_mixin.py:188} INFO - [2026-03-12T22:27:57.437+0000] {dag.py:3823} INFO - Setting next_dagrun for example_external_task_marker_child to None, run_after=None
[2026-03-12T22:27:57.441+0000] {logging_mixin.py:188} INFO - [2026-03-12T22:27:57.440+0000] {dag.py:3823} INFO - Setting next_dagrun for example_external_task_marker_parent to None, run_after=None
[2026-03-12T22:27:57.457+0000] {processor.py:183} INFO - Processing /home/airflow/.local/lib/python3.8/site-packages/airflow/example_dags/example_external_task_marker_dag.py took 0.064 seconds
[2026-03-12T22:28:27.702+0000] {processor.py:161} INFO - Started process (PID=920) to work on /home/airflow/.local/lib/python3.8/site-packages/airflow/example_dags/example_external_task_marker_dag.py
[2026-03-12T22:28:27.703+0000] {processor.py:830} INFO - Processing file /home/airflow/.local/lib/python3.8/site-packages/airflow/example_dags/example_external_task_marker_dag.py for tasks to queue
[2026-03-12T22:28:27.704+0000] {logging_mixin.py:188} INFO - [2026-03-12T22:28:27.704+0000] {dagbag.py:538} INFO - Filling up the DagBag from /home/airflow/.local/lib/python3.8/site-packages/airflow/example_dags/example_external_task_marker_dag.py
[2026-03-12T22:28:27.709+0000] {processor.py:840} INFO - DAG(s) 'example_external_task_marker_parent', 'example_external_task_marker_child' retrieved from /home/airflow/.local/lib/python3.8/site-packages/airflow/example_dags/example_external_task_marker_dag.py
[2026-03-12T22:28:27.731+0000] {logging_mixin.py:188} INFO - [2026-03-12T22:28:27.731+0000] {dag.py:3036} INFO - Sync 2 DAGs
[2026-03-12T22:28:27.743+0000] {logging_mixin.py:188} INFO - [2026-03-12T22:28:27.742+0000] {dag.py:3823} INFO - Setting next_dagrun for example_external_task_marker_child to None, run_after=None
[2026-03-12T22:28:27.746+0000] {logging_mixin.py:188} INFO - [2026-03-12T22:28:27.745+0000] {dag.py:3823} INFO - Setting next_dagrun for example_external_task_marker_parent to None, run_after=None
[2026-03-12T22:28:27.760+0000] {processor.py:183} INFO - Processing /home/airflow/.local/lib/python3.8/site-packages/airflow/example_dags/example_external_task_marker_dag.py took 0.061 seconds
