[2026-03-12T22:22:23.128+0000] {processor.py:161} INFO - Started process (PID=140) to work on /home/airflow/.local/lib/python3.8/site-packages/airflow/example_dags/example_xcomargs.py
[2026-03-12T22:22:23.129+0000] {processor.py:830} INFO - Processing file /home/airflow/.local/lib/python3.8/site-packages/airflow/example_dags/example_xcomargs.py for tasks to queue
[2026-03-12T22:22:23.130+0000] {logging_mixin.py:188} INFO - [2026-03-12T22:22:23.130+0000] {dagbag.py:538} INFO - Filling up the DagBag from /home/airflow/.local/lib/python3.8/site-packages/airflow/example_dags/example_xcomargs.py
[2026-03-12T22:22:23.138+0000] {processor.py:840} INFO - DAG(s) 'example_xcom_args_with_operators', 'example_xcom_args' retrieved from /home/airflow/.local/lib/python3.8/site-packages/airflow/example_dags/example_xcomargs.py
[2026-03-12T22:22:23.162+0000] {logging_mixin.py:188} INFO - [2026-03-12T22:22:23.162+0000] {dag.py:3036} INFO - Sync 2 DAGs
[2026-03-12T22:22:23.174+0000] {logging_mixin.py:188} INFO - [2026-03-12T22:22:23.174+0000] {dag.py:3823} INFO - Setting next_dagrun for example_xcom_args to None, run_after=None
[2026-03-12T22:22:23.178+0000] {logging_mixin.py:188} INFO - [2026-03-12T22:22:23.178+0000] {dag.py:3823} INFO - Setting next_dagrun for example_xcom_args_with_operators to None, run_after=None
[2026-03-12T22:22:23.196+0000] {processor.py:183} INFO - Processing /home/airflow/.local/lib/python3.8/site-packages/airflow/example_dags/example_xcomargs.py took 0.071 seconds
[2026-03-12T22:22:53.683+0000] {processor.py:161} INFO - Started process (PID=208) to work on /home/airflow/.local/lib/python3.8/site-packages/airflow/example_dags/example_xcomargs.py
[2026-03-12T22:22:53.685+0000] {processor.py:830} INFO - Processing file /home/airflow/.local/lib/python3.8/site-packages/airflow/example_dags/example_xcomargs.py for tasks to queue
[2026-03-12T22:22:53.687+0000] {logging_mixin.py:188} INFO - [2026-03-12T22:22:53.686+0000] {dagbag.py:538} INFO - Filling up the DagBag from /home/airflow/.local/lib/python3.8/site-packages/airflow/example_dags/example_xcomargs.py
[2026-03-12T22:22:53.693+0000] {processor.py:840} INFO - DAG(s) 'example_xcom_args', 'example_xcom_args_with_operators' retrieved from /home/airflow/.local/lib/python3.8/site-packages/airflow/example_dags/example_xcomargs.py
[2026-03-12T22:22:53.715+0000] {logging_mixin.py:188} INFO - [2026-03-12T22:22:53.715+0000] {dag.py:3036} INFO - Sync 2 DAGs
[2026-03-12T22:22:53.727+0000] {logging_mixin.py:188} INFO - [2026-03-12T22:22:53.726+0000] {dag.py:3823} INFO - Setting next_dagrun for example_xcom_args to None, run_after=None
[2026-03-12T22:22:53.730+0000] {logging_mixin.py:188} INFO - [2026-03-12T22:22:53.730+0000] {dag.py:3823} INFO - Setting next_dagrun for example_xcom_args_with_operators to None, run_after=None
[2026-03-12T22:22:53.746+0000] {processor.py:183} INFO - Processing /home/airflow/.local/lib/python3.8/site-packages/airflow/example_dags/example_xcomargs.py took 0.066 seconds
[2026-03-12T22:23:25.020+0000] {processor.py:161} INFO - Started process (PID=276) to work on /home/airflow/.local/lib/python3.8/site-packages/airflow/example_dags/example_xcomargs.py
[2026-03-12T22:23:25.021+0000] {processor.py:830} INFO - Processing file /home/airflow/.local/lib/python3.8/site-packages/airflow/example_dags/example_xcomargs.py for tasks to queue
[2026-03-12T22:23:25.022+0000] {logging_mixin.py:188} INFO - [2026-03-12T22:23:25.022+0000] {dagbag.py:538} INFO - Filling up the DagBag from /home/airflow/.local/lib/python3.8/site-packages/airflow/example_dags/example_xcomargs.py
[2026-03-12T22:23:25.031+0000] {processor.py:840} INFO - DAG(s) 'example_xcom_args', 'example_xcom_args_with_operators' retrieved from /home/airflow/.local/lib/python3.8/site-packages/airflow/example_dags/example_xcomargs.py
[2026-03-12T22:23:25.054+0000] {logging_mixin.py:188} INFO - [2026-03-12T22:23:25.054+0000] {dag.py:3036} INFO - Sync 2 DAGs
[2026-03-12T22:23:25.066+0000] {logging_mixin.py:188} INFO - [2026-03-12T22:23:25.066+0000] {dag.py:3823} INFO - Setting next_dagrun for example_xcom_args to None, run_after=None
[2026-03-12T22:23:25.069+0000] {logging_mixin.py:188} INFO - [2026-03-12T22:23:25.069+0000] {dag.py:3823} INFO - Setting next_dagrun for example_xcom_args_with_operators to None, run_after=None
[2026-03-12T22:23:25.087+0000] {processor.py:183} INFO - Processing /home/airflow/.local/lib/python3.8/site-packages/airflow/example_dags/example_xcomargs.py took 0.070 seconds
[2026-03-12T22:23:56.222+0000] {processor.py:161} INFO - Started process (PID=344) to work on /home/airflow/.local/lib/python3.8/site-packages/airflow/example_dags/example_xcomargs.py
[2026-03-12T22:23:56.222+0000] {processor.py:830} INFO - Processing file /home/airflow/.local/lib/python3.8/site-packages/airflow/example_dags/example_xcomargs.py for tasks to queue
[2026-03-12T22:23:56.224+0000] {logging_mixin.py:188} INFO - [2026-03-12T22:23:56.224+0000] {dagbag.py:538} INFO - Filling up the DagBag from /home/airflow/.local/lib/python3.8/site-packages/airflow/example_dags/example_xcomargs.py
[2026-03-12T22:23:56.230+0000] {processor.py:840} INFO - DAG(s) 'example_xcom_args', 'example_xcom_args_with_operators' retrieved from /home/airflow/.local/lib/python3.8/site-packages/airflow/example_dags/example_xcomargs.py
[2026-03-12T22:23:56.253+0000] {logging_mixin.py:188} INFO - [2026-03-12T22:23:56.253+0000] {dag.py:3036} INFO - Sync 2 DAGs
[2026-03-12T22:23:56.265+0000] {logging_mixin.py:188} INFO - [2026-03-12T22:23:56.265+0000] {dag.py:3823} INFO - Setting next_dagrun for example_xcom_args to None, run_after=None
[2026-03-12T22:23:56.268+0000] {logging_mixin.py:188} INFO - [2026-03-12T22:23:56.268+0000] {dag.py:3823} INFO - Setting next_dagrun for example_xcom_args_with_operators to None, run_after=None
[2026-03-12T22:23:56.288+0000] {processor.py:183} INFO - Processing /home/airflow/.local/lib/python3.8/site-packages/airflow/example_dags/example_xcomargs.py took 0.069 seconds
[2026-03-12T22:24:26.585+0000] {processor.py:161} INFO - Started process (PID=401) to work on /home/airflow/.local/lib/python3.8/site-packages/airflow/example_dags/example_xcomargs.py
[2026-03-12T22:24:26.586+0000] {processor.py:830} INFO - Processing file /home/airflow/.local/lib/python3.8/site-packages/airflow/example_dags/example_xcomargs.py for tasks to queue
[2026-03-12T22:24:26.587+0000] {logging_mixin.py:188} INFO - [2026-03-12T22:24:26.587+0000] {dagbag.py:538} INFO - Filling up the DagBag from /home/airflow/.local/lib/python3.8/site-packages/airflow/example_dags/example_xcomargs.py
[2026-03-12T22:24:26.594+0000] {processor.py:840} INFO - DAG(s) 'example_xcom_args_with_operators', 'example_xcom_args' retrieved from /home/airflow/.local/lib/python3.8/site-packages/airflow/example_dags/example_xcomargs.py
[2026-03-12T22:24:26.616+0000] {logging_mixin.py:188} INFO - [2026-03-12T22:24:26.615+0000] {dag.py:3036} INFO - Sync 2 DAGs
[2026-03-12T22:24:26.627+0000] {logging_mixin.py:188} INFO - [2026-03-12T22:24:26.627+0000] {dag.py:3823} INFO - Setting next_dagrun for example_xcom_args to None, run_after=None
[2026-03-12T22:24:26.630+0000] {logging_mixin.py:188} INFO - [2026-03-12T22:24:26.630+0000] {dag.py:3823} INFO - Setting next_dagrun for example_xcom_args_with_operators to None, run_after=None
[2026-03-12T22:24:26.647+0000] {processor.py:183} INFO - Processing /home/airflow/.local/lib/python3.8/site-packages/airflow/example_dags/example_xcomargs.py took 0.065 seconds
[2026-03-12T22:24:56.720+0000] {processor.py:161} INFO - Started process (PID=467) to work on /home/airflow/.local/lib/python3.8/site-packages/airflow/example_dags/example_xcomargs.py
[2026-03-12T22:24:56.721+0000] {processor.py:830} INFO - Processing file /home/airflow/.local/lib/python3.8/site-packages/airflow/example_dags/example_xcomargs.py for tasks to queue
[2026-03-12T22:24:56.723+0000] {logging_mixin.py:188} INFO - [2026-03-12T22:24:56.722+0000] {dagbag.py:538} INFO - Filling up the DagBag from /home/airflow/.local/lib/python3.8/site-packages/airflow/example_dags/example_xcomargs.py
[2026-03-12T22:24:56.729+0000] {processor.py:840} INFO - DAG(s) 'example_xcom_args', 'example_xcom_args_with_operators' retrieved from /home/airflow/.local/lib/python3.8/site-packages/airflow/example_dags/example_xcomargs.py
[2026-03-12T22:24:56.751+0000] {logging_mixin.py:188} INFO - [2026-03-12T22:24:56.751+0000] {dag.py:3036} INFO - Sync 2 DAGs
[2026-03-12T22:24:56.761+0000] {logging_mixin.py:188} INFO - [2026-03-12T22:24:56.761+0000] {dag.py:3823} INFO - Setting next_dagrun for example_xcom_args to None, run_after=None
[2026-03-12T22:24:56.764+0000] {logging_mixin.py:188} INFO - [2026-03-12T22:24:56.764+0000] {dag.py:3823} INFO - Setting next_dagrun for example_xcom_args_with_operators to None, run_after=None
[2026-03-12T22:24:56.778+0000] {processor.py:183} INFO - Processing /home/airflow/.local/lib/python3.8/site-packages/airflow/example_dags/example_xcomargs.py took 0.061 seconds
[2026-03-12T22:25:27.580+0000] {processor.py:161} INFO - Started process (PID=535) to work on /home/airflow/.local/lib/python3.8/site-packages/airflow/example_dags/example_xcomargs.py
[2026-03-12T22:25:27.581+0000] {processor.py:830} INFO - Processing file /home/airflow/.local/lib/python3.8/site-packages/airflow/example_dags/example_xcomargs.py for tasks to queue
[2026-03-12T22:25:27.583+0000] {logging_mixin.py:188} INFO - [2026-03-12T22:25:27.582+0000] {dagbag.py:538} INFO - Filling up the DagBag from /home/airflow/.local/lib/python3.8/site-packages/airflow/example_dags/example_xcomargs.py
[2026-03-12T22:25:27.590+0000] {processor.py:840} INFO - DAG(s) 'example_xcom_args_with_operators', 'example_xcom_args' retrieved from /home/airflow/.local/lib/python3.8/site-packages/airflow/example_dags/example_xcomargs.py
[2026-03-12T22:25:27.614+0000] {logging_mixin.py:188} INFO - [2026-03-12T22:25:27.614+0000] {dag.py:3036} INFO - Sync 2 DAGs
[2026-03-12T22:25:27.627+0000] {logging_mixin.py:188} INFO - [2026-03-12T22:25:27.626+0000] {dag.py:3823} INFO - Setting next_dagrun for example_xcom_args to None, run_after=None
[2026-03-12T22:25:27.631+0000] {logging_mixin.py:188} INFO - [2026-03-12T22:25:27.630+0000] {dag.py:3823} INFO - Setting next_dagrun for example_xcom_args_with_operators to None, run_after=None
[2026-03-12T22:25:27.651+0000] {processor.py:183} INFO - Processing /home/airflow/.local/lib/python3.8/site-packages/airflow/example_dags/example_xcomargs.py took 0.074 seconds
[2026-03-12T22:25:57.928+0000] {processor.py:161} INFO - Started process (PID=603) to work on /home/airflow/.local/lib/python3.8/site-packages/airflow/example_dags/example_xcomargs.py
[2026-03-12T22:25:57.930+0000] {processor.py:830} INFO - Processing file /home/airflow/.local/lib/python3.8/site-packages/airflow/example_dags/example_xcomargs.py for tasks to queue
[2026-03-12T22:25:57.932+0000] {logging_mixin.py:188} INFO - [2026-03-12T22:25:57.931+0000] {dagbag.py:538} INFO - Filling up the DagBag from /home/airflow/.local/lib/python3.8/site-packages/airflow/example_dags/example_xcomargs.py
[2026-03-12T22:25:57.939+0000] {processor.py:840} INFO - DAG(s) 'example_xcom_args', 'example_xcom_args_with_operators' retrieved from /home/airflow/.local/lib/python3.8/site-packages/airflow/example_dags/example_xcomargs.py
[2026-03-12T22:25:57.960+0000] {logging_mixin.py:188} INFO - [2026-03-12T22:25:57.960+0000] {dag.py:3036} INFO - Sync 2 DAGs
[2026-03-12T22:25:57.971+0000] {logging_mixin.py:188} INFO - [2026-03-12T22:25:57.971+0000] {dag.py:3823} INFO - Setting next_dagrun for example_xcom_args to None, run_after=None
[2026-03-12T22:25:57.975+0000] {logging_mixin.py:188} INFO - [2026-03-12T22:25:57.974+0000] {dag.py:3823} INFO - Setting next_dagrun for example_xcom_args_with_operators to None, run_after=None
[2026-03-12T22:25:57.990+0000] {processor.py:183} INFO - Processing /home/airflow/.local/lib/python3.8/site-packages/airflow/example_dags/example_xcomargs.py took 0.065 seconds
[2026-03-12T22:26:28.979+0000] {processor.py:161} INFO - Started process (PID=671) to work on /home/airflow/.local/lib/python3.8/site-packages/airflow/example_dags/example_xcomargs.py
[2026-03-12T22:26:28.981+0000] {processor.py:830} INFO - Processing file /home/airflow/.local/lib/python3.8/site-packages/airflow/example_dags/example_xcomargs.py for tasks to queue
[2026-03-12T22:26:28.984+0000] {logging_mixin.py:188} INFO - [2026-03-12T22:26:28.984+0000] {dagbag.py:538} INFO - Filling up the DagBag from /home/airflow/.local/lib/python3.8/site-packages/airflow/example_dags/example_xcomargs.py
[2026-03-12T22:26:28.991+0000] {processor.py:840} INFO - DAG(s) 'example_xcom_args_with_operators', 'example_xcom_args' retrieved from /home/airflow/.local/lib/python3.8/site-packages/airflow/example_dags/example_xcomargs.py
[2026-03-12T22:26:29.012+0000] {logging_mixin.py:188} INFO - [2026-03-12T22:26:29.012+0000] {dag.py:3036} INFO - Sync 2 DAGs
[2026-03-12T22:26:29.023+0000] {logging_mixin.py:188} INFO - [2026-03-12T22:26:29.023+0000] {dag.py:3823} INFO - Setting next_dagrun for example_xcom_args to None, run_after=None
[2026-03-12T22:26:29.026+0000] {logging_mixin.py:188} INFO - [2026-03-12T22:26:29.026+0000] {dag.py:3823} INFO - Setting next_dagrun for example_xcom_args_with_operators to None, run_after=None
[2026-03-12T22:26:29.042+0000] {processor.py:183} INFO - Processing /home/airflow/.local/lib/python3.8/site-packages/airflow/example_dags/example_xcomargs.py took 0.065 seconds
[2026-03-12T22:26:59.453+0000] {processor.py:161} INFO - Started process (PID=739) to work on /home/airflow/.local/lib/python3.8/site-packages/airflow/example_dags/example_xcomargs.py
[2026-03-12T22:26:59.454+0000] {processor.py:830} INFO - Processing file /home/airflow/.local/lib/python3.8/site-packages/airflow/example_dags/example_xcomargs.py for tasks to queue
[2026-03-12T22:26:59.455+0000] {logging_mixin.py:188} INFO - [2026-03-12T22:26:59.455+0000] {dagbag.py:538} INFO - Filling up the DagBag from /home/airflow/.local/lib/python3.8/site-packages/airflow/example_dags/example_xcomargs.py
[2026-03-12T22:26:59.462+0000] {processor.py:840} INFO - DAG(s) 'example_xcom_args_with_operators', 'example_xcom_args' retrieved from /home/airflow/.local/lib/python3.8/site-packages/airflow/example_dags/example_xcomargs.py
[2026-03-12T22:26:59.485+0000] {logging_mixin.py:188} INFO - [2026-03-12T22:26:59.485+0000] {dag.py:3036} INFO - Sync 2 DAGs
[2026-03-12T22:26:59.496+0000] {logging_mixin.py:188} INFO - [2026-03-12T22:26:59.496+0000] {dag.py:3823} INFO - Setting next_dagrun for example_xcom_args to None, run_after=None
[2026-03-12T22:26:59.500+0000] {logging_mixin.py:188} INFO - [2026-03-12T22:26:59.499+0000] {dag.py:3823} INFO - Setting next_dagrun for example_xcom_args_with_operators to None, run_after=None
[2026-03-12T22:26:59.517+0000] {processor.py:183} INFO - Processing /home/airflow/.local/lib/python3.8/site-packages/airflow/example_dags/example_xcomargs.py took 0.067 seconds
[2026-03-12T22:27:30.040+0000] {processor.py:161} INFO - Started process (PID=807) to work on /home/airflow/.local/lib/python3.8/site-packages/airflow/example_dags/example_xcomargs.py
[2026-03-12T22:27:30.041+0000] {processor.py:830} INFO - Processing file /home/airflow/.local/lib/python3.8/site-packages/airflow/example_dags/example_xcomargs.py for tasks to queue
[2026-03-12T22:27:30.042+0000] {logging_mixin.py:188} INFO - [2026-03-12T22:27:30.042+0000] {dagbag.py:538} INFO - Filling up the DagBag from /home/airflow/.local/lib/python3.8/site-packages/airflow/example_dags/example_xcomargs.py
[2026-03-12T22:27:30.049+0000] {processor.py:840} INFO - DAG(s) 'example_xcom_args', 'example_xcom_args_with_operators' retrieved from /home/airflow/.local/lib/python3.8/site-packages/airflow/example_dags/example_xcomargs.py
[2026-03-12T22:27:30.073+0000] {logging_mixin.py:188} INFO - [2026-03-12T22:27:30.072+0000] {dag.py:3036} INFO - Sync 2 DAGs
[2026-03-12T22:27:30.084+0000] {logging_mixin.py:188} INFO - [2026-03-12T22:27:30.084+0000] {dag.py:3823} INFO - Setting next_dagrun for example_xcom_args to None, run_after=None
[2026-03-12T22:27:30.087+0000] {logging_mixin.py:188} INFO - [2026-03-12T22:27:30.087+0000] {dag.py:3823} INFO - Setting next_dagrun for example_xcom_args_with_operators to None, run_after=None
[2026-03-12T22:27:30.103+0000] {processor.py:183} INFO - Processing /home/airflow/.local/lib/python3.8/site-packages/airflow/example_dags/example_xcomargs.py took 0.066 seconds
[2026-03-12T22:28:00.453+0000] {processor.py:161} INFO - Started process (PID=875) to work on /home/airflow/.local/lib/python3.8/site-packages/airflow/example_dags/example_xcomargs.py
[2026-03-12T22:28:00.454+0000] {processor.py:830} INFO - Processing file /home/airflow/.local/lib/python3.8/site-packages/airflow/example_dags/example_xcomargs.py for tasks to queue
[2026-03-12T22:28:00.456+0000] {logging_mixin.py:188} INFO - [2026-03-12T22:28:00.456+0000] {dagbag.py:538} INFO - Filling up the DagBag from /home/airflow/.local/lib/python3.8/site-packages/airflow/example_dags/example_xcomargs.py
[2026-03-12T22:28:00.463+0000] {processor.py:840} INFO - DAG(s) 'example_xcom_args_with_operators', 'example_xcom_args' retrieved from /home/airflow/.local/lib/python3.8/site-packages/airflow/example_dags/example_xcomargs.py
[2026-03-12T22:28:00.485+0000] {logging_mixin.py:188} INFO - [2026-03-12T22:28:00.485+0000] {dag.py:3036} INFO - Sync 2 DAGs
[2026-03-12T22:28:00.496+0000] {logging_mixin.py:188} INFO - [2026-03-12T22:28:00.496+0000] {dag.py:3823} INFO - Setting next_dagrun for example_xcom_args to None, run_after=None
[2026-03-12T22:28:00.499+0000] {logging_mixin.py:188} INFO - [2026-03-12T22:28:00.499+0000] {dag.py:3823} INFO - Setting next_dagrun for example_xcom_args_with_operators to None, run_after=None
[2026-03-12T22:28:00.515+0000] {processor.py:183} INFO - Processing /home/airflow/.local/lib/python3.8/site-packages/airflow/example_dags/example_xcomargs.py took 0.065 seconds
[2026-03-12T22:28:30.767+0000] {processor.py:161} INFO - Started process (PID=943) to work on /home/airflow/.local/lib/python3.8/site-packages/airflow/example_dags/example_xcomargs.py
[2026-03-12T22:28:30.768+0000] {processor.py:830} INFO - Processing file /home/airflow/.local/lib/python3.8/site-packages/airflow/example_dags/example_xcomargs.py for tasks to queue
[2026-03-12T22:28:30.769+0000] {logging_mixin.py:188} INFO - [2026-03-12T22:28:30.769+0000] {dagbag.py:538} INFO - Filling up the DagBag from /home/airflow/.local/lib/python3.8/site-packages/airflow/example_dags/example_xcomargs.py
[2026-03-12T22:28:30.776+0000] {processor.py:840} INFO - DAG(s) 'example_xcom_args_with_operators', 'example_xcom_args' retrieved from /home/airflow/.local/lib/python3.8/site-packages/airflow/example_dags/example_xcomargs.py
[2026-03-12T22:28:30.799+0000] {logging_mixin.py:188} INFO - [2026-03-12T22:28:30.799+0000] {dag.py:3036} INFO - Sync 2 DAGs
[2026-03-12T22:28:30.810+0000] {logging_mixin.py:188} INFO - [2026-03-12T22:28:30.809+0000] {dag.py:3823} INFO - Setting next_dagrun for example_xcom_args to None, run_after=None
[2026-03-12T22:28:30.813+0000] {logging_mixin.py:188} INFO - [2026-03-12T22:28:30.812+0000] {dag.py:3823} INFO - Setting next_dagrun for example_xcom_args_with_operators to None, run_after=None
[2026-03-12T22:28:30.828+0000] {processor.py:183} INFO - Processing /home/airflow/.local/lib/python3.8/site-packages/airflow/example_dags/example_xcomargs.py took 0.065 seconds
