[2026-03-12T22:22:22.422+0000] {processor.py:161} INFO - Started process (PID=128) to work on /home/airflow/.local/lib/python3.8/site-packages/airflow/example_dags/example_nested_branch_dag.py
[2026-03-12T22:22:22.423+0000] {processor.py:830} INFO - Processing file /home/airflow/.local/lib/python3.8/site-packages/airflow/example_dags/example_nested_branch_dag.py for tasks to queue
[2026-03-12T22:22:22.424+0000] {logging_mixin.py:188} INFO - [2026-03-12T22:22:22.424+0000] {dagbag.py:538} INFO - Filling up the DagBag from /home/airflow/.local/lib/python3.8/site-packages/airflow/example_dags/example_nested_branch_dag.py
[2026-03-12T22:22:22.433+0000] {processor.py:840} INFO - DAG(s) 'example_nested_branch_dag' retrieved from /home/airflow/.local/lib/python3.8/site-packages/airflow/example_dags/example_nested_branch_dag.py
[2026-03-12T22:22:22.460+0000] {logging_mixin.py:188} INFO - [2026-03-12T22:22:22.459+0000] {dag.py:3036} INFO - Sync 1 DAGs
[2026-03-12T22:22:22.480+0000] {logging_mixin.py:188} INFO - [2026-03-12T22:22:22.480+0000] {dag.py:3823} INFO - Setting next_dagrun for example_nested_branch_dag to 2026-03-11 00:00:00+00:00, run_after=2026-03-12 00:00:00+00:00
[2026-03-12T22:22:22.500+0000] {processor.py:183} INFO - Processing /home/airflow/.local/lib/python3.8/site-packages/airflow/example_dags/example_nested_branch_dag.py took 0.081 seconds
[2026-03-12T22:22:53.067+0000] {processor.py:161} INFO - Started process (PID=196) to work on /home/airflow/.local/lib/python3.8/site-packages/airflow/example_dags/example_nested_branch_dag.py
[2026-03-12T22:22:53.068+0000] {processor.py:830} INFO - Processing file /home/airflow/.local/lib/python3.8/site-packages/airflow/example_dags/example_nested_branch_dag.py for tasks to queue
[2026-03-12T22:22:53.069+0000] {logging_mixin.py:188} INFO - [2026-03-12T22:22:53.069+0000] {dagbag.py:538} INFO - Filling up the DagBag from /home/airflow/.local/lib/python3.8/site-packages/airflow/example_dags/example_nested_branch_dag.py
[2026-03-12T22:22:53.078+0000] {processor.py:840} INFO - DAG(s) 'example_nested_branch_dag' retrieved from /home/airflow/.local/lib/python3.8/site-packages/airflow/example_dags/example_nested_branch_dag.py
[2026-03-12T22:22:53.098+0000] {logging_mixin.py:188} INFO - [2026-03-12T22:22:53.097+0000] {dag.py:3036} INFO - Sync 1 DAGs
[2026-03-12T22:22:53.118+0000] {logging_mixin.py:188} INFO - [2026-03-12T22:22:53.118+0000] {dag.py:3823} INFO - Setting next_dagrun for example_nested_branch_dag to 2026-03-11 00:00:00+00:00, run_after=2026-03-12 00:00:00+00:00
[2026-03-12T22:22:53.135+0000] {processor.py:183} INFO - Processing /home/airflow/.local/lib/python3.8/site-packages/airflow/example_dags/example_nested_branch_dag.py took 0.071 seconds
[2026-03-12T22:23:24.303+0000] {processor.py:161} INFO - Started process (PID=264) to work on /home/airflow/.local/lib/python3.8/site-packages/airflow/example_dags/example_nested_branch_dag.py
[2026-03-12T22:23:24.304+0000] {processor.py:830} INFO - Processing file /home/airflow/.local/lib/python3.8/site-packages/airflow/example_dags/example_nested_branch_dag.py for tasks to queue
[2026-03-12T22:23:24.305+0000] {logging_mixin.py:188} INFO - [2026-03-12T22:23:24.305+0000] {dagbag.py:538} INFO - Filling up the DagBag from /home/airflow/.local/lib/python3.8/site-packages/airflow/example_dags/example_nested_branch_dag.py
[2026-03-12T22:23:24.314+0000] {processor.py:840} INFO - DAG(s) 'example_nested_branch_dag' retrieved from /home/airflow/.local/lib/python3.8/site-packages/airflow/example_dags/example_nested_branch_dag.py
[2026-03-12T22:23:24.335+0000] {logging_mixin.py:188} INFO - [2026-03-12T22:23:24.335+0000] {dag.py:3036} INFO - Sync 1 DAGs
[2026-03-12T22:23:24.356+0000] {logging_mixin.py:188} INFO - [2026-03-12T22:23:24.356+0000] {dag.py:3823} INFO - Setting next_dagrun for example_nested_branch_dag to 2026-03-11 00:00:00+00:00, run_after=2026-03-12 00:00:00+00:00
[2026-03-12T22:23:24.375+0000] {processor.py:183} INFO - Processing /home/airflow/.local/lib/python3.8/site-packages/airflow/example_dags/example_nested_branch_dag.py took 0.075 seconds
[2026-03-12T22:23:55.320+0000] {processor.py:161} INFO - Started process (PID=321) to work on /home/airflow/.local/lib/python3.8/site-packages/airflow/example_dags/example_nested_branch_dag.py
[2026-03-12T22:23:55.322+0000] {processor.py:830} INFO - Processing file /home/airflow/.local/lib/python3.8/site-packages/airflow/example_dags/example_nested_branch_dag.py for tasks to queue
[2026-03-12T22:23:55.323+0000] {logging_mixin.py:188} INFO - [2026-03-12T22:23:55.323+0000] {dagbag.py:538} INFO - Filling up the DagBag from /home/airflow/.local/lib/python3.8/site-packages/airflow/example_dags/example_nested_branch_dag.py
[2026-03-12T22:23:55.332+0000] {processor.py:840} INFO - DAG(s) 'example_nested_branch_dag' retrieved from /home/airflow/.local/lib/python3.8/site-packages/airflow/example_dags/example_nested_branch_dag.py
[2026-03-12T22:23:55.352+0000] {logging_mixin.py:188} INFO - [2026-03-12T22:23:55.351+0000] {dag.py:3036} INFO - Sync 1 DAGs
[2026-03-12T22:23:55.372+0000] {logging_mixin.py:188} INFO - [2026-03-12T22:23:55.371+0000] {dag.py:3823} INFO - Setting next_dagrun for example_nested_branch_dag to 2026-03-11 00:00:00+00:00, run_after=2026-03-12 00:00:00+00:00
[2026-03-12T22:23:55.389+0000] {processor.py:183} INFO - Processing /home/airflow/.local/lib/python3.8/site-packages/airflow/example_dags/example_nested_branch_dag.py took 0.072 seconds
[2026-03-12T22:24:25.484+0000] {processor.py:161} INFO - Started process (PID=387) to work on /home/airflow/.local/lib/python3.8/site-packages/airflow/example_dags/example_nested_branch_dag.py
[2026-03-12T22:24:25.485+0000] {processor.py:830} INFO - Processing file /home/airflow/.local/lib/python3.8/site-packages/airflow/example_dags/example_nested_branch_dag.py for tasks to queue
[2026-03-12T22:24:25.487+0000] {logging_mixin.py:188} INFO - [2026-03-12T22:24:25.486+0000] {dagbag.py:538} INFO - Filling up the DagBag from /home/airflow/.local/lib/python3.8/site-packages/airflow/example_dags/example_nested_branch_dag.py
[2026-03-12T22:24:25.495+0000] {processor.py:840} INFO - DAG(s) 'example_nested_branch_dag' retrieved from /home/airflow/.local/lib/python3.8/site-packages/airflow/example_dags/example_nested_branch_dag.py
[2026-03-12T22:24:25.514+0000] {logging_mixin.py:188} INFO - [2026-03-12T22:24:25.513+0000] {dag.py:3036} INFO - Sync 1 DAGs
[2026-03-12T22:24:25.532+0000] {logging_mixin.py:188} INFO - [2026-03-12T22:24:25.532+0000] {dag.py:3823} INFO - Setting next_dagrun for example_nested_branch_dag to 2026-03-11 00:00:00+00:00, run_after=2026-03-12 00:00:00+00:00
[2026-03-12T22:24:25.550+0000] {processor.py:183} INFO - Processing /home/airflow/.local/lib/python3.8/site-packages/airflow/example_dags/example_nested_branch_dag.py took 0.069 seconds
[2026-03-12T22:24:55.797+0000] {processor.py:161} INFO - Started process (PID=455) to work on /home/airflow/.local/lib/python3.8/site-packages/airflow/example_dags/example_nested_branch_dag.py
[2026-03-12T22:24:55.798+0000] {processor.py:830} INFO - Processing file /home/airflow/.local/lib/python3.8/site-packages/airflow/example_dags/example_nested_branch_dag.py for tasks to queue
[2026-03-12T22:24:55.800+0000] {logging_mixin.py:188} INFO - [2026-03-12T22:24:55.800+0000] {dagbag.py:538} INFO - Filling up the DagBag from /home/airflow/.local/lib/python3.8/site-packages/airflow/example_dags/example_nested_branch_dag.py
[2026-03-12T22:24:55.809+0000] {processor.py:840} INFO - DAG(s) 'example_nested_branch_dag' retrieved from /home/airflow/.local/lib/python3.8/site-packages/airflow/example_dags/example_nested_branch_dag.py
[2026-03-12T22:24:55.829+0000] {logging_mixin.py:188} INFO - [2026-03-12T22:24:55.828+0000] {dag.py:3036} INFO - Sync 1 DAGs
[2026-03-12T22:24:55.849+0000] {logging_mixin.py:188} INFO - [2026-03-12T22:24:55.849+0000] {dag.py:3823} INFO - Setting next_dagrun for example_nested_branch_dag to 2026-03-11 00:00:00+00:00, run_after=2026-03-12 00:00:00+00:00
[2026-03-12T22:24:55.867+0000] {processor.py:183} INFO - Processing /home/airflow/.local/lib/python3.8/site-packages/airflow/example_dags/example_nested_branch_dag.py took 0.073 seconds
[2026-03-12T22:25:26.009+0000] {processor.py:161} INFO - Started process (PID=523) to work on /home/airflow/.local/lib/python3.8/site-packages/airflow/example_dags/example_nested_branch_dag.py
[2026-03-12T22:25:26.010+0000] {processor.py:830} INFO - Processing file /home/airflow/.local/lib/python3.8/site-packages/airflow/example_dags/example_nested_branch_dag.py for tasks to queue
[2026-03-12T22:25:26.012+0000] {logging_mixin.py:188} INFO - [2026-03-12T22:25:26.012+0000] {dagbag.py:538} INFO - Filling up the DagBag from /home/airflow/.local/lib/python3.8/site-packages/airflow/example_dags/example_nested_branch_dag.py
[2026-03-12T22:25:26.022+0000] {processor.py:840} INFO - DAG(s) 'example_nested_branch_dag' retrieved from /home/airflow/.local/lib/python3.8/site-packages/airflow/example_dags/example_nested_branch_dag.py
[2026-03-12T22:25:26.043+0000] {logging_mixin.py:188} INFO - [2026-03-12T22:25:26.042+0000] {dag.py:3036} INFO - Sync 1 DAGs
[2026-03-12T22:25:26.062+0000] {logging_mixin.py:188} INFO - [2026-03-12T22:25:26.062+0000] {dag.py:3823} INFO - Setting next_dagrun for example_nested_branch_dag to 2026-03-11 00:00:00+00:00, run_after=2026-03-12 00:00:00+00:00
[2026-03-12T22:25:26.080+0000] {processor.py:183} INFO - Processing /home/airflow/.local/lib/python3.8/site-packages/airflow/example_dags/example_nested_branch_dag.py took 0.073 seconds
[2026-03-12T22:25:56.415+0000] {processor.py:161} INFO - Started process (PID=591) to work on /home/airflow/.local/lib/python3.8/site-packages/airflow/example_dags/example_nested_branch_dag.py
[2026-03-12T22:25:56.416+0000] {processor.py:830} INFO - Processing file /home/airflow/.local/lib/python3.8/site-packages/airflow/example_dags/example_nested_branch_dag.py for tasks to queue
[2026-03-12T22:25:56.418+0000] {logging_mixin.py:188} INFO - [2026-03-12T22:25:56.417+0000] {dagbag.py:538} INFO - Filling up the DagBag from /home/airflow/.local/lib/python3.8/site-packages/airflow/example_dags/example_nested_branch_dag.py
[2026-03-12T22:25:56.426+0000] {processor.py:840} INFO - DAG(s) 'example_nested_branch_dag' retrieved from /home/airflow/.local/lib/python3.8/site-packages/airflow/example_dags/example_nested_branch_dag.py
[2026-03-12T22:25:56.446+0000] {logging_mixin.py:188} INFO - [2026-03-12T22:25:56.446+0000] {dag.py:3036} INFO - Sync 1 DAGs
[2026-03-12T22:25:56.467+0000] {logging_mixin.py:188} INFO - [2026-03-12T22:25:56.466+0000] {dag.py:3823} INFO - Setting next_dagrun for example_nested_branch_dag to 2026-03-11 00:00:00+00:00, run_after=2026-03-12 00:00:00+00:00
[2026-03-12T22:25:56.484+0000] {processor.py:183} INFO - Processing /home/airflow/.local/lib/python3.8/site-packages/airflow/example_dags/example_nested_branch_dag.py took 0.073 seconds
[2026-03-12T22:26:27.405+0000] {processor.py:161} INFO - Started process (PID=659) to work on /home/airflow/.local/lib/python3.8/site-packages/airflow/example_dags/example_nested_branch_dag.py
[2026-03-12T22:26:27.406+0000] {processor.py:830} INFO - Processing file /home/airflow/.local/lib/python3.8/site-packages/airflow/example_dags/example_nested_branch_dag.py for tasks to queue
[2026-03-12T22:26:27.407+0000] {logging_mixin.py:188} INFO - [2026-03-12T22:26:27.407+0000] {dagbag.py:538} INFO - Filling up the DagBag from /home/airflow/.local/lib/python3.8/site-packages/airflow/example_dags/example_nested_branch_dag.py
[2026-03-12T22:26:27.416+0000] {processor.py:840} INFO - DAG(s) 'example_nested_branch_dag' retrieved from /home/airflow/.local/lib/python3.8/site-packages/airflow/example_dags/example_nested_branch_dag.py
[2026-03-12T22:26:27.435+0000] {logging_mixin.py:188} INFO - [2026-03-12T22:26:27.435+0000] {dag.py:3036} INFO - Sync 1 DAGs
[2026-03-12T22:26:27.456+0000] {logging_mixin.py:188} INFO - [2026-03-12T22:26:27.456+0000] {dag.py:3823} INFO - Setting next_dagrun for example_nested_branch_dag to 2026-03-11 00:00:00+00:00, run_after=2026-03-12 00:00:00+00:00
[2026-03-12T22:26:27.473+0000] {processor.py:183} INFO - Processing /home/airflow/.local/lib/python3.8/site-packages/airflow/example_dags/example_nested_branch_dag.py took 0.071 seconds
[2026-03-12T22:26:57.781+0000] {processor.py:161} INFO - Started process (PID=727) to work on /home/airflow/.local/lib/python3.8/site-packages/airflow/example_dags/example_nested_branch_dag.py
[2026-03-12T22:26:57.782+0000] {processor.py:830} INFO - Processing file /home/airflow/.local/lib/python3.8/site-packages/airflow/example_dags/example_nested_branch_dag.py for tasks to queue
[2026-03-12T22:26:57.784+0000] {logging_mixin.py:188} INFO - [2026-03-12T22:26:57.784+0000] {dagbag.py:538} INFO - Filling up the DagBag from /home/airflow/.local/lib/python3.8/site-packages/airflow/example_dags/example_nested_branch_dag.py
[2026-03-12T22:26:57.792+0000] {processor.py:840} INFO - DAG(s) 'example_nested_branch_dag' retrieved from /home/airflow/.local/lib/python3.8/site-packages/airflow/example_dags/example_nested_branch_dag.py
[2026-03-12T22:26:57.812+0000] {logging_mixin.py:188} INFO - [2026-03-12T22:26:57.812+0000] {dag.py:3036} INFO - Sync 1 DAGs
[2026-03-12T22:26:57.833+0000] {logging_mixin.py:188} INFO - [2026-03-12T22:26:57.832+0000] {dag.py:3823} INFO - Setting next_dagrun for example_nested_branch_dag to 2026-03-11 00:00:00+00:00, run_after=2026-03-12 00:00:00+00:00
[2026-03-12T22:26:57.851+0000] {processor.py:183} INFO - Processing /home/airflow/.local/lib/python3.8/site-packages/airflow/example_dags/example_nested_branch_dag.py took 0.072 seconds
[2026-03-12T22:27:28.519+0000] {processor.py:161} INFO - Started process (PID=795) to work on /home/airflow/.local/lib/python3.8/site-packages/airflow/example_dags/example_nested_branch_dag.py
[2026-03-12T22:27:28.520+0000] {processor.py:830} INFO - Processing file /home/airflow/.local/lib/python3.8/site-packages/airflow/example_dags/example_nested_branch_dag.py for tasks to queue
[2026-03-12T22:27:28.522+0000] {logging_mixin.py:188} INFO - [2026-03-12T22:27:28.521+0000] {dagbag.py:538} INFO - Filling up the DagBag from /home/airflow/.local/lib/python3.8/site-packages/airflow/example_dags/example_nested_branch_dag.py
[2026-03-12T22:27:28.530+0000] {processor.py:840} INFO - DAG(s) 'example_nested_branch_dag' retrieved from /home/airflow/.local/lib/python3.8/site-packages/airflow/example_dags/example_nested_branch_dag.py
[2026-03-12T22:27:28.554+0000] {logging_mixin.py:188} INFO - [2026-03-12T22:27:28.554+0000] {dag.py:3036} INFO - Sync 1 DAGs
[2026-03-12T22:27:28.576+0000] {logging_mixin.py:188} INFO - [2026-03-12T22:27:28.576+0000] {dag.py:3823} INFO - Setting next_dagrun for example_nested_branch_dag to 2026-03-11 00:00:00+00:00, run_after=2026-03-12 00:00:00+00:00
[2026-03-12T22:27:28.594+0000] {processor.py:183} INFO - Processing /home/airflow/.local/lib/python3.8/site-packages/airflow/example_dags/example_nested_branch_dag.py took 0.078 seconds
[2026-03-12T22:27:58.927+0000] {processor.py:161} INFO - Started process (PID=863) to work on /home/airflow/.local/lib/python3.8/site-packages/airflow/example_dags/example_nested_branch_dag.py
[2026-03-12T22:27:58.928+0000] {processor.py:830} INFO - Processing file /home/airflow/.local/lib/python3.8/site-packages/airflow/example_dags/example_nested_branch_dag.py for tasks to queue
[2026-03-12T22:27:58.930+0000] {logging_mixin.py:188} INFO - [2026-03-12T22:27:58.930+0000] {dagbag.py:538} INFO - Filling up the DagBag from /home/airflow/.local/lib/python3.8/site-packages/airflow/example_dags/example_nested_branch_dag.py
[2026-03-12T22:27:58.939+0000] {processor.py:840} INFO - DAG(s) 'example_nested_branch_dag' retrieved from /home/airflow/.local/lib/python3.8/site-packages/airflow/example_dags/example_nested_branch_dag.py
[2026-03-12T22:27:58.959+0000] {logging_mixin.py:188} INFO - [2026-03-12T22:27:58.959+0000] {dag.py:3036} INFO - Sync 1 DAGs
[2026-03-12T22:27:58.981+0000] {logging_mixin.py:188} INFO - [2026-03-12T22:27:58.980+0000] {dag.py:3823} INFO - Setting next_dagrun for example_nested_branch_dag to 2026-03-11 00:00:00+00:00, run_after=2026-03-12 00:00:00+00:00
[2026-03-12T22:27:58.998+0000] {processor.py:183} INFO - Processing /home/airflow/.local/lib/python3.8/site-packages/airflow/example_dags/example_nested_branch_dag.py took 0.074 seconds
[2026-03-12T22:28:29.247+0000] {processor.py:161} INFO - Started process (PID=931) to work on /home/airflow/.local/lib/python3.8/site-packages/airflow/example_dags/example_nested_branch_dag.py
[2026-03-12T22:28:29.248+0000] {processor.py:830} INFO - Processing file /home/airflow/.local/lib/python3.8/site-packages/airflow/example_dags/example_nested_branch_dag.py for tasks to queue
[2026-03-12T22:28:29.249+0000] {logging_mixin.py:188} INFO - [2026-03-12T22:28:29.249+0000] {dagbag.py:538} INFO - Filling up the DagBag from /home/airflow/.local/lib/python3.8/site-packages/airflow/example_dags/example_nested_branch_dag.py
[2026-03-12T22:28:29.258+0000] {processor.py:840} INFO - DAG(s) 'example_nested_branch_dag' retrieved from /home/airflow/.local/lib/python3.8/site-packages/airflow/example_dags/example_nested_branch_dag.py
[2026-03-12T22:28:29.282+0000] {logging_mixin.py:188} INFO - [2026-03-12T22:28:29.282+0000] {dag.py:3036} INFO - Sync 1 DAGs
[2026-03-12T22:28:29.306+0000] {logging_mixin.py:188} INFO - [2026-03-12T22:28:29.305+0000] {dag.py:3823} INFO - Setting next_dagrun for example_nested_branch_dag to 2026-03-11 00:00:00+00:00, run_after=2026-03-12 00:00:00+00:00
[2026-03-12T22:28:29.322+0000] {processor.py:183} INFO - Processing /home/airflow/.local/lib/python3.8/site-packages/airflow/example_dags/example_nested_branch_dag.py took 0.078 seconds
