[2026-03-12T22:22:21.942+0000] {processor.py:161} INFO - Started process (PID=116) to work on /home/airflow/.local/lib/python3.8/site-packages/airflow/example_dags/example_sla_dag.py
[2026-03-12T22:22:21.943+0000] {processor.py:830} INFO - Processing file /home/airflow/.local/lib/python3.8/site-packages/airflow/example_dags/example_sla_dag.py for tasks to queue
[2026-03-12T22:22:21.944+0000] {logging_mixin.py:188} INFO - [2026-03-12T22:22:21.944+0000] {dagbag.py:538} INFO - Filling up the DagBag from /home/airflow/.local/lib/python3.8/site-packages/airflow/example_dags/example_sla_dag.py
[2026-03-12T22:22:21.951+0000] {processor.py:840} INFO - DAG(s) 'example_sla_dag' retrieved from /home/airflow/.local/lib/python3.8/site-packages/airflow/example_dags/example_sla_dag.py
[2026-03-12T22:22:21.969+0000] {logging_mixin.py:188} INFO - [2026-03-12T22:22:21.969+0000] {dag.py:3036} INFO - Sync 1 DAGs
[2026-03-12T22:22:21.990+0000] {logging_mixin.py:188} INFO - [2026-03-12T22:22:21.990+0000] {dag.py:3823} INFO - Setting next_dagrun for example_sla_dag to 2026-03-12 22:20:00+00:00, run_after=2026-03-12 22:22:00+00:00
[2026-03-12T22:22:22.007+0000] {processor.py:183} INFO - Processing /home/airflow/.local/lib/python3.8/site-packages/airflow/example_dags/example_sla_dag.py took 0.067 seconds
[2026-03-12T22:22:52.643+0000] {processor.py:161} INFO - Started process (PID=190) to work on /home/airflow/.local/lib/python3.8/site-packages/airflow/example_dags/example_sla_dag.py
[2026-03-12T22:22:52.644+0000] {processor.py:830} INFO - Processing file /home/airflow/.local/lib/python3.8/site-packages/airflow/example_dags/example_sla_dag.py for tasks to queue
[2026-03-12T22:22:52.646+0000] {logging_mixin.py:188} INFO - [2026-03-12T22:22:52.645+0000] {dagbag.py:538} INFO - Filling up the DagBag from /home/airflow/.local/lib/python3.8/site-packages/airflow/example_dags/example_sla_dag.py
[2026-03-12T22:22:52.653+0000] {processor.py:840} INFO - DAG(s) 'example_sla_dag' retrieved from /home/airflow/.local/lib/python3.8/site-packages/airflow/example_dags/example_sla_dag.py
[2026-03-12T22:22:52.672+0000] {logging_mixin.py:188} INFO - [2026-03-12T22:22:52.672+0000] {dag.py:3036} INFO - Sync 1 DAGs
[2026-03-12T22:22:52.695+0000] {logging_mixin.py:188} INFO - [2026-03-12T22:22:52.695+0000] {dag.py:3823} INFO - Setting next_dagrun for example_sla_dag to 2026-03-12 22:20:00+00:00, run_after=2026-03-12 22:22:00+00:00
[2026-03-12T22:22:52.713+0000] {processor.py:183} INFO - Processing /home/airflow/.local/lib/python3.8/site-packages/airflow/example_dags/example_sla_dag.py took 0.072 seconds
[2026-03-12T22:23:23.668+0000] {processor.py:161} INFO - Started process (PID=247) to work on /home/airflow/.local/lib/python3.8/site-packages/airflow/example_dags/example_sla_dag.py
[2026-03-12T22:23:23.669+0000] {processor.py:830} INFO - Processing file /home/airflow/.local/lib/python3.8/site-packages/airflow/example_dags/example_sla_dag.py for tasks to queue
[2026-03-12T22:23:23.670+0000] {logging_mixin.py:188} INFO - [2026-03-12T22:23:23.670+0000] {dagbag.py:538} INFO - Filling up the DagBag from /home/airflow/.local/lib/python3.8/site-packages/airflow/example_dags/example_sla_dag.py
[2026-03-12T22:23:23.677+0000] {processor.py:840} INFO - DAG(s) 'example_sla_dag' retrieved from /home/airflow/.local/lib/python3.8/site-packages/airflow/example_dags/example_sla_dag.py
[2026-03-12T22:23:23.696+0000] {logging_mixin.py:188} INFO - [2026-03-12T22:23:23.695+0000] {dag.py:3036} INFO - Sync 1 DAGs
[2026-03-12T22:23:23.718+0000] {logging_mixin.py:188} INFO - [2026-03-12T22:23:23.718+0000] {dag.py:3823} INFO - Setting next_dagrun for example_sla_dag to 2026-03-12 22:20:00+00:00, run_after=2026-03-12 22:22:00+00:00
[2026-03-12T22:23:23.735+0000] {processor.py:183} INFO - Processing /home/airflow/.local/lib/python3.8/site-packages/airflow/example_dags/example_sla_dag.py took 0.070 seconds
[2026-03-12T22:23:53.764+0000] {processor.py:161} INFO - Started process (PID=313) to work on /home/airflow/.local/lib/python3.8/site-packages/airflow/example_dags/example_sla_dag.py
[2026-03-12T22:23:53.766+0000] {processor.py:830} INFO - Processing file /home/airflow/.local/lib/python3.8/site-packages/airflow/example_dags/example_sla_dag.py for tasks to queue
[2026-03-12T22:23:53.767+0000] {logging_mixin.py:188} INFO - [2026-03-12T22:23:53.767+0000] {dagbag.py:538} INFO - Filling up the DagBag from /home/airflow/.local/lib/python3.8/site-packages/airflow/example_dags/example_sla_dag.py
[2026-03-12T22:23:53.775+0000] {processor.py:840} INFO - DAG(s) 'example_sla_dag' retrieved from /home/airflow/.local/lib/python3.8/site-packages/airflow/example_dags/example_sla_dag.py
[2026-03-12T22:23:53.794+0000] {logging_mixin.py:188} INFO - [2026-03-12T22:23:53.794+0000] {dag.py:3036} INFO - Sync 1 DAGs
[2026-03-12T22:23:53.817+0000] {logging_mixin.py:188} INFO - [2026-03-12T22:23:53.817+0000] {dag.py:3823} INFO - Setting next_dagrun for example_sla_dag to 2026-03-12 22:20:00+00:00, run_after=2026-03-12 22:22:00+00:00
[2026-03-12T22:23:53.833+0000] {processor.py:183} INFO - Processing /home/airflow/.local/lib/python3.8/site-packages/airflow/example_dags/example_sla_dag.py took 0.072 seconds
[2026-03-12T22:24:23.882+0000] {processor.py:161} INFO - Started process (PID=381) to work on /home/airflow/.local/lib/python3.8/site-packages/airflow/example_dags/example_sla_dag.py
[2026-03-12T22:24:23.883+0000] {processor.py:830} INFO - Processing file /home/airflow/.local/lib/python3.8/site-packages/airflow/example_dags/example_sla_dag.py for tasks to queue
[2026-03-12T22:24:23.885+0000] {logging_mixin.py:188} INFO - [2026-03-12T22:24:23.884+0000] {dagbag.py:538} INFO - Filling up the DagBag from /home/airflow/.local/lib/python3.8/site-packages/airflow/example_dags/example_sla_dag.py
[2026-03-12T22:24:23.892+0000] {processor.py:840} INFO - DAG(s) 'example_sla_dag' retrieved from /home/airflow/.local/lib/python3.8/site-packages/airflow/example_dags/example_sla_dag.py
[2026-03-12T22:24:23.910+0000] {logging_mixin.py:188} INFO - [2026-03-12T22:24:23.909+0000] {dag.py:3036} INFO - Sync 1 DAGs
[2026-03-12T22:24:23.932+0000] {logging_mixin.py:188} INFO - [2026-03-12T22:24:23.931+0000] {dag.py:3823} INFO - Setting next_dagrun for example_sla_dag to 2026-03-12 22:22:00+00:00, run_after=2026-03-12 22:24:00+00:00
[2026-03-12T22:24:23.949+0000] {processor.py:183} INFO - Processing /home/airflow/.local/lib/python3.8/site-packages/airflow/example_dags/example_sla_dag.py took 0.070 seconds
[2026-03-12T22:24:54.471+0000] {processor.py:161} INFO - Started process (PID=449) to work on /home/airflow/.local/lib/python3.8/site-packages/airflow/example_dags/example_sla_dag.py
[2026-03-12T22:24:54.472+0000] {processor.py:830} INFO - Processing file /home/airflow/.local/lib/python3.8/site-packages/airflow/example_dags/example_sla_dag.py for tasks to queue
[2026-03-12T22:24:54.474+0000] {logging_mixin.py:188} INFO - [2026-03-12T22:24:54.474+0000] {dagbag.py:538} INFO - Filling up the DagBag from /home/airflow/.local/lib/python3.8/site-packages/airflow/example_dags/example_sla_dag.py
[2026-03-12T22:24:54.481+0000] {processor.py:840} INFO - DAG(s) 'example_sla_dag' retrieved from /home/airflow/.local/lib/python3.8/site-packages/airflow/example_dags/example_sla_dag.py
[2026-03-12T22:24:54.500+0000] {logging_mixin.py:188} INFO - [2026-03-12T22:24:54.500+0000] {dag.py:3036} INFO - Sync 1 DAGs
[2026-03-12T22:24:54.522+0000] {logging_mixin.py:188} INFO - [2026-03-12T22:24:54.521+0000] {dag.py:3823} INFO - Setting next_dagrun for example_sla_dag to 2026-03-12 22:22:00+00:00, run_after=2026-03-12 22:24:00+00:00
[2026-03-12T22:24:54.538+0000] {processor.py:183} INFO - Processing /home/airflow/.local/lib/python3.8/site-packages/airflow/example_dags/example_sla_dag.py took 0.070 seconds
[2026-03-12T22:25:24.703+0000] {processor.py:161} INFO - Started process (PID=517) to work on /home/airflow/.local/lib/python3.8/site-packages/airflow/example_dags/example_sla_dag.py
[2026-03-12T22:25:24.704+0000] {processor.py:830} INFO - Processing file /home/airflow/.local/lib/python3.8/site-packages/airflow/example_dags/example_sla_dag.py for tasks to queue
[2026-03-12T22:25:24.706+0000] {logging_mixin.py:188} INFO - [2026-03-12T22:25:24.705+0000] {dagbag.py:538} INFO - Filling up the DagBag from /home/airflow/.local/lib/python3.8/site-packages/airflow/example_dags/example_sla_dag.py
[2026-03-12T22:25:24.713+0000] {processor.py:840} INFO - DAG(s) 'example_sla_dag' retrieved from /home/airflow/.local/lib/python3.8/site-packages/airflow/example_dags/example_sla_dag.py
[2026-03-12T22:25:24.730+0000] {logging_mixin.py:188} INFO - [2026-03-12T22:25:24.729+0000] {dag.py:3036} INFO - Sync 1 DAGs
[2026-03-12T22:25:24.751+0000] {logging_mixin.py:188} INFO - [2026-03-12T22:25:24.751+0000] {dag.py:3823} INFO - Setting next_dagrun for example_sla_dag to 2026-03-12 22:22:00+00:00, run_after=2026-03-12 22:24:00+00:00
[2026-03-12T22:25:24.767+0000] {processor.py:183} INFO - Processing /home/airflow/.local/lib/python3.8/site-packages/airflow/example_dags/example_sla_dag.py took 0.066 seconds
[2026-03-12T22:25:55.106+0000] {processor.py:161} INFO - Started process (PID=585) to work on /home/airflow/.local/lib/python3.8/site-packages/airflow/example_dags/example_sla_dag.py
[2026-03-12T22:25:55.106+0000] {processor.py:830} INFO - Processing file /home/airflow/.local/lib/python3.8/site-packages/airflow/example_dags/example_sla_dag.py for tasks to queue
[2026-03-12T22:25:55.108+0000] {logging_mixin.py:188} INFO - [2026-03-12T22:25:55.108+0000] {dagbag.py:538} INFO - Filling up the DagBag from /home/airflow/.local/lib/python3.8/site-packages/airflow/example_dags/example_sla_dag.py
[2026-03-12T22:25:55.115+0000] {processor.py:840} INFO - DAG(s) 'example_sla_dag' retrieved from /home/airflow/.local/lib/python3.8/site-packages/airflow/example_dags/example_sla_dag.py
[2026-03-12T22:25:55.132+0000] {logging_mixin.py:188} INFO - [2026-03-12T22:25:55.132+0000] {dag.py:3036} INFO - Sync 1 DAGs
[2026-03-12T22:25:55.155+0000] {logging_mixin.py:188} INFO - [2026-03-12T22:25:55.154+0000] {dag.py:3823} INFO - Setting next_dagrun for example_sla_dag to 2026-03-12 22:22:00+00:00, run_after=2026-03-12 22:24:00+00:00
[2026-03-12T22:25:55.171+0000] {processor.py:183} INFO - Processing /home/airflow/.local/lib/python3.8/site-packages/airflow/example_dags/example_sla_dag.py took 0.068 seconds
[2026-03-12T22:26:25.825+0000] {processor.py:161} INFO - Started process (PID=653) to work on /home/airflow/.local/lib/python3.8/site-packages/airflow/example_dags/example_sla_dag.py
[2026-03-12T22:26:25.826+0000] {processor.py:830} INFO - Processing file /home/airflow/.local/lib/python3.8/site-packages/airflow/example_dags/example_sla_dag.py for tasks to queue
[2026-03-12T22:26:25.827+0000] {logging_mixin.py:188} INFO - [2026-03-12T22:26:25.827+0000] {dagbag.py:538} INFO - Filling up the DagBag from /home/airflow/.local/lib/python3.8/site-packages/airflow/example_dags/example_sla_dag.py
[2026-03-12T22:26:25.835+0000] {processor.py:840} INFO - DAG(s) 'example_sla_dag' retrieved from /home/airflow/.local/lib/python3.8/site-packages/airflow/example_dags/example_sla_dag.py
[2026-03-12T22:26:25.853+0000] {logging_mixin.py:188} INFO - [2026-03-12T22:26:25.852+0000] {dag.py:3036} INFO - Sync 1 DAGs
[2026-03-12T22:26:25.876+0000] {logging_mixin.py:188} INFO - [2026-03-12T22:26:25.876+0000] {dag.py:3823} INFO - Setting next_dagrun for example_sla_dag to 2026-03-12 22:24:00+00:00, run_after=2026-03-12 22:26:00+00:00
[2026-03-12T22:26:26.014+0000] {processor.py:183} INFO - Processing /home/airflow/.local/lib/python3.8/site-packages/airflow/example_dags/example_sla_dag.py took 0.193 seconds
[2026-03-12T22:26:56.464+0000] {processor.py:161} INFO - Started process (PID=721) to work on /home/airflow/.local/lib/python3.8/site-packages/airflow/example_dags/example_sla_dag.py
[2026-03-12T22:26:56.465+0000] {processor.py:830} INFO - Processing file /home/airflow/.local/lib/python3.8/site-packages/airflow/example_dags/example_sla_dag.py for tasks to queue
[2026-03-12T22:26:56.466+0000] {logging_mixin.py:188} INFO - [2026-03-12T22:26:56.466+0000] {dagbag.py:538} INFO - Filling up the DagBag from /home/airflow/.local/lib/python3.8/site-packages/airflow/example_dags/example_sla_dag.py
[2026-03-12T22:26:56.473+0000] {processor.py:840} INFO - DAG(s) 'example_sla_dag' retrieved from /home/airflow/.local/lib/python3.8/site-packages/airflow/example_dags/example_sla_dag.py
[2026-03-12T22:26:56.494+0000] {logging_mixin.py:188} INFO - [2026-03-12T22:26:56.493+0000] {dag.py:3036} INFO - Sync 1 DAGs
[2026-03-12T22:26:56.516+0000] {logging_mixin.py:188} INFO - [2026-03-12T22:26:56.516+0000] {dag.py:3823} INFO - Setting next_dagrun for example_sla_dag to 2026-03-12 22:24:00+00:00, run_after=2026-03-12 22:26:00+00:00
[2026-03-12T22:26:56.535+0000] {processor.py:183} INFO - Processing /home/airflow/.local/lib/python3.8/site-packages/airflow/example_dags/example_sla_dag.py took 0.074 seconds
[2026-03-12T22:27:27.207+0000] {processor.py:161} INFO - Started process (PID=789) to work on /home/airflow/.local/lib/python3.8/site-packages/airflow/example_dags/example_sla_dag.py
[2026-03-12T22:27:27.208+0000] {processor.py:830} INFO - Processing file /home/airflow/.local/lib/python3.8/site-packages/airflow/example_dags/example_sla_dag.py for tasks to queue
[2026-03-12T22:27:27.210+0000] {logging_mixin.py:188} INFO - [2026-03-12T22:27:27.209+0000] {dagbag.py:538} INFO - Filling up the DagBag from /home/airflow/.local/lib/python3.8/site-packages/airflow/example_dags/example_sla_dag.py
[2026-03-12T22:27:27.217+0000] {processor.py:840} INFO - DAG(s) 'example_sla_dag' retrieved from /home/airflow/.local/lib/python3.8/site-packages/airflow/example_dags/example_sla_dag.py
[2026-03-12T22:27:27.235+0000] {logging_mixin.py:188} INFO - [2026-03-12T22:27:27.235+0000] {dag.py:3036} INFO - Sync 1 DAGs
[2026-03-12T22:27:27.259+0000] {logging_mixin.py:188} INFO - [2026-03-12T22:27:27.259+0000] {dag.py:3823} INFO - Setting next_dagrun for example_sla_dag to 2026-03-12 22:24:00+00:00, run_after=2026-03-12 22:26:00+00:00
[2026-03-12T22:27:27.277+0000] {processor.py:183} INFO - Processing /home/airflow/.local/lib/python3.8/site-packages/airflow/example_dags/example_sla_dag.py took 0.073 seconds
[2026-03-12T22:27:57.603+0000] {processor.py:161} INFO - Started process (PID=857) to work on /home/airflow/.local/lib/python3.8/site-packages/airflow/example_dags/example_sla_dag.py
[2026-03-12T22:27:57.604+0000] {processor.py:830} INFO - Processing file /home/airflow/.local/lib/python3.8/site-packages/airflow/example_dags/example_sla_dag.py for tasks to queue
[2026-03-12T22:27:57.605+0000] {logging_mixin.py:188} INFO - [2026-03-12T22:27:57.605+0000] {dagbag.py:538} INFO - Filling up the DagBag from /home/airflow/.local/lib/python3.8/site-packages/airflow/example_dags/example_sla_dag.py
[2026-03-12T22:27:57.612+0000] {processor.py:840} INFO - DAG(s) 'example_sla_dag' retrieved from /home/airflow/.local/lib/python3.8/site-packages/airflow/example_dags/example_sla_dag.py
[2026-03-12T22:27:57.631+0000] {logging_mixin.py:188} INFO - [2026-03-12T22:27:57.630+0000] {dag.py:3036} INFO - Sync 1 DAGs
[2026-03-12T22:27:57.654+0000] {logging_mixin.py:188} INFO - [2026-03-12T22:27:57.654+0000] {dag.py:3823} INFO - Setting next_dagrun for example_sla_dag to 2026-03-12 22:24:00+00:00, run_after=2026-03-12 22:26:00+00:00
[2026-03-12T22:27:57.673+0000] {processor.py:183} INFO - Processing /home/airflow/.local/lib/python3.8/site-packages/airflow/example_dags/example_sla_dag.py took 0.073 seconds
[2026-03-12T22:28:27.933+0000] {processor.py:161} INFO - Started process (PID=925) to work on /home/airflow/.local/lib/python3.8/site-packages/airflow/example_dags/example_sla_dag.py
[2026-03-12T22:28:27.934+0000] {processor.py:830} INFO - Processing file /home/airflow/.local/lib/python3.8/site-packages/airflow/example_dags/example_sla_dag.py for tasks to queue
[2026-03-12T22:28:27.935+0000] {logging_mixin.py:188} INFO - [2026-03-12T22:28:27.935+0000] {dagbag.py:538} INFO - Filling up the DagBag from /home/airflow/.local/lib/python3.8/site-packages/airflow/example_dags/example_sla_dag.py
[2026-03-12T22:28:27.943+0000] {processor.py:840} INFO - DAG(s) 'example_sla_dag' retrieved from /home/airflow/.local/lib/python3.8/site-packages/airflow/example_dags/example_sla_dag.py
[2026-03-12T22:28:27.962+0000] {logging_mixin.py:188} INFO - [2026-03-12T22:28:27.962+0000] {dag.py:3036} INFO - Sync 1 DAGs
[2026-03-12T22:28:27.985+0000] {logging_mixin.py:188} INFO - [2026-03-12T22:28:27.985+0000] {dag.py:3823} INFO - Setting next_dagrun for example_sla_dag to 2026-03-12 22:26:00+00:00, run_after=2026-03-12 22:28:00+00:00
[2026-03-12T22:28:28.003+0000] {processor.py:183} INFO - Processing /home/airflow/.local/lib/python3.8/site-packages/airflow/example_dags/example_sla_dag.py took 0.073 seconds
