[2026-03-12T22:22:19.818+0000] {processor.py:161} INFO - Started process (PID=87) to work on /home/airflow/.local/lib/python3.8/site-packages/airflow/example_dags/example_skip_dag.py
[2026-03-12T22:22:19.819+0000] {processor.py:830} INFO - Processing file /home/airflow/.local/lib/python3.8/site-packages/airflow/example_dags/example_skip_dag.py for tasks to queue
[2026-03-12T22:22:19.821+0000] {logging_mixin.py:188} INFO - [2026-03-12T22:22:19.821+0000] {dagbag.py:538} INFO - Filling up the DagBag from /home/airflow/.local/lib/python3.8/site-packages/airflow/example_dags/example_skip_dag.py
[2026-03-12T22:22:19.830+0000] {processor.py:840} INFO - DAG(s) 'example_skip_dag' retrieved from /home/airflow/.local/lib/python3.8/site-packages/airflow/example_dags/example_skip_dag.py
[2026-03-12T22:22:19.863+0000] {logging_mixin.py:188} INFO - [2026-03-12T22:22:19.863+0000] {dag.py:3036} INFO - Sync 1 DAGs
[2026-03-12T22:22:19.885+0000] {logging_mixin.py:188} INFO - [2026-03-12T22:22:19.885+0000] {dag.py:3823} INFO - Setting next_dagrun for example_skip_dag to 2026-03-11 00:00:00+00:00, run_after=2026-03-12 00:00:00+00:00
[2026-03-12T22:22:19.908+0000] {processor.py:183} INFO - Processing /home/airflow/.local/lib/python3.8/site-packages/airflow/example_dags/example_skip_dag.py took 0.093 seconds
[2026-03-12T22:22:50.157+0000] {processor.py:161} INFO - Started process (PID=153) to work on /home/airflow/.local/lib/python3.8/site-packages/airflow/example_dags/example_skip_dag.py
[2026-03-12T22:22:50.158+0000] {processor.py:830} INFO - Processing file /home/airflow/.local/lib/python3.8/site-packages/airflow/example_dags/example_skip_dag.py for tasks to queue
[2026-03-12T22:22:50.159+0000] {logging_mixin.py:188} INFO - [2026-03-12T22:22:50.159+0000] {dagbag.py:538} INFO - Filling up the DagBag from /home/airflow/.local/lib/python3.8/site-packages/airflow/example_dags/example_skip_dag.py
[2026-03-12T22:22:50.165+0000] {processor.py:840} INFO - DAG(s) 'example_skip_dag' retrieved from /home/airflow/.local/lib/python3.8/site-packages/airflow/example_dags/example_skip_dag.py
[2026-03-12T22:22:50.186+0000] {logging_mixin.py:188} INFO - [2026-03-12T22:22:50.185+0000] {dag.py:3036} INFO - Sync 1 DAGs
[2026-03-12T22:22:50.205+0000] {logging_mixin.py:188} INFO - [2026-03-12T22:22:50.205+0000] {dag.py:3823} INFO - Setting next_dagrun for example_skip_dag to 2026-03-11 00:00:00+00:00, run_after=2026-03-12 00:00:00+00:00
[2026-03-12T22:22:50.222+0000] {processor.py:183} INFO - Processing /home/airflow/.local/lib/python3.8/site-packages/airflow/example_dags/example_skip_dag.py took 0.069 seconds
[2026-03-12T22:23:20.338+0000] {processor.py:161} INFO - Started process (PID=221) to work on /home/airflow/.local/lib/python3.8/site-packages/airflow/example_dags/example_skip_dag.py
[2026-03-12T22:23:20.339+0000] {processor.py:830} INFO - Processing file /home/airflow/.local/lib/python3.8/site-packages/airflow/example_dags/example_skip_dag.py for tasks to queue
[2026-03-12T22:23:20.341+0000] {logging_mixin.py:188} INFO - [2026-03-12T22:23:20.341+0000] {dagbag.py:538} INFO - Filling up the DagBag from /home/airflow/.local/lib/python3.8/site-packages/airflow/example_dags/example_skip_dag.py
[2026-03-12T22:23:20.346+0000] {processor.py:840} INFO - DAG(s) 'example_skip_dag' retrieved from /home/airflow/.local/lib/python3.8/site-packages/airflow/example_dags/example_skip_dag.py
[2026-03-12T22:23:20.368+0000] {logging_mixin.py:188} INFO - [2026-03-12T22:23:20.367+0000] {dag.py:3036} INFO - Sync 1 DAGs
[2026-03-12T22:23:20.387+0000] {logging_mixin.py:188} INFO - [2026-03-12T22:23:20.387+0000] {dag.py:3823} INFO - Setting next_dagrun for example_skip_dag to 2026-03-11 00:00:00+00:00, run_after=2026-03-12 00:00:00+00:00
[2026-03-12T22:23:20.406+0000] {processor.py:183} INFO - Processing /home/airflow/.local/lib/python3.8/site-packages/airflow/example_dags/example_skip_dag.py took 0.070 seconds
[2026-03-12T22:23:50.670+0000] {processor.py:161} INFO - Started process (PID=289) to work on /home/airflow/.local/lib/python3.8/site-packages/airflow/example_dags/example_skip_dag.py
[2026-03-12T22:23:50.671+0000] {processor.py:830} INFO - Processing file /home/airflow/.local/lib/python3.8/site-packages/airflow/example_dags/example_skip_dag.py for tasks to queue
[2026-03-12T22:23:50.673+0000] {logging_mixin.py:188} INFO - [2026-03-12T22:23:50.673+0000] {dagbag.py:538} INFO - Filling up the DagBag from /home/airflow/.local/lib/python3.8/site-packages/airflow/example_dags/example_skip_dag.py
[2026-03-12T22:23:50.678+0000] {processor.py:840} INFO - DAG(s) 'example_skip_dag' retrieved from /home/airflow/.local/lib/python3.8/site-packages/airflow/example_dags/example_skip_dag.py
[2026-03-12T22:23:50.698+0000] {logging_mixin.py:188} INFO - [2026-03-12T22:23:50.697+0000] {dag.py:3036} INFO - Sync 1 DAGs
[2026-03-12T22:23:50.717+0000] {logging_mixin.py:188} INFO - [2026-03-12T22:23:50.717+0000] {dag.py:3823} INFO - Setting next_dagrun for example_skip_dag to 2026-03-11 00:00:00+00:00, run_after=2026-03-12 00:00:00+00:00
[2026-03-12T22:23:50.734+0000] {processor.py:183} INFO - Processing /home/airflow/.local/lib/python3.8/site-packages/airflow/example_dags/example_skip_dag.py took 0.067 seconds
[2026-03-12T22:24:20.848+0000] {processor.py:161} INFO - Started process (PID=357) to work on /home/airflow/.local/lib/python3.8/site-packages/airflow/example_dags/example_skip_dag.py
[2026-03-12T22:24:20.849+0000] {processor.py:830} INFO - Processing file /home/airflow/.local/lib/python3.8/site-packages/airflow/example_dags/example_skip_dag.py for tasks to queue
[2026-03-12T22:24:20.850+0000] {logging_mixin.py:188} INFO - [2026-03-12T22:24:20.850+0000] {dagbag.py:538} INFO - Filling up the DagBag from /home/airflow/.local/lib/python3.8/site-packages/airflow/example_dags/example_skip_dag.py
[2026-03-12T22:24:20.856+0000] {processor.py:840} INFO - DAG(s) 'example_skip_dag' retrieved from /home/airflow/.local/lib/python3.8/site-packages/airflow/example_dags/example_skip_dag.py
[2026-03-12T22:24:20.877+0000] {logging_mixin.py:188} INFO - [2026-03-12T22:24:20.876+0000] {dag.py:3036} INFO - Sync 1 DAGs
[2026-03-12T22:24:20.898+0000] {logging_mixin.py:188} INFO - [2026-03-12T22:24:20.898+0000] {dag.py:3823} INFO - Setting next_dagrun for example_skip_dag to 2026-03-11 00:00:00+00:00, run_after=2026-03-12 00:00:00+00:00
[2026-03-12T22:24:20.916+0000] {processor.py:183} INFO - Processing /home/airflow/.local/lib/python3.8/site-packages/airflow/example_dags/example_skip_dag.py took 0.070 seconds
[2026-03-12T22:24:51.492+0000] {processor.py:161} INFO - Started process (PID=425) to work on /home/airflow/.local/lib/python3.8/site-packages/airflow/example_dags/example_skip_dag.py
[2026-03-12T22:24:51.493+0000] {processor.py:830} INFO - Processing file /home/airflow/.local/lib/python3.8/site-packages/airflow/example_dags/example_skip_dag.py for tasks to queue
[2026-03-12T22:24:51.495+0000] {logging_mixin.py:188} INFO - [2026-03-12T22:24:51.494+0000] {dagbag.py:538} INFO - Filling up the DagBag from /home/airflow/.local/lib/python3.8/site-packages/airflow/example_dags/example_skip_dag.py
[2026-03-12T22:24:51.500+0000] {processor.py:840} INFO - DAG(s) 'example_skip_dag' retrieved from /home/airflow/.local/lib/python3.8/site-packages/airflow/example_dags/example_skip_dag.py
[2026-03-12T22:24:51.521+0000] {logging_mixin.py:188} INFO - [2026-03-12T22:24:51.521+0000] {dag.py:3036} INFO - Sync 1 DAGs
[2026-03-12T22:24:51.540+0000] {logging_mixin.py:188} INFO - [2026-03-12T22:24:51.540+0000] {dag.py:3823} INFO - Setting next_dagrun for example_skip_dag to 2026-03-11 00:00:00+00:00, run_after=2026-03-12 00:00:00+00:00
[2026-03-12T22:24:51.557+0000] {processor.py:183} INFO - Processing /home/airflow/.local/lib/python3.8/site-packages/airflow/example_dags/example_skip_dag.py took 0.068 seconds
[2026-03-12T22:25:21.616+0000] {processor.py:161} INFO - Started process (PID=493) to work on /home/airflow/.local/lib/python3.8/site-packages/airflow/example_dags/example_skip_dag.py
[2026-03-12T22:25:21.616+0000] {processor.py:830} INFO - Processing file /home/airflow/.local/lib/python3.8/site-packages/airflow/example_dags/example_skip_dag.py for tasks to queue
[2026-03-12T22:25:21.618+0000] {logging_mixin.py:188} INFO - [2026-03-12T22:25:21.618+0000] {dagbag.py:538} INFO - Filling up the DagBag from /home/airflow/.local/lib/python3.8/site-packages/airflow/example_dags/example_skip_dag.py
[2026-03-12T22:25:21.623+0000] {processor.py:840} INFO - DAG(s) 'example_skip_dag' retrieved from /home/airflow/.local/lib/python3.8/site-packages/airflow/example_dags/example_skip_dag.py
[2026-03-12T22:25:21.643+0000] {logging_mixin.py:188} INFO - [2026-03-12T22:25:21.643+0000] {dag.py:3036} INFO - Sync 1 DAGs
[2026-03-12T22:25:21.663+0000] {logging_mixin.py:188} INFO - [2026-03-12T22:25:21.663+0000] {dag.py:3823} INFO - Setting next_dagrun for example_skip_dag to 2026-03-11 00:00:00+00:00, run_after=2026-03-12 00:00:00+00:00
[2026-03-12T22:25:21.681+0000] {processor.py:183} INFO - Processing /home/airflow/.local/lib/python3.8/site-packages/airflow/example_dags/example_skip_dag.py took 0.068 seconds
[2026-03-12T22:25:52.174+0000] {processor.py:161} INFO - Started process (PID=561) to work on /home/airflow/.local/lib/python3.8/site-packages/airflow/example_dags/example_skip_dag.py
[2026-03-12T22:25:52.175+0000] {processor.py:830} INFO - Processing file /home/airflow/.local/lib/python3.8/site-packages/airflow/example_dags/example_skip_dag.py for tasks to queue
[2026-03-12T22:25:52.177+0000] {logging_mixin.py:188} INFO - [2026-03-12T22:25:52.176+0000] {dagbag.py:538} INFO - Filling up the DagBag from /home/airflow/.local/lib/python3.8/site-packages/airflow/example_dags/example_skip_dag.py
[2026-03-12T22:25:52.182+0000] {processor.py:840} INFO - DAG(s) 'example_skip_dag' retrieved from /home/airflow/.local/lib/python3.8/site-packages/airflow/example_dags/example_skip_dag.py
[2026-03-12T22:25:52.203+0000] {logging_mixin.py:188} INFO - [2026-03-12T22:25:52.203+0000] {dag.py:3036} INFO - Sync 1 DAGs
[2026-03-12T22:25:52.224+0000] {logging_mixin.py:188} INFO - [2026-03-12T22:25:52.224+0000] {dag.py:3823} INFO - Setting next_dagrun for example_skip_dag to 2026-03-11 00:00:00+00:00, run_after=2026-03-12 00:00:00+00:00
[2026-03-12T22:25:52.242+0000] {processor.py:183} INFO - Processing /home/airflow/.local/lib/python3.8/site-packages/airflow/example_dags/example_skip_dag.py took 0.070 seconds
[2026-03-12T22:26:22.566+0000] {processor.py:161} INFO - Started process (PID=629) to work on /home/airflow/.local/lib/python3.8/site-packages/airflow/example_dags/example_skip_dag.py
[2026-03-12T22:26:22.567+0000] {processor.py:830} INFO - Processing file /home/airflow/.local/lib/python3.8/site-packages/airflow/example_dags/example_skip_dag.py for tasks to queue
[2026-03-12T22:26:22.568+0000] {logging_mixin.py:188} INFO - [2026-03-12T22:26:22.568+0000] {dagbag.py:538} INFO - Filling up the DagBag from /home/airflow/.local/lib/python3.8/site-packages/airflow/example_dags/example_skip_dag.py
[2026-03-12T22:26:22.574+0000] {processor.py:840} INFO - DAG(s) 'example_skip_dag' retrieved from /home/airflow/.local/lib/python3.8/site-packages/airflow/example_dags/example_skip_dag.py
[2026-03-12T22:26:22.593+0000] {logging_mixin.py:188} INFO - [2026-03-12T22:26:22.593+0000] {dag.py:3036} INFO - Sync 1 DAGs
[2026-03-12T22:26:22.613+0000] {logging_mixin.py:188} INFO - [2026-03-12T22:26:22.613+0000] {dag.py:3823} INFO - Setting next_dagrun for example_skip_dag to 2026-03-11 00:00:00+00:00, run_after=2026-03-12 00:00:00+00:00
[2026-03-12T22:26:22.632+0000] {processor.py:183} INFO - Processing /home/airflow/.local/lib/python3.8/site-packages/airflow/example_dags/example_skip_dag.py took 0.069 seconds
[2026-03-12T22:26:53.057+0000] {processor.py:161} INFO - Started process (PID=703) to work on /home/airflow/.local/lib/python3.8/site-packages/airflow/example_dags/example_skip_dag.py
[2026-03-12T22:26:53.058+0000] {processor.py:830} INFO - Processing file /home/airflow/.local/lib/python3.8/site-packages/airflow/example_dags/example_skip_dag.py for tasks to queue
[2026-03-12T22:26:53.059+0000] {logging_mixin.py:188} INFO - [2026-03-12T22:26:53.059+0000] {dagbag.py:538} INFO - Filling up the DagBag from /home/airflow/.local/lib/python3.8/site-packages/airflow/example_dags/example_skip_dag.py
[2026-03-12T22:26:53.065+0000] {processor.py:840} INFO - DAG(s) 'example_skip_dag' retrieved from /home/airflow/.local/lib/python3.8/site-packages/airflow/example_dags/example_skip_dag.py
[2026-03-12T22:26:53.085+0000] {logging_mixin.py:188} INFO - [2026-03-12T22:26:53.085+0000] {dag.py:3036} INFO - Sync 1 DAGs
[2026-03-12T22:26:53.232+0000] {logging_mixin.py:188} INFO - [2026-03-12T22:26:53.231+0000] {dag.py:3823} INFO - Setting next_dagrun for example_skip_dag to 2026-03-11 00:00:00+00:00, run_after=2026-03-12 00:00:00+00:00
[2026-03-12T22:26:53.248+0000] {processor.py:183} INFO - Processing /home/airflow/.local/lib/python3.8/site-packages/airflow/example_dags/example_skip_dag.py took 0.194 seconds
[2026-03-12T22:27:23.285+0000] {processor.py:161} INFO - Started process (PID=771) to work on /home/airflow/.local/lib/python3.8/site-packages/airflow/example_dags/example_skip_dag.py
[2026-03-12T22:27:23.286+0000] {processor.py:830} INFO - Processing file /home/airflow/.local/lib/python3.8/site-packages/airflow/example_dags/example_skip_dag.py for tasks to queue
[2026-03-12T22:27:23.288+0000] {logging_mixin.py:188} INFO - [2026-03-12T22:27:23.288+0000] {dagbag.py:538} INFO - Filling up the DagBag from /home/airflow/.local/lib/python3.8/site-packages/airflow/example_dags/example_skip_dag.py
[2026-03-12T22:27:23.293+0000] {processor.py:840} INFO - DAG(s) 'example_skip_dag' retrieved from /home/airflow/.local/lib/python3.8/site-packages/airflow/example_dags/example_skip_dag.py
[2026-03-12T22:27:23.313+0000] {logging_mixin.py:188} INFO - [2026-03-12T22:27:23.313+0000] {dag.py:3036} INFO - Sync 1 DAGs
[2026-03-12T22:27:23.333+0000] {logging_mixin.py:188} INFO - [2026-03-12T22:27:23.333+0000] {dag.py:3823} INFO - Setting next_dagrun for example_skip_dag to 2026-03-11 00:00:00+00:00, run_after=2026-03-12 00:00:00+00:00
[2026-03-12T22:27:23.350+0000] {processor.py:183} INFO - Processing /home/airflow/.local/lib/python3.8/site-packages/airflow/example_dags/example_skip_dag.py took 0.067 seconds
[2026-03-12T22:27:53.686+0000] {processor.py:161} INFO - Started process (PID=839) to work on /home/airflow/.local/lib/python3.8/site-packages/airflow/example_dags/example_skip_dag.py
[2026-03-12T22:27:53.687+0000] {processor.py:830} INFO - Processing file /home/airflow/.local/lib/python3.8/site-packages/airflow/example_dags/example_skip_dag.py for tasks to queue
[2026-03-12T22:27:53.689+0000] {logging_mixin.py:188} INFO - [2026-03-12T22:27:53.689+0000] {dagbag.py:538} INFO - Filling up the DagBag from /home/airflow/.local/lib/python3.8/site-packages/airflow/example_dags/example_skip_dag.py
[2026-03-12T22:27:53.694+0000] {processor.py:840} INFO - DAG(s) 'example_skip_dag' retrieved from /home/airflow/.local/lib/python3.8/site-packages/airflow/example_dags/example_skip_dag.py
[2026-03-12T22:27:53.714+0000] {logging_mixin.py:188} INFO - [2026-03-12T22:27:53.714+0000] {dag.py:3036} INFO - Sync 1 DAGs
[2026-03-12T22:27:53.734+0000] {logging_mixin.py:188} INFO - [2026-03-12T22:27:53.734+0000] {dag.py:3823} INFO - Setting next_dagrun for example_skip_dag to 2026-03-11 00:00:00+00:00, run_after=2026-03-12 00:00:00+00:00
[2026-03-12T22:27:53.751+0000] {processor.py:183} INFO - Processing /home/airflow/.local/lib/python3.8/site-packages/airflow/example_dags/example_skip_dag.py took 0.067 seconds
[2026-03-12T22:28:24.096+0000] {processor.py:161} INFO - Started process (PID=907) to work on /home/airflow/.local/lib/python3.8/site-packages/airflow/example_dags/example_skip_dag.py
[2026-03-12T22:28:24.097+0000] {processor.py:830} INFO - Processing file /home/airflow/.local/lib/python3.8/site-packages/airflow/example_dags/example_skip_dag.py for tasks to queue
[2026-03-12T22:28:24.099+0000] {logging_mixin.py:188} INFO - [2026-03-12T22:28:24.099+0000] {dagbag.py:538} INFO - Filling up the DagBag from /home/airflow/.local/lib/python3.8/site-packages/airflow/example_dags/example_skip_dag.py
[2026-03-12T22:28:24.106+0000] {processor.py:840} INFO - DAG(s) 'example_skip_dag' retrieved from /home/airflow/.local/lib/python3.8/site-packages/airflow/example_dags/example_skip_dag.py
[2026-03-12T22:28:24.125+0000] {logging_mixin.py:188} INFO - [2026-03-12T22:28:24.124+0000] {dag.py:3036} INFO - Sync 1 DAGs
[2026-03-12T22:28:24.143+0000] {logging_mixin.py:188} INFO - [2026-03-12T22:28:24.143+0000] {dag.py:3823} INFO - Setting next_dagrun for example_skip_dag to 2026-03-11 00:00:00+00:00, run_after=2026-03-12 00:00:00+00:00
[2026-03-12T22:28:24.160+0000] {processor.py:183} INFO - Processing /home/airflow/.local/lib/python3.8/site-packages/airflow/example_dags/example_skip_dag.py took 0.067 seconds
