[2026-03-12T22:22:21.821+0000] {processor.py:161} INFO - Started process (PID=114) to work on /home/airflow/.local/lib/python3.8/site-packages/airflow/example_dags/example_subdag_operator.py
[2026-03-12T22:22:21.822+0000] {processor.py:830} INFO - Processing file /home/airflow/.local/lib/python3.8/site-packages/airflow/example_dags/example_subdag_operator.py for tasks to queue
[2026-03-12T22:22:21.826+0000] {logging_mixin.py:188} INFO - [2026-03-12T22:22:21.825+0000] {dagbag.py:538} INFO - Filling up the DagBag from /home/airflow/.local/lib/python3.8/site-packages/airflow/example_dags/example_subdag_operator.py
[2026-03-12T22:22:21.850+0000] {processor.py:840} INFO - DAG(s) 'example_subdag_operator.section-1', 'example_subdag_operator.section-2', 'example_subdag_operator' retrieved from /home/airflow/.local/lib/python3.8/site-packages/airflow/example_dags/example_subdag_operator.py
[2026-03-12T22:22:21.867+0000] {logging_mixin.py:188} INFO - [2026-03-12T22:22:21.867+0000] {dag.py:3036} INFO - Sync 3 DAGs
[2026-03-12T22:22:21.889+0000] {logging_mixin.py:188} INFO - [2026-03-12T22:22:21.888+0000] {dag.py:3823} INFO - Setting next_dagrun for example_subdag_operator to 2022-01-01 00:00:00+00:00, run_after=2022-01-01 00:00:00+00:00
[2026-03-12T22:22:21.892+0000] {logging_mixin.py:188} INFO - [2026-03-12T22:22:21.892+0000] {dag.py:3823} INFO - Setting next_dagrun for example_subdag_operator.section-1 to None, run_after=None
[2026-03-12T22:22:21.894+0000] {logging_mixin.py:188} INFO - [2026-03-12T22:22:21.894+0000] {dag.py:3823} INFO - Setting next_dagrun for example_subdag_operator.section-2 to None, run_after=None
[2026-03-12T22:22:21.902+0000] {logging_mixin.py:188} INFO - [2026-03-12T22:22:21.901+0000] {dag.py:3036} INFO - Sync 2 DAGs
[2026-03-12T22:22:21.907+0000] {logging_mixin.py:188} INFO - [2026-03-12T22:22:21.907+0000] {dag.py:3823} INFO - Setting next_dagrun for example_subdag_operator.section-1 to None, run_after=None
[2026-03-12T22:22:21.907+0000] {logging_mixin.py:188} INFO - [2026-03-12T22:22:21.907+0000] {dag.py:3823} INFO - Setting next_dagrun for example_subdag_operator.section-2 to None, run_after=None
[2026-03-12T22:22:21.919+0000] {processor.py:183} INFO - Processing /home/airflow/.local/lib/python3.8/site-packages/airflow/example_dags/example_subdag_operator.py took 0.101 seconds
[2026-03-12T22:22:52.449+0000] {processor.py:161} INFO - Started process (PID=188) to work on /home/airflow/.local/lib/python3.8/site-packages/airflow/example_dags/example_subdag_operator.py
[2026-03-12T22:22:52.450+0000] {processor.py:830} INFO - Processing file /home/airflow/.local/lib/python3.8/site-packages/airflow/example_dags/example_subdag_operator.py for tasks to queue
[2026-03-12T22:22:52.452+0000] {logging_mixin.py:188} INFO - [2026-03-12T22:22:52.451+0000] {dagbag.py:538} INFO - Filling up the DagBag from /home/airflow/.local/lib/python3.8/site-packages/airflow/example_dags/example_subdag_operator.py
[2026-03-12T22:22:52.474+0000] {processor.py:840} INFO - DAG(s) 'example_subdag_operator.section-1', 'example_subdag_operator.section-2', 'example_subdag_operator' retrieved from /home/airflow/.local/lib/python3.8/site-packages/airflow/example_dags/example_subdag_operator.py
[2026-03-12T22:22:52.488+0000] {logging_mixin.py:188} INFO - [2026-03-12T22:22:52.488+0000] {dag.py:3036} INFO - Sync 3 DAGs
[2026-03-12T22:22:52.506+0000] {logging_mixin.py:188} INFO - [2026-03-12T22:22:52.506+0000] {dag.py:3823} INFO - Setting next_dagrun for example_subdag_operator to 2022-01-01 00:00:00+00:00, run_after=2022-01-01 00:00:00+00:00
[2026-03-12T22:22:52.509+0000] {logging_mixin.py:188} INFO - [2026-03-12T22:22:52.509+0000] {dag.py:3823} INFO - Setting next_dagrun for example_subdag_operator.section-1 to None, run_after=None
[2026-03-12T22:22:52.511+0000] {logging_mixin.py:188} INFO - [2026-03-12T22:22:52.511+0000] {dag.py:3823} INFO - Setting next_dagrun for example_subdag_operator.section-2 to None, run_after=None
[2026-03-12T22:22:52.517+0000] {logging_mixin.py:188} INFO - [2026-03-12T22:22:52.517+0000] {dag.py:3036} INFO - Sync 2 DAGs
[2026-03-12T22:22:52.522+0000] {logging_mixin.py:188} INFO - [2026-03-12T22:22:52.522+0000] {dag.py:3823} INFO - Setting next_dagrun for example_subdag_operator.section-1 to None, run_after=None
[2026-03-12T22:22:52.522+0000] {logging_mixin.py:188} INFO - [2026-03-12T22:22:52.522+0000] {dag.py:3823} INFO - Setting next_dagrun for example_subdag_operator.section-2 to None, run_after=None
[2026-03-12T22:22:52.532+0000] {processor.py:183} INFO - Processing /home/airflow/.local/lib/python3.8/site-packages/airflow/example_dags/example_subdag_operator.py took 0.086 seconds
[2026-03-12T22:23:23.471+0000] {processor.py:161} INFO - Started process (PID=244) to work on /home/airflow/.local/lib/python3.8/site-packages/airflow/example_dags/example_subdag_operator.py
[2026-03-12T22:23:23.472+0000] {processor.py:830} INFO - Processing file /home/airflow/.local/lib/python3.8/site-packages/airflow/example_dags/example_subdag_operator.py for tasks to queue
[2026-03-12T22:23:23.474+0000] {logging_mixin.py:188} INFO - [2026-03-12T22:23:23.473+0000] {dagbag.py:538} INFO - Filling up the DagBag from /home/airflow/.local/lib/python3.8/site-packages/airflow/example_dags/example_subdag_operator.py
[2026-03-12T22:23:23.497+0000] {processor.py:840} INFO - DAG(s) 'example_subdag_operator.section-1', 'example_subdag_operator.section-2', 'example_subdag_operator' retrieved from /home/airflow/.local/lib/python3.8/site-packages/airflow/example_dags/example_subdag_operator.py
[2026-03-12T22:23:23.511+0000] {logging_mixin.py:188} INFO - [2026-03-12T22:23:23.511+0000] {dag.py:3036} INFO - Sync 3 DAGs
[2026-03-12T22:23:23.531+0000] {logging_mixin.py:188} INFO - [2026-03-12T22:23:23.531+0000] {dag.py:3823} INFO - Setting next_dagrun for example_subdag_operator to 2022-01-01 00:00:00+00:00, run_after=2022-01-01 00:00:00+00:00
[2026-03-12T22:23:23.535+0000] {logging_mixin.py:188} INFO - [2026-03-12T22:23:23.535+0000] {dag.py:3823} INFO - Setting next_dagrun for example_subdag_operator.section-1 to None, run_after=None
[2026-03-12T22:23:23.536+0000] {logging_mixin.py:188} INFO - [2026-03-12T22:23:23.536+0000] {dag.py:3823} INFO - Setting next_dagrun for example_subdag_operator.section-2 to None, run_after=None
[2026-03-12T22:23:23.543+0000] {logging_mixin.py:188} INFO - [2026-03-12T22:23:23.542+0000] {dag.py:3036} INFO - Sync 2 DAGs
[2026-03-12T22:23:23.547+0000] {logging_mixin.py:188} INFO - [2026-03-12T22:23:23.547+0000] {dag.py:3823} INFO - Setting next_dagrun for example_subdag_operator.section-1 to None, run_after=None
[2026-03-12T22:23:23.548+0000] {logging_mixin.py:188} INFO - [2026-03-12T22:23:23.548+0000] {dag.py:3823} INFO - Setting next_dagrun for example_subdag_operator.section-2 to None, run_after=None
[2026-03-12T22:23:23.558+0000] {processor.py:183} INFO - Processing /home/airflow/.local/lib/python3.8/site-packages/airflow/example_dags/example_subdag_operator.py took 0.090 seconds
[2026-03-12T22:23:53.655+0000] {processor.py:161} INFO - Started process (PID=311) to work on /home/airflow/.local/lib/python3.8/site-packages/airflow/example_dags/example_subdag_operator.py
[2026-03-12T22:23:53.656+0000] {processor.py:830} INFO - Processing file /home/airflow/.local/lib/python3.8/site-packages/airflow/example_dags/example_subdag_operator.py for tasks to queue
[2026-03-12T22:23:53.657+0000] {logging_mixin.py:188} INFO - [2026-03-12T22:23:53.657+0000] {dagbag.py:538} INFO - Filling up the DagBag from /home/airflow/.local/lib/python3.8/site-packages/airflow/example_dags/example_subdag_operator.py
[2026-03-12T22:23:53.680+0000] {processor.py:840} INFO - DAG(s) 'example_subdag_operator.section-1', 'example_subdag_operator.section-2', 'example_subdag_operator' retrieved from /home/airflow/.local/lib/python3.8/site-packages/airflow/example_dags/example_subdag_operator.py
[2026-03-12T22:23:53.693+0000] {logging_mixin.py:188} INFO - [2026-03-12T22:23:53.693+0000] {dag.py:3036} INFO - Sync 3 DAGs
[2026-03-12T22:23:53.713+0000] {logging_mixin.py:188} INFO - [2026-03-12T22:23:53.712+0000] {dag.py:3823} INFO - Setting next_dagrun for example_subdag_operator to 2022-01-01 00:00:00+00:00, run_after=2022-01-01 00:00:00+00:00
[2026-03-12T22:23:53.716+0000] {logging_mixin.py:188} INFO - [2026-03-12T22:23:53.716+0000] {dag.py:3823} INFO - Setting next_dagrun for example_subdag_operator.section-1 to None, run_after=None
[2026-03-12T22:23:53.718+0000] {logging_mixin.py:188} INFO - [2026-03-12T22:23:53.717+0000] {dag.py:3823} INFO - Setting next_dagrun for example_subdag_operator.section-2 to None, run_after=None
[2026-03-12T22:23:53.725+0000] {logging_mixin.py:188} INFO - [2026-03-12T22:23:53.724+0000] {dag.py:3036} INFO - Sync 2 DAGs
[2026-03-12T22:23:53.730+0000] {logging_mixin.py:188} INFO - [2026-03-12T22:23:53.730+0000] {dag.py:3823} INFO - Setting next_dagrun for example_subdag_operator.section-1 to None, run_after=None
[2026-03-12T22:23:53.730+0000] {logging_mixin.py:188} INFO - [2026-03-12T22:23:53.730+0000] {dag.py:3823} INFO - Setting next_dagrun for example_subdag_operator.section-2 to None, run_after=None
[2026-03-12T22:23:53.741+0000] {processor.py:183} INFO - Processing /home/airflow/.local/lib/python3.8/site-packages/airflow/example_dags/example_subdag_operator.py took 0.089 seconds
[2026-03-12T22:24:23.763+0000] {processor.py:161} INFO - Started process (PID=379) to work on /home/airflow/.local/lib/python3.8/site-packages/airflow/example_dags/example_subdag_operator.py
[2026-03-12T22:24:23.764+0000] {processor.py:830} INFO - Processing file /home/airflow/.local/lib/python3.8/site-packages/airflow/example_dags/example_subdag_operator.py for tasks to queue
[2026-03-12T22:24:23.765+0000] {logging_mixin.py:188} INFO - [2026-03-12T22:24:23.765+0000] {dagbag.py:538} INFO - Filling up the DagBag from /home/airflow/.local/lib/python3.8/site-packages/airflow/example_dags/example_subdag_operator.py
[2026-03-12T22:24:23.788+0000] {processor.py:840} INFO - DAG(s) 'example_subdag_operator.section-1', 'example_subdag_operator.section-2', 'example_subdag_operator' retrieved from /home/airflow/.local/lib/python3.8/site-packages/airflow/example_dags/example_subdag_operator.py
[2026-03-12T22:24:23.802+0000] {logging_mixin.py:188} INFO - [2026-03-12T22:24:23.802+0000] {dag.py:3036} INFO - Sync 3 DAGs
[2026-03-12T22:24:23.822+0000] {logging_mixin.py:188} INFO - [2026-03-12T22:24:23.822+0000] {dag.py:3823} INFO - Setting next_dagrun for example_subdag_operator to 2022-01-01 00:00:00+00:00, run_after=2022-01-01 00:00:00+00:00
[2026-03-12T22:24:23.826+0000] {logging_mixin.py:188} INFO - [2026-03-12T22:24:23.826+0000] {dag.py:3823} INFO - Setting next_dagrun for example_subdag_operator.section-1 to None, run_after=None
[2026-03-12T22:24:23.827+0000] {logging_mixin.py:188} INFO - [2026-03-12T22:24:23.827+0000] {dag.py:3823} INFO - Setting next_dagrun for example_subdag_operator.section-2 to None, run_after=None
[2026-03-12T22:24:23.835+0000] {logging_mixin.py:188} INFO - [2026-03-12T22:24:23.835+0000] {dag.py:3036} INFO - Sync 2 DAGs
[2026-03-12T22:24:23.840+0000] {logging_mixin.py:188} INFO - [2026-03-12T22:24:23.840+0000] {dag.py:3823} INFO - Setting next_dagrun for example_subdag_operator.section-1 to None, run_after=None
[2026-03-12T22:24:23.841+0000] {logging_mixin.py:188} INFO - [2026-03-12T22:24:23.841+0000] {dag.py:3823} INFO - Setting next_dagrun for example_subdag_operator.section-2 to None, run_after=None
[2026-03-12T22:24:23.852+0000] {processor.py:183} INFO - Processing /home/airflow/.local/lib/python3.8/site-packages/airflow/example_dags/example_subdag_operator.py took 0.092 seconds
[2026-03-12T22:24:54.374+0000] {processor.py:161} INFO - Started process (PID=447) to work on /home/airflow/.local/lib/python3.8/site-packages/airflow/example_dags/example_subdag_operator.py
[2026-03-12T22:24:54.375+0000] {processor.py:830} INFO - Processing file /home/airflow/.local/lib/python3.8/site-packages/airflow/example_dags/example_subdag_operator.py for tasks to queue
[2026-03-12T22:24:54.377+0000] {logging_mixin.py:188} INFO - [2026-03-12T22:24:54.376+0000] {dagbag.py:538} INFO - Filling up the DagBag from /home/airflow/.local/lib/python3.8/site-packages/airflow/example_dags/example_subdag_operator.py
[2026-03-12T22:24:54.398+0000] {processor.py:840} INFO - DAG(s) 'example_subdag_operator.section-1', 'example_subdag_operator.section-2', 'example_subdag_operator' retrieved from /home/airflow/.local/lib/python3.8/site-packages/airflow/example_dags/example_subdag_operator.py
[2026-03-12T22:24:54.411+0000] {logging_mixin.py:188} INFO - [2026-03-12T22:24:54.411+0000] {dag.py:3036} INFO - Sync 3 DAGs
[2026-03-12T22:24:54.430+0000] {logging_mixin.py:188} INFO - [2026-03-12T22:24:54.430+0000] {dag.py:3823} INFO - Setting next_dagrun for example_subdag_operator to 2022-01-01 00:00:00+00:00, run_after=2022-01-01 00:00:00+00:00
[2026-03-12T22:24:54.433+0000] {logging_mixin.py:188} INFO - [2026-03-12T22:24:54.433+0000] {dag.py:3823} INFO - Setting next_dagrun for example_subdag_operator.section-1 to None, run_after=None
[2026-03-12T22:24:54.434+0000] {logging_mixin.py:188} INFO - [2026-03-12T22:24:54.434+0000] {dag.py:3823} INFO - Setting next_dagrun for example_subdag_operator.section-2 to None, run_after=None
[2026-03-12T22:24:54.441+0000] {logging_mixin.py:188} INFO - [2026-03-12T22:24:54.440+0000] {dag.py:3036} INFO - Sync 2 DAGs
[2026-03-12T22:24:54.446+0000] {logging_mixin.py:188} INFO - [2026-03-12T22:24:54.445+0000] {dag.py:3823} INFO - Setting next_dagrun for example_subdag_operator.section-1 to None, run_after=None
[2026-03-12T22:24:54.446+0000] {logging_mixin.py:188} INFO - [2026-03-12T22:24:54.446+0000] {dag.py:3823} INFO - Setting next_dagrun for example_subdag_operator.section-2 to None, run_after=None
[2026-03-12T22:24:54.456+0000] {processor.py:183} INFO - Processing /home/airflow/.local/lib/python3.8/site-packages/airflow/example_dags/example_subdag_operator.py took 0.085 seconds
[2026-03-12T22:25:24.597+0000] {processor.py:161} INFO - Started process (PID=515) to work on /home/airflow/.local/lib/python3.8/site-packages/airflow/example_dags/example_subdag_operator.py
[2026-03-12T22:25:24.598+0000] {processor.py:830} INFO - Processing file /home/airflow/.local/lib/python3.8/site-packages/airflow/example_dags/example_subdag_operator.py for tasks to queue
[2026-03-12T22:25:24.599+0000] {logging_mixin.py:188} INFO - [2026-03-12T22:25:24.599+0000] {dagbag.py:538} INFO - Filling up the DagBag from /home/airflow/.local/lib/python3.8/site-packages/airflow/example_dags/example_subdag_operator.py
[2026-03-12T22:25:24.621+0000] {processor.py:840} INFO - DAG(s) 'example_subdag_operator.section-1', 'example_subdag_operator.section-2', 'example_subdag_operator' retrieved from /home/airflow/.local/lib/python3.8/site-packages/airflow/example_dags/example_subdag_operator.py
[2026-03-12T22:25:24.634+0000] {logging_mixin.py:188} INFO - [2026-03-12T22:25:24.634+0000] {dag.py:3036} INFO - Sync 3 DAGs
[2026-03-12T22:25:24.654+0000] {logging_mixin.py:188} INFO - [2026-03-12T22:25:24.653+0000] {dag.py:3823} INFO - Setting next_dagrun for example_subdag_operator to 2022-01-01 00:00:00+00:00, run_after=2022-01-01 00:00:00+00:00
[2026-03-12T22:25:24.657+0000] {logging_mixin.py:188} INFO - [2026-03-12T22:25:24.656+0000] {dag.py:3823} INFO - Setting next_dagrun for example_subdag_operator.section-1 to None, run_after=None
[2026-03-12T22:25:24.658+0000] {logging_mixin.py:188} INFO - [2026-03-12T22:25:24.658+0000] {dag.py:3823} INFO - Setting next_dagrun for example_subdag_operator.section-2 to None, run_after=None
[2026-03-12T22:25:24.664+0000] {logging_mixin.py:188} INFO - [2026-03-12T22:25:24.664+0000] {dag.py:3036} INFO - Sync 2 DAGs
[2026-03-12T22:25:24.669+0000] {logging_mixin.py:188} INFO - [2026-03-12T22:25:24.669+0000] {dag.py:3823} INFO - Setting next_dagrun for example_subdag_operator.section-1 to None, run_after=None
[2026-03-12T22:25:24.670+0000] {logging_mixin.py:188} INFO - [2026-03-12T22:25:24.669+0000] {dag.py:3823} INFO - Setting next_dagrun for example_subdag_operator.section-2 to None, run_after=None
[2026-03-12T22:25:24.680+0000] {processor.py:183} INFO - Processing /home/airflow/.local/lib/python3.8/site-packages/airflow/example_dags/example_subdag_operator.py took 0.086 seconds
[2026-03-12T22:25:54.928+0000] {processor.py:161} INFO - Started process (PID=583) to work on /home/airflow/.local/lib/python3.8/site-packages/airflow/example_dags/example_subdag_operator.py
[2026-03-12T22:25:54.929+0000] {processor.py:830} INFO - Processing file /home/airflow/.local/lib/python3.8/site-packages/airflow/example_dags/example_subdag_operator.py for tasks to queue
[2026-03-12T22:25:54.930+0000] {logging_mixin.py:188} INFO - [2026-03-12T22:25:54.930+0000] {dagbag.py:538} INFO - Filling up the DagBag from /home/airflow/.local/lib/python3.8/site-packages/airflow/example_dags/example_subdag_operator.py
[2026-03-12T22:25:54.951+0000] {processor.py:840} INFO - DAG(s) 'example_subdag_operator.section-1', 'example_subdag_operator.section-2', 'example_subdag_operator' retrieved from /home/airflow/.local/lib/python3.8/site-packages/airflow/example_dags/example_subdag_operator.py
[2026-03-12T22:25:54.965+0000] {logging_mixin.py:188} INFO - [2026-03-12T22:25:54.964+0000] {dag.py:3036} INFO - Sync 3 DAGs
[2026-03-12T22:25:54.984+0000] {logging_mixin.py:188} INFO - [2026-03-12T22:25:54.983+0000] {dag.py:3823} INFO - Setting next_dagrun for example_subdag_operator to 2022-01-01 00:00:00+00:00, run_after=2022-01-01 00:00:00+00:00
[2026-03-12T22:25:54.987+0000] {logging_mixin.py:188} INFO - [2026-03-12T22:25:54.986+0000] {dag.py:3823} INFO - Setting next_dagrun for example_subdag_operator.section-1 to None, run_after=None
[2026-03-12T22:25:54.988+0000] {logging_mixin.py:188} INFO - [2026-03-12T22:25:54.988+0000] {dag.py:3823} INFO - Setting next_dagrun for example_subdag_operator.section-2 to None, run_after=None
[2026-03-12T22:25:54.994+0000] {logging_mixin.py:188} INFO - [2026-03-12T22:25:54.994+0000] {dag.py:3036} INFO - Sync 2 DAGs
[2026-03-12T22:25:54.999+0000] {logging_mixin.py:188} INFO - [2026-03-12T22:25:54.999+0000] {dag.py:3823} INFO - Setting next_dagrun for example_subdag_operator.section-1 to None, run_after=None
[2026-03-12T22:25:54.999+0000] {logging_mixin.py:188} INFO - [2026-03-12T22:25:54.999+0000] {dag.py:3823} INFO - Setting next_dagrun for example_subdag_operator.section-2 to None, run_after=None
[2026-03-12T22:25:55.010+0000] {processor.py:183} INFO - Processing /home/airflow/.local/lib/python3.8/site-packages/airflow/example_dags/example_subdag_operator.py took 0.086 seconds
[2026-03-12T22:26:25.496+0000] {processor.py:161} INFO - Started process (PID=651) to work on /home/airflow/.local/lib/python3.8/site-packages/airflow/example_dags/example_subdag_operator.py
[2026-03-12T22:26:25.497+0000] {processor.py:830} INFO - Processing file /home/airflow/.local/lib/python3.8/site-packages/airflow/example_dags/example_subdag_operator.py for tasks to queue
[2026-03-12T22:26:25.498+0000] {logging_mixin.py:188} INFO - [2026-03-12T22:26:25.498+0000] {dagbag.py:538} INFO - Filling up the DagBag from /home/airflow/.local/lib/python3.8/site-packages/airflow/example_dags/example_subdag_operator.py
[2026-03-12T22:26:25.520+0000] {processor.py:840} INFO - DAG(s) 'example_subdag_operator.section-1', 'example_subdag_operator.section-2', 'example_subdag_operator' retrieved from /home/airflow/.local/lib/python3.8/site-packages/airflow/example_dags/example_subdag_operator.py
[2026-03-12T22:26:25.533+0000] {logging_mixin.py:188} INFO - [2026-03-12T22:26:25.533+0000] {dag.py:3036} INFO - Sync 3 DAGs
[2026-03-12T22:26:25.553+0000] {logging_mixin.py:188} INFO - [2026-03-12T22:26:25.553+0000] {dag.py:3823} INFO - Setting next_dagrun for example_subdag_operator to 2022-01-01 00:00:00+00:00, run_after=2022-01-01 00:00:00+00:00
[2026-03-12T22:26:25.556+0000] {logging_mixin.py:188} INFO - [2026-03-12T22:26:25.556+0000] {dag.py:3823} INFO - Setting next_dagrun for example_subdag_operator.section-1 to None, run_after=None
[2026-03-12T22:26:25.558+0000] {logging_mixin.py:188} INFO - [2026-03-12T22:26:25.558+0000] {dag.py:3823} INFO - Setting next_dagrun for example_subdag_operator.section-2 to None, run_after=None
[2026-03-12T22:26:25.685+0000] {logging_mixin.py:188} INFO - [2026-03-12T22:26:25.684+0000] {dag.py:3036} INFO - Sync 2 DAGs
[2026-03-12T22:26:25.690+0000] {logging_mixin.py:188} INFO - [2026-03-12T22:26:25.689+0000] {dag.py:3823} INFO - Setting next_dagrun for example_subdag_operator.section-1 to None, run_after=None
[2026-03-12T22:26:25.690+0000] {logging_mixin.py:188} INFO - [2026-03-12T22:26:25.690+0000] {dag.py:3823} INFO - Setting next_dagrun for example_subdag_operator.section-2 to None, run_after=None
[2026-03-12T22:26:25.701+0000] {processor.py:183} INFO - Processing /home/airflow/.local/lib/python3.8/site-packages/airflow/example_dags/example_subdag_operator.py took 0.208 seconds
[2026-03-12T22:26:56.354+0000] {processor.py:161} INFO - Started process (PID=719) to work on /home/airflow/.local/lib/python3.8/site-packages/airflow/example_dags/example_subdag_operator.py
[2026-03-12T22:26:56.355+0000] {processor.py:830} INFO - Processing file /home/airflow/.local/lib/python3.8/site-packages/airflow/example_dags/example_subdag_operator.py for tasks to queue
[2026-03-12T22:26:56.357+0000] {logging_mixin.py:188} INFO - [2026-03-12T22:26:56.356+0000] {dagbag.py:538} INFO - Filling up the DagBag from /home/airflow/.local/lib/python3.8/site-packages/airflow/example_dags/example_subdag_operator.py
[2026-03-12T22:26:56.378+0000] {processor.py:840} INFO - DAG(s) 'example_subdag_operator.section-1', 'example_subdag_operator.section-2', 'example_subdag_operator' retrieved from /home/airflow/.local/lib/python3.8/site-packages/airflow/example_dags/example_subdag_operator.py
[2026-03-12T22:26:56.392+0000] {logging_mixin.py:188} INFO - [2026-03-12T22:26:56.392+0000] {dag.py:3036} INFO - Sync 3 DAGs
[2026-03-12T22:26:56.412+0000] {logging_mixin.py:188} INFO - [2026-03-12T22:26:56.412+0000] {dag.py:3823} INFO - Setting next_dagrun for example_subdag_operator to 2022-01-01 00:00:00+00:00, run_after=2022-01-01 00:00:00+00:00
[2026-03-12T22:26:56.415+0000] {logging_mixin.py:188} INFO - [2026-03-12T22:26:56.415+0000] {dag.py:3823} INFO - Setting next_dagrun for example_subdag_operator.section-1 to None, run_after=None
[2026-03-12T22:26:56.417+0000] {logging_mixin.py:188} INFO - [2026-03-12T22:26:56.416+0000] {dag.py:3823} INFO - Setting next_dagrun for example_subdag_operator.section-2 to None, run_after=None
[2026-03-12T22:26:56.423+0000] {logging_mixin.py:188} INFO - [2026-03-12T22:26:56.423+0000] {dag.py:3036} INFO - Sync 2 DAGs
[2026-03-12T22:26:56.428+0000] {logging_mixin.py:188} INFO - [2026-03-12T22:26:56.428+0000] {dag.py:3823} INFO - Setting next_dagrun for example_subdag_operator.section-1 to None, run_after=None
[2026-03-12T22:26:56.428+0000] {logging_mixin.py:188} INFO - [2026-03-12T22:26:56.428+0000] {dag.py:3823} INFO - Setting next_dagrun for example_subdag_operator.section-2 to None, run_after=None
[2026-03-12T22:26:56.439+0000] {processor.py:183} INFO - Processing /home/airflow/.local/lib/python3.8/site-packages/airflow/example_dags/example_subdag_operator.py took 0.087 seconds
[2026-03-12T22:27:27.097+0000] {processor.py:161} INFO - Started process (PID=787) to work on /home/airflow/.local/lib/python3.8/site-packages/airflow/example_dags/example_subdag_operator.py
[2026-03-12T22:27:27.097+0000] {processor.py:830} INFO - Processing file /home/airflow/.local/lib/python3.8/site-packages/airflow/example_dags/example_subdag_operator.py for tasks to queue
[2026-03-12T22:27:27.099+0000] {logging_mixin.py:188} INFO - [2026-03-12T22:27:27.099+0000] {dagbag.py:538} INFO - Filling up the DagBag from /home/airflow/.local/lib/python3.8/site-packages/airflow/example_dags/example_subdag_operator.py
[2026-03-12T22:27:27.121+0000] {processor.py:840} INFO - DAG(s) 'example_subdag_operator.section-1', 'example_subdag_operator.section-2', 'example_subdag_operator' retrieved from /home/airflow/.local/lib/python3.8/site-packages/airflow/example_dags/example_subdag_operator.py
[2026-03-12T22:27:27.135+0000] {logging_mixin.py:188} INFO - [2026-03-12T22:27:27.135+0000] {dag.py:3036} INFO - Sync 3 DAGs
[2026-03-12T22:27:27.154+0000] {logging_mixin.py:188} INFO - [2026-03-12T22:27:27.154+0000] {dag.py:3823} INFO - Setting next_dagrun for example_subdag_operator to 2022-01-01 00:00:00+00:00, run_after=2022-01-01 00:00:00+00:00
[2026-03-12T22:27:27.158+0000] {logging_mixin.py:188} INFO - [2026-03-12T22:27:27.157+0000] {dag.py:3823} INFO - Setting next_dagrun for example_subdag_operator.section-1 to None, run_after=None
[2026-03-12T22:27:27.159+0000] {logging_mixin.py:188} INFO - [2026-03-12T22:27:27.159+0000] {dag.py:3823} INFO - Setting next_dagrun for example_subdag_operator.section-2 to None, run_after=None
[2026-03-12T22:27:27.166+0000] {logging_mixin.py:188} INFO - [2026-03-12T22:27:27.166+0000] {dag.py:3036} INFO - Sync 2 DAGs
[2026-03-12T22:27:27.172+0000] {logging_mixin.py:188} INFO - [2026-03-12T22:27:27.172+0000] {dag.py:3823} INFO - Setting next_dagrun for example_subdag_operator.section-1 to None, run_after=None
[2026-03-12T22:27:27.172+0000] {logging_mixin.py:188} INFO - [2026-03-12T22:27:27.172+0000] {dag.py:3823} INFO - Setting next_dagrun for example_subdag_operator.section-2 to None, run_after=None
[2026-03-12T22:27:27.183+0000] {processor.py:183} INFO - Processing /home/airflow/.local/lib/python3.8/site-packages/airflow/example_dags/example_subdag_operator.py took 0.089 seconds
[2026-03-12T22:27:57.493+0000] {processor.py:161} INFO - Started process (PID=855) to work on /home/airflow/.local/lib/python3.8/site-packages/airflow/example_dags/example_subdag_operator.py
[2026-03-12T22:27:57.494+0000] {processor.py:830} INFO - Processing file /home/airflow/.local/lib/python3.8/site-packages/airflow/example_dags/example_subdag_operator.py for tasks to queue
[2026-03-12T22:27:57.495+0000] {logging_mixin.py:188} INFO - [2026-03-12T22:27:57.495+0000] {dagbag.py:538} INFO - Filling up the DagBag from /home/airflow/.local/lib/python3.8/site-packages/airflow/example_dags/example_subdag_operator.py
[2026-03-12T22:27:57.518+0000] {processor.py:840} INFO - DAG(s) 'example_subdag_operator.section-1', 'example_subdag_operator.section-2', 'example_subdag_operator' retrieved from /home/airflow/.local/lib/python3.8/site-packages/airflow/example_dags/example_subdag_operator.py
[2026-03-12T22:27:57.532+0000] {logging_mixin.py:188} INFO - [2026-03-12T22:27:57.531+0000] {dag.py:3036} INFO - Sync 3 DAGs
[2026-03-12T22:27:57.551+0000] {logging_mixin.py:188} INFO - [2026-03-12T22:27:57.551+0000] {dag.py:3823} INFO - Setting next_dagrun for example_subdag_operator to 2022-01-01 00:00:00+00:00, run_after=2022-01-01 00:00:00+00:00
[2026-03-12T22:27:57.554+0000] {logging_mixin.py:188} INFO - [2026-03-12T22:27:57.554+0000] {dag.py:3823} INFO - Setting next_dagrun for example_subdag_operator.section-1 to None, run_after=None
[2026-03-12T22:27:57.556+0000] {logging_mixin.py:188} INFO - [2026-03-12T22:27:57.555+0000] {dag.py:3823} INFO - Setting next_dagrun for example_subdag_operator.section-2 to None, run_after=None
[2026-03-12T22:27:57.563+0000] {logging_mixin.py:188} INFO - [2026-03-12T22:27:57.562+0000] {dag.py:3036} INFO - Sync 2 DAGs
[2026-03-12T22:27:57.568+0000] {logging_mixin.py:188} INFO - [2026-03-12T22:27:57.568+0000] {dag.py:3823} INFO - Setting next_dagrun for example_subdag_operator.section-1 to None, run_after=None
[2026-03-12T22:27:57.568+0000] {logging_mixin.py:188} INFO - [2026-03-12T22:27:57.568+0000] {dag.py:3823} INFO - Setting next_dagrun for example_subdag_operator.section-2 to None, run_after=None
[2026-03-12T22:27:57.579+0000] {processor.py:183} INFO - Processing /home/airflow/.local/lib/python3.8/site-packages/airflow/example_dags/example_subdag_operator.py took 0.089 seconds
[2026-03-12T22:28:27.822+0000] {processor.py:161} INFO - Started process (PID=923) to work on /home/airflow/.local/lib/python3.8/site-packages/airflow/example_dags/example_subdag_operator.py
[2026-03-12T22:28:27.823+0000] {processor.py:830} INFO - Processing file /home/airflow/.local/lib/python3.8/site-packages/airflow/example_dags/example_subdag_operator.py for tasks to queue
[2026-03-12T22:28:27.825+0000] {logging_mixin.py:188} INFO - [2026-03-12T22:28:27.824+0000] {dagbag.py:538} INFO - Filling up the DagBag from /home/airflow/.local/lib/python3.8/site-packages/airflow/example_dags/example_subdag_operator.py
[2026-03-12T22:28:27.847+0000] {processor.py:840} INFO - DAG(s) 'example_subdag_operator.section-1', 'example_subdag_operator.section-2', 'example_subdag_operator' retrieved from /home/airflow/.local/lib/python3.8/site-packages/airflow/example_dags/example_subdag_operator.py
[2026-03-12T22:28:27.861+0000] {logging_mixin.py:188} INFO - [2026-03-12T22:28:27.861+0000] {dag.py:3036} INFO - Sync 3 DAGs
[2026-03-12T22:28:27.881+0000] {logging_mixin.py:188} INFO - [2026-03-12T22:28:27.881+0000] {dag.py:3823} INFO - Setting next_dagrun for example_subdag_operator to 2022-01-01 00:00:00+00:00, run_after=2022-01-01 00:00:00+00:00
[2026-03-12T22:28:27.884+0000] {logging_mixin.py:188} INFO - [2026-03-12T22:28:27.884+0000] {dag.py:3823} INFO - Setting next_dagrun for example_subdag_operator.section-1 to None, run_after=None
[2026-03-12T22:28:27.886+0000] {logging_mixin.py:188} INFO - [2026-03-12T22:28:27.885+0000] {dag.py:3823} INFO - Setting next_dagrun for example_subdag_operator.section-2 to None, run_after=None
[2026-03-12T22:28:27.893+0000] {logging_mixin.py:188} INFO - [2026-03-12T22:28:27.893+0000] {dag.py:3036} INFO - Sync 2 DAGs
[2026-03-12T22:28:27.898+0000] {logging_mixin.py:188} INFO - [2026-03-12T22:28:27.898+0000] {dag.py:3823} INFO - Setting next_dagrun for example_subdag_operator.section-1 to None, run_after=None
[2026-03-12T22:28:27.898+0000] {logging_mixin.py:188} INFO - [2026-03-12T22:28:27.898+0000] {dag.py:3823} INFO - Setting next_dagrun for example_subdag_operator.section-2 to None, run_after=None
[2026-03-12T22:28:27.909+0000] {processor.py:183} INFO - Processing /home/airflow/.local/lib/python3.8/site-packages/airflow/example_dags/example_subdag_operator.py took 0.090 seconds
