[2026-03-12T22:22:23.067+0000] {processor.py:161} INFO - Started process (PID=139) to work on /home/airflow/.local/lib/python3.8/site-packages/airflow/example_dags/example_complex.py
[2026-03-12T22:22:23.068+0000] {processor.py:830} INFO - Processing file /home/airflow/.local/lib/python3.8/site-packages/airflow/example_dags/example_complex.py for tasks to queue
[2026-03-12T22:22:23.069+0000] {logging_mixin.py:188} INFO - [2026-03-12T22:22:23.069+0000] {dagbag.py:538} INFO - Filling up the DagBag from /home/airflow/.local/lib/python3.8/site-packages/airflow/example_dags/example_complex.py
[2026-03-12T22:22:23.079+0000] {processor.py:840} INFO - DAG(s) 'example_complex' retrieved from /home/airflow/.local/lib/python3.8/site-packages/airflow/example_dags/example_complex.py
[2026-03-12T22:22:23.113+0000] {logging_mixin.py:188} INFO - [2026-03-12T22:22:23.113+0000] {dag.py:3036} INFO - Sync 1 DAGs
[2026-03-12T22:22:23.125+0000] {logging_mixin.py:188} INFO - [2026-03-12T22:22:23.125+0000] {dag.py:3823} INFO - Setting next_dagrun for example_complex to None, run_after=None
[2026-03-12T22:22:23.144+0000] {processor.py:183} INFO - Processing /home/airflow/.local/lib/python3.8/site-packages/airflow/example_dags/example_complex.py took 0.080 seconds
[2026-03-12T22:22:53.648+0000] {processor.py:161} INFO - Started process (PID=207) to work on /home/airflow/.local/lib/python3.8/site-packages/airflow/example_dags/example_complex.py
[2026-03-12T22:22:53.649+0000] {processor.py:830} INFO - Processing file /home/airflow/.local/lib/python3.8/site-packages/airflow/example_dags/example_complex.py for tasks to queue
[2026-03-12T22:22:53.650+0000] {logging_mixin.py:188} INFO - [2026-03-12T22:22:53.650+0000] {dagbag.py:538} INFO - Filling up the DagBag from /home/airflow/.local/lib/python3.8/site-packages/airflow/example_dags/example_complex.py
[2026-03-12T22:22:53.659+0000] {processor.py:840} INFO - DAG(s) 'example_complex' retrieved from /home/airflow/.local/lib/python3.8/site-packages/airflow/example_dags/example_complex.py
[2026-03-12T22:22:53.687+0000] {logging_mixin.py:188} INFO - [2026-03-12T22:22:53.687+0000] {dag.py:3036} INFO - Sync 1 DAGs
[2026-03-12T22:22:53.698+0000] {logging_mixin.py:188} INFO - [2026-03-12T22:22:53.698+0000] {dag.py:3823} INFO - Setting next_dagrun for example_complex to None, run_after=None
[2026-03-12T22:22:53.715+0000] {processor.py:183} INFO - Processing /home/airflow/.local/lib/python3.8/site-packages/airflow/example_dags/example_complex.py took 0.070 seconds
[2026-03-12T22:23:24.992+0000] {processor.py:161} INFO - Started process (PID=275) to work on /home/airflow/.local/lib/python3.8/site-packages/airflow/example_dags/example_complex.py
[2026-03-12T22:23:24.993+0000] {processor.py:830} INFO - Processing file /home/airflow/.local/lib/python3.8/site-packages/airflow/example_dags/example_complex.py for tasks to queue
[2026-03-12T22:23:24.995+0000] {logging_mixin.py:188} INFO - [2026-03-12T22:23:24.995+0000] {dagbag.py:538} INFO - Filling up the DagBag from /home/airflow/.local/lib/python3.8/site-packages/airflow/example_dags/example_complex.py
[2026-03-12T22:23:25.005+0000] {processor.py:840} INFO - DAG(s) 'example_complex' retrieved from /home/airflow/.local/lib/python3.8/site-packages/airflow/example_dags/example_complex.py
[2026-03-12T22:23:25.033+0000] {logging_mixin.py:188} INFO - [2026-03-12T22:23:25.032+0000] {dag.py:3036} INFO - Sync 1 DAGs
[2026-03-12T22:23:25.044+0000] {logging_mixin.py:188} INFO - [2026-03-12T22:23:25.044+0000] {dag.py:3823} INFO - Setting next_dagrun for example_complex to None, run_after=None
[2026-03-12T22:23:25.063+0000] {processor.py:183} INFO - Processing /home/airflow/.local/lib/python3.8/site-packages/airflow/example_dags/example_complex.py took 0.074 seconds
[2026-03-12T22:23:56.190+0000] {processor.py:161} INFO - Started process (PID=343) to work on /home/airflow/.local/lib/python3.8/site-packages/airflow/example_dags/example_complex.py
[2026-03-12T22:23:56.191+0000] {processor.py:830} INFO - Processing file /home/airflow/.local/lib/python3.8/site-packages/airflow/example_dags/example_complex.py for tasks to queue
[2026-03-12T22:23:56.193+0000] {logging_mixin.py:188} INFO - [2026-03-12T22:23:56.192+0000] {dagbag.py:538} INFO - Filling up the DagBag from /home/airflow/.local/lib/python3.8/site-packages/airflow/example_dags/example_complex.py
[2026-03-12T22:23:56.202+0000] {processor.py:840} INFO - DAG(s) 'example_complex' retrieved from /home/airflow/.local/lib/python3.8/site-packages/airflow/example_dags/example_complex.py
[2026-03-12T22:23:56.229+0000] {logging_mixin.py:188} INFO - [2026-03-12T22:23:56.228+0000] {dag.py:3036} INFO - Sync 1 DAGs
[2026-03-12T22:23:56.240+0000] {logging_mixin.py:188} INFO - [2026-03-12T22:23:56.240+0000] {dag.py:3823} INFO - Setting next_dagrun for example_complex to None, run_after=None
[2026-03-12T22:23:56.258+0000] {processor.py:183} INFO - Processing /home/airflow/.local/lib/python3.8/site-packages/airflow/example_dags/example_complex.py took 0.070 seconds
[2026-03-12T22:24:26.492+0000] {processor.py:161} INFO - Started process (PID=400) to work on /home/airflow/.local/lib/python3.8/site-packages/airflow/example_dags/example_complex.py
[2026-03-12T22:24:26.493+0000] {processor.py:830} INFO - Processing file /home/airflow/.local/lib/python3.8/site-packages/airflow/example_dags/example_complex.py for tasks to queue
[2026-03-12T22:24:26.494+0000] {logging_mixin.py:188} INFO - [2026-03-12T22:24:26.494+0000] {dagbag.py:538} INFO - Filling up the DagBag from /home/airflow/.local/lib/python3.8/site-packages/airflow/example_dags/example_complex.py
[2026-03-12T22:24:26.503+0000] {processor.py:840} INFO - DAG(s) 'example_complex' retrieved from /home/airflow/.local/lib/python3.8/site-packages/airflow/example_dags/example_complex.py
[2026-03-12T22:24:26.532+0000] {logging_mixin.py:188} INFO - [2026-03-12T22:24:26.532+0000] {dag.py:3036} INFO - Sync 1 DAGs
[2026-03-12T22:24:26.544+0000] {logging_mixin.py:188} INFO - [2026-03-12T22:24:26.544+0000] {dag.py:3823} INFO - Setting next_dagrun for example_complex to None, run_after=None
[2026-03-12T22:24:26.561+0000] {processor.py:183} INFO - Processing /home/airflow/.local/lib/python3.8/site-packages/airflow/example_dags/example_complex.py took 0.073 seconds
[2026-03-12T22:24:56.627+0000] {processor.py:161} INFO - Started process (PID=466) to work on /home/airflow/.local/lib/python3.8/site-packages/airflow/example_dags/example_complex.py
[2026-03-12T22:24:56.628+0000] {processor.py:830} INFO - Processing file /home/airflow/.local/lib/python3.8/site-packages/airflow/example_dags/example_complex.py for tasks to queue
[2026-03-12T22:24:56.629+0000] {logging_mixin.py:188} INFO - [2026-03-12T22:24:56.629+0000] {dagbag.py:538} INFO - Filling up the DagBag from /home/airflow/.local/lib/python3.8/site-packages/airflow/example_dags/example_complex.py
[2026-03-12T22:24:56.639+0000] {processor.py:840} INFO - DAG(s) 'example_complex' retrieved from /home/airflow/.local/lib/python3.8/site-packages/airflow/example_dags/example_complex.py
[2026-03-12T22:24:56.668+0000] {logging_mixin.py:188} INFO - [2026-03-12T22:24:56.667+0000] {dag.py:3036} INFO - Sync 1 DAGs
[2026-03-12T22:24:56.678+0000] {logging_mixin.py:188} INFO - [2026-03-12T22:24:56.678+0000] {dag.py:3823} INFO - Setting next_dagrun for example_complex to None, run_after=None
[2026-03-12T22:24:56.696+0000] {processor.py:183} INFO - Processing /home/airflow/.local/lib/python3.8/site-packages/airflow/example_dags/example_complex.py took 0.072 seconds
[2026-03-12T22:25:27.553+0000] {processor.py:161} INFO - Started process (PID=534) to work on /home/airflow/.local/lib/python3.8/site-packages/airflow/example_dags/example_complex.py
[2026-03-12T22:25:27.554+0000] {processor.py:830} INFO - Processing file /home/airflow/.local/lib/python3.8/site-packages/airflow/example_dags/example_complex.py for tasks to queue
[2026-03-12T22:25:27.555+0000] {logging_mixin.py:188} INFO - [2026-03-12T22:25:27.555+0000] {dagbag.py:538} INFO - Filling up the DagBag from /home/airflow/.local/lib/python3.8/site-packages/airflow/example_dags/example_complex.py
[2026-03-12T22:25:27.565+0000] {processor.py:840} INFO - DAG(s) 'example_complex' retrieved from /home/airflow/.local/lib/python3.8/site-packages/airflow/example_dags/example_complex.py
[2026-03-12T22:25:27.591+0000] {logging_mixin.py:188} INFO - [2026-03-12T22:25:27.591+0000] {dag.py:3036} INFO - Sync 1 DAGs
[2026-03-12T22:25:27.602+0000] {logging_mixin.py:188} INFO - [2026-03-12T22:25:27.602+0000] {dag.py:3823} INFO - Setting next_dagrun for example_complex to None, run_after=None
[2026-03-12T22:25:27.619+0000] {processor.py:183} INFO - Processing /home/airflow/.local/lib/python3.8/site-packages/airflow/example_dags/example_complex.py took 0.068 seconds
[2026-03-12T22:25:57.907+0000] {processor.py:161} INFO - Started process (PID=602) to work on /home/airflow/.local/lib/python3.8/site-packages/airflow/example_dags/example_complex.py
[2026-03-12T22:25:57.908+0000] {processor.py:830} INFO - Processing file /home/airflow/.local/lib/python3.8/site-packages/airflow/example_dags/example_complex.py for tasks to queue
[2026-03-12T22:25:57.909+0000] {logging_mixin.py:188} INFO - [2026-03-12T22:25:57.909+0000] {dagbag.py:538} INFO - Filling up the DagBag from /home/airflow/.local/lib/python3.8/site-packages/airflow/example_dags/example_complex.py
[2026-03-12T22:25:57.919+0000] {processor.py:840} INFO - DAG(s) 'example_complex' retrieved from /home/airflow/.local/lib/python3.8/site-packages/airflow/example_dags/example_complex.py
[2026-03-12T22:25:57.945+0000] {logging_mixin.py:188} INFO - [2026-03-12T22:25:57.945+0000] {dag.py:3036} INFO - Sync 1 DAGs
[2026-03-12T22:25:57.956+0000] {logging_mixin.py:188} INFO - [2026-03-12T22:25:57.956+0000] {dag.py:3823} INFO - Setting next_dagrun for example_complex to None, run_after=None
[2026-03-12T22:25:57.973+0000] {processor.py:183} INFO - Processing /home/airflow/.local/lib/python3.8/site-packages/airflow/example_dags/example_complex.py took 0.069 seconds
[2026-03-12T22:26:28.960+0000] {processor.py:161} INFO - Started process (PID=670) to work on /home/airflow/.local/lib/python3.8/site-packages/airflow/example_dags/example_complex.py
[2026-03-12T22:26:28.961+0000] {processor.py:830} INFO - Processing file /home/airflow/.local/lib/python3.8/site-packages/airflow/example_dags/example_complex.py for tasks to queue
[2026-03-12T22:26:28.963+0000] {logging_mixin.py:188} INFO - [2026-03-12T22:26:28.962+0000] {dagbag.py:538} INFO - Filling up the DagBag from /home/airflow/.local/lib/python3.8/site-packages/airflow/example_dags/example_complex.py
[2026-03-12T22:26:28.972+0000] {processor.py:840} INFO - DAG(s) 'example_complex' retrieved from /home/airflow/.local/lib/python3.8/site-packages/airflow/example_dags/example_complex.py
[2026-03-12T22:26:28.999+0000] {logging_mixin.py:188} INFO - [2026-03-12T22:26:28.999+0000] {dag.py:3036} INFO - Sync 1 DAGs
[2026-03-12T22:26:29.011+0000] {logging_mixin.py:188} INFO - [2026-03-12T22:26:29.010+0000] {dag.py:3823} INFO - Setting next_dagrun for example_complex to None, run_after=None
[2026-03-12T22:26:29.028+0000] {processor.py:183} INFO - Processing /home/airflow/.local/lib/python3.8/site-packages/airflow/example_dags/example_complex.py took 0.070 seconds
[2026-03-12T22:26:59.432+0000] {processor.py:161} INFO - Started process (PID=738) to work on /home/airflow/.local/lib/python3.8/site-packages/airflow/example_dags/example_complex.py
[2026-03-12T22:26:59.433+0000] {processor.py:830} INFO - Processing file /home/airflow/.local/lib/python3.8/site-packages/airflow/example_dags/example_complex.py for tasks to queue
[2026-03-12T22:26:59.434+0000] {logging_mixin.py:188} INFO - [2026-03-12T22:26:59.434+0000] {dagbag.py:538} INFO - Filling up the DagBag from /home/airflow/.local/lib/python3.8/site-packages/airflow/example_dags/example_complex.py
[2026-03-12T22:26:59.443+0000] {processor.py:840} INFO - DAG(s) 'example_complex' retrieved from /home/airflow/.local/lib/python3.8/site-packages/airflow/example_dags/example_complex.py
[2026-03-12T22:26:59.470+0000] {logging_mixin.py:188} INFO - [2026-03-12T22:26:59.470+0000] {dag.py:3036} INFO - Sync 1 DAGs
[2026-03-12T22:26:59.481+0000] {logging_mixin.py:188} INFO - [2026-03-12T22:26:59.481+0000] {dag.py:3823} INFO - Setting next_dagrun for example_complex to None, run_after=None
[2026-03-12T22:26:59.500+0000] {processor.py:183} INFO - Processing /home/airflow/.local/lib/python3.8/site-packages/airflow/example_dags/example_complex.py took 0.071 seconds
[2026-03-12T22:27:30.018+0000] {processor.py:161} INFO - Started process (PID=806) to work on /home/airflow/.local/lib/python3.8/site-packages/airflow/example_dags/example_complex.py
[2026-03-12T22:27:30.019+0000] {processor.py:830} INFO - Processing file /home/airflow/.local/lib/python3.8/site-packages/airflow/example_dags/example_complex.py for tasks to queue
[2026-03-12T22:27:30.020+0000] {logging_mixin.py:188} INFO - [2026-03-12T22:27:30.020+0000] {dagbag.py:538} INFO - Filling up the DagBag from /home/airflow/.local/lib/python3.8/site-packages/airflow/example_dags/example_complex.py
[2026-03-12T22:27:30.030+0000] {processor.py:840} INFO - DAG(s) 'example_complex' retrieved from /home/airflow/.local/lib/python3.8/site-packages/airflow/example_dags/example_complex.py
[2026-03-12T22:27:30.057+0000] {logging_mixin.py:188} INFO - [2026-03-12T22:27:30.057+0000] {dag.py:3036} INFO - Sync 1 DAGs
[2026-03-12T22:27:30.068+0000] {logging_mixin.py:188} INFO - [2026-03-12T22:27:30.067+0000] {dag.py:3823} INFO - Setting next_dagrun for example_complex to None, run_after=None
[2026-03-12T22:27:30.085+0000] {processor.py:183} INFO - Processing /home/airflow/.local/lib/python3.8/site-packages/airflow/example_dags/example_complex.py took 0.070 seconds
[2026-03-12T22:28:00.431+0000] {processor.py:161} INFO - Started process (PID=874) to work on /home/airflow/.local/lib/python3.8/site-packages/airflow/example_dags/example_complex.py
[2026-03-12T22:28:00.432+0000] {processor.py:830} INFO - Processing file /home/airflow/.local/lib/python3.8/site-packages/airflow/example_dags/example_complex.py for tasks to queue
[2026-03-12T22:28:00.434+0000] {logging_mixin.py:188} INFO - [2026-03-12T22:28:00.434+0000] {dagbag.py:538} INFO - Filling up the DagBag from /home/airflow/.local/lib/python3.8/site-packages/airflow/example_dags/example_complex.py
[2026-03-12T22:28:00.444+0000] {processor.py:840} INFO - DAG(s) 'example_complex' retrieved from /home/airflow/.local/lib/python3.8/site-packages/airflow/example_dags/example_complex.py
[2026-03-12T22:28:00.471+0000] {logging_mixin.py:188} INFO - [2026-03-12T22:28:00.471+0000] {dag.py:3036} INFO - Sync 1 DAGs
[2026-03-12T22:28:00.480+0000] {logging_mixin.py:188} INFO - [2026-03-12T22:28:00.480+0000] {dag.py:3823} INFO - Setting next_dagrun for example_complex to None, run_after=None
[2026-03-12T22:28:00.496+0000] {processor.py:183} INFO - Processing /home/airflow/.local/lib/python3.8/site-packages/airflow/example_dags/example_complex.py took 0.067 seconds
[2026-03-12T22:28:30.748+0000] {processor.py:161} INFO - Started process (PID=942) to work on /home/airflow/.local/lib/python3.8/site-packages/airflow/example_dags/example_complex.py
[2026-03-12T22:28:30.748+0000] {processor.py:830} INFO - Processing file /home/airflow/.local/lib/python3.8/site-packages/airflow/example_dags/example_complex.py for tasks to queue
[2026-03-12T22:28:30.750+0000] {logging_mixin.py:188} INFO - [2026-03-12T22:28:30.750+0000] {dagbag.py:538} INFO - Filling up the DagBag from /home/airflow/.local/lib/python3.8/site-packages/airflow/example_dags/example_complex.py
[2026-03-12T22:28:30.759+0000] {processor.py:840} INFO - DAG(s) 'example_complex' retrieved from /home/airflow/.local/lib/python3.8/site-packages/airflow/example_dags/example_complex.py
[2026-03-12T22:28:30.787+0000] {logging_mixin.py:188} INFO - [2026-03-12T22:28:30.787+0000] {dag.py:3036} INFO - Sync 1 DAGs
[2026-03-12T22:28:30.798+0000] {logging_mixin.py:188} INFO - [2026-03-12T22:28:30.798+0000] {dag.py:3823} INFO - Setting next_dagrun for example_complex to None, run_after=None
[2026-03-12T22:28:30.814+0000] {processor.py:183} INFO - Processing /home/airflow/.local/lib/python3.8/site-packages/airflow/example_dags/example_complex.py took 0.070 seconds
