[2026-03-12T22:22:23.370+0000] {processor.py:161} INFO - Started process (PID=145) to work on /home/airflow/.local/lib/python3.8/site-packages/airflow/example_dags/example_branch_day_of_week_operator.py
[2026-03-12T22:22:23.371+0000] {processor.py:830} INFO - Processing file /home/airflow/.local/lib/python3.8/site-packages/airflow/example_dags/example_branch_day_of_week_operator.py for tasks to queue
[2026-03-12T22:22:23.373+0000] {logging_mixin.py:188} INFO - [2026-03-12T22:22:23.372+0000] {dagbag.py:538} INFO - Filling up the DagBag from /home/airflow/.local/lib/python3.8/site-packages/airflow/example_dags/example_branch_day_of_week_operator.py
[2026-03-12T22:22:23.379+0000] {processor.py:840} INFO - DAG(s) 'example_weekday_branch_operator' retrieved from /home/airflow/.local/lib/python3.8/site-packages/airflow/example_dags/example_branch_day_of_week_operator.py
[2026-03-12T22:22:23.401+0000] {logging_mixin.py:188} INFO - [2026-03-12T22:22:23.400+0000] {dag.py:3036} INFO - Sync 1 DAGs
[2026-03-12T22:22:23.422+0000] {logging_mixin.py:188} INFO - [2026-03-12T22:22:23.422+0000] {dag.py:3823} INFO - Setting next_dagrun for example_weekday_branch_operator to 2026-03-11 00:00:00+00:00, run_after=2026-03-12 00:00:00+00:00
[2026-03-12T22:22:23.441+0000] {processor.py:183} INFO - Processing /home/airflow/.local/lib/python3.8/site-packages/airflow/example_dags/example_branch_day_of_week_operator.py took 0.074 seconds
[2026-03-12T22:22:53.950+0000] {processor.py:161} INFO - Started process (PID=213) to work on /home/airflow/.local/lib/python3.8/site-packages/airflow/example_dags/example_branch_day_of_week_operator.py
[2026-03-12T22:22:53.951+0000] {processor.py:830} INFO - Processing file /home/airflow/.local/lib/python3.8/site-packages/airflow/example_dags/example_branch_day_of_week_operator.py for tasks to queue
[2026-03-12T22:22:53.952+0000] {logging_mixin.py:188} INFO - [2026-03-12T22:22:53.952+0000] {dagbag.py:538} INFO - Filling up the DagBag from /home/airflow/.local/lib/python3.8/site-packages/airflow/example_dags/example_branch_day_of_week_operator.py
[2026-03-12T22:22:53.958+0000] {processor.py:840} INFO - DAG(s) 'example_weekday_branch_operator' retrieved from /home/airflow/.local/lib/python3.8/site-packages/airflow/example_dags/example_branch_day_of_week_operator.py
[2026-03-12T22:22:53.978+0000] {logging_mixin.py:188} INFO - [2026-03-12T22:22:53.977+0000] {dag.py:3036} INFO - Sync 1 DAGs
[2026-03-12T22:22:53.998+0000] {logging_mixin.py:188} INFO - [2026-03-12T22:22:53.998+0000] {dag.py:3823} INFO - Setting next_dagrun for example_weekday_branch_operator to 2026-03-11 00:00:00+00:00, run_after=2026-03-12 00:00:00+00:00
[2026-03-12T22:22:54.016+0000] {processor.py:183} INFO - Processing /home/airflow/.local/lib/python3.8/site-packages/airflow/example_dags/example_branch_day_of_week_operator.py took 0.069 seconds
[2026-03-12T22:23:25.291+0000] {processor.py:161} INFO - Started process (PID=281) to work on /home/airflow/.local/lib/python3.8/site-packages/airflow/example_dags/example_branch_day_of_week_operator.py
[2026-03-12T22:23:25.291+0000] {processor.py:830} INFO - Processing file /home/airflow/.local/lib/python3.8/site-packages/airflow/example_dags/example_branch_day_of_week_operator.py for tasks to queue
[2026-03-12T22:23:25.294+0000] {logging_mixin.py:188} INFO - [2026-03-12T22:23:25.293+0000] {dagbag.py:538} INFO - Filling up the DagBag from /home/airflow/.local/lib/python3.8/site-packages/airflow/example_dags/example_branch_day_of_week_operator.py
[2026-03-12T22:23:25.301+0000] {processor.py:840} INFO - DAG(s) 'example_weekday_branch_operator' retrieved from /home/airflow/.local/lib/python3.8/site-packages/airflow/example_dags/example_branch_day_of_week_operator.py
[2026-03-12T22:23:25.322+0000] {logging_mixin.py:188} INFO - [2026-03-12T22:23:25.321+0000] {dag.py:3036} INFO - Sync 1 DAGs
[2026-03-12T22:23:25.343+0000] {logging_mixin.py:188} INFO - [2026-03-12T22:23:25.342+0000] {dag.py:3823} INFO - Setting next_dagrun for example_weekday_branch_operator to 2026-03-11 00:00:00+00:00, run_after=2026-03-12 00:00:00+00:00
[2026-03-12T22:23:25.361+0000] {processor.py:183} INFO - Processing /home/airflow/.local/lib/python3.8/site-packages/airflow/example_dags/example_branch_day_of_week_operator.py took 0.073 seconds
[2026-03-12T22:23:56.477+0000] {processor.py:161} INFO - Started process (PID=349) to work on /home/airflow/.local/lib/python3.8/site-packages/airflow/example_dags/example_branch_day_of_week_operator.py
[2026-03-12T22:23:56.478+0000] {processor.py:830} INFO - Processing file /home/airflow/.local/lib/python3.8/site-packages/airflow/example_dags/example_branch_day_of_week_operator.py for tasks to queue
[2026-03-12T22:23:56.480+0000] {logging_mixin.py:188} INFO - [2026-03-12T22:23:56.479+0000] {dagbag.py:538} INFO - Filling up the DagBag from /home/airflow/.local/lib/python3.8/site-packages/airflow/example_dags/example_branch_day_of_week_operator.py
[2026-03-12T22:23:56.486+0000] {processor.py:840} INFO - DAG(s) 'example_weekday_branch_operator' retrieved from /home/airflow/.local/lib/python3.8/site-packages/airflow/example_dags/example_branch_day_of_week_operator.py
[2026-03-12T22:23:56.504+0000] {logging_mixin.py:188} INFO - [2026-03-12T22:23:56.504+0000] {dag.py:3036} INFO - Sync 1 DAGs
[2026-03-12T22:23:56.525+0000] {logging_mixin.py:188} INFO - [2026-03-12T22:23:56.525+0000] {dag.py:3823} INFO - Setting next_dagrun for example_weekday_branch_operator to 2026-03-11 00:00:00+00:00, run_after=2026-03-12 00:00:00+00:00
[2026-03-12T22:23:56.542+0000] {processor.py:183} INFO - Processing /home/airflow/.local/lib/python3.8/site-packages/airflow/example_dags/example_branch_day_of_week_operator.py took 0.068 seconds
[2026-03-12T22:24:27.045+0000] {processor.py:161} INFO - Started process (PID=417) to work on /home/airflow/.local/lib/python3.8/site-packages/airflow/example_dags/example_branch_day_of_week_operator.py
[2026-03-12T22:24:27.046+0000] {processor.py:830} INFO - Processing file /home/airflow/.local/lib/python3.8/site-packages/airflow/example_dags/example_branch_day_of_week_operator.py for tasks to queue
[2026-03-12T22:24:27.048+0000] {logging_mixin.py:188} INFO - [2026-03-12T22:24:27.048+0000] {dagbag.py:538} INFO - Filling up the DagBag from /home/airflow/.local/lib/python3.8/site-packages/airflow/example_dags/example_branch_day_of_week_operator.py
[2026-03-12T22:24:27.054+0000] {processor.py:840} INFO - DAG(s) 'example_weekday_branch_operator' retrieved from /home/airflow/.local/lib/python3.8/site-packages/airflow/example_dags/example_branch_day_of_week_operator.py
[2026-03-12T22:24:27.074+0000] {logging_mixin.py:188} INFO - [2026-03-12T22:24:27.073+0000] {dag.py:3036} INFO - Sync 1 DAGs
[2026-03-12T22:24:27.093+0000] {logging_mixin.py:188} INFO - [2026-03-12T22:24:27.093+0000] {dag.py:3823} INFO - Setting next_dagrun for example_weekday_branch_operator to 2026-03-11 00:00:00+00:00, run_after=2026-03-12 00:00:00+00:00
[2026-03-12T22:24:27.111+0000] {processor.py:183} INFO - Processing /home/airflow/.local/lib/python3.8/site-packages/airflow/example_dags/example_branch_day_of_week_operator.py took 0.068 seconds
[2026-03-12T22:24:57.159+0000] {processor.py:161} INFO - Started process (PID=472) to work on /home/airflow/.local/lib/python3.8/site-packages/airflow/example_dags/example_branch_day_of_week_operator.py
[2026-03-12T22:24:57.160+0000] {processor.py:830} INFO - Processing file /home/airflow/.local/lib/python3.8/site-packages/airflow/example_dags/example_branch_day_of_week_operator.py for tasks to queue
[2026-03-12T22:24:57.162+0000] {logging_mixin.py:188} INFO - [2026-03-12T22:24:57.161+0000] {dagbag.py:538} INFO - Filling up the DagBag from /home/airflow/.local/lib/python3.8/site-packages/airflow/example_dags/example_branch_day_of_week_operator.py
[2026-03-12T22:24:57.168+0000] {processor.py:840} INFO - DAG(s) 'example_weekday_branch_operator' retrieved from /home/airflow/.local/lib/python3.8/site-packages/airflow/example_dags/example_branch_day_of_week_operator.py
[2026-03-12T22:24:57.187+0000] {logging_mixin.py:188} INFO - [2026-03-12T22:24:57.187+0000] {dag.py:3036} INFO - Sync 1 DAGs
[2026-03-12T22:24:57.208+0000] {logging_mixin.py:188} INFO - [2026-03-12T22:24:57.208+0000] {dag.py:3823} INFO - Setting next_dagrun for example_weekday_branch_operator to 2026-03-11 00:00:00+00:00, run_after=2026-03-12 00:00:00+00:00
[2026-03-12T22:24:57.226+0000] {processor.py:183} INFO - Processing /home/airflow/.local/lib/python3.8/site-packages/airflow/example_dags/example_branch_day_of_week_operator.py took 0.070 seconds
[2026-03-12T22:25:27.844+0000] {processor.py:161} INFO - Started process (PID=540) to work on /home/airflow/.local/lib/python3.8/site-packages/airflow/example_dags/example_branch_day_of_week_operator.py
[2026-03-12T22:25:27.845+0000] {processor.py:830} INFO - Processing file /home/airflow/.local/lib/python3.8/site-packages/airflow/example_dags/example_branch_day_of_week_operator.py for tasks to queue
[2026-03-12T22:25:27.847+0000] {logging_mixin.py:188} INFO - [2026-03-12T22:25:27.846+0000] {dagbag.py:538} INFO - Filling up the DagBag from /home/airflow/.local/lib/python3.8/site-packages/airflow/example_dags/example_branch_day_of_week_operator.py
[2026-03-12T22:25:27.853+0000] {processor.py:840} INFO - DAG(s) 'example_weekday_branch_operator' retrieved from /home/airflow/.local/lib/python3.8/site-packages/airflow/example_dags/example_branch_day_of_week_operator.py
[2026-03-12T22:25:27.874+0000] {logging_mixin.py:188} INFO - [2026-03-12T22:25:27.874+0000] {dag.py:3036} INFO - Sync 1 DAGs
[2026-03-12T22:25:27.898+0000] {logging_mixin.py:188} INFO - [2026-03-12T22:25:27.898+0000] {dag.py:3823} INFO - Setting next_dagrun for example_weekday_branch_operator to 2026-03-11 00:00:00+00:00, run_after=2026-03-12 00:00:00+00:00
[2026-03-12T22:25:27.918+0000] {processor.py:183} INFO - Processing /home/airflow/.local/lib/python3.8/site-packages/airflow/example_dags/example_branch_day_of_week_operator.py took 0.076 seconds
[2026-03-12T22:25:58.186+0000] {processor.py:161} INFO - Started process (PID=608) to work on /home/airflow/.local/lib/python3.8/site-packages/airflow/example_dags/example_branch_day_of_week_operator.py
[2026-03-12T22:25:58.187+0000] {processor.py:830} INFO - Processing file /home/airflow/.local/lib/python3.8/site-packages/airflow/example_dags/example_branch_day_of_week_operator.py for tasks to queue
[2026-03-12T22:25:58.188+0000] {logging_mixin.py:188} INFO - [2026-03-12T22:25:58.188+0000] {dagbag.py:538} INFO - Filling up the DagBag from /home/airflow/.local/lib/python3.8/site-packages/airflow/example_dags/example_branch_day_of_week_operator.py
[2026-03-12T22:25:58.195+0000] {processor.py:840} INFO - DAG(s) 'example_weekday_branch_operator' retrieved from /home/airflow/.local/lib/python3.8/site-packages/airflow/example_dags/example_branch_day_of_week_operator.py
[2026-03-12T22:25:58.214+0000] {logging_mixin.py:188} INFO - [2026-03-12T22:25:58.213+0000] {dag.py:3036} INFO - Sync 1 DAGs
[2026-03-12T22:25:58.234+0000] {logging_mixin.py:188} INFO - [2026-03-12T22:25:58.234+0000] {dag.py:3823} INFO - Setting next_dagrun for example_weekday_branch_operator to 2026-03-11 00:00:00+00:00, run_after=2026-03-12 00:00:00+00:00
[2026-03-12T22:25:58.252+0000] {processor.py:183} INFO - Processing /home/airflow/.local/lib/python3.8/site-packages/airflow/example_dags/example_branch_day_of_week_operator.py took 0.069 seconds
[2026-03-12T22:26:29.231+0000] {processor.py:161} INFO - Started process (PID=676) to work on /home/airflow/.local/lib/python3.8/site-packages/airflow/example_dags/example_branch_day_of_week_operator.py
[2026-03-12T22:26:29.231+0000] {processor.py:830} INFO - Processing file /home/airflow/.local/lib/python3.8/site-packages/airflow/example_dags/example_branch_day_of_week_operator.py for tasks to queue
[2026-03-12T22:26:29.233+0000] {logging_mixin.py:188} INFO - [2026-03-12T22:26:29.233+0000] {dagbag.py:538} INFO - Filling up the DagBag from /home/airflow/.local/lib/python3.8/site-packages/airflow/example_dags/example_branch_day_of_week_operator.py
[2026-03-12T22:26:29.240+0000] {processor.py:840} INFO - DAG(s) 'example_weekday_branch_operator' retrieved from /home/airflow/.local/lib/python3.8/site-packages/airflow/example_dags/example_branch_day_of_week_operator.py
[2026-03-12T22:26:29.258+0000] {logging_mixin.py:188} INFO - [2026-03-12T22:26:29.258+0000] {dag.py:3036} INFO - Sync 1 DAGs
[2026-03-12T22:26:29.278+0000] {logging_mixin.py:188} INFO - [2026-03-12T22:26:29.278+0000] {dag.py:3823} INFO - Setting next_dagrun for example_weekday_branch_operator to 2026-03-11 00:00:00+00:00, run_after=2026-03-12 00:00:00+00:00
[2026-03-12T22:26:29.296+0000] {processor.py:183} INFO - Processing /home/airflow/.local/lib/python3.8/site-packages/airflow/example_dags/example_branch_day_of_week_operator.py took 0.068 seconds
[2026-03-12T22:26:59.711+0000] {processor.py:161} INFO - Started process (PID=744) to work on /home/airflow/.local/lib/python3.8/site-packages/airflow/example_dags/example_branch_day_of_week_operator.py
[2026-03-12T22:26:59.711+0000] {processor.py:830} INFO - Processing file /home/airflow/.local/lib/python3.8/site-packages/airflow/example_dags/example_branch_day_of_week_operator.py for tasks to queue
[2026-03-12T22:26:59.713+0000] {logging_mixin.py:188} INFO - [2026-03-12T22:26:59.713+0000] {dagbag.py:538} INFO - Filling up the DagBag from /home/airflow/.local/lib/python3.8/site-packages/airflow/example_dags/example_branch_day_of_week_operator.py
[2026-03-12T22:26:59.719+0000] {processor.py:840} INFO - DAG(s) 'example_weekday_branch_operator' retrieved from /home/airflow/.local/lib/python3.8/site-packages/airflow/example_dags/example_branch_day_of_week_operator.py
[2026-03-12T22:26:59.739+0000] {logging_mixin.py:188} INFO - [2026-03-12T22:26:59.738+0000] {dag.py:3036} INFO - Sync 1 DAGs
[2026-03-12T22:26:59.758+0000] {logging_mixin.py:188} INFO - [2026-03-12T22:26:59.758+0000] {dag.py:3823} INFO - Setting next_dagrun for example_weekday_branch_operator to 2026-03-11 00:00:00+00:00, run_after=2026-03-12 00:00:00+00:00
[2026-03-12T22:26:59.777+0000] {processor.py:183} INFO - Processing /home/airflow/.local/lib/python3.8/site-packages/airflow/example_dags/example_branch_day_of_week_operator.py took 0.069 seconds
[2026-03-12T22:27:30.300+0000] {processor.py:161} INFO - Started process (PID=812) to work on /home/airflow/.local/lib/python3.8/site-packages/airflow/example_dags/example_branch_day_of_week_operator.py
[2026-03-12T22:27:30.301+0000] {processor.py:830} INFO - Processing file /home/airflow/.local/lib/python3.8/site-packages/airflow/example_dags/example_branch_day_of_week_operator.py for tasks to queue
[2026-03-12T22:27:30.303+0000] {logging_mixin.py:188} INFO - [2026-03-12T22:27:30.302+0000] {dagbag.py:538} INFO - Filling up the DagBag from /home/airflow/.local/lib/python3.8/site-packages/airflow/example_dags/example_branch_day_of_week_operator.py
[2026-03-12T22:27:30.309+0000] {processor.py:840} INFO - DAG(s) 'example_weekday_branch_operator' retrieved from /home/airflow/.local/lib/python3.8/site-packages/airflow/example_dags/example_branch_day_of_week_operator.py
[2026-03-12T22:27:30.328+0000] {logging_mixin.py:188} INFO - [2026-03-12T22:27:30.328+0000] {dag.py:3036} INFO - Sync 1 DAGs
[2026-03-12T22:27:30.349+0000] {logging_mixin.py:188} INFO - [2026-03-12T22:27:30.348+0000] {dag.py:3823} INFO - Setting next_dagrun for example_weekday_branch_operator to 2026-03-11 00:00:00+00:00, run_after=2026-03-12 00:00:00+00:00
[2026-03-12T22:27:30.366+0000] {processor.py:183} INFO - Processing /home/airflow/.local/lib/python3.8/site-packages/airflow/example_dags/example_branch_day_of_week_operator.py took 0.069 seconds
[2026-03-12T22:28:00.712+0000] {processor.py:161} INFO - Started process (PID=880) to work on /home/airflow/.local/lib/python3.8/site-packages/airflow/example_dags/example_branch_day_of_week_operator.py
[2026-03-12T22:28:00.713+0000] {processor.py:830} INFO - Processing file /home/airflow/.local/lib/python3.8/site-packages/airflow/example_dags/example_branch_day_of_week_operator.py for tasks to queue
[2026-03-12T22:28:00.715+0000] {logging_mixin.py:188} INFO - [2026-03-12T22:28:00.714+0000] {dagbag.py:538} INFO - Filling up the DagBag from /home/airflow/.local/lib/python3.8/site-packages/airflow/example_dags/example_branch_day_of_week_operator.py
[2026-03-12T22:28:00.722+0000] {processor.py:840} INFO - DAG(s) 'example_weekday_branch_operator' retrieved from /home/airflow/.local/lib/python3.8/site-packages/airflow/example_dags/example_branch_day_of_week_operator.py
[2026-03-12T22:28:00.743+0000] {logging_mixin.py:188} INFO - [2026-03-12T22:28:00.743+0000] {dag.py:3036} INFO - Sync 1 DAGs
[2026-03-12T22:28:00.766+0000] {logging_mixin.py:188} INFO - [2026-03-12T22:28:00.766+0000] {dag.py:3823} INFO - Setting next_dagrun for example_weekday_branch_operator to 2026-03-11 00:00:00+00:00, run_after=2026-03-12 00:00:00+00:00
[2026-03-12T22:28:00.787+0000] {processor.py:183} INFO - Processing /home/airflow/.local/lib/python3.8/site-packages/airflow/example_dags/example_branch_day_of_week_operator.py took 0.078 seconds
[2026-03-12T22:28:31.028+0000] {processor.py:161} INFO - Started process (PID=948) to work on /home/airflow/.local/lib/python3.8/site-packages/airflow/example_dags/example_branch_day_of_week_operator.py
[2026-03-12T22:28:31.029+0000] {processor.py:830} INFO - Processing file /home/airflow/.local/lib/python3.8/site-packages/airflow/example_dags/example_branch_day_of_week_operator.py for tasks to queue
[2026-03-12T22:28:31.031+0000] {logging_mixin.py:188} INFO - [2026-03-12T22:28:31.030+0000] {dagbag.py:538} INFO - Filling up the DagBag from /home/airflow/.local/lib/python3.8/site-packages/airflow/example_dags/example_branch_day_of_week_operator.py
[2026-03-12T22:28:31.037+0000] {processor.py:840} INFO - DAG(s) 'example_weekday_branch_operator' retrieved from /home/airflow/.local/lib/python3.8/site-packages/airflow/example_dags/example_branch_day_of_week_operator.py
[2026-03-12T22:28:31.057+0000] {logging_mixin.py:188} INFO - [2026-03-12T22:28:31.057+0000] {dag.py:3036} INFO - Sync 1 DAGs
[2026-03-12T22:28:31.077+0000] {logging_mixin.py:188} INFO - [2026-03-12T22:28:31.077+0000] {dag.py:3823} INFO - Setting next_dagrun for example_weekday_branch_operator to 2026-03-11 00:00:00+00:00, run_after=2026-03-12 00:00:00+00:00
[2026-03-12T22:28:31.095+0000] {processor.py:183} INFO - Processing /home/airflow/.local/lib/python3.8/site-packages/airflow/example_dags/example_branch_day_of_week_operator.py took 0.069 seconds
