[2026-03-12T22:22:22.730+0000] {processor.py:161} INFO - Started process (PID=134) to work on /home/airflow/.local/lib/python3.8/site-packages/airflow/example_dags/example_task_group.py
[2026-03-12T22:22:22.730+0000] {processor.py:830} INFO - Processing file /home/airflow/.local/lib/python3.8/site-packages/airflow/example_dags/example_task_group.py for tasks to queue
[2026-03-12T22:22:22.732+0000] {logging_mixin.py:188} INFO - [2026-03-12T22:22:22.732+0000] {dagbag.py:538} INFO - Filling up the DagBag from /home/airflow/.local/lib/python3.8/site-packages/airflow/example_dags/example_task_group.py
[2026-03-12T22:22:22.739+0000] {processor.py:840} INFO - DAG(s) 'example_task_group' retrieved from /home/airflow/.local/lib/python3.8/site-packages/airflow/example_dags/example_task_group.py
[2026-03-12T22:22:22.760+0000] {logging_mixin.py:188} INFO - [2026-03-12T22:22:22.760+0000] {dag.py:3036} INFO - Sync 1 DAGs
[2026-03-12T22:22:22.780+0000] {logging_mixin.py:188} INFO - [2026-03-12T22:22:22.780+0000] {dag.py:3823} INFO - Setting next_dagrun for example_task_group to 2026-03-11 00:00:00+00:00, run_after=2026-03-12 00:00:00+00:00
[2026-03-12T22:22:22.796+0000] {processor.py:183} INFO - Processing /home/airflow/.local/lib/python3.8/site-packages/airflow/example_dags/example_task_group.py took 0.069 seconds
[2026-03-12T22:22:53.429+0000] {processor.py:161} INFO - Started process (PID=202) to work on /home/airflow/.local/lib/python3.8/site-packages/airflow/example_dags/example_task_group.py
[2026-03-12T22:22:53.429+0000] {processor.py:830} INFO - Processing file /home/airflow/.local/lib/python3.8/site-packages/airflow/example_dags/example_task_group.py for tasks to queue
[2026-03-12T22:22:53.431+0000] {logging_mixin.py:188} INFO - [2026-03-12T22:22:53.431+0000] {dagbag.py:538} INFO - Filling up the DagBag from /home/airflow/.local/lib/python3.8/site-packages/airflow/example_dags/example_task_group.py
[2026-03-12T22:22:53.437+0000] {processor.py:840} INFO - DAG(s) 'example_task_group' retrieved from /home/airflow/.local/lib/python3.8/site-packages/airflow/example_dags/example_task_group.py
[2026-03-12T22:22:53.457+0000] {logging_mixin.py:188} INFO - [2026-03-12T22:22:53.457+0000] {dag.py:3036} INFO - Sync 1 DAGs
[2026-03-12T22:22:53.477+0000] {logging_mixin.py:188} INFO - [2026-03-12T22:22:53.477+0000] {dag.py:3823} INFO - Setting next_dagrun for example_task_group to 2026-03-11 00:00:00+00:00, run_after=2026-03-12 00:00:00+00:00
[2026-03-12T22:22:53.494+0000] {processor.py:183} INFO - Processing /home/airflow/.local/lib/python3.8/site-packages/airflow/example_dags/example_task_group.py took 0.068 seconds
[2026-03-12T22:23:24.744+0000] {processor.py:161} INFO - Started process (PID=270) to work on /home/airflow/.local/lib/python3.8/site-packages/airflow/example_dags/example_task_group.py
[2026-03-12T22:23:24.745+0000] {processor.py:830} INFO - Processing file /home/airflow/.local/lib/python3.8/site-packages/airflow/example_dags/example_task_group.py for tasks to queue
[2026-03-12T22:23:24.747+0000] {logging_mixin.py:188} INFO - [2026-03-12T22:23:24.747+0000] {dagbag.py:538} INFO - Filling up the DagBag from /home/airflow/.local/lib/python3.8/site-packages/airflow/example_dags/example_task_group.py
[2026-03-12T22:23:24.753+0000] {processor.py:840} INFO - DAG(s) 'example_task_group' retrieved from /home/airflow/.local/lib/python3.8/site-packages/airflow/example_dags/example_task_group.py
[2026-03-12T22:23:24.773+0000] {logging_mixin.py:188} INFO - [2026-03-12T22:23:24.773+0000] {dag.py:3036} INFO - Sync 1 DAGs
[2026-03-12T22:23:24.795+0000] {logging_mixin.py:188} INFO - [2026-03-12T22:23:24.795+0000] {dag.py:3823} INFO - Setting next_dagrun for example_task_group to 2026-03-11 00:00:00+00:00, run_after=2026-03-12 00:00:00+00:00
[2026-03-12T22:23:24.815+0000] {processor.py:183} INFO - Processing /home/airflow/.local/lib/python3.8/site-packages/airflow/example_dags/example_task_group.py took 0.074 seconds
[2026-03-12T22:23:55.904+0000] {processor.py:161} INFO - Started process (PID=338) to work on /home/airflow/.local/lib/python3.8/site-packages/airflow/example_dags/example_task_group.py
[2026-03-12T22:23:55.905+0000] {processor.py:830} INFO - Processing file /home/airflow/.local/lib/python3.8/site-packages/airflow/example_dags/example_task_group.py for tasks to queue
[2026-03-12T22:23:55.907+0000] {logging_mixin.py:188} INFO - [2026-03-12T22:23:55.907+0000] {dagbag.py:538} INFO - Filling up the DagBag from /home/airflow/.local/lib/python3.8/site-packages/airflow/example_dags/example_task_group.py
[2026-03-12T22:23:55.913+0000] {processor.py:840} INFO - DAG(s) 'example_task_group' retrieved from /home/airflow/.local/lib/python3.8/site-packages/airflow/example_dags/example_task_group.py
[2026-03-12T22:23:55.932+0000] {logging_mixin.py:188} INFO - [2026-03-12T22:23:55.932+0000] {dag.py:3036} INFO - Sync 1 DAGs
[2026-03-12T22:23:55.952+0000] {logging_mixin.py:188} INFO - [2026-03-12T22:23:55.951+0000] {dag.py:3823} INFO - Setting next_dagrun for example_task_group to 2026-03-11 00:00:00+00:00, run_after=2026-03-12 00:00:00+00:00
[2026-03-12T22:23:55.970+0000] {processor.py:183} INFO - Processing /home/airflow/.local/lib/python3.8/site-packages/airflow/example_dags/example_task_group.py took 0.069 seconds
[2026-03-12T22:24:26.036+0000] {processor.py:161} INFO - Started process (PID=393) to work on /home/airflow/.local/lib/python3.8/site-packages/airflow/example_dags/example_task_group.py
[2026-03-12T22:24:26.037+0000] {processor.py:830} INFO - Processing file /home/airflow/.local/lib/python3.8/site-packages/airflow/example_dags/example_task_group.py for tasks to queue
[2026-03-12T22:24:26.039+0000] {logging_mixin.py:188} INFO - [2026-03-12T22:24:26.039+0000] {dagbag.py:538} INFO - Filling up the DagBag from /home/airflow/.local/lib/python3.8/site-packages/airflow/example_dags/example_task_group.py
[2026-03-12T22:24:26.045+0000] {processor.py:840} INFO - DAG(s) 'example_task_group' retrieved from /home/airflow/.local/lib/python3.8/site-packages/airflow/example_dags/example_task_group.py
[2026-03-12T22:24:26.065+0000] {logging_mixin.py:188} INFO - [2026-03-12T22:24:26.065+0000] {dag.py:3036} INFO - Sync 1 DAGs
[2026-03-12T22:24:26.086+0000] {logging_mixin.py:188} INFO - [2026-03-12T22:24:26.086+0000] {dag.py:3823} INFO - Setting next_dagrun for example_task_group to 2026-03-11 00:00:00+00:00, run_after=2026-03-12 00:00:00+00:00
[2026-03-12T22:24:26.103+0000] {processor.py:183} INFO - Processing /home/airflow/.local/lib/python3.8/site-packages/airflow/example_dags/example_task_group.py took 0.069 seconds
[2026-03-12T22:24:56.186+0000] {processor.py:161} INFO - Started process (PID=461) to work on /home/airflow/.local/lib/python3.8/site-packages/airflow/example_dags/example_task_group.py
[2026-03-12T22:24:56.187+0000] {processor.py:830} INFO - Processing file /home/airflow/.local/lib/python3.8/site-packages/airflow/example_dags/example_task_group.py for tasks to queue
[2026-03-12T22:24:56.189+0000] {logging_mixin.py:188} INFO - [2026-03-12T22:24:56.188+0000] {dagbag.py:538} INFO - Filling up the DagBag from /home/airflow/.local/lib/python3.8/site-packages/airflow/example_dags/example_task_group.py
[2026-03-12T22:24:56.195+0000] {processor.py:840} INFO - DAG(s) 'example_task_group' retrieved from /home/airflow/.local/lib/python3.8/site-packages/airflow/example_dags/example_task_group.py
[2026-03-12T22:24:56.214+0000] {logging_mixin.py:188} INFO - [2026-03-12T22:24:56.214+0000] {dag.py:3036} INFO - Sync 1 DAGs
[2026-03-12T22:24:56.235+0000] {logging_mixin.py:188} INFO - [2026-03-12T22:24:56.234+0000] {dag.py:3823} INFO - Setting next_dagrun for example_task_group to 2026-03-11 00:00:00+00:00, run_after=2026-03-12 00:00:00+00:00
[2026-03-12T22:24:56.251+0000] {processor.py:183} INFO - Processing /home/airflow/.local/lib/python3.8/site-packages/airflow/example_dags/example_task_group.py took 0.068 seconds
[2026-03-12T22:25:26.287+0000] {processor.py:161} INFO - Started process (PID=529) to work on /home/airflow/.local/lib/python3.8/site-packages/airflow/example_dags/example_task_group.py
[2026-03-12T22:25:26.287+0000] {processor.py:830} INFO - Processing file /home/airflow/.local/lib/python3.8/site-packages/airflow/example_dags/example_task_group.py for tasks to queue
[2026-03-12T22:25:26.289+0000] {logging_mixin.py:188} INFO - [2026-03-12T22:25:26.289+0000] {dagbag.py:538} INFO - Filling up the DagBag from /home/airflow/.local/lib/python3.8/site-packages/airflow/example_dags/example_task_group.py
[2026-03-12T22:25:26.295+0000] {processor.py:840} INFO - DAG(s) 'example_task_group' retrieved from /home/airflow/.local/lib/python3.8/site-packages/airflow/example_dags/example_task_group.py
[2026-03-12T22:25:26.314+0000] {logging_mixin.py:188} INFO - [2026-03-12T22:25:26.314+0000] {dag.py:3036} INFO - Sync 1 DAGs
[2026-03-12T22:25:26.335+0000] {logging_mixin.py:188} INFO - [2026-03-12T22:25:26.334+0000] {dag.py:3823} INFO - Setting next_dagrun for example_task_group to 2026-03-11 00:00:00+00:00, run_after=2026-03-12 00:00:00+00:00
[2026-03-12T22:25:26.352+0000] {processor.py:183} INFO - Processing /home/airflow/.local/lib/python3.8/site-packages/airflow/example_dags/example_task_group.py took 0.069 seconds
[2026-03-12T22:25:56.688+0000] {processor.py:161} INFO - Started process (PID=597) to work on /home/airflow/.local/lib/python3.8/site-packages/airflow/example_dags/example_task_group.py
[2026-03-12T22:25:56.689+0000] {processor.py:830} INFO - Processing file /home/airflow/.local/lib/python3.8/site-packages/airflow/example_dags/example_task_group.py for tasks to queue
[2026-03-12T22:25:56.690+0000] {logging_mixin.py:188} INFO - [2026-03-12T22:25:56.690+0000] {dagbag.py:538} INFO - Filling up the DagBag from /home/airflow/.local/lib/python3.8/site-packages/airflow/example_dags/example_task_group.py
[2026-03-12T22:25:56.696+0000] {processor.py:840} INFO - DAG(s) 'example_task_group' retrieved from /home/airflow/.local/lib/python3.8/site-packages/airflow/example_dags/example_task_group.py
[2026-03-12T22:25:56.715+0000] {logging_mixin.py:188} INFO - [2026-03-12T22:25:56.715+0000] {dag.py:3036} INFO - Sync 1 DAGs
[2026-03-12T22:25:56.735+0000] {logging_mixin.py:188} INFO - [2026-03-12T22:25:56.735+0000] {dag.py:3823} INFO - Setting next_dagrun for example_task_group to 2026-03-11 00:00:00+00:00, run_after=2026-03-12 00:00:00+00:00
[2026-03-12T22:25:56.753+0000] {processor.py:183} INFO - Processing /home/airflow/.local/lib/python3.8/site-packages/airflow/example_dags/example_task_group.py took 0.067 seconds
[2026-03-12T22:26:27.705+0000] {processor.py:161} INFO - Started process (PID=665) to work on /home/airflow/.local/lib/python3.8/site-packages/airflow/example_dags/example_task_group.py
[2026-03-12T22:26:27.706+0000] {processor.py:830} INFO - Processing file /home/airflow/.local/lib/python3.8/site-packages/airflow/example_dags/example_task_group.py for tasks to queue
[2026-03-12T22:26:27.708+0000] {logging_mixin.py:188} INFO - [2026-03-12T22:26:27.707+0000] {dagbag.py:538} INFO - Filling up the DagBag from /home/airflow/.local/lib/python3.8/site-packages/airflow/example_dags/example_task_group.py
[2026-03-12T22:26:27.714+0000] {processor.py:840} INFO - DAG(s) 'example_task_group' retrieved from /home/airflow/.local/lib/python3.8/site-packages/airflow/example_dags/example_task_group.py
[2026-03-12T22:26:27.734+0000] {logging_mixin.py:188} INFO - [2026-03-12T22:26:27.734+0000] {dag.py:3036} INFO - Sync 1 DAGs
[2026-03-12T22:26:27.754+0000] {logging_mixin.py:188} INFO - [2026-03-12T22:26:27.754+0000] {dag.py:3823} INFO - Setting next_dagrun for example_task_group to 2026-03-11 00:00:00+00:00, run_after=2026-03-12 00:00:00+00:00
[2026-03-12T22:26:27.773+0000] {processor.py:183} INFO - Processing /home/airflow/.local/lib/python3.8/site-packages/airflow/example_dags/example_task_group.py took 0.070 seconds
[2026-03-12T22:26:58.159+0000] {processor.py:161} INFO - Started process (PID=733) to work on /home/airflow/.local/lib/python3.8/site-packages/airflow/example_dags/example_task_group.py
[2026-03-12T22:26:58.160+0000] {processor.py:830} INFO - Processing file /home/airflow/.local/lib/python3.8/site-packages/airflow/example_dags/example_task_group.py for tasks to queue
[2026-03-12T22:26:58.161+0000] {logging_mixin.py:188} INFO - [2026-03-12T22:26:58.161+0000] {dagbag.py:538} INFO - Filling up the DagBag from /home/airflow/.local/lib/python3.8/site-packages/airflow/example_dags/example_task_group.py
[2026-03-12T22:26:58.167+0000] {processor.py:840} INFO - DAG(s) 'example_task_group' retrieved from /home/airflow/.local/lib/python3.8/site-packages/airflow/example_dags/example_task_group.py
[2026-03-12T22:26:58.187+0000] {logging_mixin.py:188} INFO - [2026-03-12T22:26:58.187+0000] {dag.py:3036} INFO - Sync 1 DAGs
[2026-03-12T22:26:58.206+0000] {logging_mixin.py:188} INFO - [2026-03-12T22:26:58.206+0000] {dag.py:3823} INFO - Setting next_dagrun for example_task_group to 2026-03-11 00:00:00+00:00, run_after=2026-03-12 00:00:00+00:00
[2026-03-12T22:26:58.224+0000] {processor.py:183} INFO - Processing /home/airflow/.local/lib/python3.8/site-packages/airflow/example_dags/example_task_group.py took 0.068 seconds
[2026-03-12T22:27:28.805+0000] {processor.py:161} INFO - Started process (PID=801) to work on /home/airflow/.local/lib/python3.8/site-packages/airflow/example_dags/example_task_group.py
[2026-03-12T22:27:28.806+0000] {processor.py:830} INFO - Processing file /home/airflow/.local/lib/python3.8/site-packages/airflow/example_dags/example_task_group.py for tasks to queue
[2026-03-12T22:27:28.807+0000] {logging_mixin.py:188} INFO - [2026-03-12T22:27:28.807+0000] {dagbag.py:538} INFO - Filling up the DagBag from /home/airflow/.local/lib/python3.8/site-packages/airflow/example_dags/example_task_group.py
[2026-03-12T22:27:28.813+0000] {processor.py:840} INFO - DAG(s) 'example_task_group' retrieved from /home/airflow/.local/lib/python3.8/site-packages/airflow/example_dags/example_task_group.py
[2026-03-12T22:27:28.834+0000] {logging_mixin.py:188} INFO - [2026-03-12T22:27:28.833+0000] {dag.py:3036} INFO - Sync 1 DAGs
[2026-03-12T22:27:28.854+0000] {logging_mixin.py:188} INFO - [2026-03-12T22:27:28.854+0000] {dag.py:3823} INFO - Setting next_dagrun for example_task_group to 2026-03-11 00:00:00+00:00, run_after=2026-03-12 00:00:00+00:00
[2026-03-12T22:27:28.871+0000] {processor.py:183} INFO - Processing /home/airflow/.local/lib/python3.8/site-packages/airflow/example_dags/example_task_group.py took 0.069 seconds
[2026-03-12T22:27:59.207+0000] {processor.py:161} INFO - Started process (PID=869) to work on /home/airflow/.local/lib/python3.8/site-packages/airflow/example_dags/example_task_group.py
[2026-03-12T22:27:59.208+0000] {processor.py:830} INFO - Processing file /home/airflow/.local/lib/python3.8/site-packages/airflow/example_dags/example_task_group.py for tasks to queue
[2026-03-12T22:27:59.210+0000] {logging_mixin.py:188} INFO - [2026-03-12T22:27:59.209+0000] {dagbag.py:538} INFO - Filling up the DagBag from /home/airflow/.local/lib/python3.8/site-packages/airflow/example_dags/example_task_group.py
[2026-03-12T22:27:59.216+0000] {processor.py:840} INFO - DAG(s) 'example_task_group' retrieved from /home/airflow/.local/lib/python3.8/site-packages/airflow/example_dags/example_task_group.py
[2026-03-12T22:27:59.236+0000] {logging_mixin.py:188} INFO - [2026-03-12T22:27:59.236+0000] {dag.py:3036} INFO - Sync 1 DAGs
[2026-03-12T22:27:59.256+0000] {logging_mixin.py:188} INFO - [2026-03-12T22:27:59.256+0000] {dag.py:3823} INFO - Setting next_dagrun for example_task_group to 2026-03-11 00:00:00+00:00, run_after=2026-03-12 00:00:00+00:00
[2026-03-12T22:27:59.274+0000] {processor.py:183} INFO - Processing /home/airflow/.local/lib/python3.8/site-packages/airflow/example_dags/example_task_group.py took 0.070 seconds
[2026-03-12T22:28:29.535+0000] {processor.py:161} INFO - Started process (PID=937) to work on /home/airflow/.local/lib/python3.8/site-packages/airflow/example_dags/example_task_group.py
[2026-03-12T22:28:29.536+0000] {processor.py:830} INFO - Processing file /home/airflow/.local/lib/python3.8/site-packages/airflow/example_dags/example_task_group.py for tasks to queue
[2026-03-12T22:28:29.537+0000] {logging_mixin.py:188} INFO - [2026-03-12T22:28:29.537+0000] {dagbag.py:538} INFO - Filling up the DagBag from /home/airflow/.local/lib/python3.8/site-packages/airflow/example_dags/example_task_group.py
[2026-03-12T22:28:29.543+0000] {processor.py:840} INFO - DAG(s) 'example_task_group' retrieved from /home/airflow/.local/lib/python3.8/site-packages/airflow/example_dags/example_task_group.py
[2026-03-12T22:28:29.562+0000] {logging_mixin.py:188} INFO - [2026-03-12T22:28:29.562+0000] {dag.py:3036} INFO - Sync 1 DAGs
[2026-03-12T22:28:29.582+0000] {logging_mixin.py:188} INFO - [2026-03-12T22:28:29.582+0000] {dag.py:3823} INFO - Setting next_dagrun for example_task_group to 2026-03-11 00:00:00+00:00, run_after=2026-03-12 00:00:00+00:00
[2026-03-12T22:28:29.601+0000] {processor.py:183} INFO - Processing /home/airflow/.local/lib/python3.8/site-packages/airflow/example_dags/example_task_group.py took 0.069 seconds
