[2026-03-12T22:22:21.848+0000] {processor.py:161} INFO - Started process (PID=115) to work on /home/airflow/.local/lib/python3.8/site-packages/airflow/example_dags/example_latest_only.py
[2026-03-12T22:22:21.849+0000] {processor.py:830} INFO - Processing file /home/airflow/.local/lib/python3.8/site-packages/airflow/example_dags/example_latest_only.py for tasks to queue
[2026-03-12T22:22:21.851+0000] {logging_mixin.py:188} INFO - [2026-03-12T22:22:21.851+0000] {dagbag.py:538} INFO - Filling up the DagBag from /home/airflow/.local/lib/python3.8/site-packages/airflow/example_dags/example_latest_only.py
[2026-03-12T22:22:21.855+0000] {processor.py:840} INFO - DAG(s) 'latest_only' retrieved from /home/airflow/.local/lib/python3.8/site-packages/airflow/example_dags/example_latest_only.py
[2026-03-12T22:22:21.877+0000] {logging_mixin.py:188} INFO - [2026-03-12T22:22:21.876+0000] {dag.py:3036} INFO - Sync 1 DAGs
[2026-03-12T22:22:21.899+0000] {logging_mixin.py:188} INFO - [2026-03-12T22:22:21.899+0000] {dag.py:3823} INFO - Setting next_dagrun for latest_only to 2026-03-12 16:00:00+00:00, run_after=2026-03-12 20:00:00+00:00
[2026-03-12T22:22:21.919+0000] {processor.py:183} INFO - Processing /home/airflow/.local/lib/python3.8/site-packages/airflow/example_dags/example_latest_only.py took 0.075 seconds
[2026-03-12T22:22:52.556+0000] {processor.py:161} INFO - Started process (PID=189) to work on /home/airflow/.local/lib/python3.8/site-packages/airflow/example_dags/example_latest_only.py
[2026-03-12T22:22:52.556+0000] {processor.py:830} INFO - Processing file /home/airflow/.local/lib/python3.8/site-packages/airflow/example_dags/example_latest_only.py for tasks to queue
[2026-03-12T22:22:52.558+0000] {logging_mixin.py:188} INFO - [2026-03-12T22:22:52.558+0000] {dagbag.py:538} INFO - Filling up the DagBag from /home/airflow/.local/lib/python3.8/site-packages/airflow/example_dags/example_latest_only.py
[2026-03-12T22:22:52.562+0000] {processor.py:840} INFO - DAG(s) 'latest_only' retrieved from /home/airflow/.local/lib/python3.8/site-packages/airflow/example_dags/example_latest_only.py
[2026-03-12T22:22:52.582+0000] {logging_mixin.py:188} INFO - [2026-03-12T22:22:52.581+0000] {dag.py:3036} INFO - Sync 1 DAGs
[2026-03-12T22:22:52.602+0000] {logging_mixin.py:188} INFO - [2026-03-12T22:22:52.602+0000] {dag.py:3823} INFO - Setting next_dagrun for latest_only to 2026-03-12 16:00:00+00:00, run_after=2026-03-12 20:00:00+00:00
[2026-03-12T22:22:52.621+0000] {processor.py:183} INFO - Processing /home/airflow/.local/lib/python3.8/site-packages/airflow/example_dags/example_latest_only.py took 0.068 seconds
[2026-03-12T22:23:23.580+0000] {processor.py:161} INFO - Started process (PID=246) to work on /home/airflow/.local/lib/python3.8/site-packages/airflow/example_dags/example_latest_only.py
[2026-03-12T22:23:23.581+0000] {processor.py:830} INFO - Processing file /home/airflow/.local/lib/python3.8/site-packages/airflow/example_dags/example_latest_only.py for tasks to queue
[2026-03-12T22:23:23.583+0000] {logging_mixin.py:188} INFO - [2026-03-12T22:23:23.583+0000] {dagbag.py:538} INFO - Filling up the DagBag from /home/airflow/.local/lib/python3.8/site-packages/airflow/example_dags/example_latest_only.py
[2026-03-12T22:23:23.587+0000] {processor.py:840} INFO - DAG(s) 'latest_only' retrieved from /home/airflow/.local/lib/python3.8/site-packages/airflow/example_dags/example_latest_only.py
[2026-03-12T22:23:23.607+0000] {logging_mixin.py:188} INFO - [2026-03-12T22:23:23.606+0000] {dag.py:3036} INFO - Sync 1 DAGs
[2026-03-12T22:23:23.627+0000] {logging_mixin.py:188} INFO - [2026-03-12T22:23:23.627+0000] {dag.py:3823} INFO - Setting next_dagrun for latest_only to 2026-03-12 16:00:00+00:00, run_after=2026-03-12 20:00:00+00:00
[2026-03-12T22:23:23.645+0000] {processor.py:183} INFO - Processing /home/airflow/.local/lib/python3.8/site-packages/airflow/example_dags/example_latest_only.py took 0.068 seconds
[2026-03-12T22:23:53.726+0000] {processor.py:161} INFO - Started process (PID=312) to work on /home/airflow/.local/lib/python3.8/site-packages/airflow/example_dags/example_latest_only.py
[2026-03-12T22:23:53.727+0000] {processor.py:830} INFO - Processing file /home/airflow/.local/lib/python3.8/site-packages/airflow/example_dags/example_latest_only.py for tasks to queue
[2026-03-12T22:23:53.729+0000] {logging_mixin.py:188} INFO - [2026-03-12T22:23:53.728+0000] {dagbag.py:538} INFO - Filling up the DagBag from /home/airflow/.local/lib/python3.8/site-packages/airflow/example_dags/example_latest_only.py
[2026-03-12T22:23:53.733+0000] {processor.py:840} INFO - DAG(s) 'latest_only' retrieved from /home/airflow/.local/lib/python3.8/site-packages/airflow/example_dags/example_latest_only.py
[2026-03-12T22:23:53.751+0000] {logging_mixin.py:188} INFO - [2026-03-12T22:23:53.751+0000] {dag.py:3036} INFO - Sync 1 DAGs
[2026-03-12T22:23:53.772+0000] {logging_mixin.py:188} INFO - [2026-03-12T22:23:53.772+0000] {dag.py:3823} INFO - Setting next_dagrun for latest_only to 2026-03-12 16:00:00+00:00, run_after=2026-03-12 20:00:00+00:00
[2026-03-12T22:23:53.789+0000] {processor.py:183} INFO - Processing /home/airflow/.local/lib/python3.8/site-packages/airflow/example_dags/example_latest_only.py took 0.066 seconds
[2026-03-12T22:24:23.875+0000] {processor.py:161} INFO - Started process (PID=380) to work on /home/airflow/.local/lib/python3.8/site-packages/airflow/example_dags/example_latest_only.py
[2026-03-12T22:24:23.876+0000] {processor.py:830} INFO - Processing file /home/airflow/.local/lib/python3.8/site-packages/airflow/example_dags/example_latest_only.py for tasks to queue
[2026-03-12T22:24:23.878+0000] {logging_mixin.py:188} INFO - [2026-03-12T22:24:23.878+0000] {dagbag.py:538} INFO - Filling up the DagBag from /home/airflow/.local/lib/python3.8/site-packages/airflow/example_dags/example_latest_only.py
[2026-03-12T22:24:23.882+0000] {processor.py:840} INFO - DAG(s) 'latest_only' retrieved from /home/airflow/.local/lib/python3.8/site-packages/airflow/example_dags/example_latest_only.py
[2026-03-12T22:24:23.901+0000] {logging_mixin.py:188} INFO - [2026-03-12T22:24:23.901+0000] {dag.py:3036} INFO - Sync 1 DAGs
[2026-03-12T22:24:23.922+0000] {logging_mixin.py:188} INFO - [2026-03-12T22:24:23.921+0000] {dag.py:3823} INFO - Setting next_dagrun for latest_only to 2026-03-12 16:00:00+00:00, run_after=2026-03-12 20:00:00+00:00
[2026-03-12T22:24:23.941+0000] {processor.py:183} INFO - Processing /home/airflow/.local/lib/python3.8/site-packages/airflow/example_dags/example_latest_only.py took 0.068 seconds
[2026-03-12T22:24:54.388+0000] {processor.py:161} INFO - Started process (PID=448) to work on /home/airflow/.local/lib/python3.8/site-packages/airflow/example_dags/example_latest_only.py
[2026-03-12T22:24:54.389+0000] {processor.py:830} INFO - Processing file /home/airflow/.local/lib/python3.8/site-packages/airflow/example_dags/example_latest_only.py for tasks to queue
[2026-03-12T22:24:54.390+0000] {logging_mixin.py:188} INFO - [2026-03-12T22:24:54.390+0000] {dagbag.py:538} INFO - Filling up the DagBag from /home/airflow/.local/lib/python3.8/site-packages/airflow/example_dags/example_latest_only.py
[2026-03-12T22:24:54.394+0000] {processor.py:840} INFO - DAG(s) 'latest_only' retrieved from /home/airflow/.local/lib/python3.8/site-packages/airflow/example_dags/example_latest_only.py
[2026-03-12T22:24:54.412+0000] {logging_mixin.py:188} INFO - [2026-03-12T22:24:54.412+0000] {dag.py:3036} INFO - Sync 1 DAGs
[2026-03-12T22:24:54.431+0000] {logging_mixin.py:188} INFO - [2026-03-12T22:24:54.431+0000] {dag.py:3823} INFO - Setting next_dagrun for latest_only to 2026-03-12 16:00:00+00:00, run_after=2026-03-12 20:00:00+00:00
[2026-03-12T22:24:54.449+0000] {processor.py:183} INFO - Processing /home/airflow/.local/lib/python3.8/site-packages/airflow/example_dags/example_latest_only.py took 0.064 seconds
[2026-03-12T22:25:24.635+0000] {processor.py:161} INFO - Started process (PID=516) to work on /home/airflow/.local/lib/python3.8/site-packages/airflow/example_dags/example_latest_only.py
[2026-03-12T22:25:24.636+0000] {processor.py:830} INFO - Processing file /home/airflow/.local/lib/python3.8/site-packages/airflow/example_dags/example_latest_only.py for tasks to queue
[2026-03-12T22:25:24.637+0000] {logging_mixin.py:188} INFO - [2026-03-12T22:25:24.637+0000] {dagbag.py:538} INFO - Filling up the DagBag from /home/airflow/.local/lib/python3.8/site-packages/airflow/example_dags/example_latest_only.py
[2026-03-12T22:25:24.642+0000] {processor.py:840} INFO - DAG(s) 'latest_only' retrieved from /home/airflow/.local/lib/python3.8/site-packages/airflow/example_dags/example_latest_only.py
[2026-03-12T22:25:24.660+0000] {logging_mixin.py:188} INFO - [2026-03-12T22:25:24.659+0000] {dag.py:3036} INFO - Sync 1 DAGs
[2026-03-12T22:25:24.680+0000] {logging_mixin.py:188} INFO - [2026-03-12T22:25:24.680+0000] {dag.py:3823} INFO - Setting next_dagrun for latest_only to 2026-03-12 16:00:00+00:00, run_after=2026-03-12 20:00:00+00:00
[2026-03-12T22:25:24.698+0000] {processor.py:183} INFO - Processing /home/airflow/.local/lib/python3.8/site-packages/airflow/example_dags/example_latest_only.py took 0.065 seconds
[2026-03-12T22:25:55.033+0000] {processor.py:161} INFO - Started process (PID=584) to work on /home/airflow/.local/lib/python3.8/site-packages/airflow/example_dags/example_latest_only.py
[2026-03-12T22:25:55.035+0000] {processor.py:830} INFO - Processing file /home/airflow/.local/lib/python3.8/site-packages/airflow/example_dags/example_latest_only.py for tasks to queue
[2026-03-12T22:25:55.036+0000] {logging_mixin.py:188} INFO - [2026-03-12T22:25:55.036+0000] {dagbag.py:538} INFO - Filling up the DagBag from /home/airflow/.local/lib/python3.8/site-packages/airflow/example_dags/example_latest_only.py
[2026-03-12T22:25:55.040+0000] {processor.py:840} INFO - DAG(s) 'latest_only' retrieved from /home/airflow/.local/lib/python3.8/site-packages/airflow/example_dags/example_latest_only.py
[2026-03-12T22:25:55.058+0000] {logging_mixin.py:188} INFO - [2026-03-12T22:25:55.058+0000] {dag.py:3036} INFO - Sync 1 DAGs
[2026-03-12T22:25:55.078+0000] {logging_mixin.py:188} INFO - [2026-03-12T22:25:55.078+0000] {dag.py:3823} INFO - Setting next_dagrun for latest_only to 2026-03-12 16:00:00+00:00, run_after=2026-03-12 20:00:00+00:00
[2026-03-12T22:25:55.096+0000] {processor.py:183} INFO - Processing /home/airflow/.local/lib/python3.8/site-packages/airflow/example_dags/example_latest_only.py took 0.065 seconds
[2026-03-12T22:26:25.727+0000] {processor.py:161} INFO - Started process (PID=652) to work on /home/airflow/.local/lib/python3.8/site-packages/airflow/example_dags/example_latest_only.py
[2026-03-12T22:26:25.728+0000] {processor.py:830} INFO - Processing file /home/airflow/.local/lib/python3.8/site-packages/airflow/example_dags/example_latest_only.py for tasks to queue
[2026-03-12T22:26:25.730+0000] {logging_mixin.py:188} INFO - [2026-03-12T22:26:25.729+0000] {dagbag.py:538} INFO - Filling up the DagBag from /home/airflow/.local/lib/python3.8/site-packages/airflow/example_dags/example_latest_only.py
[2026-03-12T22:26:25.734+0000] {processor.py:840} INFO - DAG(s) 'latest_only' retrieved from /home/airflow/.local/lib/python3.8/site-packages/airflow/example_dags/example_latest_only.py
[2026-03-12T22:26:25.752+0000] {logging_mixin.py:188} INFO - [2026-03-12T22:26:25.751+0000] {dag.py:3036} INFO - Sync 1 DAGs
[2026-03-12T22:26:25.771+0000] {logging_mixin.py:188} INFO - [2026-03-12T22:26:25.771+0000] {dag.py:3823} INFO - Setting next_dagrun for latest_only to 2026-03-12 16:00:00+00:00, run_after=2026-03-12 20:00:00+00:00
[2026-03-12T22:26:25.911+0000] {processor.py:183} INFO - Processing /home/airflow/.local/lib/python3.8/site-packages/airflow/example_dags/example_latest_only.py took 0.187 seconds
[2026-03-12T22:26:56.423+0000] {processor.py:161} INFO - Started process (PID=720) to work on /home/airflow/.local/lib/python3.8/site-packages/airflow/example_dags/example_latest_only.py
[2026-03-12T22:26:56.424+0000] {processor.py:830} INFO - Processing file /home/airflow/.local/lib/python3.8/site-packages/airflow/example_dags/example_latest_only.py for tasks to queue
[2026-03-12T22:26:56.425+0000] {logging_mixin.py:188} INFO - [2026-03-12T22:26:56.425+0000] {dagbag.py:538} INFO - Filling up the DagBag from /home/airflow/.local/lib/python3.8/site-packages/airflow/example_dags/example_latest_only.py
[2026-03-12T22:26:56.429+0000] {processor.py:840} INFO - DAG(s) 'latest_only' retrieved from /home/airflow/.local/lib/python3.8/site-packages/airflow/example_dags/example_latest_only.py
[2026-03-12T22:26:56.448+0000] {logging_mixin.py:188} INFO - [2026-03-12T22:26:56.448+0000] {dag.py:3036} INFO - Sync 1 DAGs
[2026-03-12T22:26:56.468+0000] {logging_mixin.py:188} INFO - [2026-03-12T22:26:56.468+0000] {dag.py:3823} INFO - Setting next_dagrun for latest_only to 2026-03-12 16:00:00+00:00, run_after=2026-03-12 20:00:00+00:00
[2026-03-12T22:26:56.488+0000] {processor.py:183} INFO - Processing /home/airflow/.local/lib/python3.8/site-packages/airflow/example_dags/example_latest_only.py took 0.068 seconds
[2026-03-12T22:27:27.174+0000] {processor.py:161} INFO - Started process (PID=788) to work on /home/airflow/.local/lib/python3.8/site-packages/airflow/example_dags/example_latest_only.py
[2026-03-12T22:27:27.175+0000] {processor.py:830} INFO - Processing file /home/airflow/.local/lib/python3.8/site-packages/airflow/example_dags/example_latest_only.py for tasks to queue
[2026-03-12T22:27:27.176+0000] {logging_mixin.py:188} INFO - [2026-03-12T22:27:27.176+0000] {dagbag.py:538} INFO - Filling up the DagBag from /home/airflow/.local/lib/python3.8/site-packages/airflow/example_dags/example_latest_only.py
[2026-03-12T22:27:27.180+0000] {processor.py:840} INFO - DAG(s) 'latest_only' retrieved from /home/airflow/.local/lib/python3.8/site-packages/airflow/example_dags/example_latest_only.py
[2026-03-12T22:27:27.199+0000] {logging_mixin.py:188} INFO - [2026-03-12T22:27:27.199+0000] {dag.py:3036} INFO - Sync 1 DAGs
[2026-03-12T22:27:27.219+0000] {logging_mixin.py:188} INFO - [2026-03-12T22:27:27.219+0000] {dag.py:3823} INFO - Setting next_dagrun for latest_only to 2026-03-12 16:00:00+00:00, run_after=2026-03-12 20:00:00+00:00
[2026-03-12T22:27:27.237+0000] {processor.py:183} INFO - Processing /home/airflow/.local/lib/python3.8/site-packages/airflow/example_dags/example_latest_only.py took 0.067 seconds
[2026-03-12T22:27:57.569+0000] {processor.py:161} INFO - Started process (PID=856) to work on /home/airflow/.local/lib/python3.8/site-packages/airflow/example_dags/example_latest_only.py
[2026-03-12T22:27:57.570+0000] {processor.py:830} INFO - Processing file /home/airflow/.local/lib/python3.8/site-packages/airflow/example_dags/example_latest_only.py for tasks to queue
[2026-03-12T22:27:57.571+0000] {logging_mixin.py:188} INFO - [2026-03-12T22:27:57.571+0000] {dagbag.py:538} INFO - Filling up the DagBag from /home/airflow/.local/lib/python3.8/site-packages/airflow/example_dags/example_latest_only.py
[2026-03-12T22:27:57.575+0000] {processor.py:840} INFO - DAG(s) 'latest_only' retrieved from /home/airflow/.local/lib/python3.8/site-packages/airflow/example_dags/example_latest_only.py
[2026-03-12T22:27:57.594+0000] {logging_mixin.py:188} INFO - [2026-03-12T22:27:57.594+0000] {dag.py:3036} INFO - Sync 1 DAGs
[2026-03-12T22:27:57.613+0000] {logging_mixin.py:188} INFO - [2026-03-12T22:27:57.613+0000] {dag.py:3823} INFO - Setting next_dagrun for latest_only to 2026-03-12 16:00:00+00:00, run_after=2026-03-12 20:00:00+00:00
[2026-03-12T22:27:57.630+0000] {processor.py:183} INFO - Processing /home/airflow/.local/lib/python3.8/site-packages/airflow/example_dags/example_latest_only.py took 0.065 seconds
[2026-03-12T22:28:27.876+0000] {processor.py:161} INFO - Started process (PID=924) to work on /home/airflow/.local/lib/python3.8/site-packages/airflow/example_dags/example_latest_only.py
[2026-03-12T22:28:27.876+0000] {processor.py:830} INFO - Processing file /home/airflow/.local/lib/python3.8/site-packages/airflow/example_dags/example_latest_only.py for tasks to queue
[2026-03-12T22:28:27.878+0000] {logging_mixin.py:188} INFO - [2026-03-12T22:28:27.878+0000] {dagbag.py:538} INFO - Filling up the DagBag from /home/airflow/.local/lib/python3.8/site-packages/airflow/example_dags/example_latest_only.py
[2026-03-12T22:28:27.883+0000] {processor.py:840} INFO - DAG(s) 'latest_only' retrieved from /home/airflow/.local/lib/python3.8/site-packages/airflow/example_dags/example_latest_only.py
[2026-03-12T22:28:27.902+0000] {logging_mixin.py:188} INFO - [2026-03-12T22:28:27.901+0000] {dag.py:3036} INFO - Sync 1 DAGs
[2026-03-12T22:28:27.921+0000] {logging_mixin.py:188} INFO - [2026-03-12T22:28:27.921+0000] {dag.py:3823} INFO - Setting next_dagrun for latest_only to 2026-03-12 16:00:00+00:00, run_after=2026-03-12 20:00:00+00:00
[2026-03-12T22:28:27.940+0000] {processor.py:183} INFO - Processing /home/airflow/.local/lib/python3.8/site-packages/airflow/example_dags/example_latest_only.py took 0.068 seconds
