[2026-03-12T22:22:22.948+0000] {processor.py:161} INFO - Started process (PID=138) to work on /home/airflow/.local/lib/python3.8/site-packages/airflow/example_dags/example_python_operator.py
[2026-03-12T22:22:22.949+0000] {processor.py:830} INFO - Processing file /home/airflow/.local/lib/python3.8/site-packages/airflow/example_dags/example_python_operator.py for tasks to queue
[2026-03-12T22:22:22.951+0000] {logging_mixin.py:188} INFO - [2026-03-12T22:22:22.951+0000] {dagbag.py:538} INFO - Filling up the DagBag from /home/airflow/.local/lib/python3.8/site-packages/airflow/example_dags/example_python_operator.py
[2026-03-12T22:22:22.960+0000] {processor.py:840} INFO - DAG(s) 'example_python_operator' retrieved from /home/airflow/.local/lib/python3.8/site-packages/airflow/example_dags/example_python_operator.py
[2026-03-12T22:22:23.067+0000] {logging_mixin.py:188} INFO - [2026-03-12T22:22:23.067+0000] {dag.py:3036} INFO - Sync 1 DAGs
[2026-03-12T22:22:23.077+0000] {logging_mixin.py:188} INFO - [2026-03-12T22:22:23.077+0000] {dag.py:3823} INFO - Setting next_dagrun for example_python_operator to None, run_after=None
[2026-03-12T22:22:23.100+0000] {processor.py:183} INFO - Processing /home/airflow/.local/lib/python3.8/site-packages/airflow/example_dags/example_python_operator.py took 0.154 seconds
[2026-03-12T22:22:53.598+0000] {processor.py:161} INFO - Started process (PID=206) to work on /home/airflow/.local/lib/python3.8/site-packages/airflow/example_dags/example_python_operator.py
[2026-03-12T22:22:53.599+0000] {processor.py:830} INFO - Processing file /home/airflow/.local/lib/python3.8/site-packages/airflow/example_dags/example_python_operator.py for tasks to queue
[2026-03-12T22:22:53.601+0000] {logging_mixin.py:188} INFO - [2026-03-12T22:22:53.601+0000] {dagbag.py:538} INFO - Filling up the DagBag from /home/airflow/.local/lib/python3.8/site-packages/airflow/example_dags/example_python_operator.py
[2026-03-12T22:22:53.610+0000] {processor.py:840} INFO - DAG(s) 'example_python_operator' retrieved from /home/airflow/.local/lib/python3.8/site-packages/airflow/example_dags/example_python_operator.py
[2026-03-12T22:22:53.630+0000] {logging_mixin.py:188} INFO - [2026-03-12T22:22:53.629+0000] {dag.py:3036} INFO - Sync 1 DAGs
[2026-03-12T22:22:53.641+0000] {logging_mixin.py:188} INFO - [2026-03-12T22:22:53.641+0000] {dag.py:3823} INFO - Setting next_dagrun for example_python_operator to None, run_after=None
[2026-03-12T22:22:53.659+0000] {processor.py:183} INFO - Processing /home/airflow/.local/lib/python3.8/site-packages/airflow/example_dags/example_python_operator.py took 0.064 seconds
[2026-03-12T22:23:24.928+0000] {processor.py:161} INFO - Started process (PID=274) to work on /home/airflow/.local/lib/python3.8/site-packages/airflow/example_dags/example_python_operator.py
[2026-03-12T22:23:24.929+0000] {processor.py:830} INFO - Processing file /home/airflow/.local/lib/python3.8/site-packages/airflow/example_dags/example_python_operator.py for tasks to queue
[2026-03-12T22:23:24.931+0000] {logging_mixin.py:188} INFO - [2026-03-12T22:23:24.930+0000] {dagbag.py:538} INFO - Filling up the DagBag from /home/airflow/.local/lib/python3.8/site-packages/airflow/example_dags/example_python_operator.py
[2026-03-12T22:23:24.940+0000] {processor.py:840} INFO - DAG(s) 'example_python_operator' retrieved from /home/airflow/.local/lib/python3.8/site-packages/airflow/example_dags/example_python_operator.py
[2026-03-12T22:23:24.962+0000] {logging_mixin.py:188} INFO - [2026-03-12T22:23:24.962+0000] {dag.py:3036} INFO - Sync 1 DAGs
[2026-03-12T22:23:24.974+0000] {logging_mixin.py:188} INFO - [2026-03-12T22:23:24.974+0000] {dag.py:3823} INFO - Setting next_dagrun for example_python_operator to None, run_after=None
[2026-03-12T22:23:24.994+0000] {processor.py:183} INFO - Processing /home/airflow/.local/lib/python3.8/site-packages/airflow/example_dags/example_python_operator.py took 0.070 seconds
[2026-03-12T22:23:56.137+0000] {processor.py:161} INFO - Started process (PID=342) to work on /home/airflow/.local/lib/python3.8/site-packages/airflow/example_dags/example_python_operator.py
[2026-03-12T22:23:56.138+0000] {processor.py:830} INFO - Processing file /home/airflow/.local/lib/python3.8/site-packages/airflow/example_dags/example_python_operator.py for tasks to queue
[2026-03-12T22:23:56.140+0000] {logging_mixin.py:188} INFO - [2026-03-12T22:23:56.139+0000] {dagbag.py:538} INFO - Filling up the DagBag from /home/airflow/.local/lib/python3.8/site-packages/airflow/example_dags/example_python_operator.py
[2026-03-12T22:23:56.148+0000] {processor.py:840} INFO - DAG(s) 'example_python_operator' retrieved from /home/airflow/.local/lib/python3.8/site-packages/airflow/example_dags/example_python_operator.py
[2026-03-12T22:23:56.169+0000] {logging_mixin.py:188} INFO - [2026-03-12T22:23:56.169+0000] {dag.py:3036} INFO - Sync 1 DAGs
[2026-03-12T22:23:56.180+0000] {logging_mixin.py:188} INFO - [2026-03-12T22:23:56.179+0000] {dag.py:3823} INFO - Setting next_dagrun for example_python_operator to None, run_after=None
[2026-03-12T22:23:56.197+0000] {processor.py:183} INFO - Processing /home/airflow/.local/lib/python3.8/site-packages/airflow/example_dags/example_python_operator.py took 0.063 seconds
[2026-03-12T22:24:26.408+0000] {processor.py:161} INFO - Started process (PID=399) to work on /home/airflow/.local/lib/python3.8/site-packages/airflow/example_dags/example_python_operator.py
[2026-03-12T22:24:26.409+0000] {processor.py:830} INFO - Processing file /home/airflow/.local/lib/python3.8/site-packages/airflow/example_dags/example_python_operator.py for tasks to queue
[2026-03-12T22:24:26.411+0000] {logging_mixin.py:188} INFO - [2026-03-12T22:24:26.410+0000] {dagbag.py:538} INFO - Filling up the DagBag from /home/airflow/.local/lib/python3.8/site-packages/airflow/example_dags/example_python_operator.py
[2026-03-12T22:24:26.419+0000] {processor.py:840} INFO - DAG(s) 'example_python_operator' retrieved from /home/airflow/.local/lib/python3.8/site-packages/airflow/example_dags/example_python_operator.py
[2026-03-12T22:24:26.439+0000] {logging_mixin.py:188} INFO - [2026-03-12T22:24:26.439+0000] {dag.py:3036} INFO - Sync 1 DAGs
[2026-03-12T22:24:26.450+0000] {logging_mixin.py:188} INFO - [2026-03-12T22:24:26.449+0000] {dag.py:3823} INFO - Setting next_dagrun for example_python_operator to None, run_after=None
[2026-03-12T22:24:26.467+0000] {processor.py:183} INFO - Processing /home/airflow/.local/lib/python3.8/site-packages/airflow/example_dags/example_python_operator.py took 0.061 seconds
[2026-03-12T22:24:56.541+0000] {processor.py:161} INFO - Started process (PID=465) to work on /home/airflow/.local/lib/python3.8/site-packages/airflow/example_dags/example_python_operator.py
[2026-03-12T22:24:56.541+0000] {processor.py:830} INFO - Processing file /home/airflow/.local/lib/python3.8/site-packages/airflow/example_dags/example_python_operator.py for tasks to queue
[2026-03-12T22:24:56.543+0000] {logging_mixin.py:188} INFO - [2026-03-12T22:24:56.543+0000] {dagbag.py:538} INFO - Filling up the DagBag from /home/airflow/.local/lib/python3.8/site-packages/airflow/example_dags/example_python_operator.py
[2026-03-12T22:24:56.552+0000] {processor.py:840} INFO - DAG(s) 'example_python_operator' retrieved from /home/airflow/.local/lib/python3.8/site-packages/airflow/example_dags/example_python_operator.py
[2026-03-12T22:24:56.572+0000] {logging_mixin.py:188} INFO - [2026-03-12T22:24:56.572+0000] {dag.py:3036} INFO - Sync 1 DAGs
[2026-03-12T22:24:56.583+0000] {logging_mixin.py:188} INFO - [2026-03-12T22:24:56.582+0000] {dag.py:3823} INFO - Setting next_dagrun for example_python_operator to None, run_after=None
[2026-03-12T22:24:56.600+0000] {processor.py:183} INFO - Processing /home/airflow/.local/lib/python3.8/site-packages/airflow/example_dags/example_python_operator.py took 0.063 seconds
[2026-03-12T22:25:27.471+0000] {processor.py:161} INFO - Started process (PID=533) to work on /home/airflow/.local/lib/python3.8/site-packages/airflow/example_dags/example_python_operator.py
[2026-03-12T22:25:27.472+0000] {processor.py:830} INFO - Processing file /home/airflow/.local/lib/python3.8/site-packages/airflow/example_dags/example_python_operator.py for tasks to queue
[2026-03-12T22:25:27.474+0000] {logging_mixin.py:188} INFO - [2026-03-12T22:25:27.474+0000] {dagbag.py:538} INFO - Filling up the DagBag from /home/airflow/.local/lib/python3.8/site-packages/airflow/example_dags/example_python_operator.py
[2026-03-12T22:25:27.483+0000] {processor.py:840} INFO - DAG(s) 'example_python_operator' retrieved from /home/airflow/.local/lib/python3.8/site-packages/airflow/example_dags/example_python_operator.py
[2026-03-12T22:25:27.502+0000] {logging_mixin.py:188} INFO - [2026-03-12T22:25:27.502+0000] {dag.py:3036} INFO - Sync 1 DAGs
[2026-03-12T22:25:27.513+0000] {logging_mixin.py:188} INFO - [2026-03-12T22:25:27.513+0000] {dag.py:3823} INFO - Setting next_dagrun for example_python_operator to None, run_after=None
[2026-03-12T22:25:27.530+0000] {processor.py:183} INFO - Processing /home/airflow/.local/lib/python3.8/site-packages/airflow/example_dags/example_python_operator.py took 0.062 seconds
[2026-03-12T22:25:57.823+0000] {processor.py:161} INFO - Started process (PID=601) to work on /home/airflow/.local/lib/python3.8/site-packages/airflow/example_dags/example_python_operator.py
[2026-03-12T22:25:57.824+0000] {processor.py:830} INFO - Processing file /home/airflow/.local/lib/python3.8/site-packages/airflow/example_dags/example_python_operator.py for tasks to queue
[2026-03-12T22:25:57.826+0000] {logging_mixin.py:188} INFO - [2026-03-12T22:25:57.825+0000] {dagbag.py:538} INFO - Filling up the DagBag from /home/airflow/.local/lib/python3.8/site-packages/airflow/example_dags/example_python_operator.py
[2026-03-12T22:25:57.835+0000] {processor.py:840} INFO - DAG(s) 'example_python_operator' retrieved from /home/airflow/.local/lib/python3.8/site-packages/airflow/example_dags/example_python_operator.py
[2026-03-12T22:25:57.854+0000] {logging_mixin.py:188} INFO - [2026-03-12T22:25:57.854+0000] {dag.py:3036} INFO - Sync 1 DAGs
[2026-03-12T22:25:57.866+0000] {logging_mixin.py:188} INFO - [2026-03-12T22:25:57.866+0000] {dag.py:3823} INFO - Setting next_dagrun for example_python_operator to None, run_after=None
[2026-03-12T22:25:57.884+0000] {processor.py:183} INFO - Processing /home/airflow/.local/lib/python3.8/site-packages/airflow/example_dags/example_python_operator.py took 0.064 seconds
[2026-03-12T22:26:28.879+0000] {processor.py:161} INFO - Started process (PID=669) to work on /home/airflow/.local/lib/python3.8/site-packages/airflow/example_dags/example_python_operator.py
[2026-03-12T22:26:28.880+0000] {processor.py:830} INFO - Processing file /home/airflow/.local/lib/python3.8/site-packages/airflow/example_dags/example_python_operator.py for tasks to queue
[2026-03-12T22:26:28.881+0000] {logging_mixin.py:188} INFO - [2026-03-12T22:26:28.881+0000] {dagbag.py:538} INFO - Filling up the DagBag from /home/airflow/.local/lib/python3.8/site-packages/airflow/example_dags/example_python_operator.py
[2026-03-12T22:26:28.890+0000] {processor.py:840} INFO - DAG(s) 'example_python_operator' retrieved from /home/airflow/.local/lib/python3.8/site-packages/airflow/example_dags/example_python_operator.py
[2026-03-12T22:26:28.909+0000] {logging_mixin.py:188} INFO - [2026-03-12T22:26:28.909+0000] {dag.py:3036} INFO - Sync 1 DAGs
[2026-03-12T22:26:28.920+0000] {logging_mixin.py:188} INFO - [2026-03-12T22:26:28.920+0000] {dag.py:3823} INFO - Setting next_dagrun for example_python_operator to None, run_after=None
[2026-03-12T22:26:28.938+0000] {processor.py:183} INFO - Processing /home/airflow/.local/lib/python3.8/site-packages/airflow/example_dags/example_python_operator.py took 0.062 seconds
[2026-03-12T22:26:59.347+0000] {processor.py:161} INFO - Started process (PID=737) to work on /home/airflow/.local/lib/python3.8/site-packages/airflow/example_dags/example_python_operator.py
[2026-03-12T22:26:59.348+0000] {processor.py:830} INFO - Processing file /home/airflow/.local/lib/python3.8/site-packages/airflow/example_dags/example_python_operator.py for tasks to queue
[2026-03-12T22:26:59.349+0000] {logging_mixin.py:188} INFO - [2026-03-12T22:26:59.349+0000] {dagbag.py:538} INFO - Filling up the DagBag from /home/airflow/.local/lib/python3.8/site-packages/airflow/example_dags/example_python_operator.py
[2026-03-12T22:26:59.358+0000] {processor.py:840} INFO - DAG(s) 'example_python_operator' retrieved from /home/airflow/.local/lib/python3.8/site-packages/airflow/example_dags/example_python_operator.py
[2026-03-12T22:26:59.379+0000] {logging_mixin.py:188} INFO - [2026-03-12T22:26:59.379+0000] {dag.py:3036} INFO - Sync 1 DAGs
[2026-03-12T22:26:59.389+0000] {logging_mixin.py:188} INFO - [2026-03-12T22:26:59.389+0000] {dag.py:3823} INFO - Setting next_dagrun for example_python_operator to None, run_after=None
[2026-03-12T22:26:59.408+0000] {processor.py:183} INFO - Processing /home/airflow/.local/lib/python3.8/site-packages/airflow/example_dags/example_python_operator.py took 0.064 seconds
[2026-03-12T22:27:29.934+0000] {processor.py:161} INFO - Started process (PID=805) to work on /home/airflow/.local/lib/python3.8/site-packages/airflow/example_dags/example_python_operator.py
[2026-03-12T22:27:29.935+0000] {processor.py:830} INFO - Processing file /home/airflow/.local/lib/python3.8/site-packages/airflow/example_dags/example_python_operator.py for tasks to queue
[2026-03-12T22:27:29.937+0000] {logging_mixin.py:188} INFO - [2026-03-12T22:27:29.936+0000] {dagbag.py:538} INFO - Filling up the DagBag from /home/airflow/.local/lib/python3.8/site-packages/airflow/example_dags/example_python_operator.py
[2026-03-12T22:27:29.946+0000] {processor.py:840} INFO - DAG(s) 'example_python_operator' retrieved from /home/airflow/.local/lib/python3.8/site-packages/airflow/example_dags/example_python_operator.py
[2026-03-12T22:27:29.966+0000] {logging_mixin.py:188} INFO - [2026-03-12T22:27:29.966+0000] {dag.py:3036} INFO - Sync 1 DAGs
[2026-03-12T22:27:29.977+0000] {logging_mixin.py:188} INFO - [2026-03-12T22:27:29.977+0000] {dag.py:3823} INFO - Setting next_dagrun for example_python_operator to None, run_after=None
[2026-03-12T22:27:29.995+0000] {processor.py:183} INFO - Processing /home/airflow/.local/lib/python3.8/site-packages/airflow/example_dags/example_python_operator.py took 0.064 seconds
[2026-03-12T22:28:00.339+0000] {processor.py:161} INFO - Started process (PID=873) to work on /home/airflow/.local/lib/python3.8/site-packages/airflow/example_dags/example_python_operator.py
[2026-03-12T22:28:00.340+0000] {processor.py:830} INFO - Processing file /home/airflow/.local/lib/python3.8/site-packages/airflow/example_dags/example_python_operator.py for tasks to queue
[2026-03-12T22:28:00.342+0000] {logging_mixin.py:188} INFO - [2026-03-12T22:28:00.341+0000] {dagbag.py:538} INFO - Filling up the DagBag from /home/airflow/.local/lib/python3.8/site-packages/airflow/example_dags/example_python_operator.py
[2026-03-12T22:28:00.351+0000] {processor.py:840} INFO - DAG(s) 'example_python_operator' retrieved from /home/airflow/.local/lib/python3.8/site-packages/airflow/example_dags/example_python_operator.py
[2026-03-12T22:28:00.377+0000] {logging_mixin.py:188} INFO - [2026-03-12T22:28:00.376+0000] {dag.py:3036} INFO - Sync 1 DAGs
[2026-03-12T22:28:00.388+0000] {logging_mixin.py:188} INFO - [2026-03-12T22:28:00.388+0000] {dag.py:3823} INFO - Setting next_dagrun for example_python_operator to None, run_after=None
[2026-03-12T22:28:00.407+0000] {processor.py:183} INFO - Processing /home/airflow/.local/lib/python3.8/site-packages/airflow/example_dags/example_python_operator.py took 0.071 seconds
[2026-03-12T22:28:30.664+0000] {processor.py:161} INFO - Started process (PID=941) to work on /home/airflow/.local/lib/python3.8/site-packages/airflow/example_dags/example_python_operator.py
[2026-03-12T22:28:30.665+0000] {processor.py:830} INFO - Processing file /home/airflow/.local/lib/python3.8/site-packages/airflow/example_dags/example_python_operator.py for tasks to queue
[2026-03-12T22:28:30.666+0000] {logging_mixin.py:188} INFO - [2026-03-12T22:28:30.666+0000] {dagbag.py:538} INFO - Filling up the DagBag from /home/airflow/.local/lib/python3.8/site-packages/airflow/example_dags/example_python_operator.py
[2026-03-12T22:28:30.675+0000] {processor.py:840} INFO - DAG(s) 'example_python_operator' retrieved from /home/airflow/.local/lib/python3.8/site-packages/airflow/example_dags/example_python_operator.py
[2026-03-12T22:28:30.696+0000] {logging_mixin.py:188} INFO - [2026-03-12T22:28:30.696+0000] {dag.py:3036} INFO - Sync 1 DAGs
[2026-03-12T22:28:30.706+0000] {logging_mixin.py:188} INFO - [2026-03-12T22:28:30.706+0000] {dag.py:3823} INFO - Setting next_dagrun for example_python_operator to None, run_after=None
[2026-03-12T22:28:30.724+0000] {processor.py:183} INFO - Processing /home/airflow/.local/lib/python3.8/site-packages/airflow/example_dags/example_python_operator.py took 0.063 seconds
