[2026-03-12T22:22:23.221+0000] {processor.py:161} INFO - Started process (PID=142) to work on /home/airflow/.local/lib/python3.8/site-packages/airflow/example_dags/tutorial_dag.py
[2026-03-12T22:22:23.222+0000] {processor.py:830} INFO - Processing file /home/airflow/.local/lib/python3.8/site-packages/airflow/example_dags/tutorial_dag.py for tasks to queue
[2026-03-12T22:22:23.224+0000] {logging_mixin.py:188} INFO - [2026-03-12T22:22:23.224+0000] {dagbag.py:538} INFO - Filling up the DagBag from /home/airflow/.local/lib/python3.8/site-packages/airflow/example_dags/tutorial_dag.py
[2026-03-12T22:22:23.229+0000] {processor.py:840} INFO - DAG(s) 'tutorial_dag' retrieved from /home/airflow/.local/lib/python3.8/site-packages/airflow/example_dags/tutorial_dag.py
[2026-03-12T22:22:23.249+0000] {logging_mixin.py:188} INFO - [2026-03-12T22:22:23.248+0000] {dag.py:3036} INFO - Sync 1 DAGs
[2026-03-12T22:22:23.259+0000] {logging_mixin.py:188} INFO - [2026-03-12T22:22:23.259+0000] {dag.py:3823} INFO - Setting next_dagrun for tutorial_dag to None, run_after=None
[2026-03-12T22:22:23.278+0000] {processor.py:183} INFO - Processing /home/airflow/.local/lib/python3.8/site-packages/airflow/example_dags/tutorial_dag.py took 0.060 seconds
[2026-03-12T22:22:53.770+0000] {processor.py:161} INFO - Started process (PID=210) to work on /home/airflow/.local/lib/python3.8/site-packages/airflow/example_dags/tutorial_dag.py
[2026-03-12T22:22:53.771+0000] {processor.py:830} INFO - Processing file /home/airflow/.local/lib/python3.8/site-packages/airflow/example_dags/tutorial_dag.py for tasks to queue
[2026-03-12T22:22:53.772+0000] {logging_mixin.py:188} INFO - [2026-03-12T22:22:53.772+0000] {dagbag.py:538} INFO - Filling up the DagBag from /home/airflow/.local/lib/python3.8/site-packages/airflow/example_dags/tutorial_dag.py
[2026-03-12T22:22:53.777+0000] {processor.py:840} INFO - DAG(s) 'tutorial_dag' retrieved from /home/airflow/.local/lib/python3.8/site-packages/airflow/example_dags/tutorial_dag.py
[2026-03-12T22:22:53.800+0000] {logging_mixin.py:188} INFO - [2026-03-12T22:22:53.800+0000] {dag.py:3036} INFO - Sync 1 DAGs
[2026-03-12T22:22:53.815+0000] {logging_mixin.py:188} INFO - [2026-03-12T22:22:53.815+0000] {dag.py:3823} INFO - Setting next_dagrun for tutorial_dag to None, run_after=None
[2026-03-12T22:22:53.836+0000] {processor.py:183} INFO - Processing /home/airflow/.local/lib/python3.8/site-packages/airflow/example_dags/tutorial_dag.py took 0.069 seconds
[2026-03-12T22:23:25.114+0000] {processor.py:161} INFO - Started process (PID=278) to work on /home/airflow/.local/lib/python3.8/site-packages/airflow/example_dags/tutorial_dag.py
[2026-03-12T22:23:25.115+0000] {processor.py:830} INFO - Processing file /home/airflow/.local/lib/python3.8/site-packages/airflow/example_dags/tutorial_dag.py for tasks to queue
[2026-03-12T22:23:25.117+0000] {logging_mixin.py:188} INFO - [2026-03-12T22:23:25.116+0000] {dagbag.py:538} INFO - Filling up the DagBag from /home/airflow/.local/lib/python3.8/site-packages/airflow/example_dags/tutorial_dag.py
[2026-03-12T22:23:25.122+0000] {processor.py:840} INFO - DAG(s) 'tutorial_dag' retrieved from /home/airflow/.local/lib/python3.8/site-packages/airflow/example_dags/tutorial_dag.py
[2026-03-12T22:23:25.141+0000] {logging_mixin.py:188} INFO - [2026-03-12T22:23:25.141+0000] {dag.py:3036} INFO - Sync 1 DAGs
[2026-03-12T22:23:25.152+0000] {logging_mixin.py:188} INFO - [2026-03-12T22:23:25.152+0000] {dag.py:3823} INFO - Setting next_dagrun for tutorial_dag to None, run_after=None
[2026-03-12T22:23:25.171+0000] {processor.py:183} INFO - Processing /home/airflow/.local/lib/python3.8/site-packages/airflow/example_dags/tutorial_dag.py took 0.060 seconds
[2026-03-12T22:23:56.315+0000] {processor.py:161} INFO - Started process (PID=346) to work on /home/airflow/.local/lib/python3.8/site-packages/airflow/example_dags/tutorial_dag.py
[2026-03-12T22:23:56.316+0000] {processor.py:830} INFO - Processing file /home/airflow/.local/lib/python3.8/site-packages/airflow/example_dags/tutorial_dag.py for tasks to queue
[2026-03-12T22:23:56.317+0000] {logging_mixin.py:188} INFO - [2026-03-12T22:23:56.317+0000] {dagbag.py:538} INFO - Filling up the DagBag from /home/airflow/.local/lib/python3.8/site-packages/airflow/example_dags/tutorial_dag.py
[2026-03-12T22:23:56.322+0000] {processor.py:840} INFO - DAG(s) 'tutorial_dag' retrieved from /home/airflow/.local/lib/python3.8/site-packages/airflow/example_dags/tutorial_dag.py
[2026-03-12T22:23:56.340+0000] {logging_mixin.py:188} INFO - [2026-03-12T22:23:56.340+0000] {dag.py:3036} INFO - Sync 1 DAGs
[2026-03-12T22:23:56.351+0000] {logging_mixin.py:188} INFO - [2026-03-12T22:23:56.351+0000] {dag.py:3823} INFO - Setting next_dagrun for tutorial_dag to None, run_after=None
[2026-03-12T22:23:56.368+0000] {processor.py:183} INFO - Processing /home/airflow/.local/lib/python3.8/site-packages/airflow/example_dags/tutorial_dag.py took 0.056 seconds
[2026-03-12T22:24:26.800+0000] {processor.py:161} INFO - Started process (PID=414) to work on /home/airflow/.local/lib/python3.8/site-packages/airflow/example_dags/tutorial_dag.py
[2026-03-12T22:24:26.801+0000] {processor.py:830} INFO - Processing file /home/airflow/.local/lib/python3.8/site-packages/airflow/example_dags/tutorial_dag.py for tasks to queue
[2026-03-12T22:24:26.802+0000] {logging_mixin.py:188} INFO - [2026-03-12T22:24:26.802+0000] {dagbag.py:538} INFO - Filling up the DagBag from /home/airflow/.local/lib/python3.8/site-packages/airflow/example_dags/tutorial_dag.py
[2026-03-12T22:24:26.807+0000] {processor.py:840} INFO - DAG(s) 'tutorial_dag' retrieved from /home/airflow/.local/lib/python3.8/site-packages/airflow/example_dags/tutorial_dag.py
[2026-03-12T22:24:26.826+0000] {logging_mixin.py:188} INFO - [2026-03-12T22:24:26.826+0000] {dag.py:3036} INFO - Sync 1 DAGs
[2026-03-12T22:24:26.836+0000] {logging_mixin.py:188} INFO - [2026-03-12T22:24:26.836+0000] {dag.py:3823} INFO - Setting next_dagrun for tutorial_dag to None, run_after=None
[2026-03-12T22:24:26.853+0000] {processor.py:183} INFO - Processing /home/airflow/.local/lib/python3.8/site-packages/airflow/example_dags/tutorial_dag.py took 0.056 seconds
[2026-03-12T22:24:56.909+0000] {processor.py:161} INFO - Started process (PID=469) to work on /home/airflow/.local/lib/python3.8/site-packages/airflow/example_dags/tutorial_dag.py
[2026-03-12T22:24:56.910+0000] {processor.py:830} INFO - Processing file /home/airflow/.local/lib/python3.8/site-packages/airflow/example_dags/tutorial_dag.py for tasks to queue
[2026-03-12T22:24:56.912+0000] {logging_mixin.py:188} INFO - [2026-03-12T22:24:56.911+0000] {dagbag.py:538} INFO - Filling up the DagBag from /home/airflow/.local/lib/python3.8/site-packages/airflow/example_dags/tutorial_dag.py
[2026-03-12T22:24:56.916+0000] {processor.py:840} INFO - DAG(s) 'tutorial_dag' retrieved from /home/airflow/.local/lib/python3.8/site-packages/airflow/example_dags/tutorial_dag.py
[2026-03-12T22:24:56.935+0000] {logging_mixin.py:188} INFO - [2026-03-12T22:24:56.935+0000] {dag.py:3036} INFO - Sync 1 DAGs
[2026-03-12T22:24:56.946+0000] {logging_mixin.py:188} INFO - [2026-03-12T22:24:56.946+0000] {dag.py:3823} INFO - Setting next_dagrun for tutorial_dag to None, run_after=None
[2026-03-12T22:24:56.963+0000] {processor.py:183} INFO - Processing /home/airflow/.local/lib/python3.8/site-packages/airflow/example_dags/tutorial_dag.py took 0.057 seconds
[2026-03-12T22:25:27.677+0000] {processor.py:161} INFO - Started process (PID=537) to work on /home/airflow/.local/lib/python3.8/site-packages/airflow/example_dags/tutorial_dag.py
[2026-03-12T22:25:27.678+0000] {processor.py:830} INFO - Processing file /home/airflow/.local/lib/python3.8/site-packages/airflow/example_dags/tutorial_dag.py for tasks to queue
[2026-03-12T22:25:27.679+0000] {logging_mixin.py:188} INFO - [2026-03-12T22:25:27.679+0000] {dagbag.py:538} INFO - Filling up the DagBag from /home/airflow/.local/lib/python3.8/site-packages/airflow/example_dags/tutorial_dag.py
[2026-03-12T22:25:27.684+0000] {processor.py:840} INFO - DAG(s) 'tutorial_dag' retrieved from /home/airflow/.local/lib/python3.8/site-packages/airflow/example_dags/tutorial_dag.py
[2026-03-12T22:25:27.704+0000] {logging_mixin.py:188} INFO - [2026-03-12T22:25:27.703+0000] {dag.py:3036} INFO - Sync 1 DAGs
[2026-03-12T22:25:27.715+0000] {logging_mixin.py:188} INFO - [2026-03-12T22:25:27.715+0000] {dag.py:3823} INFO - Setting next_dagrun for tutorial_dag to None, run_after=None
[2026-03-12T22:25:27.732+0000] {processor.py:183} INFO - Processing /home/airflow/.local/lib/python3.8/site-packages/airflow/example_dags/tutorial_dag.py took 0.058 seconds
[2026-03-12T22:25:58.015+0000] {processor.py:161} INFO - Started process (PID=605) to work on /home/airflow/.local/lib/python3.8/site-packages/airflow/example_dags/tutorial_dag.py
[2026-03-12T22:25:58.016+0000] {processor.py:830} INFO - Processing file /home/airflow/.local/lib/python3.8/site-packages/airflow/example_dags/tutorial_dag.py for tasks to queue
[2026-03-12T22:25:58.018+0000] {logging_mixin.py:188} INFO - [2026-03-12T22:25:58.018+0000] {dagbag.py:538} INFO - Filling up the DagBag from /home/airflow/.local/lib/python3.8/site-packages/airflow/example_dags/tutorial_dag.py
[2026-03-12T22:25:58.022+0000] {processor.py:840} INFO - DAG(s) 'tutorial_dag' retrieved from /home/airflow/.local/lib/python3.8/site-packages/airflow/example_dags/tutorial_dag.py
[2026-03-12T22:25:58.042+0000] {logging_mixin.py:188} INFO - [2026-03-12T22:25:58.042+0000] {dag.py:3036} INFO - Sync 1 DAGs
[2026-03-12T22:25:58.055+0000] {logging_mixin.py:188} INFO - [2026-03-12T22:25:58.055+0000] {dag.py:3823} INFO - Setting next_dagrun for tutorial_dag to None, run_after=None
[2026-03-12T22:25:58.073+0000] {processor.py:183} INFO - Processing /home/airflow/.local/lib/python3.8/site-packages/airflow/example_dags/tutorial_dag.py took 0.060 seconds
[2026-03-12T22:26:29.067+0000] {processor.py:161} INFO - Started process (PID=673) to work on /home/airflow/.local/lib/python3.8/site-packages/airflow/example_dags/tutorial_dag.py
[2026-03-12T22:26:29.068+0000] {processor.py:830} INFO - Processing file /home/airflow/.local/lib/python3.8/site-packages/airflow/example_dags/tutorial_dag.py for tasks to queue
[2026-03-12T22:26:29.070+0000] {logging_mixin.py:188} INFO - [2026-03-12T22:26:29.069+0000] {dagbag.py:538} INFO - Filling up the DagBag from /home/airflow/.local/lib/python3.8/site-packages/airflow/example_dags/tutorial_dag.py
[2026-03-12T22:26:29.074+0000] {processor.py:840} INFO - DAG(s) 'tutorial_dag' retrieved from /home/airflow/.local/lib/python3.8/site-packages/airflow/example_dags/tutorial_dag.py
[2026-03-12T22:26:29.094+0000] {logging_mixin.py:188} INFO - [2026-03-12T22:26:29.094+0000] {dag.py:3036} INFO - Sync 1 DAGs
[2026-03-12T22:26:29.105+0000] {logging_mixin.py:188} INFO - [2026-03-12T22:26:29.105+0000] {dag.py:3823} INFO - Setting next_dagrun for tutorial_dag to None, run_after=None
[2026-03-12T22:26:29.123+0000] {processor.py:183} INFO - Processing /home/airflow/.local/lib/python3.8/site-packages/airflow/example_dags/tutorial_dag.py took 0.058 seconds
[2026-03-12T22:26:59.542+0000] {processor.py:161} INFO - Started process (PID=741) to work on /home/airflow/.local/lib/python3.8/site-packages/airflow/example_dags/tutorial_dag.py
[2026-03-12T22:26:59.542+0000] {processor.py:830} INFO - Processing file /home/airflow/.local/lib/python3.8/site-packages/airflow/example_dags/tutorial_dag.py for tasks to queue
[2026-03-12T22:26:59.544+0000] {logging_mixin.py:188} INFO - [2026-03-12T22:26:59.544+0000] {dagbag.py:538} INFO - Filling up the DagBag from /home/airflow/.local/lib/python3.8/site-packages/airflow/example_dags/tutorial_dag.py
[2026-03-12T22:26:59.548+0000] {processor.py:840} INFO - DAG(s) 'tutorial_dag' retrieved from /home/airflow/.local/lib/python3.8/site-packages/airflow/example_dags/tutorial_dag.py
[2026-03-12T22:26:59.567+0000] {logging_mixin.py:188} INFO - [2026-03-12T22:26:59.567+0000] {dag.py:3036} INFO - Sync 1 DAGs
[2026-03-12T22:26:59.578+0000] {logging_mixin.py:188} INFO - [2026-03-12T22:26:59.577+0000] {dag.py:3823} INFO - Setting next_dagrun for tutorial_dag to None, run_after=None
[2026-03-12T22:26:59.595+0000] {processor.py:183} INFO - Processing /home/airflow/.local/lib/python3.8/site-packages/airflow/example_dags/tutorial_dag.py took 0.056 seconds
[2026-03-12T22:27:30.129+0000] {processor.py:161} INFO - Started process (PID=809) to work on /home/airflow/.local/lib/python3.8/site-packages/airflow/example_dags/tutorial_dag.py
[2026-03-12T22:27:30.130+0000] {processor.py:830} INFO - Processing file /home/airflow/.local/lib/python3.8/site-packages/airflow/example_dags/tutorial_dag.py for tasks to queue
[2026-03-12T22:27:30.132+0000] {logging_mixin.py:188} INFO - [2026-03-12T22:27:30.132+0000] {dagbag.py:538} INFO - Filling up the DagBag from /home/airflow/.local/lib/python3.8/site-packages/airflow/example_dags/tutorial_dag.py
[2026-03-12T22:27:30.137+0000] {processor.py:840} INFO - DAG(s) 'tutorial_dag' retrieved from /home/airflow/.local/lib/python3.8/site-packages/airflow/example_dags/tutorial_dag.py
[2026-03-12T22:27:30.156+0000] {logging_mixin.py:188} INFO - [2026-03-12T22:27:30.156+0000] {dag.py:3036} INFO - Sync 1 DAGs
[2026-03-12T22:27:30.167+0000] {logging_mixin.py:188} INFO - [2026-03-12T22:27:30.167+0000] {dag.py:3823} INFO - Setting next_dagrun for tutorial_dag to None, run_after=None
[2026-03-12T22:27:30.184+0000] {processor.py:183} INFO - Processing /home/airflow/.local/lib/python3.8/site-packages/airflow/example_dags/tutorial_dag.py took 0.058 seconds
[2026-03-12T22:28:00.541+0000] {processor.py:161} INFO - Started process (PID=877) to work on /home/airflow/.local/lib/python3.8/site-packages/airflow/example_dags/tutorial_dag.py
[2026-03-12T22:28:00.542+0000] {processor.py:830} INFO - Processing file /home/airflow/.local/lib/python3.8/site-packages/airflow/example_dags/tutorial_dag.py for tasks to queue
[2026-03-12T22:28:00.543+0000] {logging_mixin.py:188} INFO - [2026-03-12T22:28:00.543+0000] {dagbag.py:538} INFO - Filling up the DagBag from /home/airflow/.local/lib/python3.8/site-packages/airflow/example_dags/tutorial_dag.py
[2026-03-12T22:28:00.548+0000] {processor.py:840} INFO - DAG(s) 'tutorial_dag' retrieved from /home/airflow/.local/lib/python3.8/site-packages/airflow/example_dags/tutorial_dag.py
[2026-03-12T22:28:00.568+0000] {logging_mixin.py:188} INFO - [2026-03-12T22:28:00.568+0000] {dag.py:3036} INFO - Sync 1 DAGs
[2026-03-12T22:28:00.579+0000] {logging_mixin.py:188} INFO - [2026-03-12T22:28:00.579+0000] {dag.py:3823} INFO - Setting next_dagrun for tutorial_dag to None, run_after=None
[2026-03-12T22:28:00.596+0000] {processor.py:183} INFO - Processing /home/airflow/.local/lib/python3.8/site-packages/airflow/example_dags/tutorial_dag.py took 0.058 seconds
[2026-03-12T22:28:30.855+0000] {processor.py:161} INFO - Started process (PID=945) to work on /home/airflow/.local/lib/python3.8/site-packages/airflow/example_dags/tutorial_dag.py
[2026-03-12T22:28:30.856+0000] {processor.py:830} INFO - Processing file /home/airflow/.local/lib/python3.8/site-packages/airflow/example_dags/tutorial_dag.py for tasks to queue
[2026-03-12T22:28:30.857+0000] {logging_mixin.py:188} INFO - [2026-03-12T22:28:30.857+0000] {dagbag.py:538} INFO - Filling up the DagBag from /home/airflow/.local/lib/python3.8/site-packages/airflow/example_dags/tutorial_dag.py
[2026-03-12T22:28:30.862+0000] {processor.py:840} INFO - DAG(s) 'tutorial_dag' retrieved from /home/airflow/.local/lib/python3.8/site-packages/airflow/example_dags/tutorial_dag.py
[2026-03-12T22:28:30.881+0000] {logging_mixin.py:188} INFO - [2026-03-12T22:28:30.881+0000] {dag.py:3036} INFO - Sync 1 DAGs
[2026-03-12T22:28:30.892+0000] {logging_mixin.py:188} INFO - [2026-03-12T22:28:30.892+0000] {dag.py:3823} INFO - Setting next_dagrun for tutorial_dag to None, run_after=None
[2026-03-12T22:28:30.909+0000] {processor.py:183} INFO - Processing /home/airflow/.local/lib/python3.8/site-packages/airflow/example_dags/tutorial_dag.py took 0.057 seconds
