[2026-03-08T10:30:28.397+0000] {taskinstance.py:1956} INFO - Dependencies all met for dep_context=non-requeueable deps ti=<TaskInstance: titanic_mlops_pipeline.handle_missing_values manual__2026-03-08T10:29:16.881060+00:00 [queued]>
[2026-03-08T10:30:28.407+0000] {taskinstance.py:1956} INFO - Dependencies all met for dep_context=requeueable deps ti=<TaskInstance: titanic_mlops_pipeline.handle_missing_values manual__2026-03-08T10:29:16.881060+00:00 [queued]>
[2026-03-08T10:30:28.407+0000] {taskinstance.py:2170} INFO - Starting attempt 1 of 3
[2026-03-08T10:30:28.420+0000] {taskinstance.py:2191} INFO - Executing <Task(PythonOperator): handle_missing_values> on 2026-03-08 10:29:16.881060+00:00
[2026-03-08T10:30:28.432+0000] {standard_task_runner.py:60} INFO - Started process 446 to run task
[2026-03-08T10:30:28.435+0000] {standard_task_runner.py:87} INFO - Running: ['***', 'tasks', 'run', 'titanic_mlops_pipeline', 'handle_missing_values', 'manual__2026-03-08T10:29:16.881060+00:00', '--job-id', '86', '--raw', '--subdir', 'DAGS_FOLDER/mlops_***_mlflow_pipeline.py', '--cfg-path', '/tmp/tmpcvn4wgxy']
[2026-03-08T10:30:28.436+0000] {standard_task_runner.py:88} INFO - Job 86: Subtask handle_missing_values
[2026-03-08T10:30:28.484+0000] {task_command.py:423} INFO - Running <TaskInstance: titanic_mlops_pipeline.handle_missing_values manual__2026-03-08T10:29:16.881060+00:00 [running]> on host 2a0172c45d39
[2026-03-08T10:30:28.558+0000] {taskinstance.py:2480} INFO - Exporting env vars: AIRFLOW_CTX_DAG_OWNER='your_name' AIRFLOW_CTX_DAG_ID='titanic_mlops_pipeline' AIRFLOW_CTX_TASK_ID='handle_missing_values' AIRFLOW_CTX_EXECUTION_DATE='2026-03-08T10:29:16.881060+00:00' AIRFLOW_CTX_TRY_NUMBER='1' AIRFLOW_CTX_DAG_RUN_ID='manual__2026-03-08T10:29:16.881060+00:00'
[2026-03-08T10:30:28.577+0000] {logging_mixin.py:188} INFO - ── Before Handling Missing Values ──
[2026-03-08T10:30:28.578+0000] {logging_mixin.py:188} INFO -   Age missing:      177
[2026-03-08T10:30:28.578+0000] {logging_mixin.py:188} INFO -   Embarked missing: 2
[2026-03-08T10:30:28.580+0000] {logging_mixin.py:188} INFO - 
✓ Age filled with median: 28.0
[2026-03-08T10:30:28.582+0000] {logging_mixin.py:188} INFO - ✓ Embarked filled with mode: S
[2026-03-08T10:30:28.583+0000] {logging_mixin.py:188} INFO - ✓ Cabin filled with: Unknown
[2026-03-08T10:30:28.584+0000] {logging_mixin.py:188} INFO - 
── After Handling Missing Values ──
[2026-03-08T10:30:28.584+0000] {logging_mixin.py:188} INFO -   Age missing:      0
[2026-03-08T10:30:28.584+0000] {logging_mixin.py:188} INFO -   Embarked missing: 0
[2026-03-08T10:30:28.585+0000] {logging_mixin.py:188} INFO -   Cabin missing:    0
[2026-03-08T10:30:28.593+0000] {logging_mixin.py:188} INFO - 
✓ Cleaned dataset saved to: /opt/***/data/titanic_cleaned.csv
[2026-03-08T10:30:28.608+0000] {python.py:201} INFO - Done. Returned value was: None
[2026-03-08T10:30:28.617+0000] {taskinstance.py:1138} INFO - Marking task as SUCCESS. dag_id=titanic_mlops_pipeline, task_id=handle_missing_values, execution_date=20260308T102916, start_date=20260308T103028, end_date=20260308T103028
[2026-03-08T10:30:28.647+0000] {local_task_job_runner.py:234} INFO - Task exited with return code 0
[2026-03-08T10:30:28.675+0000] {taskinstance.py:3280} INFO - 1 downstream tasks scheduled from follow-on schedule check
