[2026-03-08T10:53:11.200+0000] {taskinstance.py:1956} INFO - Dependencies all met for dep_context=non-requeueable deps ti=<TaskInstance: titanic_mlops_pipeline.handle_missing_values manual__2026-03-08T10:51:59.170512+00:00 [queued]>
[2026-03-08T10:53:11.208+0000] {taskinstance.py:1956} INFO - Dependencies all met for dep_context=requeueable deps ti=<TaskInstance: titanic_mlops_pipeline.handle_missing_values manual__2026-03-08T10:51:59.170512+00:00 [queued]>
[2026-03-08T10:53:11.209+0000] {taskinstance.py:2170} INFO - Starting attempt 1 of 3
[2026-03-08T10:53:11.220+0000] {taskinstance.py:2191} INFO - Executing <Task(PythonOperator): handle_missing_values> on 2026-03-08 10:51:59.170512+00:00
[2026-03-08T10:53:11.231+0000] {standard_task_runner.py:60} INFO - Started process 2275 to run task
[2026-03-08T10:53:11.234+0000] {standard_task_runner.py:87} INFO - Running: ['***', 'tasks', 'run', 'titanic_mlops_pipeline', 'handle_missing_values', 'manual__2026-03-08T10:51:59.170512+00:00', '--job-id', '146', '--raw', '--subdir', 'DAGS_FOLDER/mlops_***_mlflow_pipeline.py', '--cfg-path', '/tmp/tmpgyl0lkv6']
[2026-03-08T10:53:11.235+0000] {standard_task_runner.py:88} INFO - Job 146: Subtask handle_missing_values
[2026-03-08T10:53:11.279+0000] {task_command.py:423} INFO - Running <TaskInstance: titanic_mlops_pipeline.handle_missing_values manual__2026-03-08T10:51:59.170512+00:00 [running]> on host 2a0172c45d39
[2026-03-08T10:53:11.357+0000] {taskinstance.py:2480} INFO - Exporting env vars: AIRFLOW_CTX_DAG_OWNER='your_name' AIRFLOW_CTX_DAG_ID='titanic_mlops_pipeline' AIRFLOW_CTX_TASK_ID='handle_missing_values' AIRFLOW_CTX_EXECUTION_DATE='2026-03-08T10:51:59.170512+00:00' AIRFLOW_CTX_TRY_NUMBER='1' AIRFLOW_CTX_DAG_RUN_ID='manual__2026-03-08T10:51:59.170512+00:00'
[2026-03-08T10:53:11.375+0000] {logging_mixin.py:188} INFO - ── Before Handling Missing Values ──
[2026-03-08T10:53:11.376+0000] {logging_mixin.py:188} INFO -   Age missing:      177
[2026-03-08T10:53:11.376+0000] {logging_mixin.py:188} INFO -   Embarked missing: 2
[2026-03-08T10:53:11.377+0000] {logging_mixin.py:188} INFO - 
✓ Age filled with median: 28.0
[2026-03-08T10:53:11.378+0000] {logging_mixin.py:188} INFO - ✓ Embarked filled with mode: S
[2026-03-08T10:53:11.379+0000] {logging_mixin.py:188} INFO - ✓ Cabin filled with: Unknown
[2026-03-08T10:53:11.379+0000] {logging_mixin.py:188} INFO - 
── After Handling Missing Values ──
[2026-03-08T10:53:11.379+0000] {logging_mixin.py:188} INFO -   Age missing:      0
[2026-03-08T10:53:11.380+0000] {logging_mixin.py:188} INFO -   Embarked missing: 0
[2026-03-08T10:53:11.380+0000] {logging_mixin.py:188} INFO -   Cabin missing:    0
[2026-03-08T10:53:11.385+0000] {logging_mixin.py:188} INFO - 
✓ Cleaned dataset saved to: /opt/***/data/titanic_cleaned.csv
[2026-03-08T10:53:11.398+0000] {python.py:201} INFO - Done. Returned value was: None
[2026-03-08T10:53:11.408+0000] {taskinstance.py:1138} INFO - Marking task as SUCCESS. dag_id=titanic_mlops_pipeline, task_id=handle_missing_values, execution_date=20260308T105159, start_date=20260308T105311, end_date=20260308T105311
[2026-03-08T10:53:11.446+0000] {local_task_job_runner.py:234} INFO - Task exited with return code 0
[2026-03-08T10:53:11.472+0000] {taskinstance.py:3280} INFO - 0 downstream tasks scheduled from follow-on schedule check
