[2026-03-08T10:30:56.563+0000] {taskinstance.py:1956} INFO - Dependencies all met for dep_context=non-requeueable deps ti=<TaskInstance: titanic_mlops_pipeline.handle_missing_values manual__2026-03-08T10:29:45.208721+00:00 [queued]>
[2026-03-08T10:30:56.571+0000] {taskinstance.py:1956} INFO - Dependencies all met for dep_context=requeueable deps ti=<TaskInstance: titanic_mlops_pipeline.handle_missing_values manual__2026-03-08T10:29:45.208721+00:00 [queued]>
[2026-03-08T10:30:56.572+0000] {taskinstance.py:2170} INFO - Starting attempt 1 of 3
[2026-03-08T10:30:56.583+0000] {taskinstance.py:2191} INFO - Executing <Task(PythonOperator): handle_missing_values> on 2026-03-08 10:29:45.208721+00:00
[2026-03-08T10:30:56.594+0000] {standard_task_runner.py:60} INFO - Started process 591 to run task
[2026-03-08T10:30:56.597+0000] {standard_task_runner.py:87} INFO - Running: ['***', 'tasks', 'run', 'titanic_mlops_pipeline', 'handle_missing_values', 'manual__2026-03-08T10:29:45.208721+00:00', '--job-id', '94', '--raw', '--subdir', 'DAGS_FOLDER/mlops_***_mlflow_pipeline.py', '--cfg-path', '/tmp/tmp71wzf6y5']
[2026-03-08T10:30:56.598+0000] {standard_task_runner.py:88} INFO - Job 94: Subtask handle_missing_values
[2026-03-08T10:30:56.643+0000] {task_command.py:423} INFO - Running <TaskInstance: titanic_mlops_pipeline.handle_missing_values manual__2026-03-08T10:29:45.208721+00:00 [running]> on host 2a0172c45d39
[2026-03-08T10:30:56.722+0000] {taskinstance.py:2480} INFO - Exporting env vars: AIRFLOW_CTX_DAG_OWNER='your_name' AIRFLOW_CTX_DAG_ID='titanic_mlops_pipeline' AIRFLOW_CTX_TASK_ID='handle_missing_values' AIRFLOW_CTX_EXECUTION_DATE='2026-03-08T10:29:45.208721+00:00' AIRFLOW_CTX_TRY_NUMBER='1' AIRFLOW_CTX_DAG_RUN_ID='manual__2026-03-08T10:29:45.208721+00:00'
[2026-03-08T10:30:56.739+0000] {logging_mixin.py:188} INFO - ── Before Handling Missing Values ──
[2026-03-08T10:30:56.740+0000] {logging_mixin.py:188} INFO -   Age missing:      177
[2026-03-08T10:30:56.741+0000] {logging_mixin.py:188} INFO -   Embarked missing: 2
[2026-03-08T10:30:56.742+0000] {logging_mixin.py:188} INFO - 
✓ Age filled with median: 28.0
[2026-03-08T10:30:56.743+0000] {logging_mixin.py:188} INFO - ✓ Embarked filled with mode: S
[2026-03-08T10:30:56.744+0000] {logging_mixin.py:188} INFO - ✓ Cabin filled with: Unknown
[2026-03-08T10:30:56.744+0000] {logging_mixin.py:188} INFO - 
── After Handling Missing Values ──
[2026-03-08T10:30:56.744+0000] {logging_mixin.py:188} INFO -   Age missing:      0
[2026-03-08T10:30:56.745+0000] {logging_mixin.py:188} INFO -   Embarked missing: 0
[2026-03-08T10:30:56.745+0000] {logging_mixin.py:188} INFO -   Cabin missing:    0
[2026-03-08T10:30:56.751+0000] {logging_mixin.py:188} INFO - 
✓ Cleaned dataset saved to: /opt/***/data/titanic_cleaned.csv
[2026-03-08T10:30:56.765+0000] {python.py:201} INFO - Done. Returned value was: None
[2026-03-08T10:30:56.774+0000] {taskinstance.py:1138} INFO - Marking task as SUCCESS. dag_id=titanic_mlops_pipeline, task_id=handle_missing_values, execution_date=20260308T102945, start_date=20260308T103056, end_date=20260308T103056
[2026-03-08T10:30:56.809+0000] {local_task_job_runner.py:234} INFO - Task exited with return code 0
[2026-03-08T10:30:56.831+0000] {taskinstance.py:3280} INFO - 0 downstream tasks scheduled from follow-on schedule check
