[2026-03-08T10:41:31.648+0000] {taskinstance.py:1956} INFO - Dependencies all met for dep_context=non-requeueable deps ti=<TaskInstance: titanic_mlops_pipeline.encode_data manual__2026-03-08T10:40:16.711445+00:00 [queued]>
[2026-03-08T10:41:31.657+0000] {taskinstance.py:1956} INFO - Dependencies all met for dep_context=requeueable deps ti=<TaskInstance: titanic_mlops_pipeline.encode_data manual__2026-03-08T10:40:16.711445+00:00 [queued]>
[2026-03-08T10:41:31.657+0000] {taskinstance.py:2170} INFO - Starting attempt 1 of 3
[2026-03-08T10:41:31.670+0000] {taskinstance.py:2191} INFO - Executing <Task(PythonOperator): encode_data> on 2026-03-08 10:40:16.711445+00:00
[2026-03-08T10:41:31.682+0000] {standard_task_runner.py:60} INFO - Started process 1324 to run task
[2026-03-08T10:41:31.686+0000] {standard_task_runner.py:87} INFO - Running: ['***', 'tasks', 'run', 'titanic_mlops_pipeline', 'encode_data', 'manual__2026-03-08T10:40:16.711445+00:00', '--job-id', '115', '--raw', '--subdir', 'DAGS_FOLDER/mlops_***_mlflow_pipeline.py', '--cfg-path', '/tmp/tmp9sc1k39p']
[2026-03-08T10:41:31.687+0000] {standard_task_runner.py:88} INFO - Job 115: Subtask encode_data
[2026-03-08T10:41:31.734+0000] {task_command.py:423} INFO - Running <TaskInstance: titanic_mlops_pipeline.encode_data manual__2026-03-08T10:40:16.711445+00:00 [running]> on host 2a0172c45d39
[2026-03-08T10:41:31.810+0000] {taskinstance.py:2480} INFO - Exporting env vars: AIRFLOW_CTX_DAG_OWNER='your_name' AIRFLOW_CTX_DAG_ID='titanic_mlops_pipeline' AIRFLOW_CTX_TASK_ID='encode_data' AIRFLOW_CTX_EXECUTION_DATE='2026-03-08T10:40:16.711445+00:00' AIRFLOW_CTX_TRY_NUMBER='1' AIRFLOW_CTX_DAG_RUN_ID='manual__2026-03-08T10:40:16.711445+00:00'
[2026-03-08T10:41:31.841+0000] {logging_mixin.py:188} INFO - ── Dataset before encoding ──
[2026-03-08T10:41:31.841+0000] {logging_mixin.py:188} INFO -   Shape: (891, 14)
[2026-03-08T10:41:31.841+0000] {logging_mixin.py:188} INFO -   Columns: ['PassengerId', 'Survived', 'Pclass', 'Name', 'Sex', 'Age', 'SibSp', 'Parch', 'Ticket', 'Fare', 'Cabin', 'Embarked', 'FamilySize', 'IsAlone']
[2026-03-08T10:41:31.842+0000] {logging_mixin.py:188} INFO - 
✓ Sex encoded: male=0, female=1
[2026-03-08T10:41:31.843+0000] {logging_mixin.py:188} INFO - ✓ Embarked encoded: S=0, C=1, Q=2
[2026-03-08T10:41:31.844+0000] {logging_mixin.py:188} INFO - 
✓ Dropped columns: ['PassengerId', 'Name', 'Ticket', 'Cabin']
[2026-03-08T10:41:31.844+0000] {logging_mixin.py:188} INFO - 
── Dataset after encoding ──
[2026-03-08T10:41:31.844+0000] {logging_mixin.py:188} INFO -   Shape: (891, 10)
[2026-03-08T10:41:31.844+0000] {logging_mixin.py:188} INFO -   Remaining columns: ['Survived', 'Pclass', 'Sex', 'Age', 'SibSp', 'Parch', 'Fare', 'Embarked', 'FamilySize', 'IsAlone']
[2026-03-08T10:41:31.850+0000] {logging_mixin.py:188} INFO - 
  Sample row:
   Survived  Pclass  Sex   Age  SibSp  Parch  Fare  Embarked  FamilySize  IsAlone
0         0       3    0  22.0      1      0  7.25         0           2        0
[2026-03-08T10:41:31.855+0000] {logging_mixin.py:188} INFO - 
✓ Encoded dataset saved to: /opt/***/data/titanic_encoded.csv
[2026-03-08T10:41:31.870+0000] {python.py:201} INFO - Done. Returned value was: None
[2026-03-08T10:41:31.880+0000] {taskinstance.py:1138} INFO - Marking task as SUCCESS. dag_id=titanic_mlops_pipeline, task_id=encode_data, execution_date=20260308T104016, start_date=20260308T104131, end_date=20260308T104131
[2026-03-08T10:41:31.938+0000] {local_task_job_runner.py:234} INFO - Task exited with return code 0
[2026-03-08T10:41:31.968+0000] {taskinstance.py:3280} INFO - 1 downstream tasks scheduled from follow-on schedule check
