[2026-03-08T10:45:53.816+0000] {taskinstance.py:1956} INFO - Dependencies all met for dep_context=non-requeueable deps ti=<TaskInstance: titanic_mlops_pipeline.evaluate_model manual__2026-03-08T10:44:30.843795+00:00 [queued]>
[2026-03-08T10:45:53.824+0000] {taskinstance.py:1956} INFO - Dependencies all met for dep_context=requeueable deps ti=<TaskInstance: titanic_mlops_pipeline.evaluate_model manual__2026-03-08T10:44:30.843795+00:00 [queued]>
[2026-03-08T10:45:53.825+0000] {taskinstance.py:2170} INFO - Starting attempt 1 of 3
[2026-03-08T10:45:53.836+0000] {taskinstance.py:2191} INFO - Executing <Task(PythonOperator): evaluate_model> on 2026-03-08 10:44:30.843795+00:00
[2026-03-08T10:45:53.848+0000] {standard_task_runner.py:60} INFO - Started process 1717 to run task
[2026-03-08T10:45:53.852+0000] {standard_task_runner.py:87} INFO - Running: ['***', 'tasks', 'run', 'titanic_mlops_pipeline', 'evaluate_model', 'manual__2026-03-08T10:44:30.843795+00:00', '--job-id', '128', '--raw', '--subdir', 'DAGS_FOLDER/mlops_***_mlflow_pipeline.py', '--cfg-path', '/tmp/tmp06ndrm9s']
[2026-03-08T10:45:53.853+0000] {standard_task_runner.py:88} INFO - Job 128: Subtask evaluate_model
[2026-03-08T10:45:53.899+0000] {task_command.py:423} INFO - Running <TaskInstance: titanic_mlops_pipeline.evaluate_model manual__2026-03-08T10:44:30.843795+00:00 [running]> on host 2a0172c45d39
[2026-03-08T10:45:53.977+0000] {taskinstance.py:2480} INFO - Exporting env vars: AIRFLOW_CTX_DAG_OWNER='your_name' AIRFLOW_CTX_DAG_ID='titanic_mlops_pipeline' AIRFLOW_CTX_TASK_ID='evaluate_model' AIRFLOW_CTX_EXECUTION_DATE='2026-03-08T10:44:30.843795+00:00' AIRFLOW_CTX_TRY_NUMBER='1' AIRFLOW_CTX_DAG_RUN_ID='manual__2026-03-08T10:44:30.843795+00:00'
[2026-03-08T10:45:54.009+0000] {logging_mixin.py:188} INFO - ✓ Loaded test data: (179, 9)
[2026-03-08T10:45:54.208+0000] {logging_mixin.py:188} INFO - ✓ Loaded model from MLflow run: a355eb49bbf34b39bfb52cf86b6b5bd1
[2026-03-08T10:45:54.223+0000] {logging_mixin.py:188} INFO - 
── Model Evaluation Metrics ──
[2026-03-08T10:45:54.223+0000] {logging_mixin.py:188} INFO -   Accuracy:  0.8156
[2026-03-08T10:45:54.223+0000] {logging_mixin.py:188} INFO -   Precision: 0.8254
[2026-03-08T10:45:54.223+0000] {logging_mixin.py:188} INFO -   Recall:    0.7027
[2026-03-08T10:45:54.224+0000] {logging_mixin.py:188} INFO -   F1-Score:  0.7591
[2026-03-08T10:45:54.535+0000] {logging_mixin.py:188} INFO - 
✓ All metrics logged to MLflow run: a355eb49bbf34b39bfb52cf86b6b5bd1
[2026-03-08T10:45:54.550+0000] {logging_mixin.py:188} WARNING - 2026/03/08 10:45:54 INFO mlflow.tracking._tracking_service.client: 🏃 View run receptive-trout-563 at: http://172.17.0.1:5000/#/experiments/1/runs/a355eb49bbf34b39bfb52cf86b6b5bd1.
[2026-03-08T10:45:54.551+0000] {logging_mixin.py:188} WARNING - 2026/03/08 10:45:54 INFO mlflow.tracking._tracking_service.client: 🧪 View experiment at: http://172.17.0.1:5000/#/experiments/1.
[2026-03-08T10:45:54.632+0000] {logging_mixin.py:188} INFO - 
✓ XCom pushed: accuracy = 0.8156
[2026-03-08T10:45:54.633+0000] {python.py:201} INFO - Done. Returned value was: None
[2026-03-08T10:45:54.643+0000] {taskinstance.py:1138} INFO - Marking task as SUCCESS. dag_id=titanic_mlops_pipeline, task_id=evaluate_model, execution_date=20260308T104430, start_date=20260308T104553, end_date=20260308T104554
[2026-03-08T10:45:54.706+0000] {local_task_job_runner.py:234} INFO - Task exited with return code 0
[2026-03-08T10:45:54.737+0000] {taskinstance.py:3280} INFO - 1 downstream tasks scheduled from follow-on schedule check
