[2026-03-08T10:41:39.542+0000] {taskinstance.py:1956} INFO - Dependencies all met for dep_context=non-requeueable deps ti=<TaskInstance: titanic_mlops_pipeline.evaluate_model manual__2026-03-08T10:40:16.711445+00:00 [queued]>
[2026-03-08T10:41:39.550+0000] {taskinstance.py:1956} INFO - Dependencies all met for dep_context=requeueable deps ti=<TaskInstance: titanic_mlops_pipeline.evaluate_model manual__2026-03-08T10:40:16.711445+00:00 [queued]>
[2026-03-08T10:41:39.550+0000] {taskinstance.py:2170} INFO - Starting attempt 1 of 3
[2026-03-08T10:41:39.562+0000] {taskinstance.py:2191} INFO - Executing <Task(PythonOperator): evaluate_model> on 2026-03-08 10:40:16.711445+00:00
[2026-03-08T10:41:39.574+0000] {standard_task_runner.py:60} INFO - Started process 1379 to run task
[2026-03-08T10:41:39.578+0000] {standard_task_runner.py:87} INFO - Running: ['***', 'tasks', 'run', 'titanic_mlops_pipeline', 'evaluate_model', 'manual__2026-03-08T10:40:16.711445+00:00', '--job-id', '117', '--raw', '--subdir', 'DAGS_FOLDER/mlops_***_mlflow_pipeline.py', '--cfg-path', '/tmp/tmpq3vdn17m']
[2026-03-08T10:41:39.579+0000] {standard_task_runner.py:88} INFO - Job 117: Subtask evaluate_model
[2026-03-08T10:41:39.627+0000] {task_command.py:423} INFO - Running <TaskInstance: titanic_mlops_pipeline.evaluate_model manual__2026-03-08T10:40:16.711445+00:00 [running]> on host 2a0172c45d39
[2026-03-08T10:41:39.702+0000] {taskinstance.py:2480} INFO - Exporting env vars: AIRFLOW_CTX_DAG_OWNER='your_name' AIRFLOW_CTX_DAG_ID='titanic_mlops_pipeline' AIRFLOW_CTX_TASK_ID='evaluate_model' AIRFLOW_CTX_EXECUTION_DATE='2026-03-08T10:40:16.711445+00:00' AIRFLOW_CTX_TRY_NUMBER='1' AIRFLOW_CTX_DAG_RUN_ID='manual__2026-03-08T10:40:16.711445+00:00'
[2026-03-08T10:41:39.737+0000] {logging_mixin.py:188} INFO - ✓ Loaded test data: (179, 9)
[2026-03-08T10:41:39.948+0000] {logging_mixin.py:188} INFO - ✓ Loaded model from MLflow run: f48f0fd430b84286abdb28f56efd33dc
[2026-03-08T10:41:39.965+0000] {logging_mixin.py:188} INFO - 
── Model Evaluation Metrics ──
[2026-03-08T10:41:39.965+0000] {logging_mixin.py:188} INFO -   Accuracy:  0.8156
[2026-03-08T10:41:39.965+0000] {logging_mixin.py:188} INFO -   Precision: 0.8254
[2026-03-08T10:41:39.965+0000] {logging_mixin.py:188} INFO -   Recall:    0.7027
[2026-03-08T10:41:39.965+0000] {logging_mixin.py:188} INFO -   F1-Score:  0.7591
[2026-03-08T10:41:40.271+0000] {logging_mixin.py:188} INFO - 
✓ All metrics logged to MLflow run: f48f0fd430b84286abdb28f56efd33dc
[2026-03-08T10:41:40.287+0000] {logging_mixin.py:188} WARNING - 2026/03/08 10:41:40 INFO mlflow.tracking._tracking_service.client: 🏃 View run grandiose-snail-191 at: http://172.17.0.1:5000/#/experiments/1/runs/f48f0fd430b84286abdb28f56efd33dc.
[2026-03-08T10:41:40.287+0000] {logging_mixin.py:188} WARNING - 2026/03/08 10:41:40 INFO mlflow.tracking._tracking_service.client: 🧪 View experiment at: http://172.17.0.1:5000/#/experiments/1.
[2026-03-08T10:41:40.368+0000] {logging_mixin.py:188} INFO - 
✓ XCom pushed: accuracy = 0.8156
[2026-03-08T10:41:40.369+0000] {python.py:201} INFO - Done. Returned value was: None
[2026-03-08T10:41:40.378+0000] {taskinstance.py:1138} INFO - Marking task as SUCCESS. dag_id=titanic_mlops_pipeline, task_id=evaluate_model, execution_date=20260308T104016, start_date=20260308T104139, end_date=20260308T104140
[2026-03-08T10:41:40.432+0000] {local_task_job_runner.py:234} INFO - Task exited with return code 0
[2026-03-08T10:41:40.462+0000] {taskinstance.py:3280} INFO - 1 downstream tasks scheduled from follow-on schedule check
