[2026-03-08T10:45:59.279+0000] {taskinstance.py:1956} INFO - Dependencies all met for dep_context=non-requeueable deps ti=<TaskInstance: titanic_mlops_pipeline.register_model manual__2026-03-08T10:44:30.843795+00:00 [queued]>
[2026-03-08T10:45:59.289+0000] {taskinstance.py:1956} INFO - Dependencies all met for dep_context=requeueable deps ti=<TaskInstance: titanic_mlops_pipeline.register_model manual__2026-03-08T10:44:30.843795+00:00 [queued]>
[2026-03-08T10:45:59.289+0000] {taskinstance.py:2170} INFO - Starting attempt 1 of 3
[2026-03-08T10:45:59.301+0000] {taskinstance.py:2191} INFO - Executing <Task(PythonOperator): register_model> on 2026-03-08 10:44:30.843795+00:00
[2026-03-08T10:45:59.313+0000] {standard_task_runner.py:60} INFO - Started process 1750 to run task
[2026-03-08T10:45:59.316+0000] {standard_task_runner.py:87} INFO - Running: ['***', 'tasks', 'run', 'titanic_mlops_pipeline', 'register_model', 'manual__2026-03-08T10:44:30.843795+00:00', '--job-id', '130', '--raw', '--subdir', 'DAGS_FOLDER/mlops_***_mlflow_pipeline.py', '--cfg-path', '/tmp/tmpp2oqcc1r']
[2026-03-08T10:45:59.317+0000] {standard_task_runner.py:88} INFO - Job 130: Subtask register_model
[2026-03-08T10:45:59.364+0000] {task_command.py:423} INFO - Running <TaskInstance: titanic_mlops_pipeline.register_model manual__2026-03-08T10:44:30.843795+00:00 [running]> on host 2a0172c45d39
[2026-03-08T10:45:59.444+0000] {taskinstance.py:2480} INFO - Exporting env vars: AIRFLOW_CTX_DAG_OWNER='your_name' AIRFLOW_CTX_DAG_ID='titanic_mlops_pipeline' AIRFLOW_CTX_TASK_ID='register_model' AIRFLOW_CTX_EXECUTION_DATE='2026-03-08T10:44:30.843795+00:00' AIRFLOW_CTX_TRY_NUMBER='1' AIRFLOW_CTX_DAG_RUN_ID='manual__2026-03-08T10:44:30.843795+00:00'
[2026-03-08T10:45:59.467+0000] {logging_mixin.py:188} INFO - ── Model Registration ──
[2026-03-08T10:45:59.468+0000] {logging_mixin.py:188} INFO -   Run ID:     a355eb49bbf34b39bfb52cf86b6b5bd1
[2026-03-08T10:45:59.468+0000] {logging_mixin.py:188} INFO -   Model Type: RandomForest
[2026-03-08T10:45:59.468+0000] {logging_mixin.py:188} INFO -   Accuracy:   0.8156
[2026-03-08T10:45:59.528+0000] {logging_mixin.py:188} WARNING - Successfully registered model 'titanic_survival_model'.
[2026-03-08T10:45:59.607+0000] {logging_mixin.py:188} WARNING - 2026/03/08 10:45:59 INFO mlflow.store.model_registry.abstract_store: Waiting up to 300 seconds for model version to finish creation. Model name: titanic_survival_model, version 1
[2026-03-08T10:45:59.608+0000] {logging_mixin.py:188} WARNING - Created version '1' of model 'titanic_survival_model'.
[2026-03-08T10:45:59.608+0000] {logging_mixin.py:188} INFO - 
✓ Model registered successfully!
[2026-03-08T10:45:59.608+0000] {logging_mixin.py:188} INFO -   Name:    titanic_survival_model
[2026-03-08T10:45:59.608+0000] {logging_mixin.py:188} INFO -   Version: 1
[2026-03-08T10:46:01.068+0000] {logging_mixin.py:188} INFO - 
✓ Model description and tags set
[2026-03-08T10:46:01.068+0000] {logging_mixin.py:188} INFO -   Description: Titanic survival model — RandomForest
[2026-03-08T10:46:01.069+0000] {logging_mixin.py:188} INFO -   Tag status:  approved
[2026-03-08T10:46:01.069+0000] {logging_mixin.py:188} INFO -   Tag accuracy: 0.8156
[2026-03-08T10:46:01.317+0000] {logging_mixin.py:188} INFO - 
✓ Registration tags logged to MLflow run
[2026-03-08T10:46:01.333+0000] {logging_mixin.py:188} WARNING - 2026/03/08 10:46:01 INFO mlflow.tracking._tracking_service.client: 🏃 View run receptive-trout-563 at: http://172.17.0.1:5000/#/experiments/1/runs/a355eb49bbf34b39bfb52cf86b6b5bd1.
[2026-03-08T10:46:01.334+0000] {logging_mixin.py:188} WARNING - 2026/03/08 10:46:01 INFO mlflow.tracking._tracking_service.client: 🧪 View experiment at: http://172.17.0.1:5000/#/experiments/1.
[2026-03-08T10:46:01.391+0000] {python.py:201} INFO - Done. Returned value was: None
[2026-03-08T10:46:01.402+0000] {taskinstance.py:1138} INFO - Marking task as SUCCESS. dag_id=titanic_mlops_pipeline, task_id=register_model, execution_date=20260308T104430, start_date=20260308T104559, end_date=20260308T104601
[2026-03-08T10:46:01.455+0000] {local_task_job_runner.py:234} INFO - Task exited with return code 0
[2026-03-08T10:46:01.475+0000] {taskinstance.py:3280} INFO - 0 downstream tasks scheduled from follow-on schedule check
