[2026-03-08T09:44:24.958+0000] {taskinstance.py:1956} INFO - Dependencies all met for dep_context=non-requeueable deps ti=<TaskInstance: titanic_mlops_pipeline.feature_engineering manual__2026-03-08T09:43:16.631463+00:00 [queued]>
[2026-03-08T09:44:24.966+0000] {taskinstance.py:1956} INFO - Dependencies all met for dep_context=requeueable deps ti=<TaskInstance: titanic_mlops_pipeline.feature_engineering manual__2026-03-08T09:43:16.631463+00:00 [queued]>
[2026-03-08T09:44:24.966+0000] {taskinstance.py:2170} INFO - Starting attempt 1 of 3
[2026-03-08T09:44:24.978+0000] {taskinstance.py:2191} INFO - Executing <Task(PythonOperator): feature_engineering> on 2026-03-08 09:43:16.631463+00:00
[2026-03-08T09:44:24.989+0000] {standard_task_runner.py:60} INFO - Started process 555 to run task
[2026-03-08T09:44:24.991+0000] {standard_task_runner.py:87} INFO - Running: ['***', 'tasks', 'run', 'titanic_mlops_pipeline', 'feature_engineering', 'manual__2026-03-08T09:43:16.631463+00:00', '--job-id', '45', '--raw', '--subdir', 'DAGS_FOLDER/mlops_***_mlflow_pipeline.py', '--cfg-path', '/tmp/tmpp8g73iq5']
[2026-03-08T09:44:24.992+0000] {standard_task_runner.py:88} INFO - Job 45: Subtask feature_engineering
[2026-03-08T09:44:25.040+0000] {task_command.py:423} INFO - Running <TaskInstance: titanic_mlops_pipeline.feature_engineering manual__2026-03-08T09:43:16.631463+00:00 [running]> on host 672a6469409e
[2026-03-08T09:44:25.117+0000] {taskinstance.py:2480} INFO - Exporting env vars: AIRFLOW_CTX_DAG_OWNER='your_name' AIRFLOW_CTX_DAG_ID='titanic_mlops_pipeline' AIRFLOW_CTX_TASK_ID='feature_engineering' AIRFLOW_CTX_EXECUTION_DATE='2026-03-08T09:43:16.631463+00:00' AIRFLOW_CTX_TRY_NUMBER='1' AIRFLOW_CTX_DAG_RUN_ID='manual__2026-03-08T09:43:16.631463+00:00'
[2026-03-08T09:44:25.136+0000] {logging_mixin.py:188} INFO - ✓ FamilySize created
[2026-03-08T09:44:25.137+0000] {logging_mixin.py:188} INFO -   Sample values: {1: 537, 2: 161, 3: 102, 4: 29, 6: 22}
[2026-03-08T09:44:25.138+0000] {logging_mixin.py:188} INFO - 
✓ IsAlone created
[2026-03-08T09:44:25.138+0000] {logging_mixin.py:188} INFO -   Alone:     537 passengers
[2026-03-08T09:44:25.139+0000] {logging_mixin.py:188} INFO -   Not alone: 354 passengers
[2026-03-08T09:44:25.144+0000] {logging_mixin.py:188} INFO - 
✓ Engineered dataset saved to: /opt/***/data/titanic_engineered.csv
[2026-03-08T09:44:25.158+0000] {python.py:201} INFO - Done. Returned value was: None
[2026-03-08T09:44:25.168+0000] {taskinstance.py:1138} INFO - Marking task as SUCCESS. dag_id=titanic_mlops_pipeline, task_id=feature_engineering, execution_date=20260308T094316, start_date=20260308T094424, end_date=20260308T094425
[2026-03-08T09:44:25.204+0000] {local_task_job_runner.py:234} INFO - Task exited with return code 0
[2026-03-08T09:44:25.231+0000] {taskinstance.py:3280} INFO - 1 downstream tasks scheduled from follow-on schedule check
