[2026-03-08T10:44:33.304+0000] {taskinstance.py:1956} INFO - Dependencies all met for dep_context=non-requeueable deps ti=<TaskInstance: titanic_mlops_pipeline.ingest_data manual__2026-03-08T10:44:30.843795+00:00 [queued]>
[2026-03-08T10:44:33.313+0000] {taskinstance.py:1956} INFO - Dependencies all met for dep_context=requeueable deps ti=<TaskInstance: titanic_mlops_pipeline.ingest_data manual__2026-03-08T10:44:30.843795+00:00 [queued]>
[2026-03-08T10:44:33.313+0000] {taskinstance.py:2170} INFO - Starting attempt 1 of 3
[2026-03-08T10:44:33.324+0000] {taskinstance.py:2191} INFO - Executing <Task(PythonOperator): ingest_data> on 2026-03-08 10:44:30.843795+00:00
[2026-03-08T10:44:33.337+0000] {standard_task_runner.py:60} INFO - Started process 1540 to run task
[2026-03-08T10:44:33.340+0000] {standard_task_runner.py:87} INFO - Running: ['***', 'tasks', 'run', 'titanic_mlops_pipeline', 'ingest_data', 'manual__2026-03-08T10:44:30.843795+00:00', '--job-id', '120', '--raw', '--subdir', 'DAGS_FOLDER/mlops_***_mlflow_pipeline.py', '--cfg-path', '/tmp/tmpyhgapn3p']
[2026-03-08T10:44:33.341+0000] {standard_task_runner.py:88} INFO - Job 120: Subtask ingest_data
[2026-03-08T10:44:33.391+0000] {task_command.py:423} INFO - Running <TaskInstance: titanic_mlops_pipeline.ingest_data manual__2026-03-08T10:44:30.843795+00:00 [running]> on host 2a0172c45d39
[2026-03-08T10:44:33.469+0000] {taskinstance.py:2480} INFO - Exporting env vars: AIRFLOW_CTX_DAG_OWNER='your_name' AIRFLOW_CTX_DAG_ID='titanic_mlops_pipeline' AIRFLOW_CTX_TASK_ID='ingest_data' AIRFLOW_CTX_EXECUTION_DATE='2026-03-08T10:44:30.843795+00:00' AIRFLOW_CTX_TRY_NUMBER='1' AIRFLOW_CTX_DAG_RUN_ID='manual__2026-03-08T10:44:30.843795+00:00'
[2026-03-08T10:44:33.476+0000] {logging_mixin.py:188} INFO - Dataset Shape: (891, 12)
[2026-03-08T10:44:33.477+0000] {logging_mixin.py:188} INFO - Rows: 891, Columns: 12
[2026-03-08T10:44:33.478+0000] {logging_mixin.py:188} INFO - 
── Missing Values Per Column ──
[2026-03-08T10:44:33.478+0000] {logging_mixin.py:188} INFO -   PassengerId: 0 missing
[2026-03-08T10:44:33.478+0000] {logging_mixin.py:188} INFO -   Survived: 0 missing
[2026-03-08T10:44:33.478+0000] {logging_mixin.py:188} INFO -   Pclass: 0 missing
[2026-03-08T10:44:33.478+0000] {logging_mixin.py:188} INFO -   Name: 0 missing
[2026-03-08T10:44:33.478+0000] {logging_mixin.py:188} INFO -   Sex: 0 missing
[2026-03-08T10:44:33.479+0000] {logging_mixin.py:188} INFO -   Age: 177 missing
[2026-03-08T10:44:33.479+0000] {logging_mixin.py:188} INFO -   SibSp: 0 missing
[2026-03-08T10:44:33.479+0000] {logging_mixin.py:188} INFO -   Parch: 0 missing
[2026-03-08T10:44:33.479+0000] {logging_mixin.py:188} INFO -   Ticket: 0 missing
[2026-03-08T10:44:33.479+0000] {logging_mixin.py:188} INFO -   Fare: 0 missing
[2026-03-08T10:44:33.479+0000] {logging_mixin.py:188} INFO -   Cabin: 687 missing
[2026-03-08T10:44:33.479+0000] {logging_mixin.py:188} INFO -   Embarked: 2 missing
[2026-03-08T10:44:33.493+0000] {logging_mixin.py:188} INFO - 
XCom pushed: dataset_path = /opt/***/data/Titanic-Dataset.csv
[2026-03-08T10:44:33.493+0000] {python.py:201} INFO - Done. Returned value was: None
[2026-03-08T10:44:33.503+0000] {taskinstance.py:1138} INFO - Marking task as SUCCESS. dag_id=titanic_mlops_pipeline, task_id=ingest_data, execution_date=20260308T104430, start_date=20260308T104433, end_date=20260308T104433
[2026-03-08T10:44:33.552+0000] {local_task_job_runner.py:234} INFO - Task exited with return code 0
[2026-03-08T10:44:33.584+0000] {taskinstance.py:3280} INFO - 1 downstream tasks scheduled from follow-on schedule check
